#
# There is insufficient memory for the Java Runtime Environment to continue.
# Native memory allocation (mmap) failed to map 185597952 bytes for committing reserved memory.
# Possible reasons:
#   The system is out of physical RAM or swap space
#   In 32 bit mode, the process size limit was hit
# Possible solutions:
#   Reduce memory load on the system
#   Increase physical memory or swap space
#   Check if swap backing store is full
#   Use 64 bit Java on a 64 bit OS
#   Decrease Java heap size (-Xmx/-Xms)
#   Decrease number of Java threads
#   Decrease Java thread stack sizes (-Xss)
#   Set larger code cache with -XX:ReservedCodeCacheSize=
# This output file may be truncated or incomplete.
#
#  Out of Memory Error (os_linux.cpp:2627), pid=10241, tid=0x00007f4fced27700
#
# JRE version: Java(TM) SE Runtime Environment (8.0_101-b13) (build 1.8.0_101-b13)
# Java VM: Java HotSpot(TM) 64-Bit Server VM (25.101-b13 mixed mode linux-amd64 compressed oops)
# Failed to write core dump. Core dumps have been disabled. To enable core dumping, try "ulimit -c unlimited" before starting Java again
#

---------------  T H R E A D  ---------------

Current thread (0x00007f500408a000):  VMThread [stack: 0x00007f4fcec27000,0x00007f4fced28000] [id=10258]

Stack: [0x00007f4fcec27000,0x00007f4fced28000],  sp=0x00007f4fced26320,  free space=1020k
Native frames: (J=compiled Java code, j=interpreted, Vv=VM code, C=native code)
V  [libjvm.so+0xac3f0a]  VMError::report_and_die()+0x2ba
V  [libjvm.so+0x4fbf9b]  report_vm_out_of_memory(char const*, int, unsigned long, VMErrorType, char const*)+0x8b
V  [libjvm.so+0x9222d3]  os::Linux::commit_memory_impl(char*, unsigned long, bool)+0x103
V  [libjvm.so+0x922829]  os::pd_commit_memory(char*, unsigned long, unsigned long, bool)+0x29
V  [libjvm.so+0x91cb2a]  os::commit_memory(char*, unsigned long, unsigned long, bool)+0x2a
V  [libjvm.so+0x991053]  PSVirtualSpace::expand_by(unsigned long)+0x53
V  [libjvm.so+0x981920]  PSOldGen::expand(unsigned long)+0x170
V  [libjvm.so+0x981b2b]  PSOldGen::resize(unsigned long)+0x1cb
V  [libjvm.so+0x989821]  PSParallelCompact::invoke_no_policy(bool)+0x991
V  [libjvm.so+0x98f17d]  PSScavenge::invoke()+0x1ad
V  [libjvm.so+0x945fc0]  ParallelScavengeHeap::failed_mem_allocate(unsigned long)+0x70
V  [libjvm.so+0xac5927]  VM_ParallelGCFailedAllocation::doit()+0x97
V  [libjvm.so+0xacd405]  VM_Operation::evaluate()+0x55
V  [libjvm.so+0xacb7da]  VMThread::evaluate_operation(VM_Operation*)+0xba
V  [libjvm.so+0xacbb5e]  VMThread::loop()+0x1ce
V  [libjvm.so+0xacbfd0]  VMThread::run()+0x70
V  [libjvm.so+0x924698]  java_start(Thread*)+0x108

VM_Operation (0x00007f4f8ce13b60): ParallelGCFailedAllocation, mode: safepoint, requested by thread 0x00007f4f70009800


---------------  P R O C E S S  ---------------

Java Threads: ( => current thread )
  0x00007f4f70009800 JavaThread "http-nio-auto-1-exec-5" daemon [_thread_blocked, id=10313, stack(0x00007f4f8cd18000,0x00007f4f8ce19000)]
  0x00007f4f70007800 JavaThread "http-nio-auto-1-exec-4" daemon [_thread_blocked, id=10312, stack(0x00007f4f8ce19000,0x00007f4f8cf1a000)]
  0x00007f4f70006000 JavaThread "http-nio-auto-1-exec-3" daemon [_thread_blocked, id=10311, stack(0x00007f4f8cf1a000,0x00007f4f8d01b000)]
  0x00007f4f70004800 JavaThread "http-nio-auto-1-exec-2" daemon [_thread_blocked, id=10310, stack(0x00007f4f8d01b000,0x00007f4f8d11c000)]
  0x00007f4f70001800 JavaThread "http-nio-auto-1-exec-1" daemon [_thread_blocked, id=10307, stack(0x00007f4f8d81d000,0x00007f4f8d91e000)]
  0x00007f50061ae000 JavaThread "http-nio-auto-1-45012-AsyncTimeout" daemon [_thread_blocked, id=10306, stack(0x00007f4f8db1e000,0x00007f4f8dc1f000)]
  0x00007f50061ad800 JavaThread "http-nio-auto-1-Acceptor-0" daemon [_thread_in_native, id=10305, stack(0x00007f4f8dc1f000,0x00007f4f8dd20000)]
  0x00007f50061aa800 JavaThread "http-nio-auto-1-ClientPoller-1" daemon [_thread_blocked, id=10304, stack(0x00007f4f8e00e000,0x00007f4f8e10f000)]
  0x00007f5006191000 JavaThread "http-nio-auto-1-ClientPoller-0" daemon [_thread_blocked, id=10303, stack(0x00007f4fcc035000,0x00007f4fcc136000)]
  0x00007f5006175800 JavaThread "NioBlockingSelector.BlockPoller-1" daemon [_thread_blocked, id=10302, stack(0x00007f4fccbf9000,0x00007f4fcccfa000)]
  0x00007f5005109800 JavaThread "Abandoned connection cleanup thread" daemon [_thread_blocked, id=10287, stack(0x00007f4f8ef0f000,0x00007f4f8f010000)]
  0x00007f50050e8000 JavaThread "Tomcat JDBC Pool Cleaner[414493378:1472054491898]" daemon [_thread_blocked, id=10286, stack(0x00007f4f8f010000,0x00007f4f8f111000)]
  0x00007f50050c5800 JavaThread "container-0" [_thread_blocked, id=10285, stack(0x00007f4f8f111000,0x00007f4f8f212000)]
  0x00007f4f8816d000 JavaThread "ContainerBackgroundProcessor[StandardEngine[Tomcat].StandardHost[localhost].StandardContext[]]" daemon [_thread_blocked, id=10284, stack(0x00007f4f8f8ff000,0x00007f4f8fa00000)]
  0x00007f5004806800 JavaThread "ReaderThread" [_thread_in_native, id=10275, stack(0x00007f4fcd35f000,0x00007f4fcd460000)]
  0x00007f50040fb000 JavaThread "Service Thread" daemon [_thread_blocked, id=10273, stack(0x00007f4fcdf18000,0x00007f4fce019000)]
  0x00007f50040e5800 JavaThread "C1 CompilerThread3" daemon [_thread_blocked, id=10272, stack(0x00007f4fce019000,0x00007f4fce11a000)]
  0x00007f50040e3800 JavaThread "C2 CompilerThread2" daemon [_thread_blocked, id=10271, stack(0x00007f4fce11a000,0x00007f4fce21b000)]
  0x00007f50040e1800 JavaThread "C2 CompilerThread1" daemon [_thread_blocked, id=10270, stack(0x00007f4fce21b000,0x00007f4fce31c000)]
  0x00007f50040de800 JavaThread "C2 CompilerThread0" daemon [_thread_blocked, id=10269, stack(0x00007f4fce31c000,0x00007f4fce41d000)]
  0x00007f4fbc001000 JavaThread "JDWP Command Reader" daemon [_thread_in_native, id=10266, stack(0x00007f4fce41d000,0x00007f4fce51e000)]
  0x00007f50040dc800 JavaThread "JDWP Event Helper Thread" daemon [_thread_blocked, id=10265, stack(0x00007f4fce51e000,0x00007f4fce61f000)]
  0x00007f50040d9000 JavaThread "JDWP Transport Listener: dt_socket" daemon [_thread_blocked, id=10263, stack(0x00007f4fce61f000,0x00007f4fce720000)]
  0x00007f50040c8800 JavaThread "Signal Dispatcher" daemon [_thread_blocked, id=10261, stack(0x00007f4fce924000,0x00007f4fcea25000)]
  0x00007f5004096000 JavaThread "Finalizer" daemon [_thread_blocked, id=10260, stack(0x00007f4fcea25000,0x00007f4fceb26000)]
  0x00007f5004091800 JavaThread "Reference Handler" daemon [_thread_blocked, id=10259, stack(0x00007f4fceb26000,0x00007f4fcec27000)]
  0x00007f5004014000 JavaThread "main" [_thread_in_native, id=10243, stack(0x00007f500cec0000,0x00007f500cfc1000)]

Other Threads:
=>0x00007f500408a000 VMThread [stack: 0x00007f4fcec27000,0x00007f4fced28000] [id=10258]
  0x00007f50040fe000 WatcherThread [stack: 0x00007f4fcde17000,0x00007f4fcdf18000] [id=10274]

VM state:at safepoint (normal execution)

VM Mutex/Monitor currently owned by a thread:  ([mutex/lock_event])
[0x00007f500400fe20] ExpandHeap_lock - owner thread: 0x00007f500408a000
[0x00007f50040104a0] Threads_lock - owner thread: 0x00007f500408a000
[0x00007f50040109a0] Heap_lock - owner thread: 0x00007f4f70009800

Heap:
 PSYoungGen      total 658944K, used 5183K [0x00000000d6d00000, 0x00000000fff80000, 0x0000000100000000)
  eden space 644096K, 0% used [0x00000000d6d00000,0x00000000d6d00000,0x00000000fe200000)
  from space 14848K, 34% used [0x00000000fe200000,0x00000000fe70fc30,0x00000000ff080000)
  to   space 14336K, 0% used [0x00000000ff180000,0x00000000ff180000,0x00000000fff80000)
 ParOldGen       total 403456K, used 402989K [0x0000000084600000, 0x000000009d000000, 0x00000000d6d00000)
  object space 403456K, 99% used [0x0000000084600000,0x000000009cf8b768,0x000000009d000000)
 Metaspace       used 64576K, capacity 65174K, committed 65664K, reserved 1105920K
  class space    used 8064K, capacity 8226K, committed 8320K, reserved 1048576K

Card table byte_map: [0x00007f500904c000,0x00007f500942a000] byte_map_base: 0x00007f5008c29000

Marking Bits: (ParMarkBitMap*) 0x00007f500c399120
 Begin Bits: [0x00007f4fd4230000, 0x00007f4fd6118000)
 End Bits:   [0x00007f4fd6118000, 0x00007f4fd8000000)

Polling page: 0x00007f500cfe8000

CodeCache: size=245760Kb used=21291Kb max_used=21562Kb free=224468Kb
 bounds [0x00007f4ff5000000, 0x00007f4ff6550000, 0x00007f5004000000]
 total_blobs=6230 nmethods=5699 adapters=451
 compilation: enabled

Compilation events (10 events):
Event: 30,031 Thread 0x00007f50040e5800 6967       3       org.jvnet.hk2.internal.InstanceLifecycleEventImpl::<init> (9 bytes)
Event: 30,031 Thread 0x00007f50040e5800 nmethod 6967 0x00007f4ff535bb50 code [0x00007f4ff535bcc0, 0x00007f4ff535be88]
Event: 37,339 Thread 0x00007f50040e5800 6968       1       java.nio.channels.spi.AbstractSelector::cancelledKeys (5 bytes)
Event: 37,339 Thread 0x00007f50040e5800 nmethod 6968 0x00007f4ff52fd950 code [0x00007f4ff52fdaa0, 0x00007f4ff52fdbb0]
Event: 58,052 Thread 0x00007f50040e5800 6969       3       java.lang.System$2::blockedOn (6 bytes)
Event: 58,067 Thread 0x00007f50040e5800 nmethod 6969 0x00007f4ff51d9710 code [0x00007f4ff51d9880, 0x00007f4ff51d9c90]
Event: 58,068 Thread 0x00007f50040e5800 6971   !   3       java.lang.Thread::blockedOn (23 bytes)
Event: 58,068 Thread 0x00007f50040e5800 nmethod 6971 0x00007f4ff510c610 code [0x00007f4ff510c780, 0x00007f4ff510cab0]
Event: 58,069 Thread 0x00007f50040e5800 6970       3       java.nio.channels.spi.AbstractInterruptibleChannel::blockedOn (13 bytes)
Event: 58,069 Thread 0x00007f50040e5800 nmethod 6970 0x00007f4ff5318890 code [0x00007f4ff5318a20, 0x00007f4ff5318f30]

GC Heap History (10 events):
Event: 54,778 GC heap after
Heap after GC invocations=54 (full 5):
 PSYoungGen      total 657920K, used 10848K [0x00000000d6d00000, 0x00000000fff00000, 0x0000000100000000)
  eden space 641536K, 0% used [0x00000000d6d00000,0x00000000d6d00000,0x00000000fdf80000)
  from space 16384K, 66% used [0x00000000fdf80000,0x00000000fea18000,0x00000000fef80000)
  to   space 15872K, 0% used [0x00000000fef80000,0x00000000fef80000,0x00000000fff00000)
 ParOldGen       total 403456K, used 355535K [0x0000000084600000, 0x000000009d000000, 0x00000000d6d00000)
  object space 403456K, 88% used [0x0000000084600000,0x000000009a133d08,0x000000009d000000)
 Metaspace       used 64575K, capacity 65174K, committed 65664K, reserved 1105920K
  class space    used 8064K, capacity 8226K, committed 8320K, reserved 1048576K
}
Event: 55,555 GC heap before
{Heap before GC invocations=55 (full 5):
 PSYoungGen      total 657920K, used 652384K [0x00000000d6d00000, 0x00000000fff00000, 0x0000000100000000)
  eden space 641536K, 100% used [0x00000000d6d00000,0x00000000fdf80000,0x00000000fdf80000)
  from space 16384K, 66% used [0x00000000fdf80000,0x00000000fea18000,0x00000000fef80000)
  to   space 15872K, 0% used [0x00000000fef80000,0x00000000fef80000,0x00000000fff00000)
 ParOldGen       total 403456K, used 355535K [0x0000000084600000, 0x000000009d000000, 0x00000000d6d00000)
  object space 403456K, 88% used [0x0000000084600000,0x000000009a133d08,0x000000009d000000)
 Metaspace       used 64575K, capacity 65174K, committed 65664K, reserved 1105920K
  class space    used 8064K, capacity 8226K, committed 8320K, reserved 1048576K
Event: 55,941 GC heap after
Heap after GC invocations=55 (full 5):
 PSYoungGen      total 657920K, used 10848K [0x00000000d6d00000, 0x00000000ffe80000, 0x0000000100000000)
  eden space 642560K, 0% used [0x00000000d6d00000,0x00000000d6d00000,0x00000000fe080000)
  from space 15360K, 70% used [0x00000000fef80000,0x00000000ffa18000,0x00000000ffe80000)
  to   space 15360K, 0% used [0x00000000fe080000,0x00000000fe080000,0x00000000fef80000)
 ParOldGen       total 403456K, used 366247K [0x0000000084600000, 0x000000009d000000, 0x00000000d6d00000)
  object space 403456K, 90% used [0x0000000084600000,0x000000009aba9d08,0x000000009d000000)
 Metaspace       used 64575K, capacity 65174K, committed 65664K, reserved 1105920K
  class space    used 8064K, capacity 8226K, committed 8320K, reserved 1048576K
}
Event: 57,189 GC heap before
{Heap before GC invocations=56 (full 5):
 PSYoungGen      total 657920K, used 653408K [0x00000000d6d00000, 0x00000000ffe80000, 0x0000000100000000)
  eden space 642560K, 100% used [0x00000000d6d00000,0x00000000fe080000,0x00000000fe080000)
  from space 15360K, 70% used [0x00000000fef80000,0x00000000ffa18000,0x00000000ffe80000)
  to   space 15360K, 0% used [0x00000000fe080000,0x00000000fe080000,0x00000000fef80000)
 ParOldGen       total 403456K, used 366247K [0x0000000084600000, 0x000000009d000000, 0x00000000d6d00000)
  object space 403456K, 90% used [0x0000000084600000,0x000000009aba9d08,0x000000009d000000)
 Metaspace       used 64575K, capacity 65174K, committed 65664K, reserved 1105920K
  class space    used 8064K, capacity 8226K, committed 8320K, reserved 1048576K
Event: 58,044 GC heap after
Heap after GC invocations=56 (full 5):
 PSYoungGen      total 657920K, used 10848K [0x00000000d6d00000, 0x0000000100000000, 0x0000000100000000)
  eden space 642560K, 0% used [0x00000000d6d00000,0x00000000d6d00000,0x00000000fe080000)
  from space 15360K, 70% used [0x00000000fe080000,0x00000000feb18000,0x00000000fef80000)
  to   space 15360K, 0% used [0x00000000ff100000,0x00000000ff100000,0x0000000100000000)
 ParOldGen       total 403456K, used 377015K [0x0000000084600000, 0x000000009d000000, 0x00000000d6d00000)
  object space 403456K, 93% used [0x0000000084600000,0x000000009b62dd08,0x000000009d000000)
 Metaspace       used 64575K, capacity 65174K, committed 65664K, reserved 1105920K
  class space    used 8064K, capacity 8226K, committed 8320K, reserved 1048576K
}
Event: 59,029 GC heap before
{Heap before GC invocations=57 (full 5):
 PSYoungGen      total 657920K, used 653408K [0x00000000d6d00000, 0x0000000100000000, 0x0000000100000000)
  eden space 642560K, 100% used [0x00000000d6d00000,0x00000000fe080000,0x00000000fe080000)
  from space 15360K, 70% used [0x00000000fe080000,0x00000000feb18000,0x00000000fef80000)
  to   space 15360K, 0% used [0x00000000ff100000,0x00000000ff100000,0x0000000100000000)
 ParOldGen       total 403456K, used 377015K [0x0000000084600000, 0x000000009d000000, 0x00000000d6d00000)
  object space 403456K, 93% used [0x0000000084600000,0x000000009b62dd08,0x000000009d000000)
 Metaspace       used 64576K, capacity 65174K, committed 65664K, reserved 1105920K
  class space    used 8064K, capacity 8226K, committed 8320K, reserved 1048576K
Event: 59,088 GC heap after
Heap after GC invocations=57 (full 5):
 PSYoungGen      total 658432K, used 10912K [0x00000000d6d00000, 0x00000000fff00000, 0x0000000100000000)
  eden space 644096K, 0% used [0x00000000d6d00000,0x00000000d6d00000,0x00000000fe200000)
  from space 14336K, 76% used [0x00000000ff100000,0x00000000ffba8000,0x00000000fff00000)
  to   space 14848K, 0% used [0x00000000fe200000,0x00000000fe200000,0x00000000ff080000)
 ParOldGen       total 403456K, used 387751K [0x0000000084600000, 0x000000009d000000, 0x00000000d6d00000)
  object space 403456K, 96% used [0x0000000084600000,0x000000009c0a9d08,0x000000009d000000)
 Metaspace       used 64576K, capacity 65174K, committed 65664K, reserved 1105920K
  class space    used 8064K, capacity 8226K, committed 8320K, reserved 1048576K
}
Event: 60,220 GC heap before
{Heap before GC invocations=58 (full 5):
 PSYoungGen      total 658432K, used 655008K [0x00000000d6d00000, 0x00000000fff00000, 0x0000000100000000)
  eden space 644096K, 100% used [0x00000000d6d00000,0x00000000fe200000,0x00000000fe200000)
  from space 14336K, 76% used [0x00000000ff100000,0x00000000ffba8000,0x00000000fff00000)
  to   space 14848K, 0% used [0x00000000fe200000,0x00000000fe200000,0x00000000ff080000)
 ParOldGen       total 403456K, used 387751K [0x0000000084600000, 0x000000009d000000, 0x00000000d6d00000)
  object space 403456K, 96% used [0x0000000084600000,0x000000009c0a9d08,0x000000009d000000)
 Metaspace       used 64576K, capacity 65174K, committed 65664K, reserved 1105920K
  class space    used 8064K, capacity 8226K, committed 8320K, reserved 1048576K
Event: 60,258 GC heap after
Heap after GC invocations=58 (full 5):
 PSYoungGen      total 658944K, used 10944K [0x00000000d6d00000, 0x00000000fff80000, 0x0000000100000000)
  eden space 644096K, 0% used [0x00000000d6d00000,0x00000000d6d00000,0x00000000fe200000)
  from space 14848K, 73% used [0x00000000fe200000,0x00000000fecb0000,0x00000000ff080000)
  to   space 14336K, 0% used [0x00000000ff180000,0x00000000ff180000,0x00000000fff80000)
 ParOldGen       total 403456K, used 398567K [0x0000000084600000, 0x000000009d000000, 0x00000000d6d00000)
  object space 403456K, 98% used [0x0000000084600000,0x000000009cb39d08,0x000000009d000000)
 Metaspace       used 64576K, capacity 65174K, committed 65664K, reserved 1105920K
  class space    used 8064K, capacity 8226K, committed 8320K, reserved 1048576K
}
Event: 60,258 GC heap before
{Heap before GC invocations=59 (full 6):
 PSYoungGen      total 658944K, used 10944K [0x00000000d6d00000, 0x00000000fff80000, 0x0000000100000000)
  eden space 644096K, 0% used [0x00000000d6d00000,0x00000000d6d00000,0x00000000fe200000)
  from space 14848K, 73% used [0x00000000fe200000,0x00000000fecb0000,0x00000000ff080000)
  to   space 14336K, 0% used [0x00000000ff180000,0x00000000ff180000,0x00000000fff80000)
 ParOldGen       total 403456K, used 398567K [0x0000000084600000, 0x000000009d000000, 0x00000000d6d00000)
  object space 403456K, 98% used [0x0000000084600000,0x000000009cb39d08,0x000000009d000000)
 Metaspace       used 64576K, capacity 65174K, committed 65664K, reserved 1105920K
  class space    used 8064K, capacity 8226K, committed 8320K, reserved 1048576K

Deoptimization events (10 events):
Event: 22,343 Thread 0x00007f4f70009800 Uncommon trap: reason=unstable_if action=reinterpret pc=0x00007f4ff516a490 method=java.util.regex.Pattern.append(II)V @ 6
Event: 22,521 Thread 0x00007f4f70009800 Uncommon trap: reason=unhandled action=none pc=0x00007f4ff512e348 method=java.net.URLClassLoader.findClass(Ljava/lang/String;)Ljava/lang/Class; @ 44
Event: 22,848 Thread 0x00007f4f70009800 Uncommon trap: reason=unhandled action=none pc=0x00007f4ff512e348 method=java.net.URLClassLoader.findClass(Ljava/lang/String;)Ljava/lang/Class; @ 44
Event: 23,801 Thread 0x00007f4f70009800 Uncommon trap: reason=class_check action=maybe_recompile pc=0x00007f4ff51c25ec method=jersey.repackaged.com.google.common.collect.TransformedIterator.<init>(Ljava/util/Iterator;)V @ 9
Event: 23,802 Thread 0x00007f4f70009800 Uncommon trap: reason=class_check action=maybe_recompile pc=0x00007f4ff51c25ec method=jersey.repackaged.com.google.common.collect.TransformedIterator.<init>(Ljava/util/Iterator;)V @ 9
Event: 23,802 Thread 0x00007f4f70009800 Uncommon trap: reason=class_check action=maybe_recompile pc=0x00007f4ff51c25ec method=jersey.repackaged.com.google.common.collect.TransformedIterator.<init>(Ljava/util/Iterator;)V @ 9
Event: 23,802 Thread 0x00007f4f70009800 Uncommon trap: reason=class_check action=maybe_recompile pc=0x00007f4ff51c25ec method=jersey.repackaged.com.google.common.collect.TransformedIterator.<init>(Ljava/util/Iterator;)V @ 9
Event: 24,170 Thread 0x00007f4f70009800 Uncommon trap: reason=class_check action=maybe_recompile pc=0x00007f4ff64fdce0 method=jersey.repackaged.com.google.common.collect.TransformedIterator.<init>(Ljava/util/Iterator;)V @ 9
Event: 38,019 Thread 0x00007f4f8816d000 Uncommon trap: reason=unhandled action=none pc=0x00007f4ff512e348 method=java.net.URLClassLoader.findClass(Ljava/lang/String;)Ljava/lang/Class; @ 44
Event: 38,065 Thread 0x00007f4f8816d000 Uncommon trap: reason=unhandled action=none pc=0x00007f4ff512e348 method=java.net.URLClassLoader.findClass(Ljava/lang/String;)Ljava/lang/Class; @ 44

Internal exceptions (10 events):
Event: 22,260 Thread 0x00007f4f70009800 Exception <a 'java/lang/ArrayIndexOutOfBoundsException': 56> (0x00000000dd579080) thrown at [/HUDSON3/workspace/8-2-build-linux-amd64/jdk8u101/7261/hotspot/src/share/vm/interpreter/interpreterRuntime.cpp, line 366]
Event: 22,294 Thread 0x00007f4f70009800 Exception <a 'java/lang/ArrayIndexOutOfBoundsException': 54> (0x00000000dd653148) thrown at [/HUDSON3/workspace/8-2-build-linux-amd64/jdk8u101/7261/hotspot/src/share/vm/interpreter/interpreterRuntime.cpp, line 366]
Event: 22,294 Thread 0x00007f4f70009800 Exception <a 'java/lang/ArrayIndexOutOfBoundsException': 58> (0x00000000dd654450) thrown at [/HUDSON3/workspace/8-2-build-linux-amd64/jdk8u101/7261/hotspot/src/share/vm/interpreter/interpreterRuntime.cpp, line 366]
Event: 22,294 Thread 0x00007f4f70009800 Exception <a 'java/lang/ArrayIndexOutOfBoundsException': 55> (0x00000000dd6555f0) thrown at [/HUDSON3/workspace/8-2-build-linux-amd64/jdk8u101/7261/hotspot/src/share/vm/interpreter/interpreterRuntime.cpp, line 366]
Event: 22,294 Thread 0x00007f4f70009800 Exception <a 'java/lang/ArrayIndexOutOfBoundsException': 61> (0x00000000dd6567b8) thrown at [/HUDSON3/workspace/8-2-build-linux-amd64/jdk8u101/7261/hotspot/src/share/vm/interpreter/interpreterRuntime.cpp, line 366]
Event: 22,295 Thread 0x00007f4f70009800 Exception <a 'java/lang/ArrayIndexOutOfBoundsException': 67> (0x00000000dd657a68) thrown at [/HUDSON3/workspace/8-2-build-linux-amd64/jdk8u101/7261/hotspot/src/share/vm/interpreter/interpreterRuntime.cpp, line 366]
Event: 22,295 Thread 0x00007f4f70009800 Exception <a 'java/lang/ArrayIndexOutOfBoundsException': 59> (0x00000000dd658c50) thrown at [/HUDSON3/workspace/8-2-build-linux-amd64/jdk8u101/7261/hotspot/src/share/vm/interpreter/interpreterRuntime.cpp, line 366]
Event: 22,295 Thread 0x00007f4f70009800 Exception <a 'java/lang/ArrayIndexOutOfBoundsException': 55> (0x00000000dd659e50) thrown at [/HUDSON3/workspace/8-2-build-linux-amd64/jdk8u101/7261/hotspot/src/share/vm/interpreter/interpreterRuntime.cpp, line 366]
Event: 22,307 Thread 0x00007f4f70009800 Exception <a 'java/lang/ArrayIndexOutOfBoundsException': 58> (0x00000000dd678bd8) thrown at [/HUDSON3/workspace/8-2-build-linux-amd64/jdk8u101/7261/hotspot/src/share/vm/interpreter/interpreterRuntime.cpp, line 366]
Event: 22,307 Thread 0x00007f4f70009800 Exception <a 'java/lang/ArrayIndexOutOfBoundsException': 56> (0x00000000dd679d80) thrown at [/HUDSON3/workspace/8-2-build-linux-amd64/jdk8u101/7261/hotspot/src/share/vm/interpreter/interpreterRuntime.cpp, line 366]

Events (10 events):
Event: 58,068 Thread 0x00007f50040e5800 flushing nmethod 0x00007f4ff5685410
Event: 58,068 Thread 0x00007f50040e5800 flushing nmethod 0x00007f4ff56a73d0
Event: 58,068 Thread 0x00007f50040e5800 flushing nmethod 0x00007f4ff5708610
Event: 58,068 Thread 0x00007f50040e5800 flushing nmethod 0x00007f4ff5729b90
Event: 58,068 Thread 0x00007f50040e5800 flushing nmethod 0x00007f4ff5793d90
Event: 58,069 Thread 0x00007f50040e5800 flushing nmethod 0x00007f4ff58aca10
Event: 58,070 Thread 0x00007f50040e5800 flushing nmethod 0x00007f4ff58bcbd0
Event: 59,029 Executing VM operation: ParallelGCFailedAllocation
Event: 59,088 Executing VM operation: ParallelGCFailedAllocation done
Event: 60,220 Executing VM operation: ParallelGCFailedAllocation


Dynamic libraries:
00400000-00401000 r-xp 00000000 08:01 1050115                            /usr/lib/jvm/java-8-oracle/bin/java
00600000-00601000 rw-p 00000000 08:01 1050115                            /usr/lib/jvm/java-8-oracle/bin/java
01081000-010a2000 rw-p 00000000 00:00 0                                  [heap]
84600000-9d000000 rw-p 00000000 00:00 0 
a8100000-d6d00000 ---p 00000000 00:00 0 
d6d00000-fff80000 rw-p 00000000 00:00 0 
fff80000-100000000 ---p 00000000 00:00 0 
100000000-100820000 rw-p 00000000 00:00 0 
100820000-140000000 ---p 00000000 00:00 0 
7f4f50000000-7f4f50055000 rw-p 00000000 00:00 0 
7f4f50055000-7f4f54000000 ---p 00000000 00:00 0 
7f4f58000000-7f4f58021000 rw-p 00000000 00:00 0 
7f4f58021000-7f4f5c000000 ---p 00000000 00:00 0 
7f4f5c000000-7f4f5c021000 rw-p 00000000 00:00 0 
7f4f5c021000-7f4f60000000 ---p 00000000 00:00 0 
7f4f60000000-7f4f60050000 rw-p 00000000 00:00 0 
7f4f60050000-7f4f64000000 ---p 00000000 00:00 0 
7f4f64000000-7f4f64021000 rw-p 00000000 00:00 0 
7f4f64021000-7f4f68000000 ---p 00000000 00:00 0 
7f4f68000000-7f4f68021000 rw-p 00000000 00:00 0 
7f4f68021000-7f4f6c000000 ---p 00000000 00:00 0 
7f4f6c000000-7f4f6c1f5000 rw-p 00000000 00:00 0 
7f4f6c1f5000-7f4f70000000 ---p 00000000 00:00 0 
7f4f70000000-7f4f70021000 rw-p 00000000 00:00 0 
7f4f70021000-7f4f74000000 ---p 00000000 00:00 0 
7f4f74000000-7f4f74021000 rw-p 00000000 00:00 0 
7f4f74021000-7f4f78000000 ---p 00000000 00:00 0 
7f4f78000000-7f4f78021000 rw-p 00000000 00:00 0 
7f4f78021000-7f4f7c000000 ---p 00000000 00:00 0 
7f4f7c000000-7f4f7c021000 rw-p 00000000 00:00 0 
7f4f7c021000-7f4f80000000 ---p 00000000 00:00 0 
7f4f80000000-7f4f80033000 rw-p 00000000 00:00 0 
7f4f80033000-7f4f84000000 ---p 00000000 00:00 0 
7f4f84000000-7f4f84021000 rw-p 00000000 00:00 0 
7f4f84021000-7f4f88000000 ---p 00000000 00:00 0 
7f4f88000000-7f4f88174000 rw-p 00000000 00:00 0 
7f4f88174000-7f4f8c000000 ---p 00000000 00:00 0 
7f4f8cd18000-7f4f8cd1b000 ---p 00000000 00:00 0 
7f4f8cd1b000-7f4f8ce19000 rw-p 00000000 00:00 0 
7f4f8ce19000-7f4f8ce1c000 ---p 00000000 00:00 0 
7f4f8ce1c000-7f4f8cf1a000 rw-p 00000000 00:00 0 
7f4f8cf1a000-7f4f8cf1d000 ---p 00000000 00:00 0 
7f4f8cf1d000-7f4f8d01b000 rw-p 00000000 00:00 0 
7f4f8d01b000-7f4f8d01e000 ---p 00000000 00:00 0 
7f4f8d01e000-7f4f8d11c000 rw-p 00000000 00:00 0 
7f4f8d11c000-7f4f8d11f000 ---p 00000000 00:00 0 
7f4f8d11f000-7f4f8d41d000 rw-p 00000000 00:00 0 
7f4f8d41d000-7f4f8d61d000 rw-p 00000000 00:00 0 
7f4f8d61d000-7f4f8d81d000 rw-p 00000000 00:00 0 
7f4f8d81d000-7f4f8d820000 ---p 00000000 00:00 0 
7f4f8d820000-7f4f8db1e000 rw-p 00000000 00:00 0 
7f4f8db1e000-7f4f8db21000 ---p 00000000 00:00 0 
7f4f8db21000-7f4f8dc1f000 rw-p 00000000 00:00 0 
7f4f8dc1f000-7f4f8dc22000 ---p 00000000 00:00 0 
7f4f8dc22000-7f4f8df20000 rw-p 00000000 00:00 0 
7f4f8e00e000-7f4f8e011000 ---p 00000000 00:00 0 
7f4f8e011000-7f4f8e30f000 rw-p 00000000 00:00 0 
7f4f8e30f000-7f4f8e50f000 rw-p 00000000 00:00 0 
7f4f8e50f000-7f4f8e70f000 rw-p 00000000 00:00 0 
7f4f8e70f000-7f4f8e90f000 rw-p 00000000 00:00 0 
7f4f8e90f000-7f4f8eb0f000 rw-p 00000000 00:00 0 
7f4f8eb0f000-7f4f8ed0f000 rw-p 00000000 00:00 0 
7f4f8ed0f000-7f4f8ef0f000 rw-p 00000000 00:00 0 
7f4f8ef0f000-7f4f8ef12000 ---p 00000000 00:00 0 
7f4f8ef12000-7f4f8f010000 rw-p 00000000 00:00 0 
7f4f8f010000-7f4f8f013000 ---p 00000000 00:00 0 
7f4f8f013000-7f4f8f111000 rw-p 00000000 00:00 0 
7f4f8f111000-7f4f8f114000 ---p 00000000 00:00 0 
7f4f8f114000-7f4f8f412000 rw-p 00000000 00:00 0 
7f4f8f412000-7f4f8f612000 rw-p 00000000 00:00 0 
7f4f8f612000-7f4f8f812000 rw-p 00000000 00:00 0 
7f4f8f8ff000-7f4f8f902000 ---p 00000000 00:00 0 
7f4f8f902000-7f4f8fc00000 rw-p 00000000 00:00 0 
7f4f8fc00000-7f4f8fe00000 rw-p 00000000 00:00 0 
7f4f8fe00000-7f4f90000000 rw-p 00000000 00:00 0 
7f4f90000000-7f4f90021000 rw-p 00000000 00:00 0 
7f4f90021000-7f4f94000000 ---p 00000000 00:00 0 
7f4f94000000-7f4f94322000 rw-p 00000000 00:00 0 
7f4f94322000-7f4f98000000 ---p 00000000 00:00 0 
7f4f98000000-7f4f98021000 rw-p 00000000 00:00 0 
7f4f98021000-7f4f9c000000 ---p 00000000 00:00 0 
7f4f9c000000-7f4f9c021000 rw-p 00000000 00:00 0 
7f4f9c021000-7f4fa0000000 ---p 00000000 00:00 0 
7f4fa0000000-7f4fa29d1000 rw-p 00000000 00:00 0 
7f4fa29d1000-7f4fa4000000 ---p 00000000 00:00 0 
7f4fa4000000-7f4fa5339000 rw-p 00000000 00:00 0 
7f4fa5339000-7f4fa8000000 ---p 00000000 00:00 0 
7f4fa8000000-7f4faa343000 rw-p 00000000 00:00 0 
7f4faa343000-7f4fac000000 ---p 00000000 00:00 0 
7f4fac000000-7f4faee6f000 rw-p 00000000 00:00 0 
7f4faee6f000-7f4fb0000000 ---p 00000000 00:00 0 
7f4fb0000000-7f4fb0021000 rw-p 00000000 00:00 0 
7f4fb0021000-7f4fb4000000 ---p 00000000 00:00 0 
7f4fb4000000-7f4fb4021000 rw-p 00000000 00:00 0 
7f4fb4021000-7f4fb8000000 ---p 00000000 00:00 0 
7f4fb8000000-7f4fb8021000 rw-p 00000000 00:00 0 
7f4fb8021000-7f4fbc000000 ---p 00000000 00:00 0 
7f4fbc000000-7f4fbc053000 rw-p 00000000 00:00 0 
7f4fbc053000-7f4fc0000000 ---p 00000000 00:00 0 
7f4fc0000000-7f4fc0021000 rw-p 00000000 00:00 0 
7f4fc0021000-7f4fc4000000 ---p 00000000 00:00 0 
7f4fc4000000-7f4fc4021000 rw-p 00000000 00:00 0 
7f4fc4021000-7f4fc8000000 ---p 00000000 00:00 0 
7f4fc8000000-7f4fc838a000 rw-p 00000000 00:00 0 
7f4fc838a000-7f4fcc000000 ---p 00000000 00:00 0 
7f4fcc035000-7f4fcc038000 ---p 00000000 00:00 0 
7f4fcc038000-7f4fcc136000 rw-p 00000000 00:00 0 
7f4fcc136000-7f4fcc13a000 r--s 00097000 08:01 1192404                    /usr/lib/jvm/java-8-oracle/jre/lib/jsse.jar
7f4fcc13a000-7f4fcc14d000 r--s 00345000 08:01 1192401                    /usr/lib/jvm/java-8-oracle/jre/lib/resources.jar
7f4fcc14d000-7f4fcc34d000 rw-p 00000000 00:00 0 
7f4fcc34d000-7f4fcc3e3000 r--s 01102000 08:01 1192412                    /usr/lib/jvm/java-8-oracle/jre/lib/ext/jfxrt.jar
7f4fcc3e3000-7f4fcc3f4000 r-xp 00000000 08:01 1326245                    /usr/lib/jvm/java-8-oracle/jre/lib/amd64/libnio.so
7f4fcc3f4000-7f4fcc5f3000 ---p 00011000 08:01 1326245                    /usr/lib/jvm/java-8-oracle/jre/lib/amd64/libnio.so
7f4fcc5f3000-7f4fcc5f4000 rw-p 00010000 08:01 1326245                    /usr/lib/jvm/java-8-oracle/jre/lib/amd64/libnio.so
7f4fcc5f4000-7f4fcc7f4000 rw-p 00000000 00:00 0 
7f4fcc7f4000-7f4fcc9f4000 rw-p 00000000 00:00 0 
7f4fcc9f4000-7f4fccbf4000 rw-p 00000000 00:00 0 
7f4fccbf4000-7f4fccbf9000 r--s 002f9000 08:01 1192400                    /usr/lib/jvm/java-8-oracle/jre/lib/charsets.jar
7f4fccbf9000-7f4fccbfc000 ---p 00000000 00:00 0 
7f4fccbfc000-7f4fcccfa000 rw-p 00000000 00:00 0 
7f4fcccfa000-7f4fccd03000 r-xp 00000000 08:01 1326251                    /usr/lib/jvm/java-8-oracle/jre/lib/amd64/libmanagement.so
7f4fccd03000-7f4fccf02000 ---p 00009000 08:01 1326251                    /usr/lib/jvm/java-8-oracle/jre/lib/amd64/libmanagement.so
7f4fccf02000-7f4fccf03000 rw-p 00008000 08:01 1326251                    /usr/lib/jvm/java-8-oracle/jre/lib/amd64/libmanagement.so
7f4fccf03000-7f4fcd103000 rw-p 00000000 00:00 0 
7f4fcd103000-7f4fcd303000 rw-p 00000000 00:00 0 
7f4fcd303000-7f4fcd30d000 r--s 00116000 08:01 1192420                    /usr/lib/jvm/java-8-oracle/jre/lib/ext/localedata.jar
7f4fcd30d000-7f4fcd329000 r--s 00393000 08:01 1192413                    /usr/lib/jvm/java-8-oracle/jre/lib/ext/cldrdata.jar
7f4fcd329000-7f4fcd330000 r--s 00000000 08:01 1577389                    /usr/lib/x86_64-linux-gnu/gconv/gconv-modules.cache
7f4fcd330000-7f4fcd35f000 r--p 00000000 08:01 1710367                    /usr/share/locale-langpack/ru/LC_MESSAGES/libc.mo
7f4fcd35f000-7f4fcd362000 ---p 00000000 00:00 0 
7f4fcd362000-7f4fcd761000 rw-p 00000000 00:00 0 
7f4fcd761000-7f4fcd777000 r-xp 00000000 08:01 1326222                    /usr/lib/jvm/java-8-oracle/jre/lib/amd64/libnet.so
7f4fcd777000-7f4fcd977000 ---p 00016000 08:01 1326222                    /usr/lib/jvm/java-8-oracle/jre/lib/amd64/libnet.so
7f4fcd977000-7f4fcd978000 rw-p 00016000 08:01 1326222                    /usr/lib/jvm/java-8-oracle/jre/lib/amd64/libnet.so
7f4fcd978000-7f4fcd97d000 r--s 00058000 08:05 1052440                    /home/pavlenko/.m2/repository/org/ow2/asm/asm-debug-all/5.0.4/asm-debug-all-5.0.4.jar
7f4fcd97d000-7f4fcd97e000 r--s 00003000 08:05 1052438                    /home/pavlenko/.m2/repository/org/eclipse/jetty/jetty-continuation/9.3.11.v20160721/jetty-continuation-9.3.11.v20160721.jar
7f4fcd97e000-7f4fcd985000 r--s 00063000 08:05 787789                     /home/pavlenko/.m2/repository/org/eclipse/jetty/jetty-util/9.3.11.v20160721/jetty-util-9.3.11.v20160721.jar
7f4fcd985000-7f4fcd988000 r--s 00019000 08:05 787813                     /home/pavlenko/.m2/repository/org/eclipse/jetty/jetty-io/9.3.11.v20160721/jetty-io-9.3.11.v20160721.jar
7f4fcd988000-7f4fcd98b000 r--s 00022000 08:05 787811                     /home/pavlenko/.m2/repository/org/eclipse/jetty/jetty-http/9.3.11.v20160721/jetty-http-9.3.11.v20160721.jar
7f4fcd98b000-7f4fcd992000 r--s 00072000 08:05 787807                     /home/pavlenko/.m2/repository/org/eclipse/jetty/jetty-server/9.3.11.v20160721/jetty-server-9.3.11.v20160721.jar
7f4fcd992000-7f4fcd994000 r--s 00005000 08:05 1052436                    /home/pavlenko/.m2/repository/org/glassfish/jersey/containers/jersey-container-jetty-http/2.23.1/jersey-container-jetty-http-2.23.1.jar
7f4fcd994000-7f4fcd995000 r--s 00001000 08:05 1052434                    /home/pavlenko/.m2/repository/org/glassfish/jersey/test-framework/providers/jersey-test-framework-provider-jetty/2.23.1/jersey-test-framework-provider-jetty-2.23.1.jar
7f4fcd995000-7f4fcd99c000 r--s 00035000 08:05 10487527                   /home/pavlenko/.m2/repository/org/simpleframework/simple/5.1.4/simple-5.1.4.jar
7f4fcd99c000-7f4fcd99e000 r--s 00005000 08:05 1052432                    /home/pavlenko/.m2/repository/org/glassfish/jersey/containers/jersey-container-simple-http/2.23.1/jersey-container-simple-http-2.23.1.jar
7f4fcd99e000-7f4fcd99f000 r--s 00001000 08:05 1052430                    /home/pavlenko/.m2/repository/org/glassfish/jersey/test-framework/providers/jersey-test-framework-provider-simple/2.23.1/jersey-test-framework-provider-simple-2.23.1.jar
7f4fcd99f000-7f4fcd9a1000 r--s 00004000 08:05 1052428                    /home/pavlenko/.m2/repository/org/glassfish/jersey/containers/jersey-container-jdk-http/2.23.1/jersey-container-jdk-http-2.23.1.jar
7f4fcd9a1000-7f4fcd9a2000 r--s 00001000 08:05 1052426                    /home/pavlenko/.m2/repository/org/glassfish/jersey/test-framework/providers/jersey-test-framework-provider-jdk-http/2.23.1/jersey-test-framework-provider-jdk-http-2.23.1.jar
7f4fcd9a2000-7f4fcd9a3000 r--s 00001000 08:05 1052424                    /home/pavlenko/.m2/repository/org/glassfish/jersey/test-framework/providers/jersey-test-framework-provider-external/2.23.1/jersey-test-framework-provider-external-2.23.1.jar
7f4fcd9a3000-7f4fcd9a4000 r--s 00003000 08:05 1052422                    /home/pavlenko/.m2/repository/org/glassfish/jersey/test-framework/providers/jersey-test-framework-provider-inmemory/2.23.1/jersey-test-framework-provider-inmemory-2.23.1.jar
7f4fcd9a4000-7f4fcd9a8000 r--s 0002f000 08:05 1052420                    /home/pavlenko/.m2/repository/org/glassfish/grizzly/grizzly-http-servlet/2.3.23/grizzly-http-servlet-2.3.23.jar
7f4fcd9a8000-7f4fcd9aa000 r--s 00003000 08:05 786675                     /home/pavlenko/.m2/repository/org/glassfish/jersey/containers/jersey-container-servlet/2.23.1/jersey-container-servlet-2.23.1.jar
7f4fcd9aa000-7f4fcd9ab000 r--s 00001000 08:05 1052418                    /home/pavlenko/.m2/repository/org/glassfish/jersey/containers/jersey-container-grizzly2-servlet/2.23.1/jersey-container-grizzly2-servlet-2.23.1.jar
7f4fcd9ab000-7f4fcd9bc000 r--s 000ca000 08:05 1052416                    /home/pavlenko/.m2/repository/org/glassfish/grizzly/grizzly-framework/2.3.23/grizzly-framework-2.3.23.jar
7f4fcd9bc000-7f4fcd9c1000 r--s 0004e000 08:05 1052414                    /home/pavlenko/.m2/repository/org/glassfish/grizzly/grizzly-http/2.3.23/grizzly-http-2.3.23.jar
7f4fcd9c1000-7f4fcd9c7000 r--s 00041000 08:05 1052412                    /home/pavlenko/.m2/repository/org/glassfish/grizzly/grizzly-http-server/2.3.23/grizzly-http-server-2.3.23.jar
7f4fcd9c7000-7f4fcd9c9000 r--s 00005000 08:05 1052410                    /home/pavlenko/.m2/repository/org/glassfish/jersey/containers/jersey-container-grizzly2-http/2.23.1/jersey-container-grizzly2-http-2.23.1.jar
7f4fcd9c9000-7f4fcd9cc000 r--s 00015000 08:05 787809                     /home/pavlenko/.m2/repository/javax/servlet/javax.servlet-api/3.1.0/javax.servlet-api-3.1.0.jar
7f4fcd9cc000-7f4fcd9ce000 r--s 00006000 08:05 1052408                    /home/pavlenko/.m2/repository/org/glassfish/jersey/test-framework/jersey-test-framework-core/2.23.1/jersey-test-framework-core-2.23.1.jar
7f4fcd9ce000-7f4fcd9cf000 r--s 00002000 08:05 918598                     /home/pavlenko/.m2/repository/org/glassfish/jersey/test-framework/providers/jersey-test-framework-provider-grizzly2/2.23.1/jersey-test-framework-provider-grizzly2-2.23.1.jar
7f4fcd9cf000-7f4fcd9f1000 r--s 00120000 08:05 918508                     /home/pavlenko/.m2/repository/javax/javaee-web-api/7.0/javaee-web-api-7.0.jar
7f4fcd9f1000-7f4fcd9f3000 r--s 0000e000 08:05 918499                     /home/pavlenko/.m2/repository/org/jvnet/mimepull/mimepull/1.9.6/mimepull-1.9.6.jar
7f4fcd9f3000-7f4fcd9f6000 r--s 0000e000 08:05 918497                     /home/pavlenko/.m2/repository/org/glassfish/jersey/media/jersey-media-multipart/2.23.1/jersey-media-multipart-2.23.1.jar
7f4fcd9f6000-7f4fcd9fa000 r--s 00029000 08:05 786693                     /home/pavlenko/.m2/repository/org/glassfish/hk2/hk2-locator/2.4.0-b34/hk2-locator-2.4.0-b34.jar
7f4fcd9fa000-7f4fcd9fb000 r--s 00001000 08:05 786679                     /home/pavlenko/.m2/repository/org/glassfish/hk2/external/javax.inject/2.4.0-b34/javax.inject-2.4.0-b34.jar
7f4fcd9fb000-7f4fcd9fd000 r--s 00002000 08:05 786691                     /home/pavlenko/.m2/repository/org/glassfish/hk2/external/aopalliance-repackaged/2.4.0-b34/aopalliance-repackaged-2.4.0-b34.jar
7f4fcd9fd000-7f4fcda02000 r--s 00027000 08:05 786687                     /home/pavlenko/.m2/repository/org/glassfish/hk2/hk2-api/2.4.0-b34/hk2-api-2.4.0-b34.jar
7f4fcda02000-7f4fcda04000 r--s 00005000 08:05 786683                     /home/pavlenko/.m2/repository/javax/annotation/javax.annotation-api/1.2/javax.annotation-api-1.2.jar
7f4fcda04000-7f4fcda06000 r--s 00010000 08:05 786703                     /home/pavlenko/.m2/repository/org/glassfish/jersey/media/jersey-media-jaxb/2.23.1/jersey-media-jaxb-2.23.1.jar
7f4fcda06000-7f4fcda0b000 r--s 00025000 08:05 786701                     /home/pavlenko/.m2/repository/org/glassfish/jersey/core/jersey-client/2.23.1/jersey-client-2.23.1.jar
7f4fcda0b000-7f4fcda21000 r--s 000d3000 08:05 786699                     /home/pavlenko/.m2/repository/org/glassfish/jersey/core/jersey-server/2.23.1/jersey-server-2.23.1.jar
7f4fcda21000-7f4fcda27000 r--s 00049000 08:05 918476                     /home/pavlenko/.m2/repository/org/eclipse/persistence/org.eclipse.persistence.asm/2.6.0/org.eclipse.persistence.asm-2.6.0.jar
7f4fcda27000-7f4fcda68000 r--s 004d2000 08:05 918474                     /home/pavlenko/.m2/repository/org/eclipse/persistence/org.eclipse.persistence.core/2.6.0/org.eclipse.persistence.core-2.6.0.jar
7f4fcda68000-7f4fcda71000 r--s 00093000 08:05 918472                     /home/pavlenko/.m2/repository/org/eclipse/persistence/org.eclipse.persistence.moxy/2.6.0/org.eclipse.persistence.moxy-2.6.0.jar
7f4fcda71000-7f4fcda74000 r--s 0000f000 08:05 918470                     /home/pavlenko/.m2/repository/org/glassfish/jersey/ext/jersey-entity-filtering/2.23.1/jersey-entity-filtering-2.23.1.jar
7f4fcda74000-7f4fcda75000 r--s 00004000 08:05 786697                     /home/pavlenko/.m2/repository/org/glassfish/hk2/osgi-resource-locator/1.0.1/osgi-resource-locator-1.0.1.jar
7f4fcda75000-7f4fcda8d000 r--s 000d6000 08:05 786685                     /home/pavlenko/.m2/repository/org/glassfish/jersey/bundles/repackaged/jersey-guava/2.23.1/jersey-guava-2.23.1.jar
7f4fcda8d000-7f4fcda9c000 r--s 000a0000 08:05 786681                     /home/pavlenko/.m2/repository/org/glassfish/jersey/core/jersey-common/2.23.1/jersey-common-2.23.1.jar
7f4fcda9c000-7f4fcda9e000 r--s 00005000 08:05 918468                     /home/pavlenko/.m2/repository/org/glassfish/jersey/media/jersey-media-moxy/2.23.1/jersey-media-moxy-2.23.1.jar
7f4fcda9e000-7f4fcdaa6000 r--s 00040000 08:05 397149                     /home/pavlenko/.m2/repository/org/flywaydb/flyway-core/3.2.1/flyway-core-3.2.1.jar
7f4fcdaa6000-7f4fcdabb000 r--s 00141000 08:05 10357698                   /home/pavlenko/.m2/repository/org/projectlombok/lombok/1.16.10/lombok-1.16.10.jar
7f4fcdabb000-7f4fcdac5000 r--s 000e8000 08:05 11930472                   /home/pavlenko/.m2/repository/mysql/mysql-connector-java/5.1.39/mysql-connector-java-5.1.39.jar
7f4fcdac5000-7f4fcdac8000 r--s 00012000 08:05 918197                     /home/pavlenko/.m2/repository/org/glassfish/javax.json/1.0.4/javax.json-1.0.4.jar
7f4fcdac8000-7f4fcdacc000 r--s 0000c000 08:05 786705                     /home/pavlenko/.m2/repository/javax/validation/validation-api/1.1.0.Final/validation-api-1.1.0.Final.jar
7f4fcdacc000-7f4fcdace000 r--s 00004000 08:05 918195                     /home/pavlenko/.m2/repository/org/eclipse/persistence/commonj.sdo/2.1.1/commonj.sdo-2.1.1.jar
7f4fcdace000-7f4fcdad4000 r--s 00022000 08:05 918193                     /home/pavlenko/.m2/repository/org/eclipse/persistence/javax.persistence/2.1.1/javax.persistence-2.1.1.jar
7f4fcdad4000-7f4fcdb57000 r--s 00825000 08:05 918191                     /home/pavlenko/.m2/repository/org/eclipse/persistence/eclipselink/2.6.3/eclipselink-2.6.3.jar
7f4fcdb57000-7f4fcdb59000 r--s 00006000 08:05 917985                     /home/pavlenko/.m2/repository/com/fasterxml/jackson/jaxrs/jackson-jaxrs-base/2.8.1/jackson-jaxrs-base-2.8.1.jar
7f4fcdb59000-7f4fcdb5a000 r--s 00003000 08:05 917983                     /home/pavlenko/.m2/repository/com/fasterxml/jackson/jaxrs/jackson-jaxrs-json-provider/2.8.1/jackson-jaxrs-json-provider-2.8.1.jar
7f4fcdb5a000-7f4fcdb85000 r--s 001fc000 08:05 788309                     /home/pavlenko/.m2/repository/com/google/guava/guava/18.0/guava-18.0.jar
7f4fcdb85000-7f4fcdb89000 r--s 0000f000 08:05 659083                     /home/pavlenko/.m2/repository/com/google/code/findbugs/annotations/2.0.1/annotations-2.0.1.jar
7f4fcdb89000-7f4fcdb8c000 r--s 0001d000 08:05 917981                     /home/pavlenko/.m2/repository/org/reflections/reflections/0.9.10/reflections-0.9.10.jar
7f4fcdb8c000-7f4fcdb8d000 r--s 00003000 08:05 788293                     /home/pavlenko/.m2/repository/io/swagger/swagger-annotations/1.5.9/swagger-annotations-1.5.9.jar
7f4fcdb8d000-7f4fcdb90000 r--s 0001f000 08:05 788295                     /home/pavlenko/.m2/repository/io/swagger/swagger-models/1.5.9/swagger-models-1.5.9.jar
7f4fcdb90000-7f4fcdba1000 r--s 00089000 08:05 917979                     /home/pavlenko/.m2/repository/joda-time/joda-time/2.9.4/joda-time-2.9.4.jar
7f4fcdba1000-7f4fcdba4000 r--s 0000e000 08:05 917977                     /home/pavlenko/.m2/repository/com/fasterxml/jackson/datatype/jackson-datatype-joda/2.8.1/jackson-datatype-joda-2.8.1.jar
7f4fcdba4000-7f4fcdbab000 r--s 00058000 08:05 10095110                   /home/pavlenko/.m2/repository/org/apache/commons/commons-lang3/3.2.1/commons-lang3-3.2.1.jar
7f4fcdbab000-7f4fcdbae000 r--s 00017000 08:05 917975                     /home/pavlenko/.m2/repository/io/swagger/swagger-core/1.5.9/swagger-core-1.5.9.jar
7f4fcdbae000-7f4fcdbb4000 r--s 00078000 08:05 917973                     /home/pavlenko/.m2/repository/com/fasterxml/woodstox/woodstox-core/5.0.2/woodstox-core-5.0.2.jar
7f4fcdbb4000-7f4fcdbb8000 r--s 00024000 08:05 10489075                   /home/pavlenko/.m2/repository/org/codehaus/woodstox/stax2-api/3.1.4/stax2-api-3.1.4.jar
7f4fcdbb8000-7f4fcdbba000 r--s 00007000 08:05 917971                     /home/pavlenko/.m2/repository/com/fasterxml/jackson/module/jackson-module-jaxb-annotations/2.8.1/jackson-module-jaxb-annotations-2.8.1.jar
7f4fcdbba000-7f4fcdbbd000 r--s 00015000 08:05 917969                     /home/pavlenko/.m2/repository/com/fasterxml/jackson/dataformat/jackson-dataformat-xml/2.8.1/jackson-dataformat-xml-2.8.1.jar
7f4fcdbbd000-7f4fcdbbe000 r--s 00009000 08:05 917967                     /home/pavlenko/.m2/repository/com/fasterxml/jackson/dataformat/jackson-dataformat-yaml/2.8.1/jackson-dataformat-yaml-2.8.1.jar
7f4fcdbbe000-7f4fcdbc0000 r--s 0000e000 08:05 917965                     /home/pavlenko/.m2/repository/io/swagger/swagger-jaxrs/1.5.9/swagger-jaxrs-1.5.9.jar
7f4fcdbc0000-7f4fcdbc1000 r--s 00001000 08:05 917963                     /home/pavlenko/.m2/repository/io/swagger/swagger-jersey2-jaxrs/1.5.9/swagger-jersey2-jaxrs-1.5.9.jar
7f4fcdbc1000-7f4fcdbc9000 r--s 00045000 08:05 9179343                    /home/pavlenko/.m2/repository/junit/junit/4.12/junit-4.12.jar
7f4fcdbc9000-7f4fcdbcd000 r--s 00019000 08:05 786707                     /home/pavlenko/.m2/repository/javax/ws/rs/javax.ws.rs-api/2.0.1/javax.ws.rs-api-2.0.1.jar
7f4fcdbcd000-7f4fcdbda000 r--s 000ac000 08:05 786500                     /home/pavlenko/.m2/repository/org/springframework/spring-beans/4.3.2.RELEASE/spring-beans-4.3.2.RELEASE.jar
7f4fcdbda000-7f4fcdbdc000 r--s 00002000 08:05 786846                     /home/pavlenko/.m2/repository/org/glassfish/hk2/spring-bridge/2.4.0-b34/spring-bridge-2.4.0-b34.jar
7f4fcdbdc000-7f4fcdbe3000 r--s 0005b000 08:05 786844                     /home/pavlenko/.m2/repository/org/glassfish/hk2/external/asm-all-repackaged/2.4.0-b34/asm-all-repackaged-2.4.0-b34.jar
7f4fcdbe3000-7f4fcdbe6000 r--s 00013000 08:05 786842                     /home/pavlenko/.m2/repository/org/glassfish/hk2/class-model/2.4.0-b34/class-model-2.4.0-b34.jar
7f4fcdbe6000-7f4fcdbe8000 r--s 0000c000 08:05 786840                     /home/pavlenko/.m2/repository/org/glassfish/hk2/hk2-runlevel/2.4.0-b34/hk2-runlevel-2.4.0-b34.jar
7f4fcdbe8000-7f4fcdbea000 r--s 00003000 08:05 786836                     /home/pavlenko/.m2/repository/org/jvnet/tiger-types/1.4/tiger-types-1.4.jar
7f4fcdbea000-7f4fcdbef000 r--s 0002e000 08:05 786834                     /home/pavlenko/.m2/repository/org/glassfish/hk2/hk2-config/2.4.0-b34/hk2-config-2.4.0-b34.jar
7f4fcdbef000-7f4fcdbf2000 r--s 0001a000 08:05 786832                     /home/pavlenko/.m2/repository/org/glassfish/hk2/hk2-core/2.4.0-b34/hk2-core-2.4.0-b34.jar
7f4fcdbf2000-7f4fcdbf4000 r--s 00001000 08:05 786830                     /home/pavlenko/.m2/repository/org/glassfish/hk2/config-types/2.4.0-b34/config-types-2.4.0-b34.jar
7f4fcdbf4000-7f4fcdbf5000 r--s 00000000 08:05 786828                     /home/pavlenko/.m2/repository/javax/inject/javax.inject/1/javax.inject-1.jar
7f4fcdbf5000-7f4fcdbf9000 r--s 0001a000 08:05 786689                     /home/pavlenko/.m2/repository/org/glassfish/hk2/hk2-utils/2.4.0-b34/hk2-utils-2.4.0-b34.jar
7f4fcdbf9000-7f4fcdbfa000 r--s 00000000 08:05 786826                     /home/pavlenko/.m2/repository/org/glassfish/hk2/hk2/2.4.0-b34/hk2-2.4.0-b34.jar
7f4fcdbfa000-7f4fcdbfd000 r--s 0000e000 08:05 786677                     /home/pavlenko/.m2/repository/org/glassfish/jersey/containers/jersey-container-servlet-core/2.23.1/jersey-container-servlet-core-2.23.1.jar
7f4fcdbfd000-7f4fcdbff000 r--s 00004000 08:05 786824                     /home/pavlenko/.m2/repository/org/glassfish/jersey/ext/jersey-spring3/2.23.1/jersey-spring3-2.23.1.jar
7f4fcdbff000-7f4fcdc0d000 r--s 00083000 08:05 1179683                    /home/pavlenko/.m2/repository/org/springframework/spring-test/4.3.2.RELEASE/spring-test-4.3.2.RELEASE.jar
7f4fcdc0d000-7f4fcdc24000 r--s 000f9000 08:05 786506                     /home/pavlenko/.m2/repository/org/springframework/spring-core/4.3.2.RELEASE/spring-core-4.3.2.RELEASE.jar
7f4fcdc24000-7f4fcdc25000 r--s 0000f000 08:05 10618657                   /home/pavlenko/.m2/repository/org/json/json/20140107/json-20140107.jar
7f4fcdc25000-7f4fcdc26000 r--s 00006000 08:05 10618652                   /home/pavlenko/.m2/repository/org/skyscreamer/jsonassert/1.3.0/jsonassert-1.3.0.jar
7f4fcdc26000-7f4fcdc27000 r--s 0000c000 08:05 1179681                    /home/pavlenko/.m2/repository/org/hamcrest/hamcrest-library/1.3/hamcrest-library-1.3.jar
7f4fcdc27000-7f4fcdc29000 r--s 00009000 08:05 786871                     /home/pavlenko/.m2/repository/org/hamcrest/hamcrest-core/1.3/hamcrest-core-1.3.jar
7f4fcdc29000-7f4fcdc2b000 r--s 00009000 08:05 10618650                   /home/pavlenko/.m2/repository/org/objenesis/objenesis/2.1/objenesis-2.1.jar
7f4fcdc2b000-7f4fcdc47000 r--s 00103000 08:05 10618646                   /home/pavlenko/.m2/repository/org/mockito/mockito-core/1.10.19/mockito-core-1.10.19.jar
7f4fcdc47000-7f4fcdc5a000 r--s 000d2000 08:05 10618435                   /home/pavlenko/.m2/repository/org/assertj/assertj-core/2.5.0/assertj-core-2.5.0.jar
7f4fcdc5a000-7f4fcdc5b000 r--s 0000c000 08:05 1179679                    /home/pavlenko/.m2/repository/org/ow2/asm/asm/5.0.3/asm-5.0.3.jar
7f4fcdc5b000-7f4fcdc5d000 r--s 00012000 08:05 1179677                    /home/pavlenko/.m2/repository/net/minidev/accessors-smart/1.1/accessors-smart-1.1.jar
7f4fcdc5d000-7f4fcdc60000 r--s 0001b000 08:05 1052472                    /home/pavlenko/.m2/repository/net/minidev/json-smart/2.2.1/json-smart-2.2.1.jar
7f4fcdc60000-7f4fcdc65000 r--s 0002e000 08:05 525113                     /home/pavlenko/.m2/repository/com/jayway/jsonpath/json-path/2.2.0/json-path-2.2.0.jar
7f4fcdc65000-7f4fcdc69000 r--s 00013000 08:05 1052470                    /home/pavlenko/.m2/repository/org/springframework/boot/spring-boot-test-autoconfigure/1.4.0.RELEASE/spring-boot-test-autoconfigure-1.4.0.RELEASE.jar
7f4fcdc69000-7f4fcdc6e000 r--s 0001e000 08:05 1052468                    /home/pavlenko/.m2/repository/org/springframework/boot/spring-boot-test/1.4.0.RELEASE/spring-boot-test-1.4.0.RELEASE.jar
7f4fcdc6e000-7f4fcdc6f000 r--s 00000000 08:05 1052466                    /home/pavlenko/.m2/repository/org/springframework/boot/spring-boot-starter-test/1.4.0.RELEASE/spring-boot-starter-test-1.4.0.RELEASE.jar
7f4fcdc6f000-7f4fcdc72000 r--s 0000c000 08:05 918161                     /home/pavlenko/.m2/repository/org/springframework/spring-aspects/4.3.2.RELEASE/spring-aspects-4.3.2.RELEASE.jar
7f4fcdc72000-7f4fcdc74000 r--s 00003000 08:05 11669525                   /home/pavlenko/.m2/repository/org/slf4j/jcl-over-slf4j/1.7.21/jcl-over-slf4j-1.7.21.jar
7f4fcdc74000-7f4fcdc76000 r--s 00009000 08:05 11408371                   /home/pavlenko/.m2/repository/org/slf4j/slf4j-api/1.7.21/slf4j-api-1.7.21.jar
7f4fcdc76000-7f4fcdc7e000 r--s 0003a000 08:05 918159                     /home/pavlenko/.m2/repository/org/springframework/spring-tx/4.3.2.RELEASE/spring-tx-4.3.2.RELEASE.jar
7f4fcdc7e000-7f4fcdc88000 r--s 0006b000 08:05 918157                     /home/pavlenko/.m2/repository/org/springframework/spring-orm/4.3.2.RELEASE/spring-orm-4.3.2.RELEASE.jar
7f4fcdc88000-7f4fcdc99000 r--s 00098000 08:05 918155                     /home/pavlenko/.m2/repository/org/springframework/data/spring-data-commons/1.12.2.RELEASE/spring-data-commons-1.12.2.RELEASE.jar
7f4fcdc99000-7f4fcdca0000 r--s 0003d000 08:05 918153                     /home/pavlenko/.m2/repository/org/springframework/data/spring-data-jpa/1.10.2.RELEASE/spring-data-jpa-1.10.2.RELEASE.jar
7f4fcdca0000-7f4fcdca2000 r--s 00006000 08:05 787853                     /home/pavlenko/.m2/repository/javax/transaction/javax.transaction-api/1.2/javax.transaction-api-1.2.jar
7f4fcdca2000-7f4fcdca5000 r--s 00010000 08:05 918151                     /home/pavlenko/.m2/repository/org/hibernate/common/hibernate-commons-annotations/5.0.1.Final/hibernate-commons-annotations-5.0.1.Final.jar
7f4fcdca5000-7f4fcdcae000 r--s 0002d000 08:05 918149                     /home/pavlenko/.m2/repository/xml-apis/xml-apis/1.4.01/xml-apis-1.4.01.jar
7f4fcdcae000-7f4fcdcb3000 r--s 00048000 08:05 918147                     /home/pavlenko/.m2/repository/dom4j/dom4j/1.6.1/dom4j-1.6.1.jar
7f4fcdcb3000-7f4fcdcb6000 r--s 0002b000 08:05 918145                     /home/pavlenko/.m2/repository/org/jboss/jandex/2.0.0.Final/jandex-2.0.0.Final.jar
7f4fcdcb6000-7f4fcdcbb000 r--s 00068000 08:05 918143                     /home/pavlenko/.m2/repository/antlr/antlr/2.7.7/antlr-2.7.7.jar
7f4fcdcbb000-7f4fcdcc5000 r--s 000ae000 08:05 788395                     /home/pavlenko/.m2/repository/org/javassist/javassist/3.20.0-GA/javassist-3.20.0-GA.jar
7f4fcdcc5000-7f4fcdcca000 r--s 00017000 08:05 918141                     /home/pavlenko/.m2/repository/org/hibernate/javax/persistence/hibernate-jpa-2.1-api/1.0.0.Final/hibernate-jpa-2.1-api-1.0.0.Final.jar
7f4fcdcca000-7f4fcdd34000 r--s 004ed000 08:05 918139                     /home/pavlenko/.m2/repository/org/hibernate/hibernate-core/5.0.9.Final/hibernate-core-5.0.9.Final.jar
7f4fcdd34000-7f4fcdd3e000 r--s 0005f000 08:05 918137                     /home/pavlenko/.m2/repository/org/springframework/spring-jdbc/4.3.2.RELEASE/spring-jdbc-4.3.2.RELEASE.jar
7f4fcdd3e000-7f4fcdd3f000 r--s 00009000 08:05 9965503                    /home/pavlenko/.m2/repository/org/apache/tomcat/tomcat-juli/8.5.4/tomcat-juli-8.5.4.jar
7f4fcdd3f000-7f4fcdd42000 r--s 0001f000 08:05 9835133                    /home/pavlenko/.m2/repository/org/apache/tomcat/tomcat-jdbc/8.5.4/tomcat-jdbc-8.5.4.jar
7f4fcdd42000-7f4fcdd43000 r--s 00000000 08:05 918135                     /home/pavlenko/.m2/repository/org/springframework/boot/spring-boot-starter-jdbc/1.4.0.RELEASE/spring-boot-starter-jdbc-1.4.0.RELEASE.jar
7f4fcdd43000-7f4fcdd5c000 r--s 001af000 08:05 918133                     /home/pavlenko/.m2/repository/org/aspectj/aspectjweaver/1.8.9/aspectjweaver-1.8.9.jar
7f4fcdd5c000-7f4fcdd5d000 r--s 00000000 08:05 918131                     /home/pavlenko/.m2/repository/org/springframework/boot/spring-boot-starter-aop/1.4.0.RELEASE/spring-boot-starter-aop-1.4.0.RELEASE.jar
7f4fcdd5d000-7f4fcdd62000 r--s 0003c000 08:05 786504                     /home/pavlenko/.m2/repository/org/springframework/spring-expression/4.3.2.RELEASE/spring-expression-4.3.2.RELEASE.jar
7f4fcdd62000-7f4fcdd74000 r--s 000ce000 08:05 917759                     /home/pavlenko/.m2/repository/org/springframework/spring-webmvc/4.3.2.RELEASE/spring-webmvc-4.3.2.RELEASE.jar
7f4fcdd74000-7f4fcdd8d000 r--s 000fc000 08:05 786502                     /home/pavlenko/.m2/repository/org/springframework/spring-context/4.3.2.RELEASE/spring-context-4.3.2.RELEASE.jar
7f4fcdd8d000-7f4fcdd96000 r--s 00054000 08:05 786498                     /home/pavlenko/.m2/repository/org/springframework/spring-aop/4.3.2.RELEASE/spring-aop-4.3.2.RELEASE.jar
7f4fcdd96000-7f4fcdda8000 r--s 000b5000 08:05 786496                     /home/pavlenko/.m2/repository/org/springframework/spring-web/4.3.2.RELEASE/spring-web-4.3.2.RELEASE.jar
7f4fcdda8000-7f4fcddac000 r--s 00041000 08:05 917757                     /home/pavlenko/.m2/repository/com/fasterxml/jackson/core/jackson-core/2.8.1/jackson-core-2.8.1.jar
7f4fcddac000-7f4fcddaf000 r--s 0000b000 08:05 788397                     /home/pavlenko/.m2/repository/com/fasterxml/jackson/core/jackson-annotations/2.8.1/jackson-annotations-2.8.1.jar
7f4fcddaf000-7f4fcddc1000 r--s 0011b000 08:05 917755                     /home/pavlenko/.m2/repository/com/fasterxml/jackson/core/jackson-databind/2.8.1/jackson-databind-2.8.1.jar
7f4fcddc1000-7f4fcddd1000 r--s 0009c000 08:05 917751                     /home/pavlenko/.m2/repository/org/hibernate/hibernate-validator/5.2.4.Final/hibernate-validator-5.2.4.Final.jar
7f4fcddd1000-7f4fcddfa000 r--s 002af000 08:05 9965494                    /home/pavlenko/.m2/repository/org/apache/tomcat/embed/tomcat-embed-core/8.5.4/tomcat-embed-core-8.5.4.jar
7f4fcddfa000-7f4fcde17000 r--s 000c7000 08:05 917739                     /home/pavlenko/.m2/repository/org/springframework/boot/spring-boot-autoconfigure/1.4.0.RELEASE/spring-boot-autoconfigure-1.4.0.RELEASE.jar
7f4fcde17000-7f4fcde18000 ---p 00000000 00:00 0 
7f4fcde18000-7f4fcdf18000 rw-p 00000000 00:00 0 
7f4fcdf18000-7f4fcdf1b000 ---p 00000000 00:00 0 
7f4fcdf1b000-7f4fce019000 rw-p 00000000 00:00 0 
7f4fce019000-7f4fce01c000 ---p 00000000 00:00 0 
7f4fce01c000-7f4fce11a000 rw-p 00000000 00:00 0 
7f4fce11a000-7f4fce11d000 ---p 00000000 00:00 0 
7f4fce11d000-7f4fce21b000 rw-p 00000000 00:00 0 
7f4fce21b000-7f4fce21e000 ---p 00000000 00:00 0 
7f4fce21e000-7f4fce31c000 rw-p 00000000 00:00 0 
7f4fce31c000-7f4fce31f000 ---p 00000000 00:00 0 
7f4fce31f000-7f4fce41d000 rw-p 00000000 00:00 0 
7f4fce41d000-7f4fce420000 ---p 00000000 00:00 0 
7f4fce420000-7f4fce51e000 rw-p 00000000 00:00 0 
7f4fce51e000-7f4fce521000 ---p 00000000 00:00 0 
7f4fce521000-7f4fce61f000 rw-p 00000000 00:00 0 
7f4fce61f000-7f4fce622000 ---p 00000000 00:00 0 
7f4fce622000-7f4fce720000 rw-p 00000000 00:00 0 
7f4fce720000-7f4fce724000 r-xp 00000000 08:01 1319431                    /usr/lib/jvm/java-8-oracle/jre/lib/amd64/libdt_socket.so
7f4fce724000-7f4fce923000 ---p 00004000 08:01 1319431                    /usr/lib/jvm/java-8-oracle/jre/lib/amd64/libdt_socket.so
7f4fce923000-7f4fce924000 rw-p 00003000 08:01 1319431                    /usr/lib/jvm/java-8-oracle/jre/lib/amd64/libdt_socket.so
7f4fce924000-7f4fce927000 ---p 00000000 00:00 0 
7f4fce927000-7f4fcea25000 rw-p 00000000 00:00 0 
7f4fcea25000-7f4fcea28000 ---p 00000000 00:00 0 
7f4fcea28000-7f4fceb26000 rw-p 00000000 00:00 0 
7f4fceb26000-7f4fceb29000 ---p 00000000 00:00 0 
7f4fceb29000-7f4fcec27000 rw-p 00000000 00:00 0 
7f4fcec27000-7f4fcec28000 ---p 00000000 00:00 0 
7f4fcec28000-7f4fd0000000 rw-p 00000000 00:00 0 
7f4fd0000000-7f4fd0021000 rw-p 00000000 00:00 0 
7f4fd0021000-7f4fd4000000 ---p 00000000 00:00 0 
7f4fd4000000-7f4fd4002000 r--s 0000e000 08:05 788311                     /home/pavlenko/.m2/repository/com/fasterxml/classmate/1.3.1/classmate-1.3.1.jar
7f4fd4002000-7f4fd4007000 r--s 00036000 08:05 10095096                   /home/pavlenko/.m2/repository/org/apache/tomcat/embed/tomcat-embed-websocket/8.5.4/tomcat-embed-websocket-8.5.4.jar
7f4fd4007000-7f4fd400d000 r--s 0003d000 08:05 917747                     /home/pavlenko/.m2/repository/org/yaml/snakeyaml/1.17/snakeyaml-1.17.jar
7f4fd400d000-7f4fd8000000 rw-p 00000000 00:00 0 
7f4fd8000000-7f4fd8021000 rw-p 00000000 00:00 0 
7f4fd8021000-7f4fdc000000 ---p 00000000 00:00 0 
7f4fdc000000-7f4fdc021000 rw-p 00000000 00:00 0 
7f4fdc021000-7f4fe0000000 ---p 00000000 00:00 0 
7f4fe0000000-7f4fe0021000 rw-p 00000000 00:00 0 
7f4fe0021000-7f4fe4000000 ---p 00000000 00:00 0 
7f4fe4000000-7f4fe4021000 rw-p 00000000 00:00 0 
7f4fe4021000-7f4fe8000000 ---p 00000000 00:00 0 
7f4fe8000000-7f4fe8021000 rw-p 00000000 00:00 0 
7f4fe8021000-7f4fec000000 ---p 00000000 00:00 0 
7f4fec000000-7f4fec025000 rw-p 00000000 00:00 0 
7f4fec025000-7f4ff0000000 ---p 00000000 00:00 0 
7f4ff0000000-7f4ff0021000 rw-p 00000000 00:00 0 
7f4ff0021000-7f4ff4000000 ---p 00000000 00:00 0 
7f4ff4000000-7f4ff4627000 rw-p 00000000 00:00 0 
7f4ff4627000-7f4ff4800000 r--s 03d29000 08:01 1192422                    /usr/lib/jvm/java-8-oracle/jre/lib/rt.jar
7f4ff4800000-7f4ff5000000 rw-p 00000000 00:00 0 
7f4ff5000000-7f4ff6550000 rwxp 00000000 00:00 0 
7f4ff6550000-7f5004000000 ---p 00000000 00:00 0 
7f5004000000-7f5006490000 rw-p 00000000 00:00 0 
7f5006490000-7f5008000000 ---p 00000000 00:00 0 
7f5008000000-7f5008001000 r--s 00000000 08:05 918129                     /home/pavlenko/.m2/repository/org/springframework/boot/spring-boot-starter-data-jpa/1.4.0.RELEASE/spring-boot-starter-data-jpa-1.4.0.RELEASE.jar
7f5008001000-7f5008003000 r--s 0000f000 08:05 917753                     /home/pavlenko/.m2/repository/org/jboss/logging/jboss-logging/3.3.0.Final/jboss-logging-3.3.0.Final.jar
7f5008003000-7f500800d000 r--s 00069000 08:05 917745                     /home/pavlenko/.m2/repository/ch/qos/logback/logback-core/1.1.7/logback-core-1.1.7.jar
7f500800d000-7f50085b0000 rw-p 00000000 00:00 0 
7f50085b0000-7f50085b1000 ---p 00000000 00:00 0 
7f50085b1000-7f50086b1000 rw-p 00000000 00:00 0 
7f50086b1000-7f50086b2000 ---p 00000000 00:00 0 
7f50086b2000-7f50087b2000 rw-p 00000000 00:00 0 
7f50087b2000-7f50087b3000 ---p 00000000 00:00 0 
7f50087b3000-7f50088b3000 rw-p 00000000 00:00 0 
7f50088b3000-7f50088b4000 ---p 00000000 00:00 0 
7f50088b4000-7f50089b4000 rw-p 00000000 00:00 0 
7f50089b4000-7f50089b5000 ---p 00000000 00:00 0 
7f50089b5000-7f5008ab5000 rw-p 00000000 00:00 0 
7f5008ab5000-7f5008ab6000 ---p 00000000 00:00 0 
7f5008ab6000-7f5008bb6000 rw-p 00000000 00:00 0 
7f5008bb6000-7f5008bb7000 ---p 00000000 00:00 0 
7f5008bb7000-7f5008cb7000 rw-p 00000000 00:00 0 
7f5008cb7000-7f5008cb8000 ---p 00000000 00:00 0 
7f5008cb8000-7f5008e7d000 rw-p 00000000 00:00 0 
7f5008e7d000-7f500904c000 ---p 00000000 00:00 0 
7f500904c000-7f5009111000 rw-p 00000000 00:00 0 
7f5009111000-7f50092df000 ---p 00000000 00:00 0 
7f50092df000-7f5009429000 rw-p 00000000 00:00 0 
7f5009429000-7f5009480000 rw-p 00000000 00:00 0 
7f5009480000-7f50097ea000 ---p 00000000 00:00 0 
7f50097ea000-7f5009804000 r-xp 00000000 08:01 1326255                    /usr/lib/jvm/java-8-oracle/jre/lib/amd64/libzip.so
7f5009804000-7f5009a04000 ---p 0001a000 08:01 1326255                    /usr/lib/jvm/java-8-oracle/jre/lib/amd64/libzip.so
7f5009a04000-7f5009a05000 rw-p 0001a000 08:01 1326255                    /usr/lib/jvm/java-8-oracle/jre/lib/amd64/libzip.so
7f5009a05000-7f5009a10000 r-xp 00000000 08:01 2113275                    /lib/x86_64-linux-gnu/libnss_files-2.23.so
7f5009a10000-7f5009c0f000 ---p 0000b000 08:01 2113275                    /lib/x86_64-linux-gnu/libnss_files-2.23.so
7f5009c0f000-7f5009c10000 r--p 0000a000 08:01 2113275                    /lib/x86_64-linux-gnu/libnss_files-2.23.so
7f5009c10000-7f5009c11000 rw-p 0000b000 08:01 2113275                    /lib/x86_64-linux-gnu/libnss_files-2.23.so
7f5009c11000-7f5009c17000 rw-p 00000000 00:00 0 
7f5009c17000-7f5009c22000 r-xp 00000000 08:01 2113272                    /lib/x86_64-linux-gnu/libnss_nis-2.23.so
7f5009c22000-7f5009e21000 ---p 0000b000 08:01 2113272                    /lib/x86_64-linux-gnu/libnss_nis-2.23.so
7f5009e21000-7f5009e22000 r--p 0000a000 08:01 2113272                    /lib/x86_64-linux-gnu/libnss_nis-2.23.so
7f5009e22000-7f5009e23000 rw-p 0000b000 08:01 2113272                    /lib/x86_64-linux-gnu/libnss_nis-2.23.so
7f5009e23000-7f5009e39000 r-xp 00000000 08:01 2110815                    /lib/x86_64-linux-gnu/libnsl-2.23.so
7f5009e39000-7f500a038000 ---p 00016000 08:01 2110815                    /lib/x86_64-linux-gnu/libnsl-2.23.so
7f500a038000-7f500a039000 r--p 00015000 08:01 2110815                    /lib/x86_64-linux-gnu/libnsl-2.23.so
7f500a039000-7f500a03a000 rw-p 00016000 08:01 2110815                    /lib/x86_64-linux-gnu/libnsl-2.23.so
7f500a03a000-7f500a03c000 rw-p 00000000 00:00 0 
7f500a03c000-7f500a044000 r-xp 00000000 08:01 2110808                    /lib/x86_64-linux-gnu/libnss_compat-2.23.so
7f500a044000-7f500a243000 ---p 00008000 08:01 2110808                    /lib/x86_64-linux-gnu/libnss_compat-2.23.so
7f500a243000-7f500a244000 r--p 00007000 08:01 2110808                    /lib/x86_64-linux-gnu/libnss_compat-2.23.so
7f500a244000-7f500a245000 rw-p 00008000 08:01 2110808                    /lib/x86_64-linux-gnu/libnss_compat-2.23.so
7f500a245000-7f500a64f000 r--p 00000000 08:01 1061404                    /usr/lib/locale/locale-archive
7f500a64f000-7f500a651000 r-xp 00000000 08:01 1326242                    /usr/lib/jvm/java-8-oracle/jre/lib/amd64/libnpt.so
7f500a651000-7f500a851000 ---p 00002000 08:01 1326242                    /usr/lib/jvm/java-8-oracle/jre/lib/amd64/libnpt.so
7f500a851000-7f500a852000 rw-p 00002000 08:01 1326242                    /usr/lib/jvm/java-8-oracle/jre/lib/amd64/libnpt.so
7f500a852000-7f500a88b000 r-xp 00000000 08:01 1319423                    /usr/lib/jvm/java-8-oracle/jre/lib/amd64/libjdwp.so
7f500a88b000-7f500aa8a000 ---p 00039000 08:01 1319423                    /usr/lib/jvm/java-8-oracle/jre/lib/amd64/libjdwp.so
7f500aa8a000-7f500aa8c000 rw-p 00038000 08:01 1319423                    /usr/lib/jvm/java-8-oracle/jre/lib/amd64/libjdwp.so
7f500aa8c000-7f500aab6000 r-xp 00000000 08:01 1319433                    /usr/lib/jvm/java-8-oracle/jre/lib/amd64/libjava.so
7f500aab6000-7f500acb6000 ---p 0002a000 08:01 1319433                    /usr/lib/jvm/java-8-oracle/jre/lib/amd64/libjava.so
7f500acb6000-7f500acb8000 rw-p 0002a000 08:01 1319433                    /usr/lib/jvm/java-8-oracle/jre/lib/amd64/libjava.so
7f500acb8000-7f500acc5000 r-xp 00000000 08:01 1326257                    /usr/lib/jvm/java-8-oracle/jre/lib/amd64/libverify.so
7f500acc5000-7f500aec5000 ---p 0000d000 08:01 1326257                    /usr/lib/jvm/java-8-oracle/jre/lib/amd64/libverify.so
7f500aec5000-7f500aec7000 rw-p 0000d000 08:01 1326257                    /usr/lib/jvm/java-8-oracle/jre/lib/amd64/libverify.so
7f500aec7000-7f500aece000 r-xp 00000000 08:01 2113286                    /lib/x86_64-linux-gnu/librt-2.23.so
7f500aece000-7f500b0cd000 ---p 00007000 08:01 2113286                    /lib/x86_64-linux-gnu/librt-2.23.so
7f500b0cd000-7f500b0ce000 r--p 00006000 08:01 2113286                    /lib/x86_64-linux-gnu/librt-2.23.so
7f500b0ce000-7f500b0cf000 rw-p 00007000 08:01 2113286                    /lib/x86_64-linux-gnu/librt-2.23.so
7f500b0cf000-7f500b1d7000 r-xp 00000000 08:01 2113281                    /lib/x86_64-linux-gnu/libm-2.23.so
7f500b1d7000-7f500b3d6000 ---p 00108000 08:01 2113281                    /lib/x86_64-linux-gnu/libm-2.23.so
7f500b3d6000-7f500b3d7000 r--p 00107000 08:01 2113281                    /lib/x86_64-linux-gnu/libm-2.23.so
7f500b3d7000-7f500b3d8000 rw-p 00108000 08:01 2113281                    /lib/x86_64-linux-gnu/libm-2.23.so
7f500b3d8000-7f500c0a3000 r-xp 00000000 08:01 1326233                    /usr/lib/jvm/java-8-oracle/jre/lib/amd64/server/libjvm.so
7f500c0a3000-7f500c2a2000 ---p 00ccb000 08:01 1326233                    /usr/lib/jvm/java-8-oracle/jre/lib/amd64/server/libjvm.so
7f500c2a2000-7f500c37b000 rw-p 00cca000 08:01 1326233                    /usr/lib/jvm/java-8-oracle/jre/lib/amd64/server/libjvm.so
7f500c37b000-7f500c3c6000 rw-p 00000000 00:00 0 
7f500c3c6000-7f500c586000 r-xp 00000000 08:01 2113291                    /lib/x86_64-linux-gnu/libc-2.23.so
7f500c586000-7f500c785000 ---p 001c0000 08:01 2113291                    /lib/x86_64-linux-gnu/libc-2.23.so
7f500c785000-7f500c789000 r--p 001bf000 08:01 2113291                    /lib/x86_64-linux-gnu/libc-2.23.so
7f500c789000-7f500c78b000 rw-p 001c3000 08:01 2113291                    /lib/x86_64-linux-gnu/libc-2.23.so
7f500c78b000-7f500c78f000 rw-p 00000000 00:00 0 
7f500c78f000-7f500c792000 r-xp 00000000 08:01 2113292                    /lib/x86_64-linux-gnu/libdl-2.23.so
7f500c792000-7f500c991000 ---p 00003000 08:01 2113292                    /lib/x86_64-linux-gnu/libdl-2.23.so
7f500c991000-7f500c992000 r--p 00002000 08:01 2113292                    /lib/x86_64-linux-gnu/libdl-2.23.so
7f500c992000-7f500c993000 rw-p 00003000 08:01 2113292                    /lib/x86_64-linux-gnu/libdl-2.23.so
7f500c993000-7f500c9a8000 r-xp 00000000 08:01 1722442                    /usr/lib/jvm/java-8-oracle/lib/amd64/jli/libjli.so
7f500c9a8000-7f500cba8000 ---p 00015000 08:01 1722442                    /usr/lib/jvm/java-8-oracle/lib/amd64/jli/libjli.so
7f500cba8000-7f500cba9000 rw-p 00015000 08:01 1722442                    /usr/lib/jvm/java-8-oracle/lib/amd64/jli/libjli.so
7f500cba9000-7f500cbc1000 r-xp 00000000 08:01 2113290                    /lib/x86_64-linux-gnu/libpthread-2.23.so
7f500cbc1000-7f500cdc0000 ---p 00018000 08:01 2113290                    /lib/x86_64-linux-gnu/libpthread-2.23.so
7f500cdc0000-7f500cdc1000 r--p 00017000 08:01 2113290                    /lib/x86_64-linux-gnu/libpthread-2.23.so
7f500cdc1000-7f500cdc2000 rw-p 00018000 08:01 2113290                    /lib/x86_64-linux-gnu/libpthread-2.23.so
7f500cdc2000-7f500cdc6000 rw-p 00000000 00:00 0 
7f500cdc6000-7f500cdec000 r-xp 00000000 08:01 2113287                    /lib/x86_64-linux-gnu/ld-2.23.so
7f500cdec000-7f500cdf1000 r--s 00036000 08:05 9965496                    /home/pavlenko/.m2/repository/org/apache/tomcat/embed/tomcat-embed-el/8.5.4/tomcat-embed-el-8.5.4.jar
7f500cdf1000-7f500cdf3000 r--s 00004000 08:05 11537205                   /home/pavlenko/.m2/repository/org/slf4j/log4j-over-slf4j/1.7.21/log4j-over-slf4j-1.7.21.jar
7f500cdf3000-7f500cdf5000 r--s 00000000 08:05 11537203                   /home/pavlenko/.m2/repository/org/slf4j/jul-to-slf4j/1.7.21/jul-to-slf4j-1.7.21.jar
7f500cdf5000-7f500cec0000 rw-p 00000000 00:00 0 
7f500cec0000-7f500cec3000 ---p 00000000 00:00 0 
7f500cec3000-7f500cfc5000 rw-p 00000000 00:00 0 
7f500cfc5000-7f500cfc6000 r--s 00000000 08:05 917749                     /home/pavlenko/.m2/repository/org/springframework/boot/spring-boot-starter-tomcat/1.4.0.RELEASE/spring-boot-starter-tomcat-1.4.0.RELEASE.jar
7f500cfc6000-7f500cfcd000 r--s 00044000 08:05 917743                     /home/pavlenko/.m2/repository/ch/qos/logback/logback-classic/1.1.7/logback-classic-1.1.7.jar
7f500cfcd000-7f500cfce000 r--s 00000000 08:05 917741                     /home/pavlenko/.m2/repository/org/springframework/boot/spring-boot-starter-logging/1.4.0.RELEASE/spring-boot-starter-logging-1.4.0.RELEASE.jar
7f500cfce000-7f500cfdd000 r--s 0008f000 08:05 917737                     /home/pavlenko/.m2/repository/org/springframework/boot/spring-boot/1.4.0.RELEASE/spring-boot-1.4.0.RELEASE.jar
7f500cfdd000-7f500cfde000 r--s 00000000 08:05 917735                     /home/pavlenko/.m2/repository/org/springframework/boot/spring-boot-starter/1.4.0.RELEASE/spring-boot-starter-1.4.0.RELEASE.jar
7f500cfde000-7f500cfdf000 r--s 00000000 08:05 917731                     /home/pavlenko/.m2/repository/org/springframework/boot/spring-boot-starter-web/1.4.0.RELEASE/spring-boot-starter-web-1.4.0.RELEASE.jar
7f500cfdf000-7f500cfe7000 rw-s 00000000 08:01 138238                     /tmp/hsperfdata_pavlenko/10241
7f500cfe7000-7f500cfe8000 rw-p 00000000 00:00 0 
7f500cfe8000-7f500cfe9000 ---p 00000000 00:00 0 
7f500cfe9000-7f500cfeb000 rw-p 00000000 00:00 0 
7f500cfeb000-7f500cfec000 r--p 00025000 08:01 2113287                    /lib/x86_64-linux-gnu/ld-2.23.so
7f500cfec000-7f500cfed000 rw-p 00026000 08:01 2113287                    /lib/x86_64-linux-gnu/ld-2.23.so
7f500cfed000-7f500cfee000 rw-p 00000000 00:00 0 
7ffe29b40000-7ffe29b65000 rw-p 00000000 00:00 0                          [stack]
7ffe29bd7000-7ffe29bd9000 r--p 00000000 00:00 0                          [vvar]
7ffe29bd9000-7ffe29bdb000 r-xp 00000000 00:00 0                          [vdso]
ffffffffff600000-ffffffffff601000 r-xp 00000000 00:00 0                  [vsyscall]

VM Arguments:
jvm_args: -agentlib:jdwp=transport=dt_socket,suspend=y,address=localhost:44528 -ea -Dfile.encoding=UTF-8 
java_command: org.eclipse.jdt.internal.junit.runner.RemoteTestRunner -version 3 -port 46525 -testLoaderClass org.eclipse.jdt.internal.junit4.runner.JUnit4TestLoader -loaderpluginname org.eclipse.jdt.junit4.runtime -classNames com.ntr1x.treasure.web.ResourcesTestSuite
java_class_path (initial): /home/pavlenko/workspace/treasure.web/target/test-classes:/home/pavlenko/workspace/treasure.web/target/classes:/home/pavlenko/.m2/repository/org/springframework/boot/spring-boot-starter-web/1.4.0.RELEASE/spring-boot-starter-web-1.4.0.RELEASE.jar:/home/pavlenko/.m2/repository/org/springframework/boot/spring-boot-starter/1.4.0.RELEASE/spring-boot-starter-1.4.0.RELEASE.jar:/home/pavlenko/.m2/repository/org/springframework/boot/spring-boot/1.4.0.RELEASE/spring-boot-1.4.0.RELEASE.jar:/home/pavlenko/.m2/repository/org/springframework/boot/spring-boot-autoconfigure/1.4.0.RELEASE/spring-boot-autoconfigure-1.4.0.RELEASE.jar:/home/pavlenko/.m2/repository/org/springframework/boot/spring-boot-starter-logging/1.4.0.RELEASE/spring-boot-starter-logging-1.4.0.RELEASE.jar:/home/pavlenko/.m2/repository/ch/qos/logback/logback-classic/1.1.7/logback-classic-1.1.7.jar:/home/pavlenko/.m2/repository/ch/qos/logback/logback-core/1.1.7/logback-core-1.1.7.jar:/home/pavlenko/.m2/repository/org/slf4j/jul-to-slf4j/1.7.21/jul-to-slf4j-1.7.21.jar:/home/pavlenko/.m2/repository/org/slf4j/log4j-over-slf4j/1.7.21/log4j-over-slf4j-1.7.21.jar:/home/pavlenko/.m2/repository/org/yaml/snakeyaml/1.17/snakeyaml-1.17.jar:/home/pavlenko/.m2/repository/org/springframework/boot/spring-boot-starter-tomcat/1.4.0.RELEASE/spring-boot-starter-tomcat-1.4.0.RELEASE.jar:/home/pavlenko/.m2/repository/org/apache/tomcat/embed/tomcat-embed-core/8.5.4/tomcat-embed-core-8.5.4.jar:/home/pavlenko/.m2/repository/org/apache/tomcat/embed/tomcat-embed-el/8.5.4/tomcat-embed-el-8.5.4.jar:/home/pavlenko/.m2/repository/org/apache/tomcat/embed/tomcat-embed-websocket/8.5.4/tomcat-embed-websocket-8.5.4.jar:/home/pavlenko/.m2/repository/org/hibernate/hibernate-validator/5.2.4.Final/hibernate-validator-5.2.4.Final.jar:/home/pavlenko/.m2/repository/org/jboss/logging/jboss-logging/3.3.0.Final/jboss-logging-3.3.0.Final.jar:/home/pavlenko/.m2/repository/com/fasterxml/classmate/1.3.1/classmate-1.3.1.jar:/home/pavlenko/
Launcher Type: SUN_STANDARD

Environment Variables:
PATH=/usr/local/sbin:/usr/local/bin:/usr/sbin:/usr/bin:/sbin:/bin:/usr/games:/usr/local/games:/snap/bin
SHELL=/bin/bash
DISPLAY=:0

Signal Handlers:
SIGSEGV: [libjvm.so+0xac4790], sa_mask[0]=11111111011111111101111111111110, sa_flags=SA_RESTART|SA_SIGINFO
SIGBUS: [libjvm.so+0xac4790], sa_mask[0]=11111111011111111101111111111110, sa_flags=SA_RESTART|SA_SIGINFO
SIGFPE: [libjvm.so+0x91f140], sa_mask[0]=11111111011111111101111111111110, sa_flags=SA_RESTART|SA_SIGINFO
SIGPIPE: [libjvm.so+0x91f140], sa_mask[0]=11111111011111111101111111111110, sa_flags=SA_RESTART|SA_SIGINFO
SIGXFSZ: [libjvm.so+0x91f140], sa_mask[0]=11111111011111111101111111111110, sa_flags=SA_RESTART|SA_SIGINFO
SIGILL: [libjvm.so+0x91f140], sa_mask[0]=11111111011111111101111111111110, sa_flags=SA_RESTART|SA_SIGINFO
SIGUSR1: SIG_DFL, sa_mask[0]=00000000000000000000000000000000, sa_flags=none
SIGUSR2: [libjvm.so+0x920770], sa_mask[0]=00100000000000000000000000000000, sa_flags=SA_RESTART|SA_SIGINFO
SIGHUP: [libjvm.so+0x921b70], sa_mask[0]=11111111011111111101111111111110, sa_flags=SA_RESTART|SA_SIGINFO
SIGINT: [libjvm.so+0x921b70], sa_mask[0]=11111111011111111101111111111110, sa_flags=SA_RESTART|SA_SIGINFO
SIGTERM: [libjvm.so+0x921b70], sa_mask[0]=11111111011111111101111111111110, sa_flags=SA_RESTART|SA_SIGINFO
SIGQUIT: [libjvm.so+0x921b70], sa_mask[0]=11111111011111111101111111111110, sa_flags=SA_RESTART|SA_SIGINFO


---------------  S Y S T E M  ---------------

OS:DISTRIB_ID=Ubuntu
DISTRIB_RELEASE=16.04
DISTRIB_CODENAME=xenial
DISTRIB_DESCRIPTION="Ubuntu 16.04.1 LTS"

uname:Linux 4.4.0-34-generic #53-Ubuntu SMP Wed Jul 27 16:06:39 UTC 2016 x86_64
libc:glibc 2.23 NPTL 2.23 
rlimit: STACK 8192k, CORE 0k, NPROC 31458, NOFILE 65536, AS infinity
load average:6,28 2,18 0,80

/proc/meminfo:
MemTotal:        8093744 kB
MemFree:          127872 kB
MemAvailable:      57608 kB
Buffers:            2640 kB
Cached:           542636 kB
SwapCached:            0 kB
Active:          7268468 kB
Inactive:         450976 kB
Active(anon):    7225172 kB
Inactive(anon):   404712 kB
Active(file):      43296 kB
Inactive(file):    46264 kB
Unevictable:         116 kB
Mlocked:             116 kB
SwapTotal:             0 kB
SwapFree:              0 kB
Dirty:               316 kB
Writeback:             0 kB
AnonPages:       7174844 kB
Mapped:           321752 kB
Shmem:            455272 kB
Slab:              90656 kB
SReclaimable:      41912 kB
SUnreclaim:        48744 kB
KernelStack:       17184 kB
PageTables:        62044 kB
NFS_Unstable:          0 kB
Bounce:                0 kB
WritebackTmp:          0 kB
CommitLimit:     4046872 kB
Committed_AS:   14273052 kB
VmallocTotal:   34359738367 kB
VmallocUsed:           0 kB
VmallocChunk:          0 kB
HardwareCorrupted:     0 kB
AnonHugePages:   3717120 kB
CmaTotal:              0 kB
CmaFree:               0 kB
HugePages_Total:       0
HugePages_Free:        0
HugePages_Rsvd:        0
HugePages_Surp:        0
Hugepagesize:       2048 kB
DirectMap4k:      197588 kB
DirectMap2M:     6012928 kB
DirectMap1G:     2097152 kB


CPU:total 8 (4 cores per cpu, 2 threads per core) family 6 model 60 stepping 3, cmov, cx8, fxsr, mmx, sse, sse2, sse3, ssse3, sse4.1, sse4.2, popcnt, avx, avx2, aes, clmul, erms, lzcnt, ht, tsc, tscinvbit, bmi1, bmi2

/proc/cpuinfo:
processor	: 0
vendor_id	: GenuineIntel
cpu family	: 6
model		: 60
model name	: Intel(R) Core(TM) i7-4700MQ CPU @ 2.40GHz
stepping	: 3
microcode	: 0x12
cpu MHz		: 3000.000
cache size	: 6144 KB
physical id	: 0
siblings	: 8
core id		: 0
cpu cores	: 4
apicid		: 0
initial apicid	: 0
fpu		: yes
fpu_exception	: yes
cpuid level	: 13
wp		: yes
flags		: fpu vme de pse tsc msr pae mce cx8 apic sep mtrr pge mca cmov pat pse36 clflush dts acpi mmx fxsr sse sse2 ss ht tm pbe syscall nx pdpe1gb rdtscp lm constant_tsc arch_perfmon pebs bts rep_good nopl xtopology nonstop_tsc aperfmperf eagerfpu pni pclmulqdq dtes64 monitor ds_cpl vmx est tm2 ssse3 sdbg fma cx16 xtpr pdcm pcid sse4_1 sse4_2 movbe popcnt tsc_deadline_timer aes xsave avx f16c rdrand lahf_lm abm epb tpr_shadow vnmi flexpriority ept vpid fsgsbase tsc_adjust bmi1 avx2 smep bmi2 erms invpcid xsaveopt dtherm ida arat pln pts
bugs		:
bogomips	: 4789.24
clflush size	: 64
cache_alignment	: 64
address sizes	: 39 bits physical, 48 bits virtual
power management:

processor	: 1
vendor_id	: GenuineIntel
cpu family	: 6
model		: 60
model name	: Intel(R) Core(TM) i7-4700MQ CPU @ 2.40GHz
stepping	: 3
microcode	: 0x12
cpu MHz		: 2999.906
cache size	: 6144 KB
physical id	: 0
siblings	: 8
core id		: 1
cpu cores	: 4
apicid		: 2
initial apicid	: 2
fpu		: yes
fpu_exception	: yes
cpuid level	: 13
wp		: yes
flags		: fpu vme de pse tsc msr pae mce cx8 apic sep mtrr pge mca cmov pat pse36 clflush dts acpi mmx fxsr sse sse2 ss ht tm pbe syscall nx pdpe1gb rdtscp lm constant_tsc arch_perfmon pebs bts rep_good nopl xtopology nonstop_tsc aperfmperf eagerfpu pni pclmulqdq dtes64 monitor ds_cpl vmx est tm2 ssse3 sdbg fma cx16 xtpr pdcm pcid sse4_1 sse4_2 movbe popcnt tsc_deadline_timer aes xsave avx f16c rdrand lahf_lm abm epb tpr_shadow vnmi flexpriority ept vpid fsgsbase tsc_adjust bmi1 avx2 smep bmi2 erms invpcid xsaveopt dtherm ida arat pln pts
bugs		:
bogomips	: 4789.24
clflush size	: 64
cache_alignment	: 64
address sizes	: 39 bits physical, 48 bits virtual
power management:

processor	: 2
vendor_id	: GenuineIntel
cpu family	: 6
model		: 60
model name	: Intel(R) Core(TM) i7-4700MQ CPU @ 2.40GHz
stepping	: 3
microcode	: 0x12
cpu MHz		: 3000.000
cache size	: 6144 KB
physical id	: 0
siblings	: 8
core id		: 2
cpu cores	: 4
apicid		: 4
initial apicid	: 4
fpu		: yes
fpu_exception	: yes
cpuid level	: 13
wp		: yes
flags		: fpu vme de pse tsc msr pae mce cx8 apic sep mtrr pge mca cmov pat pse36 clflush dts acpi mmx fxsr sse sse2 ss ht tm pbe syscall nx pdpe1gb rdtscp lm constant_tsc arch_perfmon pebs bts rep_good nopl xtopology nonstop_tsc aperfmperf eagerfpu pni pclmulqdq dtes64 monitor ds_cpl vmx est tm2 ssse3 sdbg fma cx16 xtpr pdcm pcid sse4_1 sse4_2 movbe popcnt tsc_deadline_timer aes xsave avx f16c rdrand lahf_lm abm epb tpr_shadow vnmi flexpriority ept vpid fsgsbase tsc_adjust bmi1 avx2 smep bmi2 erms invpcid xsaveopt dtherm ida arat pln pts
bugs		:
bogomips	: 4789.24
clflush size	: 64
cache_alignment	: 64
address sizes	: 39 bits physical, 48 bits virtual
power management:

processor	: 3
vendor_id	: GenuineIntel
cpu family	: 6
model		: 60
model name	: Intel(R) Core(TM) i7-4700MQ CPU @ 2.40GHz
stepping	: 3
microcode	: 0x12
cpu MHz		: 3000.000
cache size	: 6144 KB
physical id	: 0
siblings	: 8
core id		: 3
cpu cores	: 4
apicid		: 6
initial apicid	: 6
fpu		: yes
fpu_exception	: yes
cpuid level	: 13
wp		: yes
flags		: fpu vme de pse tsc msr pae mce cx8 apic sep mtrr pge mca cmov pat pse36 clflush dts acpi mmx fxsr sse sse2 ss ht tm pbe syscall nx pdpe1gb rdtscp lm constant_tsc arch_perfmon pebs bts rep_good nopl xtopology nonstop_tsc aperfmperf eagerfpu pni pclmulqdq dtes64 monitor ds_cpl vmx est tm2 ssse3 sdbg fma cx16 xtpr pdcm pcid sse4_1 sse4_2 movbe popcnt tsc_deadline_timer aes xsave avx f16c rdrand lahf_lm abm epb tpr_shadow vnmi flexpriority ept vpid fsgsbase tsc_adjust bmi1 avx2 smep bmi2 erms invpcid xsaveopt dtherm ida arat pln pts
bugs		:
bogomips	: 4789.24
clflush size	: 64
cache_alignment	: 64
address sizes	: 39 bits physical, 48 bits virtual
power management:

processor	: 4
vendor_id	: GenuineIntel
cpu family	: 6
model		: 60
model name	: Intel(R) Core(TM) i7-4700MQ CPU @ 2.40GHz
stepping	: 3
microcode	: 0x12
cpu MHz		: 3000.000
cache size	: 6144 KB
physical id	: 0
siblings	: 8
core id		: 0
cpu cores	: 4
apicid		: 1
initial apicid	: 1
fpu		: yes
fpu_exception	: yes
cpuid level	: 13
wp		: yes
flags		: fpu vme de pse tsc msr pae mce cx8 apic sep mtrr pge mca cmov pat pse36 clflush dts acpi mmx fxsr sse sse2 ss ht tm pbe syscall nx pdpe1gb rdtscp lm constant_tsc arch_perfmon pebs bts rep_good nopl xtopology nonstop_tsc aperfmperf eagerfpu pni pclmulqdq dtes64 monitor ds_cpl vmx est tm2 ssse3 sdbg fma cx16 xtpr pdcm pcid sse4_1 sse4_2 movbe popcnt tsc_deadline_timer aes xsave avx f16c rdrand lahf_lm abm epb tpr_shadow vnmi flexpriority ept vpid fsgsbase tsc_adjust bmi1 avx2 smep bmi2 erms invpcid xsaveopt dtherm ida arat pln pts
bugs		:
bogomips	: 4789.24
clflush size	: 64
cache_alignment	: 64
address sizes	: 39 bits physical, 48 bits virtual
power management:

processor	: 5
vendor_id	: GenuineIntel
cpu family	: 6
model		: 60
model name	: Intel(R) Core(TM) i7-4700MQ CPU @ 2.40GHz
stepping	: 3
microcode	: 0x12
cpu MHz		: 2999.906
cache size	: 6144 KB
physical id	: 0
siblings	: 8
core id		: 1
cpu cores	: 4
apicid		: 3
initial apicid	: 3
fpu		: yes
fpu_exception	: yes
cpuid level	: 13
wp		: yes
flags		: fpu vme de pse tsc msr pae mce cx8 apic sep mtrr pge mca cmov pat pse36 clflush dts acpi mmx fxsr sse sse2 ss ht tm pbe syscall nx pdpe1gb rdtscp lm constant_tsc arch_perfmon pebs bts rep_good nopl xtopology nonstop_tsc aperfmperf eagerfpu pni pclmulqdq dtes64 monitor ds_cpl vmx est tm2 ssse3 sdbg fma cx16 xtpr pdcm pcid sse4_1 sse4_2 movbe popcnt tsc_deadline_timer aes xsave avx f16c rdrand lahf_lm abm epb tpr_shadow vnmi flexpriority ept vpid fsgsbase tsc_adjust bmi1 avx2 smep bmi2 erms invpcid xsaveopt dtherm ida arat pln pts
bugs		:
bogomips	: 4789.24
clflush size	: 64
cache_alignment	: 64
address sizes	: 39 bits physical, 48 bits virtual
power management:

processor	: 6
vendor_id	: GenuineIntel
cpu family	: 6
model		: 60
model name	: Intel(R) Core(TM) i7-4700MQ CPU @ 2.40GHz
stepping	: 3
microcode	: 0x12
cpu MHz		: 3000.000
cache size	: 6144 KB
physical id	: 0
siblings	: 8
core id		: 2
cpu cores	: 4
apicid		: 5
initial apicid	: 5
fpu		: yes
fpu_exception	: yes
cpuid level	: 13
wp		: yes
flags		: fpu vme de pse tsc msr pae mce cx8 apic sep mtrr pge mca cmov pat pse36 clflush dts acpi mmx fxsr sse sse2 ss ht tm pbe syscall nx pdpe1gb rdtscp lm constant_tsc arch_perfmon pebs bts rep_good nopl xtopology nonstop_tsc aperfmperf eagerfpu pni pclmulqdq dtes64 monitor ds_cpl vmx est tm2 ssse3 sdbg fma cx16 xtpr pdcm pcid sse4_1 sse4_2 movbe popcnt tsc_deadline_timer aes xsave avx f16c rdrand lahf_lm abm epb tpr_shadow vnmi flexpriority ept vpid fsgsbase tsc_adjust bmi1 avx2 smep bmi2 erms invpcid xsaveopt dtherm ida arat pln pts
bugs		:
bogomips	: 4789.24
clflush size	: 64
cache_alignment	: 64
address sizes	: 39 bits physical, 48 bits virtual
power management:

processor	: 7
vendor_id	: GenuineIntel
cpu family	: 6
model		: 60
model name	: Intel(R) Core(TM) i7-4700MQ CPU @ 2.40GHz
stepping	: 3
microcode	: 0x12
cpu MHz		: 3000.000
cache size	: 6144 KB
physical id	: 0
siblings	: 8
core id		: 3
cpu cores	: 4
apicid		: 7
initial apicid	: 7
fpu		: yes
fpu_exception	: yes
cpuid level	: 13
wp		: yes
flags		: fpu vme de pse tsc msr pae mce cx8 apic sep mtrr pge mca cmov pat pse36 clflush dts acpi mmx fxsr sse sse2 ss ht tm pbe syscall nx pdpe1gb rdtscp lm constant_tsc arch_perfmon pebs bts rep_good nopl xtopology nonstop_tsc aperfmperf eagerfpu pni pclmulqdq dtes64 monitor ds_cpl vmx est tm2 ssse3 sdbg fma cx16 xtpr pdcm pcid sse4_1 sse4_2 movbe popcnt tsc_deadline_timer aes xsave avx f16c rdrand lahf_lm abm epb tpr_shadow vnmi flexpriority ept vpid fsgsbase tsc_adjust bmi1 avx2 smep bmi2 erms invpcid xsaveopt dtherm ida arat pln pts
bugs		:
bogomips	: 4789.24
clflush size	: 64
cache_alignment	: 64
address sizes	: 39 bits physical, 48 bits virtual
power management:



Memory: 4k page, physical 8093744k(127872k free), swap 0k(0k free)

vm_info: Java HotSpot(TM) 64-Bit Server VM (25.101-b13) for linux-amd64 JRE (1.8.0_101-b13), built on Jun 22 2016 02:59:44 by "java_re" with gcc 4.3.0 20080428 (Red Hat 4.3.0-8)

time: Wed Aug 24 21:02:27 2016
elapsed time: 63 seconds (0d 0h 1m 3s)

