#
# There is insufficient memory for the Java Runtime Environment to continue.
# Native memory allocation (mmap) failed to map 132120576 bytes for committing reserved memory.
# Possible reasons:
#   The system is out of physical RAM or swap space
#   In 32 bit mode, the process size limit was hit
# Possible solutions:
#   Reduce memory load on the system
#   Increase physical memory or swap space
#   Check if swap backing store is full
#   Use 64 bit Java on a 64 bit OS
#   Decrease Java heap size (-Xmx/-Xms)
#   Decrease number of Java threads
#   Decrease Java thread stack sizes (-Xss)
#   Set larger code cache with -XX:ReservedCodeCacheSize=
# This output file may be truncated or incomplete.
#
#  Out of Memory Error (os_linux.cpp:2627), pid=16218, tid=0x00007fb9b0fbc700
#
# JRE version: Java(TM) SE Runtime Environment (8.0_101-b13) (build 1.8.0_101-b13)
# Java VM: Java HotSpot(TM) 64-Bit Server VM (25.101-b13 mixed mode linux-amd64 compressed oops)
# Failed to write core dump. Core dumps have been disabled. To enable core dumping, try "ulimit -c unlimited" before starting Java again
#

---------------  T H R E A D  ---------------

Current thread (0x00007fb9c41cf800):  VMThread [stack: 0x00007fb9b0ebc000,0x00007fb9b0fbd000] [id=16233]

Stack: [0x00007fb9b0ebc000,0x00007fb9b0fbd000],  sp=0x00007fb9b0fbb2a0,  free space=1020k
Native frames: (J=compiled Java code, j=interpreted, Vv=VM code, C=native code)
V  [libjvm.so+0xac3f0a]  VMError::report_and_die()+0x2ba
V  [libjvm.so+0x4fbf9b]  report_vm_out_of_memory(char const*, int, unsigned long, VMErrorType, char const*)+0x8b
V  [libjvm.so+0x9222d3]  os::Linux::commit_memory_impl(char*, unsigned long, bool)+0x103
V  [libjvm.so+0x922829]  os::pd_commit_memory(char*, unsigned long, unsigned long, bool)+0x29
V  [libjvm.so+0x91cb2a]  os::commit_memory(char*, unsigned long, unsigned long, bool)+0x2a
V  [libjvm.so+0x991053]  PSVirtualSpace::expand_by(unsigned long)+0x53
V  [libjvm.so+0x981920]  PSOldGen::expand(unsigned long)+0x170
V  [libjvm.so+0x981b2b]  PSOldGen::resize(unsigned long)+0x1cb
V  [libjvm.so+0x989821]  PSParallelCompact::invoke_no_policy(bool)+0x991
V  [libjvm.so+0x98f17d]  PSScavenge::invoke()+0x1ad
V  [libjvm.so+0x945fc0]  ParallelScavengeHeap::failed_mem_allocate(unsigned long)+0x70
V  [libjvm.so+0xac5927]  VM_ParallelGCFailedAllocation::doit()+0x97
V  [libjvm.so+0xacd405]  VM_Operation::evaluate()+0x55
V  [libjvm.so+0xacb7da]  VMThread::evaluate_operation(VM_Operation*)+0xba
V  [libjvm.so+0xacbb5e]  VMThread::loop()+0x1ce
V  [libjvm.so+0xacbfd0]  VMThread::run()+0x70
V  [libjvm.so+0x924698]  java_start(Thread*)+0x108

VM_Operation (0x00007fb92b9fb450): ParallelGCFailedAllocation, mode: safepoint, requested by thread 0x00007fb92c005000


---------------  P R O C E S S  ---------------

Java Threads: ( => current thread )
  0x00007fb92c005000 JavaThread "http-nio-8080-exec-3" daemon [_thread_blocked, id=16278, stack(0x00007fb92b8ff000,0x00007fb92ba00000)]
  0x00007fb92c004800 JavaThread "http-nio-8080-exec-2" daemon [_thread_blocked, id=16274, stack(0x00007fb9933dc000,0x00007fb9934dd000)]
  0x00007fb92c001800 JavaThread "http-nio-8080-exec-1" daemon [_thread_blocked, id=16273, stack(0x00007fb992086000,0x00007fb992187000)]
  0x00007fb9c4012000 JavaThread "DestroyJavaVM" [_thread_blocked, id=16224, stack(0x00007fb9cb473000,0x00007fb9cb574000)]
  0x00007fb9c6ad3000 JavaThread "http-nio-8080-AsyncTimeout" daemon [_thread_blocked, id=16269, stack(0x00007fb9902bf000,0x00007fb9903c0000)]
  0x00007fb9c6ad2000 JavaThread "http-nio-8080-Acceptor-0" daemon [_thread_in_native, id=16268, stack(0x00007fb9903c0000,0x00007fb9904c1000)]
  0x00007fb9c6acf000 JavaThread "http-nio-8080-ClientPoller-1" daemon [_thread_blocked, id=16267, stack(0x00007fb9904c1000,0x00007fb9905c2000)]
  0x00007fb9c6a9b000 JavaThread "http-nio-8080-ClientPoller-0" daemon [_thread_blocked, id=16266, stack(0x00007fb9905c2000,0x00007fb9906c3000)]
  0x00007fb9c6a99000 JavaThread "NioBlockingSelector.BlockPoller-1" daemon [_thread_blocked, id=16265, stack(0x00007fb9906c3000,0x00007fb9907c4000)]
  0x00007fb9c5e0f000 JavaThread "Abandoned connection cleanup thread" daemon [_thread_blocked, id=16262, stack(0x00007fb9915c4000,0x00007fb9916c5000)]
  0x00007fb9c5dde000 JavaThread "Tomcat JDBC Pool Cleaner[414493378:1472309205470]" daemon [_thread_blocked, id=16261, stack(0x00007fb9916c5000,0x00007fb9917c6000)]
  0x00007fb9c5dba000 JavaThread "container-0" [_thread_blocked, id=16260, stack(0x00007fb9917c6000,0x00007fb9918c7000)]
  0x00007fb95018b800 JavaThread "ContainerBackgroundProcessor[StandardEngine[Tomcat].StandardHost[localhost].StandardContext[]]" daemon [_thread_blocked, id=16259, stack(0x00007fb9918c7000,0x00007fb9919c8000)]
  0x00007fb9c4736000 JavaThread "Service Thread" daemon [_thread_blocked, id=16250, stack(0x00007fb993eff000,0x00007fb994000000)]
  0x00007fb9c4733000 JavaThread "C1 CompilerThread3" daemon [_thread_blocked, id=16249, stack(0x00007fb9a002e000,0x00007fb9a012f000)]
  0x00007fb9c4731000 JavaThread "C2 CompilerThread2" daemon [_thread_blocked, id=16248, stack(0x00007fb9a012f000,0x00007fb9a0230000)]
  0x00007fb9c472f000 JavaThread "C2 CompilerThread1" daemon [_thread_blocked, id=16247, stack(0x00007fb9b00fd000,0x00007fb9b01fe000)]
  0x00007fb9c472d000 JavaThread "C2 CompilerThread0" daemon [_thread_blocked, id=16246, stack(0x00007fb9b01fe000,0x00007fb9b02ff000)]
  0x00007fb978001000 JavaThread "JDWP Command Reader" daemon [_thread_in_native, id=16243, stack(0x00007fb9b06b2000,0x00007fb9b07b3000)]
  0x00007fb9c4220800 JavaThread "JDWP Event Helper Thread" daemon [_thread_blocked, id=16242, stack(0x00007fb9b07b3000,0x00007fb9b08b4000)]
  0x00007fb9c421d000 JavaThread "JDWP Transport Listener: dt_socket" daemon [_thread_blocked, id=16239, stack(0x00007fb9b08b4000,0x00007fb9b09b5000)]
  0x00007fb9c420d800 JavaThread "Signal Dispatcher" daemon [_thread_blocked, id=16237, stack(0x00007fb9b0bb9000,0x00007fb9b0cba000)]
  0x00007fb9c41db800 JavaThread "Finalizer" daemon [_thread_blocked, id=16235, stack(0x00007fb9b0cba000,0x00007fb9b0dbb000)]
  0x00007fb9c41d7000 JavaThread "Reference Handler" daemon [_thread_blocked, id=16234, stack(0x00007fb9b0dbb000,0x00007fb9b0ebc000)]

Other Threads:
=>0x00007fb9c41cf800 VMThread [stack: 0x00007fb9b0ebc000,0x00007fb9b0fbd000] [id=16233]
  0x00007fb9c473b800 WatcherThread [stack: 0x00007fb993dfe000,0x00007fb993eff000] [id=16251]

VM state:at safepoint (normal execution)

VM Mutex/Monitor currently owned by a thread:  ([mutex/lock_event])
[0x00007fb9c4008320] ExpandHeap_lock - owner thread: 0x00007fb9c41cf800
[0x00007fb9c400ea80] Threads_lock - owner thread: 0x00007fb9c41cf800
[0x00007fb9c400ef80] Heap_lock - owner thread: 0x00007fb92c005000

Heap:
 PSYoungGen      total 624640K, used 14305K [0x00000000d6d00000, 0x0000000100000000, 0x0000000100000000)
  eden space 591872K, 0% used [0x00000000d6d00000,0x00000000d6d00000,0x00000000faf00000)
  from space 32768K, 43% used [0x00000000faf00000,0x00000000fbcf8400,0x00000000fcf00000)
  to   space 44544K, 0% used [0x00000000fd480000,0x00000000fd480000,0x0000000100000000)
 ParOldGen       total 121856K, used 121374K [0x0000000084600000, 0x000000008bd00000, 0x00000000d6d00000)
  object space 121856K, 99% used [0x0000000084600000,0x000000008bc87be8,0x000000008bd00000)
 Metaspace       used 62379K, capacity 62896K, committed 63232K, reserved 1103872K
  class space    used 7784K, capacity 7924K, committed 7936K, reserved 1048576K

Card table byte_map: [0x00007fb9b4229000,0x00007fb9b4607000] byte_map_base: 0x00007fb9b3e06000

Marking Bits: (ParMarkBitMap*) 0x00007fb9ca950120
 Begin Bits: [0x00007fb9a0230000, 0x00007fb9a2118000)
 End Bits:   [0x00007fb9a2118000, 0x00007fb9a4000000)

Polling page: 0x00007fb9cb59b000

CodeCache: size=245760Kb used=19865Kb max_used=19939Kb free=225894Kb
 bounds [0x00007fb9b49c7000, 0x00007fb9b5d77000, 0x00007fb9c39c7000]
 total_blobs=5802 nmethods=5274 adapters=448
 compilation: enabled

Compilation events (10 events):
Event: 118,735 Thread 0x00007fb9c4733000 nmethod 6349 0x00007fb9b5cc5010 code [0x00007fb9b5cc51c0, 0x00007fb9b5cc57d8]
Event: 119,212 Thread 0x00007fb9c4731000 6350       4       com.ntr1x.treasure.web.filtering.AbstractObjectProvider::immutableSetOf (22 bytes)
Event: 119,220 Thread 0x00007fb9c472f000 6351       4       jersey.repackaged.com.google.common.collect.Maps$TransformedEntriesMap::createEntrySet (9 bytes)
Event: 119,225 Thread 0x00007fb9c472f000 nmethod 6351 0x00007fb9b5cc4d10 code [0x00007fb9b5cc4e60, 0x00007fb9b5cc4f38]
Event: 119,412 Thread 0x00007fb9c4731000 nmethod 6350 0x00007fb9b5d05710 code [0x00007fb9b5d059c0, 0x00007fb9b5d07890]
Event: 119,453 Thread 0x00007fb9c472f000 6352       4       jersey.repackaged.com.google.common.collect.Maps$TransformedEntriesMap$1::iterator (31 bytes)
Event: 119,469 Thread 0x00007fb9c472f000 nmethod 6352 0x00007fb9b5cee690 code [0x00007fb9b5cee840, 0x00007fb9b5cef018]
Event: 119,626 Thread 0x00007fb9c472d000 nmethod 6347 0x00007fb9b5d4a6d0 code [0x00007fb9b5d4b060, 0x00007fb9b5d5ad88]
Event: 120,734 Thread 0x00007fb9c4731000 6353 % !   4       org.apache.commons.lang3.reflect.FieldUtils::getField @ 33 (166 bytes)
Event: 120,737 Thread 0x00007fb9c4731000 nmethod 6353% 0x00007fb9b5cc45d0 code [0x00007fb9b5cc4760, 0x00007fb9b5cc4a28]

GC Heap History (10 events):
Event: 118,268 GC heap after
Heap after GC invocations=14 (full 3):
 PSYoungGen      total 343552K, used 18615K [0x00000000d6d00000, 0x00000000f4480000, 0x0000000100000000)
  eden space 323072K, 0% used [0x00000000d6d00000,0x00000000d6d00000,0x00000000ea880000)
  from space 20480K, 90% used [0x00000000ea880000,0x00000000ebaadf40,0x00000000ebc80000)
  to   space 22528K, 0% used [0x00000000f2e80000,0x00000000f2e80000,0x00000000f4480000)
 ParOldGen       total 121856K, used 27856K [0x0000000084600000, 0x000000008bd00000, 0x00000000d6d00000)
  object space 121856K, 22% used [0x0000000084600000,0x0000000086134390,0x000000008bd00000)
 Metaspace       used 62384K, capacity 62920K, committed 63232K, reserved 1103872K
  class space    used 7786K, capacity 7932K, committed 7936K, reserved 1048576K
}
Event: 119,293 GC heap before
{Heap before GC invocations=15 (full 3):
 PSYoungGen      total 343552K, used 341687K [0x00000000d6d00000, 0x00000000f4480000, 0x0000000100000000)
  eden space 323072K, 100% used [0x00000000d6d00000,0x00000000ea880000,0x00000000ea880000)
  from space 20480K, 90% used [0x00000000ea880000,0x00000000ebaadf40,0x00000000ebc80000)
  to   space 22528K, 0% used [0x00000000f2e80000,0x00000000f2e80000,0x00000000f4480000)
 ParOldGen       total 121856K, used 27856K [0x0000000084600000, 0x000000008bd00000, 0x00000000d6d00000)
  object space 121856K, 22% used [0x0000000084600000,0x0000000086134390,0x000000008bd00000)
 Metaspace       used 62384K, capacity 62920K, committed 63232K, reserved 1103872K
  class space    used 7786K, capacity 7932K, committed 7936K, reserved 1048576K
Event: 119,406 GC heap after
Heap after GC invocations=15 (full 3):
 PSYoungGen      total 454144K, used 22528K [0x00000000d6d00000, 0x00000000f6180000, 0x0000000100000000)
  eden space 431616K, 0% used [0x00000000d6d00000,0x00000000d6d00000,0x00000000f1280000)
  from space 22528K, 100% used [0x00000000f2e80000,0x00000000f4480000,0x00000000f4480000)
  to   space 28672K, 0% used [0x00000000f1280000,0x00000000f1280000,0x00000000f2e80000)
 ParOldGen       total 121856K, used 36680K [0x0000000084600000, 0x000000008bd00000, 0x00000000d6d00000)
  object space 121856K, 30% used [0x0000000084600000,0x00000000869d2390,0x000000008bd00000)
 Metaspace       used 62384K, capacity 62920K, committed 63232K, reserved 1103872K
  class space    used 7786K, capacity 7932K, committed 7936K, reserved 1048576K
}
Event: 120,503 GC heap before
{Heap before GC invocations=16 (full 3):
 PSYoungGen      total 454144K, used 454144K [0x00000000d6d00000, 0x00000000f6180000, 0x0000000100000000)
  eden space 431616K, 100% used [0x00000000d6d00000,0x00000000f1280000,0x00000000f1280000)
  from space 22528K, 100% used [0x00000000f2e80000,0x00000000f4480000,0x00000000f4480000)
  to   space 28672K, 0% used [0x00000000f1280000,0x00000000f1280000,0x00000000f2e80000)
 ParOldGen       total 121856K, used 36680K [0x0000000084600000, 0x000000008bd00000, 0x00000000d6d00000)
  object space 121856K, 30% used [0x0000000084600000,0x00000000869d2390,0x000000008bd00000)
 Metaspace       used 62384K, capacity 62920K, committed 63232K, reserved 1103872K
  class space    used 7786K, capacity 7932K, committed 7936K, reserved 1048576K
Event: 120,584 GC heap after
Heap after GC invocations=16 (full 3):
 PSYoungGen      total 460288K, used 28640K [0x00000000d6d00000, 0x0000000100000000, 0x0000000100000000)
  eden space 431616K, 0% used [0x00000000d6d00000,0x00000000d6d00000,0x00000000f1280000)
  from space 28672K, 99% used [0x00000000f1280000,0x00000000f2e78020,0x00000000f2e80000)
  to   space 38912K, 0% used [0x00000000fda00000,0x00000000fda00000,0x0000000100000000)
 ParOldGen       total 121856K, used 53592K [0x0000000084600000, 0x000000008bd00000, 0x00000000d6d00000)
  object space 121856K, 43% used [0x0000000084600000,0x0000000087a56390,0x000000008bd00000)
 Metaspace       used 62384K, capacity 62920K, committed 63232K, reserved 1103872K
  class space    used 7786K, capacity 7932K, committed 7936K, reserved 1048576K
}
Event: 121,596 GC heap before
{Heap before GC invocations=17 (full 3):
 PSYoungGen      total 460288K, used 460256K [0x00000000d6d00000, 0x0000000100000000, 0x0000000100000000)
  eden space 431616K, 100% used [0x00000000d6d00000,0x00000000f1280000,0x00000000f1280000)
  from space 28672K, 99% used [0x00000000f1280000,0x00000000f2e78020,0x00000000f2e80000)
  to   space 38912K, 0% used [0x00000000fda00000,0x00000000fda00000,0x0000000100000000)
 ParOldGen       total 121856K, used 53592K [0x0000000084600000, 0x000000008bd00000, 0x00000000d6d00000)
  object space 121856K, 43% used [0x0000000084600000,0x0000000087a56390,0x000000008bd00000)
 Metaspace       used 62384K, capacity 62920K, committed 63232K, reserved 1103872K
  class space    used 7786K, capacity 7932K, committed 7936K, reserved 1048576K
Event: 121,654 GC heap after
Heap after GC invocations=17 (full 3):
 PSYoungGen      total 630784K, used 30560K [0x00000000d6d00000, 0x0000000100000000, 0x0000000100000000)
  eden space 591872K, 0% used [0x00000000d6d00000,0x00000000d6d00000,0x00000000faf00000)
  from space 38912K, 78% used [0x00000000fda00000,0x00000000ff7d8000,0x0000000100000000)
  to   space 41472K, 0% used [0x00000000faf00000,0x00000000faf00000,0x00000000fd780000)
 ParOldGen       total 121856K, used 75085K [0x0000000084600000, 0x000000008bd00000, 0x00000000d6d00000)
  object space 121856K, 61% used [0x0000000084600000,0x0000000088f53440,0x000000008bd00000)
 Metaspace       used 62384K, capacity 62920K, committed 63232K, reserved 1103872K
  class space    used 7786K, capacity 7932K, committed 7936K, reserved 1048576K
}
Event: 123,186 GC heap before
{Heap before GC invocations=18 (full 3):
 PSYoungGen      total 630784K, used 622432K [0x00000000d6d00000, 0x0000000100000000, 0x0000000100000000)
  eden space 591872K, 100% used [0x00000000d6d00000,0x00000000faf00000,0x00000000faf00000)
  from space 38912K, 78% used [0x00000000fda00000,0x00000000ff7d8000,0x0000000100000000)
  to   space 41472K, 0% used [0x00000000faf00000,0x00000000faf00000,0x00000000fd780000)
 ParOldGen       total 121856K, used 75085K [0x0000000084600000, 0x000000008bd00000, 0x00000000d6d00000)
  object space 121856K, 61% used [0x0000000084600000,0x0000000088f53440,0x000000008bd00000)
 Metaspace       used 62384K, capacity 62920K, committed 63232K, reserved 1103872K
  class space    used 7786K, capacity 7932K, committed 7936K, reserved 1048576K
Event: 124,587 GC heap after
Heap after GC invocations=18 (full 3):
 PSYoungGen      total 624640K, used 32320K [0x00000000d6d00000, 0x0000000100000000, 0x0000000100000000)
  eden space 591872K, 0% used [0x00000000d6d00000,0x00000000d6d00000,0x00000000faf00000)
  from space 32768K, 98% used [0x00000000faf00000,0x00000000fce90000,0x00000000fcf00000)
  to   space 44544K, 0% used [0x00000000fd480000,0x00000000fd480000,0x0000000100000000)
 ParOldGen       total 121856K, used 105581K [0x0000000084600000, 0x000000008bd00000, 0x00000000d6d00000)
  object space 121856K, 86% used [0x0000000084600000,0x000000008ad1b440,0x000000008bd00000)
 Metaspace       used 62384K, capacity 62920K, committed 63232K, reserved 1103872K
  class space    used 7786K, capacity 7932K, committed 7936K, reserved 1048576K
}
Event: 129,821 GC heap before
{Heap before GC invocations=19 (full 4):
 PSYoungGen      total 624640K, used 32320K [0x00000000d6d00000, 0x0000000100000000, 0x0000000100000000)
  eden space 591872K, 0% used [0x00000000d6d00000,0x00000000d6d00000,0x00000000faf00000)
  from space 32768K, 98% used [0x00000000faf00000,0x00000000fce90000,0x00000000fcf00000)
  to   space 44544K, 0% used [0x00000000fd480000,0x00000000fd480000,0x0000000100000000)
 ParOldGen       total 121856K, used 105581K [0x0000000084600000, 0x000000008bd00000, 0x00000000d6d00000)
  object space 121856K, 86% used [0x0000000084600000,0x000000008ad1b440,0x000000008bd00000)
 Metaspace       used 62384K, capacity 62920K, committed 63232K, reserved 1103872K
  class space    used 7786K, capacity 7932K, committed 7936K, reserved 1048576K

Deoptimization events (10 events):
Event: 123,184 Thread 0x00007fb92c005000 Uncommon trap: reason=unhandled action=none pc=0x00007fb9b5cdc7e4 method=java.lang.Class.getDeclaredField(Ljava/lang/String;)Ljava/lang/reflect/Field; @ 31
Event: 123,184 Thread 0x00007fb92c005000 Uncommon trap: reason=unhandled action=none pc=0x00007fb9b5cdc7e4 method=java.lang.Class.getDeclaredField(Ljava/lang/String;)Ljava/lang/reflect/Field; @ 31
Event: 123,184 Thread 0x00007fb92c005000 Uncommon trap: reason=unhandled action=none pc=0x00007fb9b5cdc7e4 method=java.lang.Class.getDeclaredField(Ljava/lang/String;)Ljava/lang/reflect/Field; @ 31
Event: 123,184 Thread 0x00007fb92c005000 Uncommon trap: reason=unhandled action=none pc=0x00007fb9b5cdc7e4 method=java.lang.Class.getDeclaredField(Ljava/lang/String;)Ljava/lang/reflect/Field; @ 31
Event: 123,184 Thread 0x00007fb92c005000 Uncommon trap: reason=unhandled action=none pc=0x00007fb9b5cdc7e4 method=java.lang.Class.getDeclaredField(Ljava/lang/String;)Ljava/lang/reflect/Field; @ 31
Event: 123,184 Thread 0x00007fb92c005000 Uncommon trap: reason=unhandled action=none pc=0x00007fb9b5cdc7e4 method=java.lang.Class.getDeclaredField(Ljava/lang/String;)Ljava/lang/reflect/Field; @ 31
Event: 123,184 Thread 0x00007fb92c005000 Uncommon trap: reason=unhandled action=none pc=0x00007fb9b5cdc7e4 method=java.lang.Class.getDeclaredField(Ljava/lang/String;)Ljava/lang/reflect/Field; @ 31
Event: 123,184 Thread 0x00007fb92c005000 Uncommon trap: reason=unhandled action=none pc=0x00007fb9b5cdc7e4 method=java.lang.Class.getDeclaredField(Ljava/lang/String;)Ljava/lang/reflect/Field; @ 31
Event: 123,184 Thread 0x00007fb92c005000 Uncommon trap: reason=unhandled action=none pc=0x00007fb9b5cdc7e4 method=java.lang.Class.getDeclaredField(Ljava/lang/String;)Ljava/lang/reflect/Field; @ 31
Event: 123,184 Thread 0x00007fb92c005000 Uncommon trap: reason=unhandled action=none pc=0x00007fb9b5cdc7e4 method=java.lang.Class.getDeclaredField(Ljava/lang/String;)Ljava/lang/reflect/Field; @ 31

Internal exceptions (10 events):
Event: 24,141 Thread 0x00007fb92c005000 Exception <a 'java/lang/ArrayIndexOutOfBoundsException': 56> (0x00000000d9c32a90) thrown at [/HUDSON3/workspace/8-2-build-linux-amd64/jdk8u101/7261/hotspot/src/share/vm/interpreter/interpreterRuntime.cpp, line 366]
Event: 24,163 Thread 0x00007fb92c005000 Exception <a 'java/lang/ArrayIndexOutOfBoundsException': 54> (0x00000000d9d2ac10) thrown at [/HUDSON3/workspace/8-2-build-linux-amd64/jdk8u101/7261/hotspot/src/share/vm/interpreter/interpreterRuntime.cpp, line 366]
Event: 24,163 Thread 0x00007fb92c005000 Exception <a 'java/lang/ArrayIndexOutOfBoundsException': 58> (0x00000000d9d2c058) thrown at [/HUDSON3/workspace/8-2-build-linux-amd64/jdk8u101/7261/hotspot/src/share/vm/interpreter/interpreterRuntime.cpp, line 366]
Event: 24,163 Thread 0x00007fb92c005000 Exception <a 'java/lang/ArrayIndexOutOfBoundsException': 55> (0x00000000d9d2d1f8) thrown at [/HUDSON3/workspace/8-2-build-linux-amd64/jdk8u101/7261/hotspot/src/share/vm/interpreter/interpreterRuntime.cpp, line 366]
Event: 24,163 Thread 0x00007fb92c005000 Exception <a 'java/lang/ArrayIndexOutOfBoundsException': 61> (0x00000000d9d2e3c0) thrown at [/HUDSON3/workspace/8-2-build-linux-amd64/jdk8u101/7261/hotspot/src/share/vm/interpreter/interpreterRuntime.cpp, line 366]
Event: 24,163 Thread 0x00007fb92c005000 Exception <a 'java/lang/ArrayIndexOutOfBoundsException': 67> (0x00000000d9d2f670) thrown at [/HUDSON3/workspace/8-2-build-linux-amd64/jdk8u101/7261/hotspot/src/share/vm/interpreter/interpreterRuntime.cpp, line 366]
Event: 24,163 Thread 0x00007fb92c005000 Exception <a 'java/lang/ArrayIndexOutOfBoundsException': 59> (0x00000000d9d30858) thrown at [/HUDSON3/workspace/8-2-build-linux-amd64/jdk8u101/7261/hotspot/src/share/vm/interpreter/interpreterRuntime.cpp, line 366]
Event: 24,163 Thread 0x00007fb92c005000 Exception <a 'java/lang/ArrayIndexOutOfBoundsException': 55> (0x00000000d9d31a70) thrown at [/HUDSON3/workspace/8-2-build-linux-amd64/jdk8u101/7261/hotspot/src/share/vm/interpreter/interpreterRuntime.cpp, line 366]
Event: 24,164 Thread 0x00007fb92c005000 Exception <a 'java/lang/ArrayIndexOutOfBoundsException': 58> (0x00000000d9d41840) thrown at [/HUDSON3/workspace/8-2-build-linux-amd64/jdk8u101/7261/hotspot/src/share/vm/interpreter/interpreterRuntime.cpp, line 366]
Event: 24,164 Thread 0x00007fb92c005000 Exception <a 'java/lang/ArrayIndexOutOfBoundsException': 56> (0x00000000d9d42bd0) thrown at [/HUDSON3/workspace/8-2-build-linux-amd64/jdk8u101/7261/hotspot/src/share/vm/interpreter/interpreterRuntime.cpp, line 366]

Events (10 events):
Event: 123,184 Thread 0x00007fb92c005000 DEOPT PACKING pc=0x00007fb9b5cdc7e4 sp=0x00007fb92b9fb410
Event: 123,184 Thread 0x00007fb92c005000 DEOPT UNPACKING pc=0x00007fb9b49cc229 sp=0x00007fb92b9fb400 mode 2
Event: 123,184 Thread 0x00007fb92c005000 DEOPT PACKING pc=0x00007fb9b5cf85c4 sp=0x00007fb92b9fb480
Event: 123,184 Thread 0x00007fb92c005000 DEOPT UNPACKING pc=0x00007fb9b4a0e633 sp=0x00007fb92b9fb1c0 mode 1
Event: 123,184 Thread 0x00007fb92c005000 Uncommon trap: trap_request=0xffffffa7 fr.pc=0x00007fb9b5cdc7e4
Event: 123,184 Thread 0x00007fb92c005000 DEOPT PACKING pc=0x00007fb9b5cdc7e4 sp=0x00007fb92b9fb410
Event: 123,184 Thread 0x00007fb92c005000 DEOPT UNPACKING pc=0x00007fb9b49cc229 sp=0x00007fb92b9fb400 mode 2
Event: 123,184 Thread 0x00007fb92c005000 DEOPT PACKING pc=0x00007fb9b5cf85c4 sp=0x00007fb92b9fb480
Event: 123,184 Thread 0x00007fb92c005000 DEOPT UNPACKING pc=0x00007fb9b4a0e633 sp=0x00007fb92b9fb1c0 mode 1
Event: 123,184 Executing VM operation: ParallelGCFailedAllocation


Dynamic libraries:
00400000-00401000 r-xp 00000000 08:01 1050115                            /usr/lib/jvm/java-8-oracle/bin/java
00600000-00601000 rw-p 00000000 08:01 1050115                            /usr/lib/jvm/java-8-oracle/bin/java
01f6b000-01f8c000 rw-p 00000000 00:00 0                                  [heap]
84600000-8bd00000 rw-p 00000000 00:00 0 
93b00000-d6d00000 ---p 00000000 00:00 0 
d6d00000-100000000 rw-p 00000000 00:00 0 
100000000-1007c0000 rw-p 00000000 00:00 0 
1007c0000-140000000 ---p 00000000 00:00 0 
7fb920000000-7fb920c65000 rw-p 00000000 00:00 0 
7fb920c65000-7fb924000000 ---p 00000000 00:00 0 
7fb924000000-7fb924021000 rw-p 00000000 00:00 0 
7fb924021000-7fb928000000 ---p 00000000 00:00 0 
7fb92b8ff000-7fb92b902000 ---p 00000000 00:00 0 
7fb92b902000-7fb92bc00000 rw-p 00000000 00:00 0 
7fb92bc00000-7fb92be00000 rw-p 00000000 00:00 0 
7fb92be00000-7fb92c000000 rw-p 00000000 00:00 0 
7fb92c000000-7fb92c021000 rw-p 00000000 00:00 0 
7fb92c021000-7fb930000000 ---p 00000000 00:00 0 
7fb930000000-7fb930021000 rw-p 00000000 00:00 0 
7fb930021000-7fb934000000 ---p 00000000 00:00 0 
7fb934000000-7fb934021000 rw-p 00000000 00:00 0 
7fb934021000-7fb938000000 ---p 00000000 00:00 0 
7fb938000000-7fb938021000 rw-p 00000000 00:00 0 
7fb938021000-7fb93c000000 ---p 00000000 00:00 0 
7fb93c000000-7fb93c021000 rw-p 00000000 00:00 0 
7fb93c021000-7fb940000000 ---p 00000000 00:00 0 
7fb940000000-7fb940021000 rw-p 00000000 00:00 0 
7fb940021000-7fb944000000 ---p 00000000 00:00 0 
7fb944000000-7fb944021000 rw-p 00000000 00:00 0 
7fb944021000-7fb948000000 ---p 00000000 00:00 0 
7fb948000000-7fb948021000 rw-p 00000000 00:00 0 
7fb948021000-7fb94c000000 ---p 00000000 00:00 0 
7fb94c000000-7fb94c565000 rw-p 00000000 00:00 0 
7fb94c565000-7fb950000000 ---p 00000000 00:00 0 
7fb950000000-7fb95135a000 rw-p 00000000 00:00 0 
7fb95135a000-7fb954000000 ---p 00000000 00:00 0 
7fb954000000-7fb954021000 rw-p 00000000 00:00 0 
7fb954021000-7fb958000000 ---p 00000000 00:00 0 
7fb958000000-7fb958021000 rw-p 00000000 00:00 0 
7fb958021000-7fb95c000000 ---p 00000000 00:00 0 
7fb95c000000-7fb95fc06000 rw-p 00000000 00:00 0 
7fb95fc06000-7fb960000000 ---p 00000000 00:00 0 
7fb960000000-7fb961441000 rw-p 00000000 00:00 0 
7fb961441000-7fb964000000 ---p 00000000 00:00 0 
7fb964000000-7fb967965000 rw-p 00000000 00:00 0 
7fb967965000-7fb968000000 ---p 00000000 00:00 0 
7fb968000000-7fb96b069000 rw-p 00000000 00:00 0 
7fb96b069000-7fb96c000000 ---p 00000000 00:00 0 
7fb96c000000-7fb96c021000 rw-p 00000000 00:00 0 
7fb96c021000-7fb970000000 ---p 00000000 00:00 0 
7fb970000000-7fb970021000 rw-p 00000000 00:00 0 
7fb970021000-7fb974000000 ---p 00000000 00:00 0 
7fb974000000-7fb974021000 rw-p 00000000 00:00 0 
7fb974021000-7fb978000000 ---p 00000000 00:00 0 
7fb978000000-7fb978182000 rw-p 00000000 00:00 0 
7fb978182000-7fb97c000000 ---p 00000000 00:00 0 
7fb97c000000-7fb97c021000 rw-p 00000000 00:00 0 
7fb97c021000-7fb980000000 ---p 00000000 00:00 0 
7fb980000000-7fb980021000 rw-p 00000000 00:00 0 
7fb980021000-7fb984000000 ---p 00000000 00:00 0 
7fb984000000-7fb984021000 rw-p 00000000 00:00 0 
7fb984021000-7fb988000000 ---p 00000000 00:00 0 
7fb988000000-7fb988350000 rw-p 00000000 00:00 0 
7fb988350000-7fb98c000000 ---p 00000000 00:00 0 
7fb98c000000-7fb98c021000 rw-p 00000000 00:00 0 
7fb98c021000-7fb990000000 ---p 00000000 00:00 0 
7fb9900bf000-7fb9902bf000 rw-p 00000000 00:00 0 
7fb9902bf000-7fb9902c2000 ---p 00000000 00:00 0 
7fb9902c2000-7fb9903c0000 rw-p 00000000 00:00 0 
7fb9903c0000-7fb9903c3000 ---p 00000000 00:00 0 
7fb9903c3000-7fb9904c1000 rw-p 00000000 00:00 0 
7fb9904c1000-7fb9904c4000 ---p 00000000 00:00 0 
7fb9904c4000-7fb9905c2000 rw-p 00000000 00:00 0 
7fb9905c2000-7fb9905c5000 ---p 00000000 00:00 0 
7fb9905c5000-7fb9906c3000 rw-p 00000000 00:00 0 
7fb9906c3000-7fb9906c6000 ---p 00000000 00:00 0 
7fb9906c6000-7fb9909c4000 rw-p 00000000 00:00 0 
7fb9909c4000-7fb990bc4000 rw-p 00000000 00:00 0 
7fb990bc4000-7fb990dc4000 rw-p 00000000 00:00 0 
7fb990dc4000-7fb990fc4000 rw-p 00000000 00:00 0 
7fb990fc4000-7fb9911c4000 rw-p 00000000 00:00 0 
7fb9911c4000-7fb9913c4000 rw-p 00000000 00:00 0 
7fb9913c4000-7fb9915c4000 rw-p 00000000 00:00 0 
7fb9915c4000-7fb9915c7000 ---p 00000000 00:00 0 
7fb9915c7000-7fb9916c5000 rw-p 00000000 00:00 0 
7fb9916c5000-7fb9916c8000 ---p 00000000 00:00 0 
7fb9916c8000-7fb9917c6000 rw-p 00000000 00:00 0 
7fb9917c6000-7fb9917c9000 ---p 00000000 00:00 0 
7fb9917c9000-7fb9918c7000 rw-p 00000000 00:00 0 
7fb9918c7000-7fb9918ca000 ---p 00000000 00:00 0 
7fb9918ca000-7fb991bc8000 rw-p 00000000 00:00 0 
7fb991bc8000-7fb991dc8000 rw-p 00000000 00:00 0 
7fb991dc8000-7fb991fc8000 rw-p 00000000 00:00 0 
7fb992086000-7fb992089000 ---p 00000000 00:00 0 
7fb992089000-7fb992387000 rw-p 00000000 00:00 0 
7fb992387000-7fb992587000 rw-p 00000000 00:00 0 
7fb9925cb000-7fb9927cb000 rw-p 00000000 00:00 0 
7fb9927cb000-7fb9929cb000 rw-p 00000000 00:00 0 
7fb9929cb000-7fb992bcb000 rw-p 00000000 00:00 0 
7fb992bcb000-7fb992bdc000 r-xp 00000000 08:01 1326245                    /usr/lib/jvm/java-8-oracle/jre/lib/amd64/libnio.so
7fb992bdc000-7fb992ddb000 ---p 00011000 08:01 1326245                    /usr/lib/jvm/java-8-oracle/jre/lib/amd64/libnio.so
7fb992ddb000-7fb992ddc000 rw-p 00010000 08:01 1326245                    /usr/lib/jvm/java-8-oracle/jre/lib/amd64/libnio.so
7fb992ddc000-7fb992fdc000 rw-p 00000000 00:00 0 
7fb992fdc000-7fb9931dc000 rw-p 00000000 00:00 0 
7fb9931dc000-7fb9933dc000 rw-p 00000000 00:00 0 
7fb9933dc000-7fb9933df000 ---p 00000000 00:00 0 
7fb9933df000-7fb9937de000 rw-p 00000000 00:00 0 
7fb9937de000-7fb9937f4000 r-xp 00000000 08:01 1326222                    /usr/lib/jvm/java-8-oracle/jre/lib/amd64/libnet.so
7fb9937f4000-7fb9939f4000 ---p 00016000 08:01 1326222                    /usr/lib/jvm/java-8-oracle/jre/lib/amd64/libnet.so
7fb9939f4000-7fb9939f5000 rw-p 00016000 08:01 1326222                    /usr/lib/jvm/java-8-oracle/jre/lib/amd64/libnet.so
7fb9939f5000-7fb9939fe000 r-xp 00000000 08:01 1326251                    /usr/lib/jvm/java-8-oracle/jre/lib/amd64/libmanagement.so
7fb9939fe000-7fb993bfd000 ---p 00009000 08:01 1326251                    /usr/lib/jvm/java-8-oracle/jre/lib/amd64/libmanagement.so
7fb993bfd000-7fb993bfe000 rw-p 00008000 08:01 1326251                    /usr/lib/jvm/java-8-oracle/jre/lib/amd64/libmanagement.so
7fb993bfe000-7fb993dfe000 rw-p 00000000 00:00 0 
7fb993dfe000-7fb993dff000 ---p 00000000 00:00 0 
7fb993dff000-7fb993eff000 rw-p 00000000 00:00 0 
7fb993eff000-7fb993f02000 ---p 00000000 00:00 0 
7fb993f02000-7fb994000000 rw-p 00000000 00:00 0 
7fb994000000-7fb994021000 rw-p 00000000 00:00 0 
7fb994021000-7fb998000000 ---p 00000000 00:00 0 
7fb998000000-7fb998021000 rw-p 00000000 00:00 0 
7fb998021000-7fb99c000000 ---p 00000000 00:00 0 
7fb99c000000-7fb99c021000 rw-p 00000000 00:00 0 
7fb99c021000-7fb9a0000000 ---p 00000000 00:00 0 
7fb9a001b000-7fb9a002e000 r--s 00345000 08:01 1192401                    /usr/lib/jvm/java-8-oracle/jre/lib/resources.jar
7fb9a002e000-7fb9a0031000 ---p 00000000 00:00 0 
7fb9a0031000-7fb9a012f000 rw-p 00000000 00:00 0 
7fb9a012f000-7fb9a0132000 ---p 00000000 00:00 0 
7fb9a0132000-7fb9a4000000 rw-p 00000000 00:00 0 
7fb9a4000000-7fb9a4021000 rw-p 00000000 00:00 0 
7fb9a4021000-7fb9a8000000 ---p 00000000 00:00 0 
7fb9a8000000-7fb9a8021000 rw-p 00000000 00:00 0 
7fb9a8021000-7fb9ac000000 ---p 00000000 00:00 0 
7fb9ac000000-7fb9ac02b000 rw-p 00000000 00:00 0 
7fb9ac02b000-7fb9b0000000 ---p 00000000 00:00 0 
7fb9b0002000-7fb9b0006000 r--s 00097000 08:01 1192404                    /usr/lib/jvm/java-8-oracle/jre/lib/jsse.jar
7fb9b0006000-7fb9b009c000 r--s 01102000 08:01 1192412                    /usr/lib/jvm/java-8-oracle/jre/lib/ext/jfxrt.jar
7fb9b009c000-7fb9b00a1000 r--s 002f9000 08:01 1192400                    /usr/lib/jvm/java-8-oracle/jre/lib/charsets.jar
7fb9b00a1000-7fb9b00ab000 r--s 00116000 08:01 1192420                    /usr/lib/jvm/java-8-oracle/jre/lib/ext/localedata.jar
7fb9b00ab000-7fb9b00c7000 r--s 00393000 08:01 1192413                    /usr/lib/jvm/java-8-oracle/jre/lib/ext/cldrdata.jar
7fb9b00c7000-7fb9b00ce000 r--s 00000000 08:01 1577389                    /usr/lib/x86_64-linux-gnu/gconv/gconv-modules.cache
7fb9b00ce000-7fb9b00fd000 r--p 00000000 08:01 1710367                    /usr/share/locale-langpack/ru/LC_MESSAGES/libc.mo
7fb9b00fd000-7fb9b0100000 ---p 00000000 00:00 0 
7fb9b0100000-7fb9b01fe000 rw-p 00000000 00:00 0 
7fb9b01fe000-7fb9b0201000 ---p 00000000 00:00 0 
7fb9b0201000-7fb9b02ff000 rw-p 00000000 00:00 0 
7fb9b02ff000-7fb9b0300000 r--s 00001000 08:05 918370                     /home/pavlenko/.m2/repository/org/springframework/spring-instrument/4.3.2.RELEASE/spring-instrument-4.3.2.RELEASE.jar
7fb9b0300000-7fb9b0322000 r--s 00120000 08:05 918508                     /home/pavlenko/.m2/repository/javax/javaee-web-api/7.0/javaee-web-api-7.0.jar
7fb9b0322000-7fb9b0324000 r--s 0000e000 08:05 918499                     /home/pavlenko/.m2/repository/org/jvnet/mimepull/mimepull/1.9.6/mimepull-1.9.6.jar
7fb9b0324000-7fb9b0327000 r--s 0000e000 08:05 918497                     /home/pavlenko/.m2/repository/org/glassfish/jersey/media/jersey-media-multipart/2.23.1/jersey-media-multipart-2.23.1.jar
7fb9b0327000-7fb9b032b000 r--s 00029000 08:05 786693                     /home/pavlenko/.m2/repository/org/glassfish/hk2/hk2-locator/2.4.0-b34/hk2-locator-2.4.0-b34.jar
7fb9b032b000-7fb9b032c000 r--s 00001000 08:05 786679                     /home/pavlenko/.m2/repository/org/glassfish/hk2/external/javax.inject/2.4.0-b34/javax.inject-2.4.0-b34.jar
7fb9b032c000-7fb9b032e000 r--s 00002000 08:05 786691                     /home/pavlenko/.m2/repository/org/glassfish/hk2/external/aopalliance-repackaged/2.4.0-b34/aopalliance-repackaged-2.4.0-b34.jar
7fb9b032e000-7fb9b0333000 r--s 00027000 08:05 786687                     /home/pavlenko/.m2/repository/org/glassfish/hk2/hk2-api/2.4.0-b34/hk2-api-2.4.0-b34.jar
7fb9b0333000-7fb9b0335000 r--s 00005000 08:05 786683                     /home/pavlenko/.m2/repository/javax/annotation/javax.annotation-api/1.2/javax.annotation-api-1.2.jar
7fb9b0335000-7fb9b0337000 r--s 00010000 08:05 786703                     /home/pavlenko/.m2/repository/org/glassfish/jersey/media/jersey-media-jaxb/2.23.1/jersey-media-jaxb-2.23.1.jar
7fb9b0337000-7fb9b033c000 r--s 00025000 08:05 786701                     /home/pavlenko/.m2/repository/org/glassfish/jersey/core/jersey-client/2.23.1/jersey-client-2.23.1.jar
7fb9b033c000-7fb9b0352000 r--s 000d3000 08:05 786699                     /home/pavlenko/.m2/repository/org/glassfish/jersey/core/jersey-server/2.23.1/jersey-server-2.23.1.jar
7fb9b0352000-7fb9b0358000 r--s 00049000 08:05 918476                     /home/pavlenko/.m2/repository/org/eclipse/persistence/org.eclipse.persistence.asm/2.6.0/org.eclipse.persistence.asm-2.6.0.jar
7fb9b0358000-7fb9b0399000 r--s 004d2000 08:05 918474                     /home/pavlenko/.m2/repository/org/eclipse/persistence/org.eclipse.persistence.core/2.6.0/org.eclipse.persistence.core-2.6.0.jar
7fb9b0399000-7fb9b03a2000 r--s 00093000 08:05 918472                     /home/pavlenko/.m2/repository/org/eclipse/persistence/org.eclipse.persistence.moxy/2.6.0/org.eclipse.persistence.moxy-2.6.0.jar
7fb9b03a2000-7fb9b03a5000 r--s 0000f000 08:05 918470                     /home/pavlenko/.m2/repository/org/glassfish/jersey/ext/jersey-entity-filtering/2.23.1/jersey-entity-filtering-2.23.1.jar
7fb9b03a5000-7fb9b03a6000 r--s 00004000 08:05 786697                     /home/pavlenko/.m2/repository/org/glassfish/hk2/osgi-resource-locator/1.0.1/osgi-resource-locator-1.0.1.jar
7fb9b03a6000-7fb9b03be000 r--s 000d6000 08:05 786685                     /home/pavlenko/.m2/repository/org/glassfish/jersey/bundles/repackaged/jersey-guava/2.23.1/jersey-guava-2.23.1.jar
7fb9b03be000-7fb9b03cd000 r--s 000a0000 08:05 786681                     /home/pavlenko/.m2/repository/org/glassfish/jersey/core/jersey-common/2.23.1/jersey-common-2.23.1.jar
7fb9b03cd000-7fb9b03cf000 r--s 00005000 08:05 918468                     /home/pavlenko/.m2/repository/org/glassfish/jersey/media/jersey-media-moxy/2.23.1/jersey-media-moxy-2.23.1.jar
7fb9b03cf000-7fb9b03d7000 r--s 00040000 08:05 397149                     /home/pavlenko/.m2/repository/org/flywaydb/flyway-core/3.2.1/flyway-core-3.2.1.jar
7fb9b03d7000-7fb9b03ec000 r--s 00141000 08:05 10357698                   /home/pavlenko/.m2/repository/org/projectlombok/lombok/1.16.10/lombok-1.16.10.jar
7fb9b03ec000-7fb9b03f6000 r--s 000e8000 08:05 11930472                   /home/pavlenko/.m2/repository/mysql/mysql-connector-java/5.1.39/mysql-connector-java-5.1.39.jar
7fb9b03f6000-7fb9b03f9000 r--s 00012000 08:05 918197                     /home/pavlenko/.m2/repository/org/glassfish/javax.json/1.0.4/javax.json-1.0.4.jar
7fb9b03f9000-7fb9b03fd000 r--s 0000c000 08:05 786705                     /home/pavlenko/.m2/repository/javax/validation/validation-api/1.1.0.Final/validation-api-1.1.0.Final.jar
7fb9b03fd000-7fb9b03ff000 r--s 00004000 08:05 918195                     /home/pavlenko/.m2/repository/org/eclipse/persistence/commonj.sdo/2.1.1/commonj.sdo-2.1.1.jar
7fb9b03ff000-7fb9b0405000 r--s 00022000 08:05 918193                     /home/pavlenko/.m2/repository/org/eclipse/persistence/javax.persistence/2.1.1/javax.persistence-2.1.1.jar
7fb9b0405000-7fb9b0488000 r--s 00825000 08:05 918191                     /home/pavlenko/.m2/repository/org/eclipse/persistence/eclipselink/2.6.3/eclipselink-2.6.3.jar
7fb9b0488000-7fb9b048a000 r--s 00006000 08:05 917985                     /home/pavlenko/.m2/repository/com/fasterxml/jackson/jaxrs/jackson-jaxrs-base/2.8.1/jackson-jaxrs-base-2.8.1.jar
7fb9b048a000-7fb9b048b000 r--s 00003000 08:05 917983                     /home/pavlenko/.m2/repository/com/fasterxml/jackson/jaxrs/jackson-jaxrs-json-provider/2.8.1/jackson-jaxrs-json-provider-2.8.1.jar
7fb9b048b000-7fb9b04b6000 r--s 001fc000 08:05 788309                     /home/pavlenko/.m2/repository/com/google/guava/guava/18.0/guava-18.0.jar
7fb9b04b6000-7fb9b04ba000 r--s 0000f000 08:05 659083                     /home/pavlenko/.m2/repository/com/google/code/findbugs/annotations/2.0.1/annotations-2.0.1.jar
7fb9b04ba000-7fb9b04bd000 r--s 0001d000 08:05 917981                     /home/pavlenko/.m2/repository/org/reflections/reflections/0.9.10/reflections-0.9.10.jar
7fb9b04bd000-7fb9b04be000 r--s 00003000 08:05 788293                     /home/pavlenko/.m2/repository/io/swagger/swagger-annotations/1.5.9/swagger-annotations-1.5.9.jar
7fb9b04be000-7fb9b04c1000 r--s 0001f000 08:05 788295                     /home/pavlenko/.m2/repository/io/swagger/swagger-models/1.5.9/swagger-models-1.5.9.jar
7fb9b04c1000-7fb9b04d2000 r--s 00089000 08:05 917979                     /home/pavlenko/.m2/repository/joda-time/joda-time/2.9.4/joda-time-2.9.4.jar
7fb9b04d2000-7fb9b04d5000 r--s 0000e000 08:05 917977                     /home/pavlenko/.m2/repository/com/fasterxml/jackson/datatype/jackson-datatype-joda/2.8.1/jackson-datatype-joda-2.8.1.jar
7fb9b04d5000-7fb9b04dc000 r--s 00058000 08:05 10095110                   /home/pavlenko/.m2/repository/org/apache/commons/commons-lang3/3.2.1/commons-lang3-3.2.1.jar
7fb9b04dc000-7fb9b04df000 r--s 00017000 08:05 917975                     /home/pavlenko/.m2/repository/io/swagger/swagger-core/1.5.9/swagger-core-1.5.9.jar
7fb9b04df000-7fb9b04e5000 r--s 00078000 08:05 917973                     /home/pavlenko/.m2/repository/com/fasterxml/woodstox/woodstox-core/5.0.2/woodstox-core-5.0.2.jar
7fb9b04e5000-7fb9b04e9000 r--s 00024000 08:05 10489075                   /home/pavlenko/.m2/repository/org/codehaus/woodstox/stax2-api/3.1.4/stax2-api-3.1.4.jar
7fb9b04e9000-7fb9b04eb000 r--s 00007000 08:05 917971                     /home/pavlenko/.m2/repository/com/fasterxml/jackson/module/jackson-module-jaxb-annotations/2.8.1/jackson-module-jaxb-annotations-2.8.1.jar
7fb9b04eb000-7fb9b04ee000 r--s 00015000 08:05 917969                     /home/pavlenko/.m2/repository/com/fasterxml/jackson/dataformat/jackson-dataformat-xml/2.8.1/jackson-dataformat-xml-2.8.1.jar
7fb9b04ee000-7fb9b04ef000 r--s 00009000 08:05 917967                     /home/pavlenko/.m2/repository/com/fasterxml/jackson/dataformat/jackson-dataformat-yaml/2.8.1/jackson-dataformat-yaml-2.8.1.jar
7fb9b04ef000-7fb9b04f1000 r--s 0000e000 08:05 917965                     /home/pavlenko/.m2/repository/io/swagger/swagger-jaxrs/1.5.9/swagger-jaxrs-1.5.9.jar
7fb9b04f1000-7fb9b04f2000 r--s 00001000 08:05 917963                     /home/pavlenko/.m2/repository/io/swagger/swagger-jersey2-jaxrs/1.5.9/swagger-jersey2-jaxrs-1.5.9.jar
7fb9b04f2000-7fb9b04f6000 r--s 00019000 08:05 786707                     /home/pavlenko/.m2/repository/javax/ws/rs/javax.ws.rs-api/2.0.1/javax.ws.rs-api-2.0.1.jar
7fb9b04f6000-7fb9b0503000 r--s 000ac000 08:05 786500                     /home/pavlenko/.m2/repository/org/springframework/spring-beans/4.3.2.RELEASE/spring-beans-4.3.2.RELEASE.jar
7fb9b0503000-7fb9b0505000 r--s 00002000 08:05 786846                     /home/pavlenko/.m2/repository/org/glassfish/hk2/spring-bridge/2.4.0-b34/spring-bridge-2.4.0-b34.jar
7fb9b0505000-7fb9b050c000 r--s 0005b000 08:05 786844                     /home/pavlenko/.m2/repository/org/glassfish/hk2/external/asm-all-repackaged/2.4.0-b34/asm-all-repackaged-2.4.0-b34.jar
7fb9b050c000-7fb9b050f000 r--s 00013000 08:05 786842                     /home/pavlenko/.m2/repository/org/glassfish/hk2/class-model/2.4.0-b34/class-model-2.4.0-b34.jar
7fb9b050f000-7fb9b0511000 r--s 0000c000 08:05 786840                     /home/pavlenko/.m2/repository/org/glassfish/hk2/hk2-runlevel/2.4.0-b34/hk2-runlevel-2.4.0-b34.jar
7fb9b0511000-7fb9b0513000 r--s 00003000 08:05 786836                     /home/pavlenko/.m2/repository/org/jvnet/tiger-types/1.4/tiger-types-1.4.jar
7fb9b0513000-7fb9b0518000 r--s 0002e000 08:05 786834                     /home/pavlenko/.m2/repository/org/glassfish/hk2/hk2-config/2.4.0-b34/hk2-config-2.4.0-b34.jar
7fb9b0518000-7fb9b051b000 r--s 0001a000 08:05 786832                     /home/pavlenko/.m2/repository/org/glassfish/hk2/hk2-core/2.4.0-b34/hk2-core-2.4.0-b34.jar
7fb9b051b000-7fb9b051d000 r--s 00001000 08:05 786830                     /home/pavlenko/.m2/repository/org/glassfish/hk2/config-types/2.4.0-b34/config-types-2.4.0-b34.jar
7fb9b051d000-7fb9b051e000 r--s 00000000 08:05 786828                     /home/pavlenko/.m2/repository/javax/inject/javax.inject/1/javax.inject-1.jar
7fb9b051e000-7fb9b0522000 r--s 0001a000 08:05 786689                     /home/pavlenko/.m2/repository/org/glassfish/hk2/hk2-utils/2.4.0-b34/hk2-utils-2.4.0-b34.jar
7fb9b0522000-7fb9b0523000 r--s 00000000 08:05 786826                     /home/pavlenko/.m2/repository/org/glassfish/hk2/hk2/2.4.0-b34/hk2-2.4.0-b34.jar
7fb9b0523000-7fb9b0526000 r--s 0000e000 08:05 786677                     /home/pavlenko/.m2/repository/org/glassfish/jersey/containers/jersey-container-servlet-core/2.23.1/jersey-container-servlet-core-2.23.1.jar
7fb9b0526000-7fb9b0528000 r--s 00004000 08:05 786824                     /home/pavlenko/.m2/repository/org/glassfish/jersey/ext/jersey-spring3/2.23.1/jersey-spring3-2.23.1.jar
7fb9b0528000-7fb9b053f000 r--s 000f9000 08:05 786506                     /home/pavlenko/.m2/repository/org/springframework/spring-core/4.3.2.RELEASE/spring-core-4.3.2.RELEASE.jar
7fb9b053f000-7fb9b0542000 r--s 0000c000 08:05 918161                     /home/pavlenko/.m2/repository/org/springframework/spring-aspects/4.3.2.RELEASE/spring-aspects-4.3.2.RELEASE.jar
7fb9b0542000-7fb9b0544000 r--s 00003000 08:05 11669525                   /home/pavlenko/.m2/repository/org/slf4j/jcl-over-slf4j/1.7.21/jcl-over-slf4j-1.7.21.jar
7fb9b0544000-7fb9b0546000 r--s 00009000 08:05 11408371                   /home/pavlenko/.m2/repository/org/slf4j/slf4j-api/1.7.21/slf4j-api-1.7.21.jar
7fb9b0546000-7fb9b054e000 r--s 0003a000 08:05 918159                     /home/pavlenko/.m2/repository/org/springframework/spring-tx/4.3.2.RELEASE/spring-tx-4.3.2.RELEASE.jar
7fb9b054e000-7fb9b0558000 r--s 0006b000 08:05 918157                     /home/pavlenko/.m2/repository/org/springframework/spring-orm/4.3.2.RELEASE/spring-orm-4.3.2.RELEASE.jar
7fb9b0558000-7fb9b0569000 r--s 00098000 08:05 918155                     /home/pavlenko/.m2/repository/org/springframework/data/spring-data-commons/1.12.2.RELEASE/spring-data-commons-1.12.2.RELEASE.jar
7fb9b0569000-7fb9b0570000 r--s 0003d000 08:05 918153                     /home/pavlenko/.m2/repository/org/springframework/data/spring-data-jpa/1.10.2.RELEASE/spring-data-jpa-1.10.2.RELEASE.jar
7fb9b0570000-7fb9b0572000 r--s 00006000 08:05 787853                     /home/pavlenko/.m2/repository/javax/transaction/javax.transaction-api/1.2/javax.transaction-api-1.2.jar
7fb9b0572000-7fb9b0575000 r--s 00010000 08:05 918151                     /home/pavlenko/.m2/repository/org/hibernate/common/hibernate-commons-annotations/5.0.1.Final/hibernate-commons-annotations-5.0.1.Final.jar
7fb9b0575000-7fb9b057e000 r--s 0002d000 08:05 918149                     /home/pavlenko/.m2/repository/xml-apis/xml-apis/1.4.01/xml-apis-1.4.01.jar
7fb9b057e000-7fb9b0583000 r--s 00048000 08:05 918147                     /home/pavlenko/.m2/repository/dom4j/dom4j/1.6.1/dom4j-1.6.1.jar
7fb9b0583000-7fb9b0586000 r--s 0002b000 08:05 918145                     /home/pavlenko/.m2/repository/org/jboss/jandex/2.0.0.Final/jandex-2.0.0.Final.jar
7fb9b0586000-7fb9b058b000 r--s 00068000 08:05 918143                     /home/pavlenko/.m2/repository/antlr/antlr/2.7.7/antlr-2.7.7.jar
7fb9b058b000-7fb9b0595000 r--s 000ae000 08:05 788395                     /home/pavlenko/.m2/repository/org/javassist/javassist/3.20.0-GA/javassist-3.20.0-GA.jar
7fb9b0595000-7fb9b059a000 r--s 00017000 08:05 918141                     /home/pavlenko/.m2/repository/org/hibernate/javax/persistence/hibernate-jpa-2.1-api/1.0.0.Final/hibernate-jpa-2.1-api-1.0.0.Final.jar
7fb9b059a000-7fb9b0604000 r--s 004ed000 08:05 918139                     /home/pavlenko/.m2/repository/org/hibernate/hibernate-core/5.0.9.Final/hibernate-core-5.0.9.Final.jar
7fb9b0604000-7fb9b060e000 r--s 0005f000 08:05 918137                     /home/pavlenko/.m2/repository/org/springframework/spring-jdbc/4.3.2.RELEASE/spring-jdbc-4.3.2.RELEASE.jar
7fb9b060e000-7fb9b060f000 r--s 00009000 08:05 9965503                    /home/pavlenko/.m2/repository/org/apache/tomcat/tomcat-juli/8.5.4/tomcat-juli-8.5.4.jar
7fb9b060f000-7fb9b0612000 r--s 0001f000 08:05 9835133                    /home/pavlenko/.m2/repository/org/apache/tomcat/tomcat-jdbc/8.5.4/tomcat-jdbc-8.5.4.jar
7fb9b0612000-7fb9b0613000 r--s 00000000 08:05 918135                     /home/pavlenko/.m2/repository/org/springframework/boot/spring-boot-starter-jdbc/1.4.0.RELEASE/spring-boot-starter-jdbc-1.4.0.RELEASE.jar
7fb9b0613000-7fb9b062c000 r--s 001af000 08:05 918133                     /home/pavlenko/.m2/repository/org/aspectj/aspectjweaver/1.8.9/aspectjweaver-1.8.9.jar
7fb9b062c000-7fb9b0631000 r--s 0003c000 08:05 786504                     /home/pavlenko/.m2/repository/org/springframework/spring-expression/4.3.2.RELEASE/spring-expression-4.3.2.RELEASE.jar
7fb9b0631000-7fb9b0643000 r--s 000ce000 08:05 917759                     /home/pavlenko/.m2/repository/org/springframework/spring-webmvc/4.3.2.RELEASE/spring-webmvc-4.3.2.RELEASE.jar
7fb9b0643000-7fb9b065c000 r--s 000fc000 08:05 786502                     /home/pavlenko/.m2/repository/org/springframework/spring-context/4.3.2.RELEASE/spring-context-4.3.2.RELEASE.jar
7fb9b065c000-7fb9b0665000 r--s 00054000 08:05 786498                     /home/pavlenko/.m2/repository/org/springframework/spring-aop/4.3.2.RELEASE/spring-aop-4.3.2.RELEASE.jar
7fb9b0665000-7fb9b0677000 r--s 000b5000 08:05 786496                     /home/pavlenko/.m2/repository/org/springframework/spring-web/4.3.2.RELEASE/spring-web-4.3.2.RELEASE.jar
7fb9b0677000-7fb9b0689000 r--s 0011b000 08:05 917755                     /home/pavlenko/.m2/repository/com/fasterxml/jackson/core/jackson-databind/2.8.1/jackson-databind-2.8.1.jar
7fb9b0689000-7fb9b06b2000 r--s 002af000 08:05 9965494                    /home/pavlenko/.m2/repository/org/apache/tomcat/embed/tomcat-embed-core/8.5.4/tomcat-embed-core-8.5.4.jar
7fb9b06b2000-7fb9b06b5000 ---p 00000000 00:00 0 
7fb9b06b5000-7fb9b07b3000 rw-p 00000000 00:00 0 
7fb9b07b3000-7fb9b07b6000 ---p 00000000 00:00 0 
7fb9b07b6000-7fb9b08b4000 rw-p 00000000 00:00 0 
7fb9b08b4000-7fb9b08b7000 ---p 00000000 00:00 0 
7fb9b08b7000-7fb9b09b5000 rw-p 00000000 00:00 0 
7fb9b09b5000-7fb9b09b9000 r-xp 00000000 08:01 1319431                    /usr/lib/jvm/java-8-oracle/jre/lib/amd64/libdt_socket.so
7fb9b09b9000-7fb9b0bb8000 ---p 00004000 08:01 1319431                    /usr/lib/jvm/java-8-oracle/jre/lib/amd64/libdt_socket.so
7fb9b0bb8000-7fb9b0bb9000 rw-p 00003000 08:01 1319431                    /usr/lib/jvm/java-8-oracle/jre/lib/amd64/libdt_socket.so
7fb9b0bb9000-7fb9b0bbc000 ---p 00000000 00:00 0 
7fb9b0bbc000-7fb9b0cba000 rw-p 00000000 00:00 0 
7fb9b0cba000-7fb9b0cbd000 ---p 00000000 00:00 0 
7fb9b0cbd000-7fb9b0dbb000 rw-p 00000000 00:00 0 
7fb9b0dbb000-7fb9b0dbe000 ---p 00000000 00:00 0 
7fb9b0dbe000-7fb9b0ebc000 rw-p 00000000 00:00 0 
7fb9b0ebc000-7fb9b0ebd000 ---p 00000000 00:00 0 
7fb9b0ebd000-7fb9b2ad8000 rw-p 00000000 00:00 0 
7fb9b2ad8000-7fb9b2cb1000 r--s 03d29000 08:01 1192422                    /usr/lib/jvm/java-8-oracle/jre/lib/rt.jar
7fb9b2cb1000-7fb9b388e000 rw-p 00000000 00:00 0 
7fb9b388e000-7fb9b388f000 ---p 00000000 00:00 0 
7fb9b388f000-7fb9b398f000 rw-p 00000000 00:00 0 
7fb9b398f000-7fb9b3990000 ---p 00000000 00:00 0 
7fb9b3990000-7fb9b3a90000 rw-p 00000000 00:00 0 
7fb9b3a90000-7fb9b3a91000 ---p 00000000 00:00 0 
7fb9b3a91000-7fb9b3b91000 rw-p 00000000 00:00 0 
7fb9b3b91000-7fb9b3b92000 ---p 00000000 00:00 0 
7fb9b3b92000-7fb9b3c92000 rw-p 00000000 00:00 0 
7fb9b3c92000-7fb9b3c93000 ---p 00000000 00:00 0 
7fb9b3c93000-7fb9b3d93000 rw-p 00000000 00:00 0 
7fb9b3d93000-7fb9b3d94000 ---p 00000000 00:00 0 
7fb9b3d94000-7fb9b3e94000 rw-p 00000000 00:00 0 
7fb9b3e94000-7fb9b3e95000 ---p 00000000 00:00 0 
7fb9b3e95000-7fb9b3fd1000 rw-p 00000000 00:00 0 
7fb9b3fd1000-7fb9b4229000 ---p 00000000 00:00 0 
7fb9b4229000-7fb9b4265000 rw-p 00000000 00:00 0 
7fb9b4265000-7fb9b44bc000 ---p 00000000 00:00 0 
7fb9b44bc000-7fb9b4606000 rw-p 00000000 00:00 0 
7fb9b4606000-7fb9b4656000 rw-p 00000000 00:00 0 
7fb9b4656000-7fb9b49c7000 ---p 00000000 00:00 0 
7fb9b49c7000-7fb9b5d77000 rwxp 00000000 00:00 0 
7fb9b5d77000-7fb9c39c7000 ---p 00000000 00:00 0 
7fb9c39c7000-7fb9c39e1000 r-xp 00000000 08:01 1326255                    /usr/lib/jvm/java-8-oracle/jre/lib/amd64/libzip.so
7fb9c39e1000-7fb9c3be1000 ---p 0001a000 08:01 1326255                    /usr/lib/jvm/java-8-oracle/jre/lib/amd64/libzip.so
7fb9c3be1000-7fb9c3be2000 rw-p 0001a000 08:01 1326255                    /usr/lib/jvm/java-8-oracle/jre/lib/amd64/libzip.so
7fb9c3be2000-7fb9c3bed000 r-xp 00000000 08:01 2113275                    /lib/x86_64-linux-gnu/libnss_files-2.23.so
7fb9c3bed000-7fb9c3dec000 ---p 0000b000 08:01 2113275                    /lib/x86_64-linux-gnu/libnss_files-2.23.so
7fb9c3dec000-7fb9c3ded000 r--p 0000a000 08:01 2113275                    /lib/x86_64-linux-gnu/libnss_files-2.23.so
7fb9c3ded000-7fb9c3dee000 rw-p 0000b000 08:01 2113275                    /lib/x86_64-linux-gnu/libnss_files-2.23.so
7fb9c3dee000-7fb9c3df4000 rw-p 00000000 00:00 0 
7fb9c3df4000-7fb9c3dff000 r-xp 00000000 08:01 2113272                    /lib/x86_64-linux-gnu/libnss_nis-2.23.so
7fb9c3dff000-7fb9c3ffe000 ---p 0000b000 08:01 2113272                    /lib/x86_64-linux-gnu/libnss_nis-2.23.so
7fb9c3ffe000-7fb9c3fff000 r--p 0000a000 08:01 2113272                    /lib/x86_64-linux-gnu/libnss_nis-2.23.so
7fb9c3fff000-7fb9c4000000 rw-p 0000b000 08:01 2113272                    /lib/x86_64-linux-gnu/libnss_nis-2.23.so
7fb9c4000000-7fb9c6ae6000 rw-p 00000000 00:00 0 
7fb9c6ae6000-7fb9c8000000 ---p 00000000 00:00 0 
7fb9c8000000-7fb9c8001000 r--s 00000000 08:05 918131                     /home/pavlenko/.m2/repository/org/springframework/boot/spring-boot-starter-aop/1.4.0.RELEASE/spring-boot-starter-aop-1.4.0.RELEASE.jar
7fb9c8001000-7fb9c8005000 r--s 00041000 08:05 917757                     /home/pavlenko/.m2/repository/com/fasterxml/jackson/core/jackson-core/2.8.1/jackson-core-2.8.1.jar
7fb9c8005000-7fb9c8008000 r--s 0000b000 08:05 788397                     /home/pavlenko/.m2/repository/com/fasterxml/jackson/core/jackson-annotations/2.8.1/jackson-annotations-2.8.1.jar
7fb9c8008000-7fb9c800a000 r--s 0000e000 08:05 788311                     /home/pavlenko/.m2/repository/com/fasterxml/classmate/1.3.1/classmate-1.3.1.jar
7fb9c800a000-7fb9c80cf000 rw-p 00000000 00:00 0 
7fb9c80cf000-7fb9c80d0000 ---p 00000000 00:00 0 
7fb9c80d0000-7fb9c81d0000 rw-p 00000000 00:00 0 
7fb9c81d0000-7fb9c81e6000 r-xp 00000000 08:01 2110815                    /lib/x86_64-linux-gnu/libnsl-2.23.so
7fb9c81e6000-7fb9c83e5000 ---p 00016000 08:01 2110815                    /lib/x86_64-linux-gnu/libnsl-2.23.so
7fb9c83e5000-7fb9c83e6000 r--p 00015000 08:01 2110815                    /lib/x86_64-linux-gnu/libnsl-2.23.so
7fb9c83e6000-7fb9c83e7000 rw-p 00016000 08:01 2110815                    /lib/x86_64-linux-gnu/libnsl-2.23.so
7fb9c83e7000-7fb9c83e9000 rw-p 00000000 00:00 0 
7fb9c83e9000-7fb9c83f1000 r-xp 00000000 08:01 2110808                    /lib/x86_64-linux-gnu/libnss_compat-2.23.so
7fb9c83f1000-7fb9c85f0000 ---p 00008000 08:01 2110808                    /lib/x86_64-linux-gnu/libnss_compat-2.23.so
7fb9c85f0000-7fb9c85f1000 r--p 00007000 08:01 2110808                    /lib/x86_64-linux-gnu/libnss_compat-2.23.so
7fb9c85f1000-7fb9c85f2000 rw-p 00008000 08:01 2110808                    /lib/x86_64-linux-gnu/libnss_compat-2.23.so
7fb9c85f2000-7fb9c85fc000 r-xp 00000000 08:01 1326231                    /usr/lib/jvm/java-8-oracle/jre/lib/amd64/libinstrument.so
7fb9c85fc000-7fb9c87fb000 ---p 0000a000 08:01 1326231                    /usr/lib/jvm/java-8-oracle/jre/lib/amd64/libinstrument.so
7fb9c87fb000-7fb9c87fc000 rw-p 00009000 08:01 1326231                    /usr/lib/jvm/java-8-oracle/jre/lib/amd64/libinstrument.so
7fb9c87fc000-7fb9c8c06000 r--p 00000000 08:01 1061404                    /usr/lib/locale/locale-archive
7fb9c8c06000-7fb9c8c08000 r-xp 00000000 08:01 1326242                    /usr/lib/jvm/java-8-oracle/jre/lib/amd64/libnpt.so
7fb9c8c08000-7fb9c8e08000 ---p 00002000 08:01 1326242                    /usr/lib/jvm/java-8-oracle/jre/lib/amd64/libnpt.so
7fb9c8e08000-7fb9c8e09000 rw-p 00002000 08:01 1326242                    /usr/lib/jvm/java-8-oracle/jre/lib/amd64/libnpt.so
7fb9c8e09000-7fb9c8e42000 r-xp 00000000 08:01 1319423                    /usr/lib/jvm/java-8-oracle/jre/lib/amd64/libjdwp.so
7fb9c8e42000-7fb9c9041000 ---p 00039000 08:01 1319423                    /usr/lib/jvm/java-8-oracle/jre/lib/amd64/libjdwp.so
7fb9c9041000-7fb9c9043000 rw-p 00038000 08:01 1319423                    /usr/lib/jvm/java-8-oracle/jre/lib/amd64/libjdwp.so
7fb9c9043000-7fb9c906d000 r-xp 00000000 08:01 1319433                    /usr/lib/jvm/java-8-oracle/jre/lib/amd64/libjava.so
7fb9c906d000-7fb9c926d000 ---p 0002a000 08:01 1319433                    /usr/lib/jvm/java-8-oracle/jre/lib/amd64/libjava.so
7fb9c926d000-7fb9c926f000 rw-p 0002a000 08:01 1319433                    /usr/lib/jvm/java-8-oracle/jre/lib/amd64/libjava.so
7fb9c926f000-7fb9c927c000 r-xp 00000000 08:01 1326257                    /usr/lib/jvm/java-8-oracle/jre/lib/amd64/libverify.so
7fb9c927c000-7fb9c947c000 ---p 0000d000 08:01 1326257                    /usr/lib/jvm/java-8-oracle/jre/lib/amd64/libverify.so
7fb9c947c000-7fb9c947e000 rw-p 0000d000 08:01 1326257                    /usr/lib/jvm/java-8-oracle/jre/lib/amd64/libverify.so
7fb9c947e000-7fb9c9485000 r-xp 00000000 08:01 2113286                    /lib/x86_64-linux-gnu/librt-2.23.so
7fb9c9485000-7fb9c9684000 ---p 00007000 08:01 2113286                    /lib/x86_64-linux-gnu/librt-2.23.so
7fb9c9684000-7fb9c9685000 r--p 00006000 08:01 2113286                    /lib/x86_64-linux-gnu/librt-2.23.so
7fb9c9685000-7fb9c9686000 rw-p 00007000 08:01 2113286                    /lib/x86_64-linux-gnu/librt-2.23.so
7fb9c9686000-7fb9c978e000 r-xp 00000000 08:01 2113281                    /lib/x86_64-linux-gnu/libm-2.23.so
7fb9c978e000-7fb9c998d000 ---p 00108000 08:01 2113281                    /lib/x86_64-linux-gnu/libm-2.23.so
7fb9c998d000-7fb9c998e000 r--p 00107000 08:01 2113281                    /lib/x86_64-linux-gnu/libm-2.23.so
7fb9c998e000-7fb9c998f000 rw-p 00108000 08:01 2113281                    /lib/x86_64-linux-gnu/libm-2.23.so
7fb9c998f000-7fb9ca65a000 r-xp 00000000 08:01 1326233                    /usr/lib/jvm/java-8-oracle/jre/lib/amd64/server/libjvm.so
7fb9ca65a000-7fb9ca859000 ---p 00ccb000 08:01 1326233                    /usr/lib/jvm/java-8-oracle/jre/lib/amd64/server/libjvm.so
7fb9ca859000-7fb9ca932000 rw-p 00cca000 08:01 1326233                    /usr/lib/jvm/java-8-oracle/jre/lib/amd64/server/libjvm.so
7fb9ca932000-7fb9ca97d000 rw-p 00000000 00:00 0 
7fb9ca97d000-7fb9cab3d000 r-xp 00000000 08:01 2113291                    /lib/x86_64-linux-gnu/libc-2.23.so
7fb9cab3d000-7fb9cad3c000 ---p 001c0000 08:01 2113291                    /lib/x86_64-linux-gnu/libc-2.23.so
7fb9cad3c000-7fb9cad40000 r--p 001bf000 08:01 2113291                    /lib/x86_64-linux-gnu/libc-2.23.so
7fb9cad40000-7fb9cad42000 rw-p 001c3000 08:01 2113291                    /lib/x86_64-linux-gnu/libc-2.23.so
7fb9cad42000-7fb9cad46000 rw-p 00000000 00:00 0 
7fb9cad46000-7fb9cad49000 r-xp 00000000 08:01 2113292                    /lib/x86_64-linux-gnu/libdl-2.23.so
7fb9cad49000-7fb9caf48000 ---p 00003000 08:01 2113292                    /lib/x86_64-linux-gnu/libdl-2.23.so
7fb9caf48000-7fb9caf49000 r--p 00002000 08:01 2113292                    /lib/x86_64-linux-gnu/libdl-2.23.so
7fb9caf49000-7fb9caf4a000 rw-p 00003000 08:01 2113292                    /lib/x86_64-linux-gnu/libdl-2.23.so
7fb9caf4a000-7fb9caf5f000 r-xp 00000000 08:01 1722442                    /usr/lib/jvm/java-8-oracle/lib/amd64/jli/libjli.so
7fb9caf5f000-7fb9cb15f000 ---p 00015000 08:01 1722442                    /usr/lib/jvm/java-8-oracle/lib/amd64/jli/libjli.so
7fb9cb15f000-7fb9cb160000 rw-p 00015000 08:01 1722442                    /usr/lib/jvm/java-8-oracle/lib/amd64/jli/libjli.so
7fb9cb160000-7fb9cb178000 r-xp 00000000 08:01 2113290                    /lib/x86_64-linux-gnu/libpthread-2.23.so
7fb9cb178000-7fb9cb377000 ---p 00018000 08:01 2113290                    /lib/x86_64-linux-gnu/libpthread-2.23.so
7fb9cb377000-7fb9cb378000 r--p 00017000 08:01 2113290                    /lib/x86_64-linux-gnu/libpthread-2.23.so
7fb9cb378000-7fb9cb379000 rw-p 00018000 08:01 2113290                    /lib/x86_64-linux-gnu/libpthread-2.23.so
7fb9cb379000-7fb9cb37d000 rw-p 00000000 00:00 0 
7fb9cb37d000-7fb9cb3a3000 r-xp 00000000 08:01 2113287                    /lib/x86_64-linux-gnu/ld-2.23.so
7fb9cb3a3000-7fb9cb3a4000 r--s 00000000 08:05 918129                     /home/pavlenko/.m2/repository/org/springframework/boot/spring-boot-starter-data-jpa/1.4.0.RELEASE/spring-boot-starter-data-jpa-1.4.0.RELEASE.jar
7fb9cb3a4000-7fb9cb3a6000 r--s 0000f000 08:05 917753                     /home/pavlenko/.m2/repository/org/jboss/logging/jboss-logging/3.3.0.Final/jboss-logging-3.3.0.Final.jar
7fb9cb3a6000-7fb9cb3b6000 r--s 0009c000 08:05 917751                     /home/pavlenko/.m2/repository/org/hibernate/hibernate-validator/5.2.4.Final/hibernate-validator-5.2.4.Final.jar
7fb9cb3b6000-7fb9cb3bb000 r--s 00036000 08:05 10095096                   /home/pavlenko/.m2/repository/org/apache/tomcat/embed/tomcat-embed-websocket/8.5.4/tomcat-embed-websocket-8.5.4.jar
7fb9cb3bb000-7fb9cb3c0000 r--s 00036000 08:05 9965496                    /home/pavlenko/.m2/repository/org/apache/tomcat/embed/tomcat-embed-el/8.5.4/tomcat-embed-el-8.5.4.jar
7fb9cb3c0000-7fb9cb3c6000 r--s 0003d000 08:05 917747                     /home/pavlenko/.m2/repository/org/yaml/snakeyaml/1.17/snakeyaml-1.17.jar
7fb9cb3c6000-7fb9cb3c8000 r--s 00004000 08:05 11537205                   /home/pavlenko/.m2/repository/org/slf4j/log4j-over-slf4j/1.7.21/log4j-over-slf4j-1.7.21.jar
7fb9cb3c8000-7fb9cb3ca000 r--s 00000000 08:05 11537203                   /home/pavlenko/.m2/repository/org/slf4j/jul-to-slf4j/1.7.21/jul-to-slf4j-1.7.21.jar
7fb9cb3ca000-7fb9cb3d4000 r--s 00069000 08:05 917745                     /home/pavlenko/.m2/repository/ch/qos/logback/logback-core/1.1.7/logback-core-1.1.7.jar
7fb9cb3d4000-7fb9cb3f1000 r--s 000c7000 08:05 917739                     /home/pavlenko/.m2/repository/org/springframework/boot/spring-boot-autoconfigure/1.4.0.RELEASE/spring-boot-autoconfigure-1.4.0.RELEASE.jar
7fb9cb3f1000-7fb9cb473000 rw-p 00000000 00:00 0 
7fb9cb473000-7fb9cb476000 ---p 00000000 00:00 0 
7fb9cb476000-7fb9cb578000 rw-p 00000000 00:00 0 
7fb9cb578000-7fb9cb579000 r--s 00000000 08:05 917749                     /home/pavlenko/.m2/repository/org/springframework/boot/spring-boot-starter-tomcat/1.4.0.RELEASE/spring-boot-starter-tomcat-1.4.0.RELEASE.jar
7fb9cb579000-7fb9cb580000 r--s 00044000 08:05 917743                     /home/pavlenko/.m2/repository/ch/qos/logback/logback-classic/1.1.7/logback-classic-1.1.7.jar
7fb9cb580000-7fb9cb581000 r--s 00000000 08:05 917741                     /home/pavlenko/.m2/repository/org/springframework/boot/spring-boot-starter-logging/1.4.0.RELEASE/spring-boot-starter-logging-1.4.0.RELEASE.jar
7fb9cb581000-7fb9cb590000 r--s 0008f000 08:05 917737                     /home/pavlenko/.m2/repository/org/springframework/boot/spring-boot/1.4.0.RELEASE/spring-boot-1.4.0.RELEASE.jar
7fb9cb590000-7fb9cb591000 r--s 00000000 08:05 917735                     /home/pavlenko/.m2/repository/org/springframework/boot/spring-boot-starter/1.4.0.RELEASE/spring-boot-starter-1.4.0.RELEASE.jar
7fb9cb591000-7fb9cb592000 r--s 00000000 08:05 917731                     /home/pavlenko/.m2/repository/org/springframework/boot/spring-boot-starter-web/1.4.0.RELEASE/spring-boot-starter-web-1.4.0.RELEASE.jar
7fb9cb592000-7fb9cb59a000 rw-s 00000000 08:01 132379                     /tmp/hsperfdata_pavlenko/16218
7fb9cb59a000-7fb9cb59b000 rw-p 00000000 00:00 0 
7fb9cb59b000-7fb9cb59c000 ---p 00000000 00:00 0 
7fb9cb59c000-7fb9cb59e000 rw-p 00000000 00:00 0 
7fb9cb59e000-7fb9cb5a0000 r--p 00000000 00:00 0                          [vvar]
7fb9cb5a0000-7fb9cb5a2000 r-xp 00000000 00:00 0                          [vdso]
7fb9cb5a2000-7fb9cb5a3000 r--p 00025000 08:01 2113287                    /lib/x86_64-linux-gnu/ld-2.23.so
7fb9cb5a3000-7fb9cb5a4000 rw-p 00026000 08:01 2113287                    /lib/x86_64-linux-gnu/ld-2.23.so
7fb9cb5a4000-7fb9cb5a5000 rw-p 00000000 00:00 0 
7ffc75bda000-7ffc75bfe000 rw-p 00000000 00:00 0                          [stack]
ffffffffff600000-ffffffffff601000 r-xp 00000000 00:00 0                  [vsyscall]

VM Arguments:
jvm_args: -agentlib:jdwp=transport=dt_socket,suspend=y,address=localhost:32793 -javaagent:/home/pavlenko/.m2/repository/org/springframework/spring-instrument/4.3.2.RELEASE/spring-instrument-4.3.2.RELEASE.jar -Dfile.encoding=UTF-8 
java_command: com.ntr1x.treasure.web.App
java_class_path (initial): /home/pavlenko/workspace/treasure.web/target/classes:/home/pavlenko/.m2/repository/org/springframework/boot/spring-boot-starter-web/1.4.0.RELEASE/spring-boot-starter-web-1.4.0.RELEASE.jar:/home/pavlenko/.m2/repository/org/springframework/boot/spring-boot-starter/1.4.0.RELEASE/spring-boot-starter-1.4.0.RELEASE.jar:/home/pavlenko/.m2/repository/org/springframework/boot/spring-boot/1.4.0.RELEASE/spring-boot-1.4.0.RELEASE.jar:/home/pavlenko/.m2/repository/org/springframework/boot/spring-boot-autoconfigure/1.4.0.RELEASE/spring-boot-autoconfigure-1.4.0.RELEASE.jar:/home/pavlenko/.m2/repository/org/springframework/boot/spring-boot-starter-logging/1.4.0.RELEASE/spring-boot-starter-logging-1.4.0.RELEASE.jar:/home/pavlenko/.m2/repository/ch/qos/logback/logback-classic/1.1.7/logback-classic-1.1.7.jar:/home/pavlenko/.m2/repository/ch/qos/logback/logback-core/1.1.7/logback-core-1.1.7.jar:/home/pavlenko/.m2/repository/org/slf4j/jul-to-slf4j/1.7.21/jul-to-slf4j-1.7.21.jar:/home/pavlenko/.m2/repository/org/slf4j/log4j-over-slf4j/1.7.21/log4j-over-slf4j-1.7.21.jar:/home/pavlenko/.m2/repository/org/yaml/snakeyaml/1.17/snakeyaml-1.17.jar:/home/pavlenko/.m2/repository/org/springframework/boot/spring-boot-starter-tomcat/1.4.0.RELEASE/spring-boot-starter-tomcat-1.4.0.RELEASE.jar:/home/pavlenko/.m2/repository/org/apache/tomcat/embed/tomcat-embed-core/8.5.4/tomcat-embed-core-8.5.4.jar:/home/pavlenko/.m2/repository/org/apache/tomcat/embed/tomcat-embed-el/8.5.4/tomcat-embed-el-8.5.4.jar:/home/pavlenko/.m2/repository/org/apache/tomcat/embed/tomcat-embed-websocket/8.5.4/tomcat-embed-websocket-8.5.4.jar:/home/pavlenko/.m2/repository/org/hibernate/hibernate-validator/5.2.4.Final/hibernate-validator-5.2.4.Final.jar:/home/pavlenko/.m2/repository/org/jboss/logging/jboss-logging/3.3.0.Final/jboss-logging-3.3.0.Final.jar:/home/pavlenko/.m2/repository/com/fasterxml/classmate/1.3.1/classmate-1.3.1.jar:/home/pavlenko/.m2/repository/com/fasterxml/jackson/core/jackson-databind
Launcher Type: SUN_STANDARD

Environment Variables:
PATH=/usr/local/sbin:/usr/local/bin:/usr/sbin:/usr/bin:/sbin:/bin:/usr/games:/usr/local/games:/snap/bin
SHELL=/bin/bash
DISPLAY=:0

Signal Handlers:
SIGSEGV: [libjvm.so+0xac4790], sa_mask[0]=11111111011111111101111111111110, sa_flags=SA_RESTART|SA_SIGINFO
SIGBUS: [libjvm.so+0xac4790], sa_mask[0]=11111111011111111101111111111110, sa_flags=SA_RESTART|SA_SIGINFO
SIGFPE: [libjvm.so+0x91f140], sa_mask[0]=11111111011111111101111111111110, sa_flags=SA_RESTART|SA_SIGINFO
SIGPIPE: [libjvm.so+0x91f140], sa_mask[0]=11111111011111111101111111111110, sa_flags=SA_RESTART|SA_SIGINFO
SIGXFSZ: [libjvm.so+0x91f140], sa_mask[0]=11111111011111111101111111111110, sa_flags=SA_RESTART|SA_SIGINFO
SIGILL: [libjvm.so+0x91f140], sa_mask[0]=11111111011111111101111111111110, sa_flags=SA_RESTART|SA_SIGINFO
SIGUSR1: SIG_DFL, sa_mask[0]=00000000000000000000000000000000, sa_flags=none
SIGUSR2: [libjvm.so+0x920770], sa_mask[0]=00100000000000000000000000000000, sa_flags=SA_RESTART|SA_SIGINFO
SIGHUP: [libjvm.so+0x921b70], sa_mask[0]=11111111011111111101111111111110, sa_flags=SA_RESTART|SA_SIGINFO
SIGINT: [libjvm.so+0x921b70], sa_mask[0]=11111111011111111101111111111110, sa_flags=SA_RESTART|SA_SIGINFO
SIGTERM: [libjvm.so+0x921b70], sa_mask[0]=11111111011111111101111111111110, sa_flags=SA_RESTART|SA_SIGINFO
SIGQUIT: [libjvm.so+0x921b70], sa_mask[0]=11111111011111111101111111111110, sa_flags=SA_RESTART|SA_SIGINFO


---------------  S Y S T E M  ---------------

OS:DISTRIB_ID=Ubuntu
DISTRIB_RELEASE=16.04
DISTRIB_CODENAME=xenial
DISTRIB_DESCRIPTION="Ubuntu 16.04.1 LTS"

uname:Linux 4.4.0-34-generic #53-Ubuntu SMP Wed Jul 27 16:06:39 UTC 2016 x86_64
libc:glibc 2.23 NPTL 2.23 
rlimit: STACK 8192k, CORE 0k, NPROC 31458, NOFILE 65536, AS infinity
load average:18,63 5,23 2,15

/proc/meminfo:
MemTotal:        8093744 kB
MemFree:          143768 kB
MemAvailable:      46344 kB
Buffers:            1128 kB
Cached:           813144 kB
SwapCached:            0 kB
Active:          6945188 kB
Inactive:         726380 kB
Active(anon):    6929312 kB
Inactive(anon):   709840 kB
Active(file):      15876 kB
Inactive(file):    16540 kB
Unevictable:         116 kB
Mlocked:             116 kB
SwapTotal:             0 kB
SwapFree:              0 kB
Dirty:               176 kB
Writeback:             0 kB
AnonPages:       6860196 kB
Mapped:           409108 kB
Shmem:            777736 kB
Slab:              97532 kB
SReclaimable:      44736 kB
SUnreclaim:        52796 kB
KernelStack:       18032 kB
PageTables:        74508 kB
NFS_Unstable:          0 kB
Bounce:                0 kB
WritebackTmp:          0 kB
CommitLimit:     4046872 kB
Committed_AS:   15543288 kB
VmallocTotal:   34359738367 kB
VmallocUsed:           0 kB
VmallocChunk:          0 kB
HardwareCorrupted:     0 kB
AnonHugePages:   3586048 kB
CmaTotal:              0 kB
CmaFree:               0 kB
HugePages_Total:       0
HugePages_Free:        0
HugePages_Rsvd:        0
HugePages_Surp:        0
Hugepagesize:       2048 kB
DirectMap4k:      199636 kB
DirectMap2M:     8108032 kB
DirectMap1G:           0 kB


CPU:total 8 (4 cores per cpu, 2 threads per core) family 6 model 60 stepping 3, cmov, cx8, fxsr, mmx, sse, sse2, sse3, ssse3, sse4.1, sse4.2, popcnt, avx, avx2, aes, clmul, erms, lzcnt, ht, tsc, tscinvbit, bmi1, bmi2

/proc/cpuinfo:
processor	: 0
vendor_id	: GenuineIntel
cpu family	: 6
model		: 60
model name	: Intel(R) Core(TM) i7-4700MQ CPU @ 2.40GHz
stepping	: 3
microcode	: 0x12
cpu MHz		: 3000.000
cache size	: 6144 KB
physical id	: 0
siblings	: 8
core id		: 0
cpu cores	: 4
apicid		: 0
initial apicid	: 0
fpu		: yes
fpu_exception	: yes
cpuid level	: 13
wp		: yes
flags		: fpu vme de pse tsc msr pae mce cx8 apic sep mtrr pge mca cmov pat pse36 clflush dts acpi mmx fxsr sse sse2 ss ht tm pbe syscall nx pdpe1gb rdtscp lm constant_tsc arch_perfmon pebs bts rep_good nopl xtopology nonstop_tsc aperfmperf eagerfpu pni pclmulqdq dtes64 monitor ds_cpl vmx est tm2 ssse3 sdbg fma cx16 xtpr pdcm pcid sse4_1 sse4_2 movbe popcnt tsc_deadline_timer aes xsave avx f16c rdrand lahf_lm abm epb tpr_shadow vnmi flexpriority ept vpid fsgsbase tsc_adjust bmi1 avx2 smep bmi2 erms invpcid xsaveopt dtherm ida arat pln pts
bugs		:
bogomips	: 4788.67
clflush size	: 64
cache_alignment	: 64
address sizes	: 39 bits physical, 48 bits virtual
power management:

processor	: 1
vendor_id	: GenuineIntel
cpu family	: 6
model		: 60
model name	: Intel(R) Core(TM) i7-4700MQ CPU @ 2.40GHz
stepping	: 3
microcode	: 0x12
cpu MHz		: 3000.000
cache size	: 6144 KB
physical id	: 0
siblings	: 8
core id		: 1
cpu cores	: 4
apicid		: 2
initial apicid	: 2
fpu		: yes
fpu_exception	: yes
cpuid level	: 13
wp		: yes
flags		: fpu vme de pse tsc msr pae mce cx8 apic sep mtrr pge mca cmov pat pse36 clflush dts acpi mmx fxsr sse sse2 ss ht tm pbe syscall nx pdpe1gb rdtscp lm constant_tsc arch_perfmon pebs bts rep_good nopl xtopology nonstop_tsc aperfmperf eagerfpu pni pclmulqdq dtes64 monitor ds_cpl vmx est tm2 ssse3 sdbg fma cx16 xtpr pdcm pcid sse4_1 sse4_2 movbe popcnt tsc_deadline_timer aes xsave avx f16c rdrand lahf_lm abm epb tpr_shadow vnmi flexpriority ept vpid fsgsbase tsc_adjust bmi1 avx2 smep bmi2 erms invpcid xsaveopt dtherm ida arat pln pts
bugs		:
bogomips	: 4788.67
clflush size	: 64
cache_alignment	: 64
address sizes	: 39 bits physical, 48 bits virtual
power management:

processor	: 2
vendor_id	: GenuineIntel
cpu family	: 6
model		: 60
model name	: Intel(R) Core(TM) i7-4700MQ CPU @ 2.40GHz
stepping	: 3
microcode	: 0x12
cpu MHz		: 2999.906
cache size	: 6144 KB
physical id	: 0
siblings	: 8
core id		: 2
cpu cores	: 4
apicid		: 4
initial apicid	: 4
fpu		: yes
fpu_exception	: yes
cpuid level	: 13
wp		: yes
flags		: fpu vme de pse tsc msr pae mce cx8 apic sep mtrr pge mca cmov pat pse36 clflush dts acpi mmx fxsr sse sse2 ss ht tm pbe syscall nx pdpe1gb rdtscp lm constant_tsc arch_perfmon pebs bts rep_good nopl xtopology nonstop_tsc aperfmperf eagerfpu pni pclmulqdq dtes64 monitor ds_cpl vmx est tm2 ssse3 sdbg fma cx16 xtpr pdcm pcid sse4_1 sse4_2 movbe popcnt tsc_deadline_timer aes xsave avx f16c rdrand lahf_lm abm epb tpr_shadow vnmi flexpriority ept vpid fsgsbase tsc_adjust bmi1 avx2 smep bmi2 erms invpcid xsaveopt dtherm ida arat pln pts
bugs		:
bogomips	: 4788.67
clflush size	: 64
cache_alignment	: 64
address sizes	: 39 bits physical, 48 bits virtual
power management:

processor	: 3
vendor_id	: GenuineIntel
cpu family	: 6
model		: 60
model name	: Intel(R) Core(TM) i7-4700MQ CPU @ 2.40GHz
stepping	: 3
microcode	: 0x12
cpu MHz		: 3000.000
cache size	: 6144 KB
physical id	: 0
siblings	: 8
core id		: 3
cpu cores	: 4
apicid		: 6
initial apicid	: 6
fpu		: yes
fpu_exception	: yes
cpuid level	: 13
wp		: yes
flags		: fpu vme de pse tsc msr pae mce cx8 apic sep mtrr pge mca cmov pat pse36 clflush dts acpi mmx fxsr sse sse2 ss ht tm pbe syscall nx pdpe1gb rdtscp lm constant_tsc arch_perfmon pebs bts rep_good nopl xtopology nonstop_tsc aperfmperf eagerfpu pni pclmulqdq dtes64 monitor ds_cpl vmx est tm2 ssse3 sdbg fma cx16 xtpr pdcm pcid sse4_1 sse4_2 movbe popcnt tsc_deadline_timer aes xsave avx f16c rdrand lahf_lm abm epb tpr_shadow vnmi flexpriority ept vpid fsgsbase tsc_adjust bmi1 avx2 smep bmi2 erms invpcid xsaveopt dtherm ida arat pln pts
bugs		:
bogomips	: 4788.67
clflush size	: 64
cache_alignment	: 64
address sizes	: 39 bits physical, 48 bits virtual
power management:

processor	: 4
vendor_id	: GenuineIntel
cpu family	: 6
model		: 60
model name	: Intel(R) Core(TM) i7-4700MQ CPU @ 2.40GHz
stepping	: 3
microcode	: 0x12
cpu MHz		: 2993.812
cache size	: 6144 KB
physical id	: 0
siblings	: 8
core id		: 0
cpu cores	: 4
apicid		: 1
initial apicid	: 1
fpu		: yes
fpu_exception	: yes
cpuid level	: 13
wp		: yes
flags		: fpu vme de pse tsc msr pae mce cx8 apic sep mtrr pge mca cmov pat pse36 clflush dts acpi mmx fxsr sse sse2 ss ht tm pbe syscall nx pdpe1gb rdtscp lm constant_tsc arch_perfmon pebs bts rep_good nopl xtopology nonstop_tsc aperfmperf eagerfpu pni pclmulqdq dtes64 monitor ds_cpl vmx est tm2 ssse3 sdbg fma cx16 xtpr pdcm pcid sse4_1 sse4_2 movbe popcnt tsc_deadline_timer aes xsave avx f16c rdrand lahf_lm abm epb tpr_shadow vnmi flexpriority ept vpid fsgsbase tsc_adjust bmi1 avx2 smep bmi2 erms invpcid xsaveopt dtherm ida arat pln pts
bugs		:
bogomips	: 4788.67
clflush size	: 64
cache_alignment	: 64
address sizes	: 39 bits physical, 48 bits virtual
power management:

processor	: 5
vendor_id	: GenuineIntel
cpu family	: 6
model		: 60
model name	: Intel(R) Core(TM) i7-4700MQ CPU @ 2.40GHz
stepping	: 3
microcode	: 0x12
cpu MHz		: 2904.375
cache size	: 6144 KB
physical id	: 0
siblings	: 8
core id		: 1
cpu cores	: 4
apicid		: 3
initial apicid	: 3
fpu		: yes
fpu_exception	: yes
cpuid level	: 13
wp		: yes
flags		: fpu vme de pse tsc msr pae mce cx8 apic sep mtrr pge mca cmov pat pse36 clflush dts acpi mmx fxsr sse sse2 ss ht tm pbe syscall nx pdpe1gb rdtscp lm constant_tsc arch_perfmon pebs bts rep_good nopl xtopology nonstop_tsc aperfmperf eagerfpu pni pclmulqdq dtes64 monitor ds_cpl vmx est tm2 ssse3 sdbg fma cx16 xtpr pdcm pcid sse4_1 sse4_2 movbe popcnt tsc_deadline_timer aes xsave avx f16c rdrand lahf_lm abm epb tpr_shadow vnmi flexpriority ept vpid fsgsbase tsc_adjust bmi1 avx2 smep bmi2 erms invpcid xsaveopt dtherm ida arat pln pts
bugs		:
bogomips	: 4788.67
clflush size	: 64
cache_alignment	: 64
address sizes	: 39 bits physical, 48 bits virtual
power management:

processor	: 6
vendor_id	: GenuineIntel
cpu family	: 6
model		: 60
model name	: Intel(R) Core(TM) i7-4700MQ CPU @ 2.40GHz
stepping	: 3
microcode	: 0x12
cpu MHz		: 3000.000
cache size	: 6144 KB
physical id	: 0
siblings	: 8
core id		: 2
cpu cores	: 4
apicid		: 5
initial apicid	: 5
fpu		: yes
fpu_exception	: yes
cpuid level	: 13
wp		: yes
flags		: fpu vme de pse tsc msr pae mce cx8 apic sep mtrr pge mca cmov pat pse36 clflush dts acpi mmx fxsr sse sse2 ss ht tm pbe syscall nx pdpe1gb rdtscp lm constant_tsc arch_perfmon pebs bts rep_good nopl xtopology nonstop_tsc aperfmperf eagerfpu pni pclmulqdq dtes64 monitor ds_cpl vmx est tm2 ssse3 sdbg fma cx16 xtpr pdcm pcid sse4_1 sse4_2 movbe popcnt tsc_deadline_timer aes xsave avx f16c rdrand lahf_lm abm epb tpr_shadow vnmi flexpriority ept vpid fsgsbase tsc_adjust bmi1 avx2 smep bmi2 erms invpcid xsaveopt dtherm ida arat pln pts
bugs		:
bogomips	: 4788.67
clflush size	: 64
cache_alignment	: 64
address sizes	: 39 bits physical, 48 bits virtual
power management:

processor	: 7
vendor_id	: GenuineIntel
cpu family	: 6
model		: 60
model name	: Intel(R) Core(TM) i7-4700MQ CPU @ 2.40GHz
stepping	: 3
microcode	: 0x12
cpu MHz		: 3000.000
cache size	: 6144 KB
physical id	: 0
siblings	: 8
core id		: 3
cpu cores	: 4
apicid		: 7
initial apicid	: 7
fpu		: yes
fpu_exception	: yes
cpuid level	: 13
wp		: yes
flags		: fpu vme de pse tsc msr pae mce cx8 apic sep mtrr pge mca cmov pat pse36 clflush dts acpi mmx fxsr sse sse2 ss ht tm pbe syscall nx pdpe1gb rdtscp lm constant_tsc arch_perfmon pebs bts rep_good nopl xtopology nonstop_tsc aperfmperf eagerfpu pni pclmulqdq dtes64 monitor ds_cpl vmx est tm2 ssse3 sdbg fma cx16 xtpr pdcm pcid sse4_1 sse4_2 movbe popcnt tsc_deadline_timer aes xsave avx f16c rdrand lahf_lm abm epb tpr_shadow vnmi flexpriority ept vpid fsgsbase tsc_adjust bmi1 avx2 smep bmi2 erms invpcid xsaveopt dtherm ida arat pln pts
bugs		:
bogomips	: 4788.67
clflush size	: 64
cache_alignment	: 64
address sizes	: 39 bits physical, 48 bits virtual
power management:



Memory: 4k page, physical 8093744k(143768k free), swap 0k(0k free)

vm_info: Java HotSpot(TM) 64-Bit Server VM (25.101-b13) for linux-amd64 JRE (1.8.0_101-b13), built on Jun 22 2016 02:59:44 by "java_re" with gcc 4.3.0 20080428 (Red Hat 4.3.0-8)

time: Sat Aug 27 19:49:11 2016
elapsed time: 150 seconds (0d 0h 2m 30s)

