#
# There is insufficient memory for the Java Runtime Environment to continue.
# Native memory allocation (mmap) failed to map 192413696 bytes for committing reserved memory.
# Possible reasons:
#   The system is out of physical RAM or swap space
#   In 32 bit mode, the process size limit was hit
# Possible solutions:
#   Reduce memory load on the system
#   Increase physical memory or swap space
#   Check if swap backing store is full
#   Use 64 bit Java on a 64 bit OS
#   Decrease Java heap size (-Xmx/-Xms)
#   Decrease number of Java threads
#   Decrease Java thread stack sizes (-Xss)
#   Set larger code cache with -XX:ReservedCodeCacheSize=
# This output file may be truncated or incomplete.
#
#  Out of Memory Error (os_linux.cpp:2627), pid=14627, tid=0x00007f3da982f700
#
# JRE version: Java(TM) SE Runtime Environment (8.0_101-b13) (build 1.8.0_101-b13)
# Java VM: Java HotSpot(TM) 64-Bit Server VM (25.101-b13 mixed mode linux-amd64 compressed oops)
# Failed to write core dump. Core dumps have been disabled. To enable core dumping, try "ulimit -c unlimited" before starting Java again
#

---------------  T H R E A D  ---------------

Current thread (0x00007f3de01cf800):  VMThread [stack: 0x00007f3da972f000,0x00007f3da9830000] [id=14642]

Stack: [0x00007f3da972f000,0x00007f3da9830000],  sp=0x00007f3da982e220,  free space=1020k
Native frames: (J=compiled Java code, j=interpreted, Vv=VM code, C=native code)
V  [libjvm.so+0xac3f0a]  VMError::report_and_die()+0x2ba
V  [libjvm.so+0x4fbf9b]  report_vm_out_of_memory(char const*, int, unsigned long, VMErrorType, char const*)+0x8b
V  [libjvm.so+0x9222d3]  os::Linux::commit_memory_impl(char*, unsigned long, bool)+0x103
V  [libjvm.so+0x922829]  os::pd_commit_memory(char*, unsigned long, unsigned long, bool)+0x29
V  [libjvm.so+0x91cb2a]  os::commit_memory(char*, unsigned long, unsigned long, bool)+0x2a
V  [libjvm.so+0x991053]  PSVirtualSpace::expand_by(unsigned long)+0x53
V  [libjvm.so+0x981920]  PSOldGen::expand(unsigned long)+0x170
V  [libjvm.so+0x981b2b]  PSOldGen::resize(unsigned long)+0x1cb
V  [libjvm.so+0x989821]  PSParallelCompact::invoke_no_policy(bool)+0x991
V  [libjvm.so+0x98f17d]  PSScavenge::invoke()+0x1ad
V  [libjvm.so+0x945fc0]  ParallelScavengeHeap::failed_mem_allocate(unsigned long)+0x70
V  [libjvm.so+0xac5927]  VM_ParallelGCFailedAllocation::doit()+0x97
V  [libjvm.so+0xacd405]  VM_Operation::evaluate()+0x55
V  [libjvm.so+0xacb7da]  VMThread::evaluate_operation(VM_Operation*)+0xba
V  [libjvm.so+0xacbb5e]  VMThread::loop()+0x1ce
V  [libjvm.so+0xacbfd0]  VMThread::run()+0x70
V  [libjvm.so+0x924698]  java_start(Thread*)+0x108

VM_Operation (0x00007f3d700ffea0): ParallelGCFailedAllocation, mode: safepoint, requested by thread 0x00007f3d50005000


---------------  P R O C E S S  ---------------

Java Threads: ( => current thread )
  0x00007f3d50005000 JavaThread "http-nio-8080-exec-3" daemon [_thread_blocked, id=14686, stack(0x00007f3d70006000,0x00007f3d70107000)]
  0x00007f3d50004800 JavaThread "http-nio-8080-exec-2" daemon [_thread_blocked, id=14681, stack(0x00007f3da8084000,0x00007f3da8185000)]
  0x00007f3d50001800 JavaThread "http-nio-8080-exec-1" daemon [_thread_blocked, id=14680, stack(0x00007f3d726cc000,0x00007f3d727cd000)]
  0x00007f3de0012000 JavaThread "DestroyJavaVM" [_thread_blocked, id=14632, stack(0x00007f3de7b34000,0x00007f3de7c35000)]
  0x00007f3de27d5000 JavaThread "http-nio-8080-AsyncTimeout" daemon [_thread_blocked, id=14675, stack(0x00007f3d70907000,0x00007f3d70a08000)]
  0x00007f3de27d4000 JavaThread "http-nio-8080-Acceptor-0" daemon [_thread_in_native, id=14674, stack(0x00007f3d70a08000,0x00007f3d70b09000)]
  0x00007f3de27d1000 JavaThread "http-nio-8080-ClientPoller-1" daemon [_thread_blocked, id=14673, stack(0x00007f3d70b09000,0x00007f3d70c0a000)]
  0x00007f3de279b000 JavaThread "http-nio-8080-ClientPoller-0" daemon [_thread_blocked, id=14672, stack(0x00007f3d70c0a000,0x00007f3d70d0b000)]
  0x00007f3de2799000 JavaThread "NioBlockingSelector.BlockPoller-1" daemon [_thread_blocked, id=14671, stack(0x00007f3d70d0b000,0x00007f3d70e0c000)]
  0x00007f3de02e8800 JavaThread "Abandoned connection cleanup thread" daemon [_thread_blocked, id=14667, stack(0x00007f3d71c0c000,0x00007f3d71d0d000)]
  0x00007f3de1da7000 JavaThread "Tomcat JDBC Pool Cleaner[414493378:1472306757590]" daemon [_thread_blocked, id=14666, stack(0x00007f3d71d0d000,0x00007f3d71e0e000)]
  0x00007f3de1d80800 JavaThread "container-0" [_thread_blocked, id=14665, stack(0x00007f3d71e0e000,0x00007f3d71f0f000)]
  0x00007f3d6417a000 JavaThread "ContainerBackgroundProcessor[StandardEngine[Tomcat].StandardHost[localhost].StandardContext[]]" daemon [_thread_blocked, id=14664, stack(0x00007f3d71f0f000,0x00007f3d72010000)]
  0x00007f3de073e800 JavaThread "Service Thread" daemon [_thread_blocked, id=14659, stack(0x00007f3da86eb000,0x00007f3da87ec000)]
  0x00007f3de0733000 JavaThread "C1 CompilerThread3" daemon [_thread_blocked, id=14658, stack(0x00007f3da87ec000,0x00007f3da88ed000)]
  0x00007f3de0731000 JavaThread "C2 CompilerThread2" daemon [_thread_blocked, id=14657, stack(0x00007f3da88ed000,0x00007f3da89ee000)]
  0x00007f3de072f000 JavaThread "C2 CompilerThread1" daemon [_thread_blocked, id=14656, stack(0x00007f3da89ee000,0x00007f3da8aef000)]
  0x00007f3de072d000 JavaThread "C2 CompilerThread0" daemon [_thread_blocked, id=14655, stack(0x00007f3da8aef000,0x00007f3da8bf0000)]
  0x00007f3d98001000 JavaThread "JDWP Command Reader" daemon [_thread_blocked, id=14651, stack(0x00007f3da8f25000,0x00007f3da9026000)]
  0x00007f3de0220800 JavaThread "JDWP Event Helper Thread" daemon [_thread_blocked, id=14649, stack(0x00007f3da9026000,0x00007f3da9127000)]
  0x00007f3de021d000 JavaThread "JDWP Transport Listener: dt_socket" daemon [_thread_blocked, id=14647, stack(0x00007f3da9127000,0x00007f3da9228000)]
  0x00007f3de020d800 JavaThread "Signal Dispatcher" daemon [_thread_blocked, id=14645, stack(0x00007f3da942c000,0x00007f3da952d000)]
  0x00007f3de01db800 JavaThread "Finalizer" daemon [_thread_blocked, id=14644, stack(0x00007f3da952d000,0x00007f3da962e000)]
  0x00007f3de01d7000 JavaThread "Reference Handler" daemon [_thread_blocked, id=14643, stack(0x00007f3da962e000,0x00007f3da972f000)]

Other Threads:
=>0x00007f3de01cf800 VMThread [stack: 0x00007f3da972f000,0x00007f3da9830000] [id=14642]
  0x00007f3de0744000 WatcherThread [stack: 0x00007f3da85ea000,0x00007f3da86eb000] [id=14660]

VM state:at safepoint (normal execution)

VM Mutex/Monitor currently owned by a thread:  ([mutex/lock_event])
[0x00007f3de0008320] ExpandHeap_lock - owner thread: 0x00007f3de01cf800
[0x00007f3de000ea80] Threads_lock - owner thread: 0x00007f3de01cf800
[0x00007f3de000ef80] Heap_lock - owner thread: 0x00007f3d50005000

Heap:
 PSYoungGen      total 638976K, used 5114K [0x00000000d6d00000, 0x0000000100000000, 0x0000000100000000)
  eden space 603136K, 0% used [0x00000000d6d00000,0x00000000d6d00000,0x00000000fba00000)
  from space 35840K, 14% used [0x00000000fba00000,0x00000000fbefe8a0,0x00000000fdd00000)
  to   space 35840K, 0% used [0x00000000fdd00000,0x00000000fdd00000,0x0000000100000000)
 ParOldGen       total 391168K, used 390685K [0x0000000084600000, 0x000000009c400000, 0x00000000d6d00000)
  object space 391168K, 99% used [0x0000000084600000,0x000000009c387678,0x000000009c400000)
 Metaspace       used 62397K, capacity 62960K, committed 63232K, reserved 1103872K
  class space    used 7785K, capacity 7924K, committed 7936K, reserved 1048576K

Card table byte_map: [0x00007f3dd0862000,0x00007f3dd0c40000] byte_map_base: 0x00007f3dd043f000

Marking Bits: (ParMarkBitMap*) 0x00007f3de700d120
 Begin Bits: [0x00007f3dcc1f8000, 0x00007f3dce0e0000)
 End Bits:   [0x00007f3dce0e0000, 0x00007f3dcffc8000)

Polling page: 0x00007f3de7c5c000

CodeCache: size=245760Kb used=20385Kb max_used=20432Kb free=225374Kb
 bounds [0x00007f3dd1000000, 0x00007f3dd2420000, 0x00007f3de0000000]
 total_blobs=5829 nmethods=5303 adapters=446
 compilation: enabled

Compilation events (10 events):
Event: 599,024 Thread 0x00007f3de072d000 6416       4       jersey.repackaged.com.google.common.collect.Maps$TransformedEntriesMap::createEntrySet (9 bytes)
Event: 599,025 Thread 0x00007f3de072d000 nmethod 6416 0x00007f3dd23716d0 code [0x00007f3dd2371820, 0x00007f3dd23718f8]
Event: 599,026 Thread 0x00007f3de072d000 6417       4       jersey.repackaged.com.google.common.collect.Maps$TransformedEntriesMap$1::iterator (31 bytes)
Event: 599,039 Thread 0x00007f3de072d000 nmethod 6417 0x00007f3dd238e210 code [0x00007f3dd238e3c0, 0x00007f3dd238eb98]
Event: 599,158 Thread 0x00007f3de0731000 nmethod 6415 0x00007f3dd23af410 code [0x00007f3dd23af840, 0x00007f3dd23b3308]
Event: 600,679 Thread 0x00007f3de072f000 nmethod 6412% 0x00007f3dd23f2890 code [0x00007f3dd23f3440, 0x00007f3dd2408818]
Event: 600,705 Thread 0x00007f3de072d000 6418       4       com.ntr1x.treasure.web.filtering.ResourceGraphProvider::createSubgraphs (231 bytes)
Event: 600,944 Thread 0x00007f3de072d000 nmethod 6418 0x00007f3dd23e0fd0 code [0x00007f3dd23e16a0, 0x00007f3dd23ea7f8]
Event: 603,145 Thread 0x00007f3de0733000 6419       1       org.eclipse.persistence.internal.sessions.AbstractSession::getName (5 bytes)
Event: 603,145 Thread 0x00007f3de0733000 nmethod 6419 0x00007f3dd2376dd0 code [0x00007f3dd2376f20, 0x00007f3dd2377030]

GC Heap History (10 events):
Event: 612,133 GC heap after
Heap after GC invocations=40 (full 5):
 PSYoungGen      total 644096K, used 30720K [0x00000000d6d00000, 0x0000000100000000, 0x0000000100000000)
  eden space 613376K, 0% used [0x00000000d6d00000,0x00000000d6d00000,0x00000000fc400000)
  from space 30720K, 100% used [0x00000000fc400000,0x00000000fe200000,0x00000000fe200000)
  to   space 30720K, 0% used [0x00000000fe200000,0x00000000fe200000,0x0000000100000000)
 ParOldGen       total 391168K, used 304431K [0x0000000084600000, 0x000000009c400000, 0x00000000d6d00000)
  object space 391168K, 77% used [0x0000000084600000,0x0000000096f4bc70,0x000000009c400000)
 Metaspace       used 62397K, capacity 62960K, committed 63232K, reserved 1103872K
  class space    used 7785K, capacity 7924K, committed 7936K, reserved 1048576K
}
Event: 612,715 GC heap before
{Heap before GC invocations=41 (full 5):
 PSYoungGen      total 644096K, used 644096K [0x00000000d6d00000, 0x0000000100000000, 0x0000000100000000)
  eden space 613376K, 100% used [0x00000000d6d00000,0x00000000fc400000,0x00000000fc400000)
  from space 30720K, 100% used [0x00000000fc400000,0x00000000fe200000,0x00000000fe200000)
  to   space 30720K, 0% used [0x00000000fe200000,0x00000000fe200000,0x0000000100000000)
 ParOldGen       total 391168K, used 304431K [0x0000000084600000, 0x000000009c400000, 0x00000000d6d00000)
  object space 391168K, 77% used [0x0000000084600000,0x0000000096f4bc70,0x000000009c400000)
 Metaspace       used 62397K, capacity 62960K, committed 63232K, reserved 1103872K
  class space    used 7785K, capacity 7924K, committed 7936K, reserved 1048576K
Event: 612,758 GC heap after
Heap after GC invocations=41 (full 5):
 PSYoungGen      total 638976K, used 15680K [0x00000000d6d00000, 0x0000000100000000, 0x0000000100000000)
  eden space 608256K, 0% used [0x00000000d6d00000,0x00000000d6d00000,0x00000000fbf00000)
  from space 30720K, 51% used [0x00000000fe200000,0x00000000ff150000,0x0000000100000000)
  to   space 33280K, 0% used [0x00000000fbf00000,0x00000000fbf00000,0x00000000fdf80000)
 ParOldGen       total 391168K, used 335247K [0x0000000084600000, 0x000000009c400000, 0x00000000d6d00000)
  object space 391168K, 85% used [0x0000000084600000,0x0000000098d63c70,0x000000009c400000)
 Metaspace       used 62397K, capacity 62960K, committed 63232K, reserved 1103872K
  class space    used 7785K, capacity 7924K, committed 7936K, reserved 1048576K
}
Event: 613,372 GC heap before
{Heap before GC invocations=42 (full 5):
 PSYoungGen      total 638976K, used 623936K [0x00000000d6d00000, 0x0000000100000000, 0x0000000100000000)
  eden space 608256K, 100% used [0x00000000d6d00000,0x00000000fbf00000,0x00000000fbf00000)
  from space 30720K, 51% used [0x00000000fe200000,0x00000000ff150000,0x0000000100000000)
  to   space 33280K, 0% used [0x00000000fbf00000,0x00000000fbf00000,0x00000000fdf80000)
 ParOldGen       total 391168K, used 335247K [0x0000000084600000, 0x000000009c400000, 0x00000000d6d00000)
  object space 391168K, 85% used [0x0000000084600000,0x0000000098d63c70,0x000000009c400000)
 Metaspace       used 62397K, capacity 62960K, committed 63232K, reserved 1103872K
  class space    used 7785K, capacity 7924K, committed 7936K, reserved 1048576K
Event: 613,403 GC heap after
Heap after GC invocations=42 (full 5):
 PSYoungGen      total 641536K, used 15520K [0x00000000d6d00000, 0x0000000100000000, 0x0000000100000000)
  eden space 608256K, 0% used [0x00000000d6d00000,0x00000000d6d00000,0x00000000fbf00000)
  from space 33280K, 46% used [0x00000000fbf00000,0x00000000fce28000,0x00000000fdf80000)
  to   space 32256K, 0% used [0x00000000fe080000,0x00000000fe080000,0x0000000100000000)
 ParOldGen       total 391168K, used 350847K [0x0000000084600000, 0x000000009c400000, 0x00000000d6d00000)
  object space 391168K, 89% used [0x0000000084600000,0x0000000099c9fc70,0x000000009c400000)
 Metaspace       used 62397K, capacity 62960K, committed 63232K, reserved 1103872K
  class space    used 7785K, capacity 7924K, committed 7936K, reserved 1048576K
}
Event: 614,028 GC heap before
{Heap before GC invocations=43 (full 5):
 PSYoungGen      total 641536K, used 623776K [0x00000000d6d00000, 0x0000000100000000, 0x0000000100000000)
  eden space 608256K, 100% used [0x00000000d6d00000,0x00000000fbf00000,0x00000000fbf00000)
  from space 33280K, 46% used [0x00000000fbf00000,0x00000000fce28000,0x00000000fdf80000)
  to   space 32256K, 0% used [0x00000000fe080000,0x00000000fe080000,0x0000000100000000)
 ParOldGen       total 391168K, used 350847K [0x0000000084600000, 0x000000009c400000, 0x00000000d6d00000)
  object space 391168K, 89% used [0x0000000084600000,0x0000000099c9fc70,0x000000009c400000)
 Metaspace       used 62397K, capacity 62960K, committed 63232K, reserved 1103872K
  class space    used 7785K, capacity 7924K, committed 7936K, reserved 1048576K
Event: 614,059 GC heap after
Heap after GC invocations=43 (full 5):
 PSYoungGen      total 635392K, used 30880K [0x00000000d6d00000, 0x0000000100000000, 0x0000000100000000)
  eden space 603136K, 0% used [0x00000000d6d00000,0x00000000d6d00000,0x00000000fba00000)
  from space 32256K, 95% used [0x00000000fe080000,0x00000000ffea8000,0x0000000100000000)
  to   space 35840K, 0% used [0x00000000fba00000,0x00000000fba00000,0x00000000fdd00000)
 ParOldGen       total 391168K, used 350847K [0x0000000084600000, 0x000000009c400000, 0x00000000d6d00000)
  object space 391168K, 89% used [0x0000000084600000,0x0000000099c9fc70,0x000000009c400000)
 Metaspace       used 62397K, capacity 62960K, committed 63232K, reserved 1103872K
  class space    used 7785K, capacity 7924K, committed 7936K, reserved 1048576K
}
Event: 614,623 GC heap before
{Heap before GC invocations=44 (full 5):
 PSYoungGen      total 635392K, used 634016K [0x00000000d6d00000, 0x0000000100000000, 0x0000000100000000)
  eden space 603136K, 100% used [0x00000000d6d00000,0x00000000fba00000,0x00000000fba00000)
  from space 32256K, 95% used [0x00000000fe080000,0x00000000ffea8000,0x0000000100000000)
  to   space 35840K, 0% used [0x00000000fba00000,0x00000000fba00000,0x00000000fdd00000)
 ParOldGen       total 391168K, used 350847K [0x0000000084600000, 0x000000009c400000, 0x00000000d6d00000)
  object space 391168K, 89% used [0x0000000084600000,0x0000000099c9fc70,0x000000009c400000)
 Metaspace       used 62397K, capacity 62960K, committed 63232K, reserved 1103872K
  class space    used 7785K, capacity 7924K, committed 7936K, reserved 1048576K
Event: 614,665 GC heap after
Heap after GC invocations=44 (full 5):
 PSYoungGen      total 638976K, used 35840K [0x00000000d6d00000, 0x0000000100000000, 0x0000000100000000)
  eden space 603136K, 0% used [0x00000000d6d00000,0x00000000d6d00000,0x00000000fba00000)
  from space 35840K, 100% used [0x00000000fba00000,0x00000000fdd00000,0x00000000fdd00000)
  to   space 35840K, 0% used [0x00000000fdd00000,0x00000000fdd00000,0x0000000100000000)
 ParOldGen       total 391168K, used 360967K [0x0000000084600000, 0x000000009c400000, 0x00000000d6d00000)
  object space 391168K, 92% used [0x0000000084600000,0x000000009a681c70,0x000000009c400000)
 Metaspace       used 62397K, capacity 62960K, committed 63232K, reserved 1103872K
  class space    used 7785K, capacity 7924K, committed 7936K, reserved 1048576K
}
Event: 614,666 GC heap before
{Heap before GC invocations=45 (full 6):
 PSYoungGen      total 638976K, used 35840K [0x00000000d6d00000, 0x0000000100000000, 0x0000000100000000)
  eden space 603136K, 0% used [0x00000000d6d00000,0x00000000d6d00000,0x00000000fba00000)
  from space 35840K, 100% used [0x00000000fba00000,0x00000000fdd00000,0x00000000fdd00000)
  to   space 35840K, 0% used [0x00000000fdd00000,0x00000000fdd00000,0x0000000100000000)
 ParOldGen       total 391168K, used 360967K [0x0000000084600000, 0x000000009c400000, 0x00000000d6d00000)
  object space 391168K, 92% used [0x0000000084600000,0x000000009a681c70,0x000000009c400000)
 Metaspace       used 62397K, capacity 62960K, committed 63232K, reserved 1103872K
  class space    used 7785K, capacity 7924K, committed 7936K, reserved 1048576K

Deoptimization events (10 events):
Event: 26,331 Thread 0x00007f3d50005000 Uncommon trap: reason=unhandled action=none pc=0x00007f3dd2300628 method=java.lang.Class.getDeclaredMethod(Ljava/lang/String;[Ljava/lang/Class;)Ljava/lang/reflect/Method; @ 64
Event: 26,337 Thread 0x00007f3d50005000 Uncommon trap: reason=unstable_if action=reinterpret pc=0x00007f3dd11a4650 method=java.util.regex.Pattern.append(II)V @ 6
Event: 34,905 Thread 0x00007f3d6417a000 Uncommon trap: reason=unhandled action=none pc=0x00007f3dd1da3778 method=java.net.URLClassLoader.findClass(Ljava/lang/String;)Ljava/lang/Class; @ 44
Event: 34,906 Thread 0x00007f3d6417a000 Uncommon trap: reason=unhandled action=none pc=0x00007f3dd1da3778 method=java.net.URLClassLoader.findClass(Ljava/lang/String;)Ljava/lang/Class; @ 44
Event: 597,543 Thread 0x00007f3d50005000 Uncommon trap: reason=unhandled action=none pc=0x00007f3dd1da3778 method=java.net.URLClassLoader.findClass(Ljava/lang/String;)Ljava/lang/Class; @ 44
Event: 597,667 Thread 0x00007f3d50005000 Uncommon trap: reason=unhandled action=none pc=0x00007f3dd1da3778 method=java.net.URLClassLoader.findClass(Ljava/lang/String;)Ljava/lang/Class; @ 44
Event: 598,722 Thread 0x00007f3d50005000 Uncommon trap: reason=class_check action=maybe_recompile pc=0x00007f3dd23c81e4 method=jersey.repackaged.com.google.common.collect.TransformedIterator.<init>(Ljava/util/Iterator;)V @ 9
Event: 598,723 Thread 0x00007f3d50005000 Uncommon trap: reason=class_check action=maybe_recompile pc=0x00007f3dd23c81e4 method=jersey.repackaged.com.google.common.collect.TransformedIterator.<init>(Ljava/util/Iterator;)V @ 9
Event: 598,723 Thread 0x00007f3d50005000 Uncommon trap: reason=class_check action=maybe_recompile pc=0x00007f3dd23c81e4 method=jersey.repackaged.com.google.common.collect.TransformedIterator.<init>(Ljava/util/Iterator;)V @ 9
Event: 598,723 Thread 0x00007f3d50005000 Uncommon trap: reason=class_check action=maybe_recompile pc=0x00007f3dd23c81e4 method=jersey.repackaged.com.google.common.collect.TransformedIterator.<init>(Ljava/util/Iterator;)V @ 9

Internal exceptions (10 events):
Event: 26,286 Thread 0x00007f3d50005000 Exception <a 'java/lang/ArrayIndexOutOfBoundsException': 56> (0x00000000d9b76c48) thrown at [/HUDSON3/workspace/8-2-build-linux-amd64/jdk8u101/7261/hotspot/src/share/vm/interpreter/interpreterRuntime.cpp, line 366]
Event: 26,311 Thread 0x00007f3d50005000 Exception <a 'java/lang/ArrayIndexOutOfBoundsException': 54> (0x00000000d9c6edf8) thrown at [/HUDSON3/workspace/8-2-build-linux-amd64/jdk8u101/7261/hotspot/src/share/vm/interpreter/interpreterRuntime.cpp, line 366]
Event: 26,311 Thread 0x00007f3d50005000 Exception <a 'java/lang/ArrayIndexOutOfBoundsException': 55> (0x00000000d9c700c0) thrown at [/HUDSON3/workspace/8-2-build-linux-amd64/jdk8u101/7261/hotspot/src/share/vm/interpreter/interpreterRuntime.cpp, line 366]
Event: 26,311 Thread 0x00007f3d50005000 Exception <a 'java/lang/ArrayIndexOutOfBoundsException': 58> (0x00000000d9c71440) thrown at [/HUDSON3/workspace/8-2-build-linux-amd64/jdk8u101/7261/hotspot/src/share/vm/interpreter/interpreterRuntime.cpp, line 366]
Event: 26,311 Thread 0x00007f3d50005000 Exception <a 'java/lang/ArrayIndexOutOfBoundsException': 55> (0x00000000d9c72630) thrown at [/HUDSON3/workspace/8-2-build-linux-amd64/jdk8u101/7261/hotspot/src/share/vm/interpreter/interpreterRuntime.cpp, line 366]
Event: 26,312 Thread 0x00007f3d50005000 Exception <a 'java/lang/ArrayIndexOutOfBoundsException': 61> (0x00000000d9c73860) thrown at [/HUDSON3/workspace/8-2-build-linux-amd64/jdk8u101/7261/hotspot/src/share/vm/interpreter/interpreterRuntime.cpp, line 366]
Event: 26,312 Thread 0x00007f3d50005000 Exception <a 'java/lang/ArrayIndexOutOfBoundsException': 67> (0x00000000d9c74b10) thrown at [/HUDSON3/workspace/8-2-build-linux-amd64/jdk8u101/7261/hotspot/src/share/vm/interpreter/interpreterRuntime.cpp, line 366]
Event: 26,312 Thread 0x00007f3d50005000 Exception <a 'java/lang/ArrayIndexOutOfBoundsException': 59> (0x00000000d9c75cf8) thrown at [/HUDSON3/workspace/8-2-build-linux-amd64/jdk8u101/7261/hotspot/src/share/vm/interpreter/interpreterRuntime.cpp, line 366]
Event: 26,313 Thread 0x00007f3d50005000 Exception <a 'java/lang/ArrayIndexOutOfBoundsException': 58> (0x00000000d9c85a78) thrown at [/HUDSON3/workspace/8-2-build-linux-amd64/jdk8u101/7261/hotspot/src/share/vm/interpreter/interpreterRuntime.cpp, line 366]
Event: 26,313 Thread 0x00007f3d50005000 Exception <a 'java/lang/ArrayIndexOutOfBoundsException': 56> (0x00000000d9c86e08) thrown at [/HUDSON3/workspace/8-2-build-linux-amd64/jdk8u101/7261/hotspot/src/share/vm/interpreter/interpreterRuntime.cpp, line 366]

Events (10 events):
Event: 611,512 Executing VM operation: ParallelGCFailedAllocation done
Event: 612,104 Executing VM operation: ParallelGCFailedAllocation
Event: 612,134 Executing VM operation: ParallelGCFailedAllocation done
Event: 612,715 Executing VM operation: ParallelGCFailedAllocation
Event: 612,758 Executing VM operation: ParallelGCFailedAllocation done
Event: 613,361 Executing VM operation: ParallelGCFailedAllocation
Event: 613,405 Executing VM operation: ParallelGCFailedAllocation done
Event: 614,021 Executing VM operation: ParallelGCFailedAllocation
Event: 614,061 Executing VM operation: ParallelGCFailedAllocation done
Event: 614,618 Executing VM operation: ParallelGCFailedAllocation


Dynamic libraries:
00400000-00401000 r-xp 00000000 08:01 1050115                            /usr/lib/jvm/java-8-oracle/bin/java
00600000-00601000 rw-p 00000000 08:01 1050115                            /usr/lib/jvm/java-8-oracle/bin/java
014af000-014d0000 rw-p 00000000 00:00 0                                  [heap]
84600000-9c400000 rw-p 00000000 00:00 0 
a7b80000-d6d00000 ---p 00000000 00:00 0 
d6d00000-100000000 rw-p 00000000 00:00 0 
100000000-1007c0000 rw-p 00000000 00:00 0 
1007c0000-140000000 ---p 00000000 00:00 0 
7f3d3c000000-7f3d3c0f2000 rw-p 00000000 00:00 0 
7f3d3c0f2000-7f3d40000000 ---p 00000000 00:00 0 
7f3d44000000-7f3d44021000 rw-p 00000000 00:00 0 
7f3d44021000-7f3d48000000 ---p 00000000 00:00 0 
7f3d48000000-7f3d48021000 rw-p 00000000 00:00 0 
7f3d48021000-7f3d4c000000 ---p 00000000 00:00 0 
7f3d4c000000-7f3d4c021000 rw-p 00000000 00:00 0 
7f3d4c021000-7f3d50000000 ---p 00000000 00:00 0 
7f3d50000000-7f3d50021000 rw-p 00000000 00:00 0 
7f3d50021000-7f3d54000000 ---p 00000000 00:00 0 
7f3d54000000-7f3d54021000 rw-p 00000000 00:00 0 
7f3d54021000-7f3d58000000 ---p 00000000 00:00 0 
7f3d58000000-7f3d58021000 rw-p 00000000 00:00 0 
7f3d58021000-7f3d5c000000 ---p 00000000 00:00 0 
7f3d5c000000-7f3d5c28d000 rw-p 00000000 00:00 0 
7f3d5c28d000-7f3d60000000 ---p 00000000 00:00 0 
7f3d60000000-7f3d60021000 rw-p 00000000 00:00 0 
7f3d60021000-7f3d64000000 ---p 00000000 00:00 0 
7f3d64000000-7f3d6510d000 rw-p 00000000 00:00 0 
7f3d6510d000-7f3d68000000 ---p 00000000 00:00 0 
7f3d68000000-7f3d68021000 rw-p 00000000 00:00 0 
7f3d68021000-7f3d6c000000 ---p 00000000 00:00 0 
7f3d6c000000-7f3d6c3d6000 rw-p 00000000 00:00 0 
7f3d6c3d6000-7f3d70000000 ---p 00000000 00:00 0 
7f3d70006000-7f3d70009000 ---p 00000000 00:00 0 
7f3d70009000-7f3d70307000 rw-p 00000000 00:00 0 
7f3d70307000-7f3d70507000 rw-p 00000000 00:00 0 
7f3d70507000-7f3d70707000 rw-p 00000000 00:00 0 
7f3d70707000-7f3d70907000 rw-p 00000000 00:00 0 
7f3d70907000-7f3d7090a000 ---p 00000000 00:00 0 
7f3d7090a000-7f3d70a08000 rw-p 00000000 00:00 0 
7f3d70a08000-7f3d70a0b000 ---p 00000000 00:00 0 
7f3d70a0b000-7f3d70b09000 rw-p 00000000 00:00 0 
7f3d70b09000-7f3d70b0c000 ---p 00000000 00:00 0 
7f3d70b0c000-7f3d70c0a000 rw-p 00000000 00:00 0 
7f3d70c0a000-7f3d70c0d000 ---p 00000000 00:00 0 
7f3d70c0d000-7f3d70d0b000 rw-p 00000000 00:00 0 
7f3d70d0b000-7f3d70d0e000 ---p 00000000 00:00 0 
7f3d70d0e000-7f3d7100c000 rw-p 00000000 00:00 0 
7f3d7100c000-7f3d7120c000 rw-p 00000000 00:00 0 
7f3d7120c000-7f3d7140c000 rw-p 00000000 00:00 0 
7f3d7140c000-7f3d7160c000 rw-p 00000000 00:00 0 
7f3d7160c000-7f3d7180c000 rw-p 00000000 00:00 0 
7f3d7180c000-7f3d71a0c000 rw-p 00000000 00:00 0 
7f3d71a0c000-7f3d71c0c000 rw-p 00000000 00:00 0 
7f3d71c0c000-7f3d71c0f000 ---p 00000000 00:00 0 
7f3d71c0f000-7f3d71d0d000 rw-p 00000000 00:00 0 
7f3d71d0d000-7f3d71d10000 ---p 00000000 00:00 0 
7f3d71d10000-7f3d71e0e000 rw-p 00000000 00:00 0 
7f3d71e0e000-7f3d71e11000 ---p 00000000 00:00 0 
7f3d71e11000-7f3d71f0f000 rw-p 00000000 00:00 0 
7f3d71f0f000-7f3d71f12000 ---p 00000000 00:00 0 
7f3d71f12000-7f3d72210000 rw-p 00000000 00:00 0 
7f3d72210000-7f3d72410000 rw-p 00000000 00:00 0 
7f3d72410000-7f3d72610000 rw-p 00000000 00:00 0 
7f3d726cc000-7f3d726cf000 ---p 00000000 00:00 0 
7f3d726cf000-7f3d729cd000 rw-p 00000000 00:00 0 
7f3d729cd000-7f3d72bcd000 rw-p 00000000 00:00 0 
7f3d72c41000-7f3d72e41000 rw-p 00000000 00:00 0 
7f3d72e41000-7f3d73041000 rw-p 00000000 00:00 0 
7f3d73041000-7f3d730d7000 r--s 01102000 08:01 1192412                    /usr/lib/jvm/java-8-oracle/jre/lib/ext/jfxrt.jar
7f3d730d7000-7f3d732d7000 rw-p 00000000 00:00 0 
7f3d732d7000-7f3d732e8000 r-xp 00000000 08:01 1326245                    /usr/lib/jvm/java-8-oracle/jre/lib/amd64/libnio.so
7f3d732e8000-7f3d734e7000 ---p 00011000 08:01 1326245                    /usr/lib/jvm/java-8-oracle/jre/lib/amd64/libnio.so
7f3d734e7000-7f3d734e8000 rw-p 00010000 08:01 1326245                    /usr/lib/jvm/java-8-oracle/jre/lib/amd64/libnio.so
7f3d734e8000-7f3d736e8000 rw-p 00000000 00:00 0 
7f3d736e8000-7f3d738e8000 rw-p 00000000 00:00 0 
7f3d738e8000-7f3d73ae8000 rw-p 00000000 00:00 0 
7f3d73ae8000-7f3d73de9000 rw-p 00000000 00:00 0 
7f3d73de9000-7f3d73dff000 r-xp 00000000 08:01 1326222                    /usr/lib/jvm/java-8-oracle/jre/lib/amd64/libnet.so
7f3d73dff000-7f3d73fff000 ---p 00016000 08:01 1326222                    /usr/lib/jvm/java-8-oracle/jre/lib/amd64/libnet.so
7f3d73fff000-7f3d74000000 rw-p 00016000 08:01 1326222                    /usr/lib/jvm/java-8-oracle/jre/lib/amd64/libnet.so
7f3d74000000-7f3d74021000 rw-p 00000000 00:00 0 
7f3d74021000-7f3d78000000 ---p 00000000 00:00 0 
7f3d78000000-7f3d78021000 rw-p 00000000 00:00 0 
7f3d78021000-7f3d7c000000 ---p 00000000 00:00 0 
7f3d7c000000-7f3d7eaeb000 rw-p 00000000 00:00 0 
7f3d7eaeb000-7f3d80000000 ---p 00000000 00:00 0 
7f3d80000000-7f3d81551000 rw-p 00000000 00:00 0 
7f3d81551000-7f3d84000000 ---p 00000000 00:00 0 
7f3d84000000-7f3d8661f000 rw-p 00000000 00:00 0 
7f3d8661f000-7f3d88000000 ---p 00000000 00:00 0 
7f3d88000000-7f3d8bffb000 rw-p 00000000 00:00 0 
7f3d8bffb000-7f3d8c000000 ---p 00000000 00:00 0 
7f3d8c000000-7f3d8c021000 rw-p 00000000 00:00 0 
7f3d8c021000-7f3d90000000 ---p 00000000 00:00 0 
7f3d90000000-7f3d90021000 rw-p 00000000 00:00 0 
7f3d90021000-7f3d94000000 ---p 00000000 00:00 0 
7f3d94000000-7f3d94021000 rw-p 00000000 00:00 0 
7f3d94021000-7f3d98000000 ---p 00000000 00:00 0 
7f3d98000000-7f3d9819f000 rw-p 00000000 00:00 0 
7f3d9819f000-7f3d9c000000 ---p 00000000 00:00 0 
7f3d9c000000-7f3d9c021000 rw-p 00000000 00:00 0 
7f3d9c021000-7f3da0000000 ---p 00000000 00:00 0 
7f3da0000000-7f3da0021000 rw-p 00000000 00:00 0 
7f3da0021000-7f3da4000000 ---p 00000000 00:00 0 
7f3da4000000-7f3da4352000 rw-p 00000000 00:00 0 
7f3da4352000-7f3da8000000 ---p 00000000 00:00 0 
7f3da8068000-7f3da806c000 r--s 00097000 08:01 1192404                    /usr/lib/jvm/java-8-oracle/jre/lib/jsse.jar
7f3da806c000-7f3da807f000 r--s 00345000 08:01 1192401                    /usr/lib/jvm/java-8-oracle/jre/lib/resources.jar
7f3da807f000-7f3da8084000 r--s 002f9000 08:01 1192400                    /usr/lib/jvm/java-8-oracle/jre/lib/charsets.jar
7f3da8084000-7f3da8087000 ---p 00000000 00:00 0 
7f3da8087000-7f3da8185000 rw-p 00000000 00:00 0 
7f3da8185000-7f3da818e000 r-xp 00000000 08:01 1326251                    /usr/lib/jvm/java-8-oracle/jre/lib/amd64/libmanagement.so
7f3da818e000-7f3da838d000 ---p 00009000 08:01 1326251                    /usr/lib/jvm/java-8-oracle/jre/lib/amd64/libmanagement.so
7f3da838d000-7f3da838e000 rw-p 00008000 08:01 1326251                    /usr/lib/jvm/java-8-oracle/jre/lib/amd64/libmanagement.so
7f3da838e000-7f3da858e000 rw-p 00000000 00:00 0 
7f3da858e000-7f3da8598000 r--s 00116000 08:01 1192420                    /usr/lib/jvm/java-8-oracle/jre/lib/ext/localedata.jar
7f3da8598000-7f3da85b4000 r--s 00393000 08:01 1192413                    /usr/lib/jvm/java-8-oracle/jre/lib/ext/cldrdata.jar
7f3da85b4000-7f3da85bb000 r--s 00000000 08:01 1577389                    /usr/lib/x86_64-linux-gnu/gconv/gconv-modules.cache
7f3da85bb000-7f3da85ea000 r--p 00000000 08:01 1710367                    /usr/share/locale-langpack/ru/LC_MESSAGES/libc.mo
7f3da85ea000-7f3da85eb000 ---p 00000000 00:00 0 
7f3da85eb000-7f3da86eb000 rw-p 00000000 00:00 0 
7f3da86eb000-7f3da86ee000 ---p 00000000 00:00 0 
7f3da86ee000-7f3da87ec000 rw-p 00000000 00:00 0 
7f3da87ec000-7f3da87ef000 ---p 00000000 00:00 0 
7f3da87ef000-7f3da88ed000 rw-p 00000000 00:00 0 
7f3da88ed000-7f3da88f0000 ---p 00000000 00:00 0 
7f3da88f0000-7f3da89ee000 rw-p 00000000 00:00 0 
7f3da89ee000-7f3da89f1000 ---p 00000000 00:00 0 
7f3da89f1000-7f3da8aef000 rw-p 00000000 00:00 0 
7f3da8aef000-7f3da8af2000 ---p 00000000 00:00 0 
7f3da8af2000-7f3da8bf0000 rw-p 00000000 00:00 0 
7f3da8bf0000-7f3da8bf1000 r--s 00001000 08:05 918370                     /home/pavlenko/.m2/repository/org/springframework/spring-instrument/4.3.2.RELEASE/spring-instrument-4.3.2.RELEASE.jar
7f3da8bf1000-7f3da8c13000 r--s 00120000 08:05 918508                     /home/pavlenko/.m2/repository/javax/javaee-web-api/7.0/javaee-web-api-7.0.jar
7f3da8c13000-7f3da8c15000 r--s 0000e000 08:05 918499                     /home/pavlenko/.m2/repository/org/jvnet/mimepull/mimepull/1.9.6/mimepull-1.9.6.jar
7f3da8c15000-7f3da8c18000 r--s 0000e000 08:05 918497                     /home/pavlenko/.m2/repository/org/glassfish/jersey/media/jersey-media-multipart/2.23.1/jersey-media-multipart-2.23.1.jar
7f3da8c18000-7f3da8c1c000 r--s 00029000 08:05 786693                     /home/pavlenko/.m2/repository/org/glassfish/hk2/hk2-locator/2.4.0-b34/hk2-locator-2.4.0-b34.jar
7f3da8c1c000-7f3da8c1d000 r--s 00001000 08:05 786679                     /home/pavlenko/.m2/repository/org/glassfish/hk2/external/javax.inject/2.4.0-b34/javax.inject-2.4.0-b34.jar
7f3da8c1d000-7f3da8c1f000 r--s 00002000 08:05 786691                     /home/pavlenko/.m2/repository/org/glassfish/hk2/external/aopalliance-repackaged/2.4.0-b34/aopalliance-repackaged-2.4.0-b34.jar
7f3da8c1f000-7f3da8c24000 r--s 00027000 08:05 786687                     /home/pavlenko/.m2/repository/org/glassfish/hk2/hk2-api/2.4.0-b34/hk2-api-2.4.0-b34.jar
7f3da8c24000-7f3da8c26000 r--s 00005000 08:05 786683                     /home/pavlenko/.m2/repository/javax/annotation/javax.annotation-api/1.2/javax.annotation-api-1.2.jar
7f3da8c26000-7f3da8c28000 r--s 00010000 08:05 786703                     /home/pavlenko/.m2/repository/org/glassfish/jersey/media/jersey-media-jaxb/2.23.1/jersey-media-jaxb-2.23.1.jar
7f3da8c28000-7f3da8c2d000 r--s 00025000 08:05 786701                     /home/pavlenko/.m2/repository/org/glassfish/jersey/core/jersey-client/2.23.1/jersey-client-2.23.1.jar
7f3da8c2d000-7f3da8c43000 r--s 000d3000 08:05 786699                     /home/pavlenko/.m2/repository/org/glassfish/jersey/core/jersey-server/2.23.1/jersey-server-2.23.1.jar
7f3da8c43000-7f3da8c49000 r--s 00049000 08:05 918476                     /home/pavlenko/.m2/repository/org/eclipse/persistence/org.eclipse.persistence.asm/2.6.0/org.eclipse.persistence.asm-2.6.0.jar
7f3da8c49000-7f3da8c8a000 r--s 004d2000 08:05 918474                     /home/pavlenko/.m2/repository/org/eclipse/persistence/org.eclipse.persistence.core/2.6.0/org.eclipse.persistence.core-2.6.0.jar
7f3da8c8a000-7f3da8c93000 r--s 00093000 08:05 918472                     /home/pavlenko/.m2/repository/org/eclipse/persistence/org.eclipse.persistence.moxy/2.6.0/org.eclipse.persistence.moxy-2.6.0.jar
7f3da8c93000-7f3da8c96000 r--s 0000f000 08:05 918470                     /home/pavlenko/.m2/repository/org/glassfish/jersey/ext/jersey-entity-filtering/2.23.1/jersey-entity-filtering-2.23.1.jar
7f3da8c96000-7f3da8c97000 r--s 00004000 08:05 786697                     /home/pavlenko/.m2/repository/org/glassfish/hk2/osgi-resource-locator/1.0.1/osgi-resource-locator-1.0.1.jar
7f3da8c97000-7f3da8caf000 r--s 000d6000 08:05 786685                     /home/pavlenko/.m2/repository/org/glassfish/jersey/bundles/repackaged/jersey-guava/2.23.1/jersey-guava-2.23.1.jar
7f3da8caf000-7f3da8cbe000 r--s 000a0000 08:05 786681                     /home/pavlenko/.m2/repository/org/glassfish/jersey/core/jersey-common/2.23.1/jersey-common-2.23.1.jar
7f3da8cbe000-7f3da8cc0000 r--s 00005000 08:05 918468                     /home/pavlenko/.m2/repository/org/glassfish/jersey/media/jersey-media-moxy/2.23.1/jersey-media-moxy-2.23.1.jar
7f3da8cc0000-7f3da8cc8000 r--s 00040000 08:05 397149                     /home/pavlenko/.m2/repository/org/flywaydb/flyway-core/3.2.1/flyway-core-3.2.1.jar
7f3da8cc8000-7f3da8cdd000 r--s 00141000 08:05 10357698                   /home/pavlenko/.m2/repository/org/projectlombok/lombok/1.16.10/lombok-1.16.10.jar
7f3da8cdd000-7f3da8ce7000 r--s 000e8000 08:05 11930472                   /home/pavlenko/.m2/repository/mysql/mysql-connector-java/5.1.39/mysql-connector-java-5.1.39.jar
7f3da8ce7000-7f3da8cea000 r--s 00012000 08:05 918197                     /home/pavlenko/.m2/repository/org/glassfish/javax.json/1.0.4/javax.json-1.0.4.jar
7f3da8cea000-7f3da8cee000 r--s 0000c000 08:05 786705                     /home/pavlenko/.m2/repository/javax/validation/validation-api/1.1.0.Final/validation-api-1.1.0.Final.jar
7f3da8cee000-7f3da8cf0000 r--s 00004000 08:05 918195                     /home/pavlenko/.m2/repository/org/eclipse/persistence/commonj.sdo/2.1.1/commonj.sdo-2.1.1.jar
7f3da8cf0000-7f3da8cf6000 r--s 00022000 08:05 918193                     /home/pavlenko/.m2/repository/org/eclipse/persistence/javax.persistence/2.1.1/javax.persistence-2.1.1.jar
7f3da8cf6000-7f3da8d79000 r--s 00825000 08:05 918191                     /home/pavlenko/.m2/repository/org/eclipse/persistence/eclipselink/2.6.3/eclipselink-2.6.3.jar
7f3da8d79000-7f3da8d7b000 r--s 00006000 08:05 917985                     /home/pavlenko/.m2/repository/com/fasterxml/jackson/jaxrs/jackson-jaxrs-base/2.8.1/jackson-jaxrs-base-2.8.1.jar
7f3da8d7b000-7f3da8d7c000 r--s 00003000 08:05 917983                     /home/pavlenko/.m2/repository/com/fasterxml/jackson/jaxrs/jackson-jaxrs-json-provider/2.8.1/jackson-jaxrs-json-provider-2.8.1.jar
7f3da8d7c000-7f3da8da7000 r--s 001fc000 08:05 788309                     /home/pavlenko/.m2/repository/com/google/guava/guava/18.0/guava-18.0.jar
7f3da8da7000-7f3da8dab000 r--s 0000f000 08:05 659083                     /home/pavlenko/.m2/repository/com/google/code/findbugs/annotations/2.0.1/annotations-2.0.1.jar
7f3da8dab000-7f3da8dae000 r--s 0001d000 08:05 917981                     /home/pavlenko/.m2/repository/org/reflections/reflections/0.9.10/reflections-0.9.10.jar
7f3da8dae000-7f3da8daf000 r--s 00003000 08:05 788293                     /home/pavlenko/.m2/repository/io/swagger/swagger-annotations/1.5.9/swagger-annotations-1.5.9.jar
7f3da8daf000-7f3da8db2000 r--s 0001f000 08:05 788295                     /home/pavlenko/.m2/repository/io/swagger/swagger-models/1.5.9/swagger-models-1.5.9.jar
7f3da8db2000-7f3da8dc3000 r--s 00089000 08:05 917979                     /home/pavlenko/.m2/repository/joda-time/joda-time/2.9.4/joda-time-2.9.4.jar
7f3da8dc3000-7f3da8dc6000 r--s 0000e000 08:05 917977                     /home/pavlenko/.m2/repository/com/fasterxml/jackson/datatype/jackson-datatype-joda/2.8.1/jackson-datatype-joda-2.8.1.jar
7f3da8dc6000-7f3da8dcd000 r--s 00058000 08:05 10095110                   /home/pavlenko/.m2/repository/org/apache/commons/commons-lang3/3.2.1/commons-lang3-3.2.1.jar
7f3da8dcd000-7f3da8dd0000 r--s 00017000 08:05 917975                     /home/pavlenko/.m2/repository/io/swagger/swagger-core/1.5.9/swagger-core-1.5.9.jar
7f3da8dd0000-7f3da8dd6000 r--s 00078000 08:05 917973                     /home/pavlenko/.m2/repository/com/fasterxml/woodstox/woodstox-core/5.0.2/woodstox-core-5.0.2.jar
7f3da8dd6000-7f3da8dda000 r--s 00024000 08:05 10489075                   /home/pavlenko/.m2/repository/org/codehaus/woodstox/stax2-api/3.1.4/stax2-api-3.1.4.jar
7f3da8dda000-7f3da8ddc000 r--s 00007000 08:05 917971                     /home/pavlenko/.m2/repository/com/fasterxml/jackson/module/jackson-module-jaxb-annotations/2.8.1/jackson-module-jaxb-annotations-2.8.1.jar
7f3da8ddc000-7f3da8ddf000 r--s 00015000 08:05 917969                     /home/pavlenko/.m2/repository/com/fasterxml/jackson/dataformat/jackson-dataformat-xml/2.8.1/jackson-dataformat-xml-2.8.1.jar
7f3da8ddf000-7f3da8de0000 r--s 00009000 08:05 917967                     /home/pavlenko/.m2/repository/com/fasterxml/jackson/dataformat/jackson-dataformat-yaml/2.8.1/jackson-dataformat-yaml-2.8.1.jar
7f3da8de0000-7f3da8de2000 r--s 0000e000 08:05 917965                     /home/pavlenko/.m2/repository/io/swagger/swagger-jaxrs/1.5.9/swagger-jaxrs-1.5.9.jar
7f3da8de2000-7f3da8de3000 r--s 00001000 08:05 917963                     /home/pavlenko/.m2/repository/io/swagger/swagger-jersey2-jaxrs/1.5.9/swagger-jersey2-jaxrs-1.5.9.jar
7f3da8de3000-7f3da8de7000 r--s 00019000 08:05 786707                     /home/pavlenko/.m2/repository/javax/ws/rs/javax.ws.rs-api/2.0.1/javax.ws.rs-api-2.0.1.jar
7f3da8de7000-7f3da8df4000 r--s 000ac000 08:05 786500                     /home/pavlenko/.m2/repository/org/springframework/spring-beans/4.3.2.RELEASE/spring-beans-4.3.2.RELEASE.jar
7f3da8df4000-7f3da8df6000 r--s 00002000 08:05 786846                     /home/pavlenko/.m2/repository/org/glassfish/hk2/spring-bridge/2.4.0-b34/spring-bridge-2.4.0-b34.jar
7f3da8df6000-7f3da8dfd000 r--s 0005b000 08:05 786844                     /home/pavlenko/.m2/repository/org/glassfish/hk2/external/asm-all-repackaged/2.4.0-b34/asm-all-repackaged-2.4.0-b34.jar
7f3da8dfd000-7f3da8e00000 r--s 00013000 08:05 786842                     /home/pavlenko/.m2/repository/org/glassfish/hk2/class-model/2.4.0-b34/class-model-2.4.0-b34.jar
7f3da8e00000-7f3da8e02000 r--s 0000c000 08:05 786840                     /home/pavlenko/.m2/repository/org/glassfish/hk2/hk2-runlevel/2.4.0-b34/hk2-runlevel-2.4.0-b34.jar
7f3da8e02000-7f3da8e04000 r--s 00003000 08:05 786836                     /home/pavlenko/.m2/repository/org/jvnet/tiger-types/1.4/tiger-types-1.4.jar
7f3da8e04000-7f3da8e09000 r--s 0002e000 08:05 786834                     /home/pavlenko/.m2/repository/org/glassfish/hk2/hk2-config/2.4.0-b34/hk2-config-2.4.0-b34.jar
7f3da8e09000-7f3da8e0c000 r--s 0001a000 08:05 786832                     /home/pavlenko/.m2/repository/org/glassfish/hk2/hk2-core/2.4.0-b34/hk2-core-2.4.0-b34.jar
7f3da8e0c000-7f3da8e0e000 r--s 00001000 08:05 786830                     /home/pavlenko/.m2/repository/org/glassfish/hk2/config-types/2.4.0-b34/config-types-2.4.0-b34.jar
7f3da8e0e000-7f3da8e0f000 r--s 00000000 08:05 786828                     /home/pavlenko/.m2/repository/javax/inject/javax.inject/1/javax.inject-1.jar
7f3da8e0f000-7f3da8e13000 r--s 0001a000 08:05 786689                     /home/pavlenko/.m2/repository/org/glassfish/hk2/hk2-utils/2.4.0-b34/hk2-utils-2.4.0-b34.jar
7f3da8e13000-7f3da8e14000 r--s 00000000 08:05 786826                     /home/pavlenko/.m2/repository/org/glassfish/hk2/hk2/2.4.0-b34/hk2-2.4.0-b34.jar
7f3da8e14000-7f3da8e17000 r--s 0000e000 08:05 786677                     /home/pavlenko/.m2/repository/org/glassfish/jersey/containers/jersey-container-servlet-core/2.23.1/jersey-container-servlet-core-2.23.1.jar
7f3da8e17000-7f3da8e19000 r--s 00004000 08:05 786824                     /home/pavlenko/.m2/repository/org/glassfish/jersey/ext/jersey-spring3/2.23.1/jersey-spring3-2.23.1.jar
7f3da8e19000-7f3da8e30000 r--s 000f9000 08:05 786506                     /home/pavlenko/.m2/repository/org/springframework/spring-core/4.3.2.RELEASE/spring-core-4.3.2.RELEASE.jar
7f3da8e30000-7f3da8e33000 r--s 0000c000 08:05 918161                     /home/pavlenko/.m2/repository/org/springframework/spring-aspects/4.3.2.RELEASE/spring-aspects-4.3.2.RELEASE.jar
7f3da8e33000-7f3da8e35000 r--s 00003000 08:05 11669525                   /home/pavlenko/.m2/repository/org/slf4j/jcl-over-slf4j/1.7.21/jcl-over-slf4j-1.7.21.jar
7f3da8e35000-7f3da8e37000 r--s 00009000 08:05 11408371                   /home/pavlenko/.m2/repository/org/slf4j/slf4j-api/1.7.21/slf4j-api-1.7.21.jar
7f3da8e37000-7f3da8e3f000 r--s 0003a000 08:05 918159                     /home/pavlenko/.m2/repository/org/springframework/spring-tx/4.3.2.RELEASE/spring-tx-4.3.2.RELEASE.jar
7f3da8e3f000-7f3da8e49000 r--s 0006b000 08:05 918157                     /home/pavlenko/.m2/repository/org/springframework/spring-orm/4.3.2.RELEASE/spring-orm-4.3.2.RELEASE.jar
7f3da8e49000-7f3da8e5a000 r--s 00098000 08:05 918155                     /home/pavlenko/.m2/repository/org/springframework/data/spring-data-commons/1.12.2.RELEASE/spring-data-commons-1.12.2.RELEASE.jar
7f3da8e5a000-7f3da8e61000 r--s 0003d000 08:05 918153                     /home/pavlenko/.m2/repository/org/springframework/data/spring-data-jpa/1.10.2.RELEASE/spring-data-jpa-1.10.2.RELEASE.jar
7f3da8e61000-7f3da8e63000 r--s 00006000 08:05 787853                     /home/pavlenko/.m2/repository/javax/transaction/javax.transaction-api/1.2/javax.transaction-api-1.2.jar
7f3da8e63000-7f3da8e66000 r--s 00010000 08:05 918151                     /home/pavlenko/.m2/repository/org/hibernate/common/hibernate-commons-annotations/5.0.1.Final/hibernate-commons-annotations-5.0.1.Final.jar
7f3da8e66000-7f3da8e6f000 r--s 0002d000 08:05 918149                     /home/pavlenko/.m2/repository/xml-apis/xml-apis/1.4.01/xml-apis-1.4.01.jar
7f3da8e6f000-7f3da8e74000 r--s 00048000 08:05 918147                     /home/pavlenko/.m2/repository/dom4j/dom4j/1.6.1/dom4j-1.6.1.jar
7f3da8e74000-7f3da8e77000 r--s 0002b000 08:05 918145                     /home/pavlenko/.m2/repository/org/jboss/jandex/2.0.0.Final/jandex-2.0.0.Final.jar
7f3da8e77000-7f3da8e7c000 r--s 00068000 08:05 918143                     /home/pavlenko/.m2/repository/antlr/antlr/2.7.7/antlr-2.7.7.jar
7f3da8e7c000-7f3da8e86000 r--s 000ae000 08:05 788395                     /home/pavlenko/.m2/repository/org/javassist/javassist/3.20.0-GA/javassist-3.20.0-GA.jar
7f3da8e86000-7f3da8ef0000 r--s 004ed000 08:05 918139                     /home/pavlenko/.m2/repository/org/hibernate/hibernate-core/5.0.9.Final/hibernate-core-5.0.9.Final.jar
7f3da8ef0000-7f3da8efa000 r--s 0005f000 08:05 918137                     /home/pavlenko/.m2/repository/org/springframework/spring-jdbc/4.3.2.RELEASE/spring-jdbc-4.3.2.RELEASE.jar
7f3da8efa000-7f3da8f13000 r--s 001af000 08:05 918133                     /home/pavlenko/.m2/repository/org/aspectj/aspectjweaver/1.8.9/aspectjweaver-1.8.9.jar
7f3da8f13000-7f3da8f25000 r--s 000ce000 08:05 917759                     /home/pavlenko/.m2/repository/org/springframework/spring-webmvc/4.3.2.RELEASE/spring-webmvc-4.3.2.RELEASE.jar
7f3da8f25000-7f3da8f28000 ---p 00000000 00:00 0 
7f3da8f28000-7f3da9026000 rw-p 00000000 00:00 0 
7f3da9026000-7f3da9029000 ---p 00000000 00:00 0 
7f3da9029000-7f3da9127000 rw-p 00000000 00:00 0 
7f3da9127000-7f3da912a000 ---p 00000000 00:00 0 
7f3da912a000-7f3da9228000 rw-p 00000000 00:00 0 
7f3da9228000-7f3da922c000 r-xp 00000000 08:01 1319431                    /usr/lib/jvm/java-8-oracle/jre/lib/amd64/libdt_socket.so
7f3da922c000-7f3da942b000 ---p 00004000 08:01 1319431                    /usr/lib/jvm/java-8-oracle/jre/lib/amd64/libdt_socket.so
7f3da942b000-7f3da942c000 rw-p 00003000 08:01 1319431                    /usr/lib/jvm/java-8-oracle/jre/lib/amd64/libdt_socket.so
7f3da942c000-7f3da942f000 ---p 00000000 00:00 0 
7f3da942f000-7f3da952d000 rw-p 00000000 00:00 0 
7f3da952d000-7f3da9530000 ---p 00000000 00:00 0 
7f3da9530000-7f3da962e000 rw-p 00000000 00:00 0 
7f3da962e000-7f3da9631000 ---p 00000000 00:00 0 
7f3da9631000-7f3da972f000 rw-p 00000000 00:00 0 
7f3da972f000-7f3da9730000 ---p 00000000 00:00 0 
7f3da9730000-7f3dab24a000 rw-p 00000000 00:00 0 
7f3dab24a000-7f3dab423000 r--s 03d29000 08:01 1192422                    /usr/lib/jvm/java-8-oracle/jre/lib/rt.jar
7f3dab423000-7f3dac000000 rw-p 00000000 00:00 0 
7f3dac000000-7f3dac021000 rw-p 00000000 00:00 0 
7f3dac021000-7f3db0000000 ---p 00000000 00:00 0 
7f3db0000000-7f3db0021000 rw-p 00000000 00:00 0 
7f3db0021000-7f3db4000000 ---p 00000000 00:00 0 
7f3db4000000-7f3db4021000 rw-p 00000000 00:00 0 
7f3db4021000-7f3db8000000 ---p 00000000 00:00 0 
7f3db8000000-7f3db8021000 rw-p 00000000 00:00 0 
7f3db8021000-7f3dbc000000 ---p 00000000 00:00 0 
7f3dbc000000-7f3dbc021000 rw-p 00000000 00:00 0 
7f3dbc021000-7f3dc0000000 ---p 00000000 00:00 0 
7f3dc0000000-7f3dc003a000 rw-p 00000000 00:00 0 
7f3dc003a000-7f3dc4000000 ---p 00000000 00:00 0 
7f3dc4000000-7f3dc4021000 rw-p 00000000 00:00 0 
7f3dc4021000-7f3dc8000000 ---p 00000000 00:00 0 
7f3dc8000000-7f3dc8021000 rw-p 00000000 00:00 0 
7f3dc8021000-7f3dcc000000 ---p 00000000 00:00 0 
7f3dcc000000-7f3dcc005000 r--s 00017000 08:05 918141                     /home/pavlenko/.m2/repository/org/hibernate/javax/persistence/hibernate-jpa-2.1-api/1.0.0.Final/hibernate-jpa-2.1-api-1.0.0.Final.jar
7f3dcc005000-7f3dcc006000 r--s 00009000 08:05 9965503                    /home/pavlenko/.m2/repository/org/apache/tomcat/tomcat-juli/8.5.4/tomcat-juli-8.5.4.jar
7f3dcc006000-7f3dcc009000 r--s 0001f000 08:05 9835133                    /home/pavlenko/.m2/repository/org/apache/tomcat/tomcat-jdbc/8.5.4/tomcat-jdbc-8.5.4.jar
7f3dcc009000-7f3dcc00e000 r--s 0003c000 08:05 786504                     /home/pavlenko/.m2/repository/org/springframework/spring-expression/4.3.2.RELEASE/spring-expression-4.3.2.RELEASE.jar
7f3dcc00e000-7f3dcc027000 r--s 000fc000 08:05 786502                     /home/pavlenko/.m2/repository/org/springframework/spring-context/4.3.2.RELEASE/spring-context-4.3.2.RELEASE.jar
7f3dcc027000-7f3dcc030000 r--s 00054000 08:05 786498                     /home/pavlenko/.m2/repository/org/springframework/spring-aop/4.3.2.RELEASE/spring-aop-4.3.2.RELEASE.jar
7f3dcc030000-7f3dcc042000 r--s 000b5000 08:05 786496                     /home/pavlenko/.m2/repository/org/springframework/spring-web/4.3.2.RELEASE/spring-web-4.3.2.RELEASE.jar
7f3dcc042000-7f3dcc046000 r--s 00041000 08:05 917757                     /home/pavlenko/.m2/repository/com/fasterxml/jackson/core/jackson-core/2.8.1/jackson-core-2.8.1.jar
7f3dcc046000-7f3dcc058000 r--s 0011b000 08:05 917755                     /home/pavlenko/.m2/repository/com/fasterxml/jackson/core/jackson-databind/2.8.1/jackson-databind-2.8.1.jar
7f3dcc058000-7f3dcc081000 r--s 002af000 08:05 9965494                    /home/pavlenko/.m2/repository/org/apache/tomcat/embed/tomcat-embed-core/8.5.4/tomcat-embed-core-8.5.4.jar
7f3dcc081000-7f3dcffc8000 rw-p 00000000 00:00 0 
7f3dcffc8000-7f3dcffc9000 ---p 00000000 00:00 0 
7f3dcffc9000-7f3dd00c9000 rw-p 00000000 00:00 0 
7f3dd00c9000-7f3dd00ca000 ---p 00000000 00:00 0 
7f3dd00ca000-7f3dd01ca000 rw-p 00000000 00:00 0 
7f3dd01ca000-7f3dd01cb000 ---p 00000000 00:00 0 
7f3dd01cb000-7f3dd02cb000 rw-p 00000000 00:00 0 
7f3dd02cb000-7f3dd02cc000 ---p 00000000 00:00 0 
7f3dd02cc000-7f3dd03cc000 rw-p 00000000 00:00 0 
7f3dd03cc000-7f3dd03cd000 ---p 00000000 00:00 0 
7f3dd03cd000-7f3dd04cd000 rw-p 00000000 00:00 0 
7f3dd04cd000-7f3dd04ce000 ---p 00000000 00:00 0 
7f3dd04ce000-7f3dd068d000 rw-p 00000000 00:00 0 
7f3dd068d000-7f3dd0862000 ---p 00000000 00:00 0 
7f3dd0862000-7f3dd0921000 rw-p 00000000 00:00 0 
7f3dd0921000-7f3dd0af5000 ---p 00000000 00:00 0 
7f3dd0af5000-7f3dd0c3f000 rw-p 00000000 00:00 0 
7f3dd0c3f000-7f3dd0c91000 rw-p 00000000 00:00 0 
7f3dd0c91000-7f3dd1000000 ---p 00000000 00:00 0 
7f3dd1000000-7f3dd2420000 rwxp 00000000 00:00 0 
7f3dd2420000-7f3de0000000 ---p 00000000 00:00 0 
7f3de0000000-7f3de27e6000 rw-p 00000000 00:00 0 
7f3de27e6000-7f3de4000000 ---p 00000000 00:00 0 
7f3de4000000-7f3de4001000 r--s 00000000 08:05 918135                     /home/pavlenko/.m2/repository/org/springframework/boot/spring-boot-starter-jdbc/1.4.0.RELEASE/spring-boot-starter-jdbc-1.4.0.RELEASE.jar
7f3de4001000-7f3de4002000 r--s 00000000 08:05 918131                     /home/pavlenko/.m2/repository/org/springframework/boot/spring-boot-starter-aop/1.4.0.RELEASE/spring-boot-starter-aop-1.4.0.RELEASE.jar
7f3de4002000-7f3de4005000 r--s 0000b000 08:05 788397                     /home/pavlenko/.m2/repository/com/fasterxml/jackson/core/jackson-annotations/2.8.1/jackson-annotations-2.8.1.jar
7f3de4005000-7f3de4007000 r--s 0000e000 08:05 788311                     /home/pavlenko/.m2/repository/com/fasterxml/classmate/1.3.1/classmate-1.3.1.jar
7f3de4007000-7f3de4009000 r--s 0000f000 08:05 917753                     /home/pavlenko/.m2/repository/org/jboss/logging/jboss-logging/3.3.0.Final/jboss-logging-3.3.0.Final.jar
7f3de4009000-7f3de4019000 r--s 0009c000 08:05 917751                     /home/pavlenko/.m2/repository/org/hibernate/hibernate-validator/5.2.4.Final/hibernate-validator-5.2.4.Final.jar
7f3de4019000-7f3de401e000 r--s 00036000 08:05 10095096                   /home/pavlenko/.m2/repository/org/apache/tomcat/embed/tomcat-embed-websocket/8.5.4/tomcat-embed-websocket-8.5.4.jar
7f3de401e000-7f3de4023000 r--s 00036000 08:05 9965496                    /home/pavlenko/.m2/repository/org/apache/tomcat/embed/tomcat-embed-el/8.5.4/tomcat-embed-el-8.5.4.jar
7f3de4023000-7f3de4029000 r--s 0003d000 08:05 917747                     /home/pavlenko/.m2/repository/org/yaml/snakeyaml/1.17/snakeyaml-1.17.jar
7f3de4029000-7f3de402b000 r--s 00004000 08:05 11537205                   /home/pavlenko/.m2/repository/org/slf4j/log4j-over-slf4j/1.7.21/log4j-over-slf4j-1.7.21.jar
7f3de402b000-7f3de4035000 r--s 00069000 08:05 917745                     /home/pavlenko/.m2/repository/ch/qos/logback/logback-core/1.1.7/logback-core-1.1.7.jar
7f3de4035000-7f3de4052000 r--s 000c7000 08:05 917739                     /home/pavlenko/.m2/repository/org/springframework/boot/spring-boot-autoconfigure/1.4.0.RELEASE/spring-boot-autoconfigure-1.4.0.RELEASE.jar
7f3de4052000-7f3de4053000 ---p 00000000 00:00 0 
7f3de4053000-7f3de4153000 rw-p 00000000 00:00 0 
7f3de4153000-7f3de4154000 ---p 00000000 00:00 0 
7f3de4154000-7f3de4254000 rw-p 00000000 00:00 0 
7f3de4254000-7f3de426e000 r-xp 00000000 08:01 1326255                    /usr/lib/jvm/java-8-oracle/jre/lib/amd64/libzip.so
7f3de426e000-7f3de446e000 ---p 0001a000 08:01 1326255                    /usr/lib/jvm/java-8-oracle/jre/lib/amd64/libzip.so
7f3de446e000-7f3de446f000 rw-p 0001a000 08:01 1326255                    /usr/lib/jvm/java-8-oracle/jre/lib/amd64/libzip.so
7f3de446f000-7f3de447a000 r-xp 00000000 08:01 2113275                    /lib/x86_64-linux-gnu/libnss_files-2.23.so
7f3de447a000-7f3de4679000 ---p 0000b000 08:01 2113275                    /lib/x86_64-linux-gnu/libnss_files-2.23.so
7f3de4679000-7f3de467a000 r--p 0000a000 08:01 2113275                    /lib/x86_64-linux-gnu/libnss_files-2.23.so
7f3de467a000-7f3de467b000 rw-p 0000b000 08:01 2113275                    /lib/x86_64-linux-gnu/libnss_files-2.23.so
7f3de467b000-7f3de4681000 rw-p 00000000 00:00 0 
7f3de4681000-7f3de468c000 r-xp 00000000 08:01 2113272                    /lib/x86_64-linux-gnu/libnss_nis-2.23.so
7f3de468c000-7f3de488b000 ---p 0000b000 08:01 2113272                    /lib/x86_64-linux-gnu/libnss_nis-2.23.so
7f3de488b000-7f3de488c000 r--p 0000a000 08:01 2113272                    /lib/x86_64-linux-gnu/libnss_nis-2.23.so
7f3de488c000-7f3de488d000 rw-p 0000b000 08:01 2113272                    /lib/x86_64-linux-gnu/libnss_nis-2.23.so
7f3de488d000-7f3de48a3000 r-xp 00000000 08:01 2110815                    /lib/x86_64-linux-gnu/libnsl-2.23.so
7f3de48a3000-7f3de4aa2000 ---p 00016000 08:01 2110815                    /lib/x86_64-linux-gnu/libnsl-2.23.so
7f3de4aa2000-7f3de4aa3000 r--p 00015000 08:01 2110815                    /lib/x86_64-linux-gnu/libnsl-2.23.so
7f3de4aa3000-7f3de4aa4000 rw-p 00016000 08:01 2110815                    /lib/x86_64-linux-gnu/libnsl-2.23.so
7f3de4aa4000-7f3de4aa6000 rw-p 00000000 00:00 0 
7f3de4aa6000-7f3de4aae000 r-xp 00000000 08:01 2110808                    /lib/x86_64-linux-gnu/libnss_compat-2.23.so
7f3de4aae000-7f3de4cad000 ---p 00008000 08:01 2110808                    /lib/x86_64-linux-gnu/libnss_compat-2.23.so
7f3de4cad000-7f3de4cae000 r--p 00007000 08:01 2110808                    /lib/x86_64-linux-gnu/libnss_compat-2.23.so
7f3de4cae000-7f3de4caf000 rw-p 00008000 08:01 2110808                    /lib/x86_64-linux-gnu/libnss_compat-2.23.so
7f3de4caf000-7f3de4cb9000 r-xp 00000000 08:01 1326231                    /usr/lib/jvm/java-8-oracle/jre/lib/amd64/libinstrument.so
7f3de4cb9000-7f3de4eb8000 ---p 0000a000 08:01 1326231                    /usr/lib/jvm/java-8-oracle/jre/lib/amd64/libinstrument.so
7f3de4eb8000-7f3de4eb9000 rw-p 00009000 08:01 1326231                    /usr/lib/jvm/java-8-oracle/jre/lib/amd64/libinstrument.so
7f3de4eb9000-7f3de52c3000 r--p 00000000 08:01 1061404                    /usr/lib/locale/locale-archive
7f3de52c3000-7f3de52c5000 r-xp 00000000 08:01 1326242                    /usr/lib/jvm/java-8-oracle/jre/lib/amd64/libnpt.so
7f3de52c5000-7f3de54c5000 ---p 00002000 08:01 1326242                    /usr/lib/jvm/java-8-oracle/jre/lib/amd64/libnpt.so
7f3de54c5000-7f3de54c6000 rw-p 00002000 08:01 1326242                    /usr/lib/jvm/java-8-oracle/jre/lib/amd64/libnpt.so
7f3de54c6000-7f3de54ff000 r-xp 00000000 08:01 1319423                    /usr/lib/jvm/java-8-oracle/jre/lib/amd64/libjdwp.so
7f3de54ff000-7f3de56fe000 ---p 00039000 08:01 1319423                    /usr/lib/jvm/java-8-oracle/jre/lib/amd64/libjdwp.so
7f3de56fe000-7f3de5700000 rw-p 00038000 08:01 1319423                    /usr/lib/jvm/java-8-oracle/jre/lib/amd64/libjdwp.so
7f3de5700000-7f3de572a000 r-xp 00000000 08:01 1319433                    /usr/lib/jvm/java-8-oracle/jre/lib/amd64/libjava.so
7f3de572a000-7f3de592a000 ---p 0002a000 08:01 1319433                    /usr/lib/jvm/java-8-oracle/jre/lib/amd64/libjava.so
7f3de592a000-7f3de592c000 rw-p 0002a000 08:01 1319433                    /usr/lib/jvm/java-8-oracle/jre/lib/amd64/libjava.so
7f3de592c000-7f3de5939000 r-xp 00000000 08:01 1326257                    /usr/lib/jvm/java-8-oracle/jre/lib/amd64/libverify.so
7f3de5939000-7f3de5b39000 ---p 0000d000 08:01 1326257                    /usr/lib/jvm/java-8-oracle/jre/lib/amd64/libverify.so
7f3de5b39000-7f3de5b3b000 rw-p 0000d000 08:01 1326257                    /usr/lib/jvm/java-8-oracle/jre/lib/amd64/libverify.so
7f3de5b3b000-7f3de5b42000 r-xp 00000000 08:01 2113286                    /lib/x86_64-linux-gnu/librt-2.23.so
7f3de5b42000-7f3de5d41000 ---p 00007000 08:01 2113286                    /lib/x86_64-linux-gnu/librt-2.23.so
7f3de5d41000-7f3de5d42000 r--p 00006000 08:01 2113286                    /lib/x86_64-linux-gnu/librt-2.23.so
7f3de5d42000-7f3de5d43000 rw-p 00007000 08:01 2113286                    /lib/x86_64-linux-gnu/librt-2.23.so
7f3de5d43000-7f3de5e4b000 r-xp 00000000 08:01 2113281                    /lib/x86_64-linux-gnu/libm-2.23.so
7f3de5e4b000-7f3de604a000 ---p 00108000 08:01 2113281                    /lib/x86_64-linux-gnu/libm-2.23.so
7f3de604a000-7f3de604b000 r--p 00107000 08:01 2113281                    /lib/x86_64-linux-gnu/libm-2.23.so
7f3de604b000-7f3de604c000 rw-p 00108000 08:01 2113281                    /lib/x86_64-linux-gnu/libm-2.23.so
7f3de604c000-7f3de6d17000 r-xp 00000000 08:01 1326233                    /usr/lib/jvm/java-8-oracle/jre/lib/amd64/server/libjvm.so
7f3de6d17000-7f3de6f16000 ---p 00ccb000 08:01 1326233                    /usr/lib/jvm/java-8-oracle/jre/lib/amd64/server/libjvm.so
7f3de6f16000-7f3de6fef000 rw-p 00cca000 08:01 1326233                    /usr/lib/jvm/java-8-oracle/jre/lib/amd64/server/libjvm.so
7f3de6fef000-7f3de703a000 rw-p 00000000 00:00 0 
7f3de703a000-7f3de71fa000 r-xp 00000000 08:01 2113291                    /lib/x86_64-linux-gnu/libc-2.23.so
7f3de71fa000-7f3de73f9000 ---p 001c0000 08:01 2113291                    /lib/x86_64-linux-gnu/libc-2.23.so
7f3de73f9000-7f3de73fd000 r--p 001bf000 08:01 2113291                    /lib/x86_64-linux-gnu/libc-2.23.so
7f3de73fd000-7f3de73ff000 rw-p 001c3000 08:01 2113291                    /lib/x86_64-linux-gnu/libc-2.23.so
7f3de73ff000-7f3de7403000 rw-p 00000000 00:00 0 
7f3de7403000-7f3de7406000 r-xp 00000000 08:01 2113292                    /lib/x86_64-linux-gnu/libdl-2.23.so
7f3de7406000-7f3de7605000 ---p 00003000 08:01 2113292                    /lib/x86_64-linux-gnu/libdl-2.23.so
7f3de7605000-7f3de7606000 r--p 00002000 08:01 2113292                    /lib/x86_64-linux-gnu/libdl-2.23.so
7f3de7606000-7f3de7607000 rw-p 00003000 08:01 2113292                    /lib/x86_64-linux-gnu/libdl-2.23.so
7f3de7607000-7f3de761c000 r-xp 00000000 08:01 1722442                    /usr/lib/jvm/java-8-oracle/lib/amd64/jli/libjli.so
7f3de761c000-7f3de781c000 ---p 00015000 08:01 1722442                    /usr/lib/jvm/java-8-oracle/lib/amd64/jli/libjli.so
7f3de781c000-7f3de781d000 rw-p 00015000 08:01 1722442                    /usr/lib/jvm/java-8-oracle/lib/amd64/jli/libjli.so
7f3de781d000-7f3de7835000 r-xp 00000000 08:01 2113290                    /lib/x86_64-linux-gnu/libpthread-2.23.so
7f3de7835000-7f3de7a34000 ---p 00018000 08:01 2113290                    /lib/x86_64-linux-gnu/libpthread-2.23.so
7f3de7a34000-7f3de7a35000 r--p 00017000 08:01 2113290                    /lib/x86_64-linux-gnu/libpthread-2.23.so
7f3de7a35000-7f3de7a36000 rw-p 00018000 08:01 2113290                    /lib/x86_64-linux-gnu/libpthread-2.23.so
7f3de7a36000-7f3de7a3a000 rw-p 00000000 00:00 0 
7f3de7a3a000-7f3de7a60000 r-xp 00000000 08:01 2113287                    /lib/x86_64-linux-gnu/ld-2.23.so
7f3de7a60000-7f3de7a61000 r--s 00000000 08:05 918129                     /home/pavlenko/.m2/repository/org/springframework/boot/spring-boot-starter-data-jpa/1.4.0.RELEASE/spring-boot-starter-data-jpa-1.4.0.RELEASE.jar
7f3de7a61000-7f3de7a63000 r--s 00000000 08:05 11537203                   /home/pavlenko/.m2/repository/org/slf4j/jul-to-slf4j/1.7.21/jul-to-slf4j-1.7.21.jar
7f3de7a63000-7f3de7b34000 rw-p 00000000 00:00 0 
7f3de7b34000-7f3de7b37000 ---p 00000000 00:00 0 
7f3de7b37000-7f3de7c39000 rw-p 00000000 00:00 0 
7f3de7c39000-7f3de7c3a000 r--s 00000000 08:05 917749                     /home/pavlenko/.m2/repository/org/springframework/boot/spring-boot-starter-tomcat/1.4.0.RELEASE/spring-boot-starter-tomcat-1.4.0.RELEASE.jar
7f3de7c3a000-7f3de7c41000 r--s 00044000 08:05 917743                     /home/pavlenko/.m2/repository/ch/qos/logback/logback-classic/1.1.7/logback-classic-1.1.7.jar
7f3de7c41000-7f3de7c42000 r--s 00000000 08:05 917741                     /home/pavlenko/.m2/repository/org/springframework/boot/spring-boot-starter-logging/1.4.0.RELEASE/spring-boot-starter-logging-1.4.0.RELEASE.jar
7f3de7c42000-7f3de7c51000 r--s 0008f000 08:05 917737                     /home/pavlenko/.m2/repository/org/springframework/boot/spring-boot/1.4.0.RELEASE/spring-boot-1.4.0.RELEASE.jar
7f3de7c51000-7f3de7c52000 r--s 00000000 08:05 917735                     /home/pavlenko/.m2/repository/org/springframework/boot/spring-boot-starter/1.4.0.RELEASE/spring-boot-starter-1.4.0.RELEASE.jar
7f3de7c52000-7f3de7c53000 r--s 00000000 08:05 917731                     /home/pavlenko/.m2/repository/org/springframework/boot/spring-boot-starter-web/1.4.0.RELEASE/spring-boot-starter-web-1.4.0.RELEASE.jar
7f3de7c53000-7f3de7c5b000 rw-s 00000000 08:01 132379                     /tmp/hsperfdata_pavlenko/14627
7f3de7c5b000-7f3de7c5c000 rw-p 00000000 00:00 0 
7f3de7c5c000-7f3de7c5d000 ---p 00000000 00:00 0 
7f3de7c5d000-7f3de7c5f000 rw-p 00000000 00:00 0 
7f3de7c5f000-7f3de7c60000 r--p 00025000 08:01 2113287                    /lib/x86_64-linux-gnu/ld-2.23.so
7f3de7c60000-7f3de7c61000 rw-p 00026000 08:01 2113287                    /lib/x86_64-linux-gnu/ld-2.23.so
7f3de7c61000-7f3de7c62000 rw-p 00000000 00:00 0 
7ffd8e227000-7ffd8e24b000 rw-p 00000000 00:00 0                          [stack]
7ffd8e3cd000-7ffd8e3cf000 r--p 00000000 00:00 0                          [vvar]
7ffd8e3cf000-7ffd8e3d1000 r-xp 00000000 00:00 0                          [vdso]
ffffffffff600000-ffffffffff601000 r-xp 00000000 00:00 0                  [vsyscall]

VM Arguments:
jvm_args: -agentlib:jdwp=transport=dt_socket,suspend=y,address=localhost:40635 -javaagent:/home/pavlenko/.m2/repository/org/springframework/spring-instrument/4.3.2.RELEASE/spring-instrument-4.3.2.RELEASE.jar -Dfile.encoding=UTF-8 
java_command: com.ntr1x.treasure.web.App
java_class_path (initial): /home/pavlenko/workspace/treasure.web/target/classes:/home/pavlenko/.m2/repository/org/springframework/boot/spring-boot-starter-web/1.4.0.RELEASE/spring-boot-starter-web-1.4.0.RELEASE.jar:/home/pavlenko/.m2/repository/org/springframework/boot/spring-boot-starter/1.4.0.RELEASE/spring-boot-starter-1.4.0.RELEASE.jar:/home/pavlenko/.m2/repository/org/springframework/boot/spring-boot/1.4.0.RELEASE/spring-boot-1.4.0.RELEASE.jar:/home/pavlenko/.m2/repository/org/springframework/boot/spring-boot-autoconfigure/1.4.0.RELEASE/spring-boot-autoconfigure-1.4.0.RELEASE.jar:/home/pavlenko/.m2/repository/org/springframework/boot/spring-boot-starter-logging/1.4.0.RELEASE/spring-boot-starter-logging-1.4.0.RELEASE.jar:/home/pavlenko/.m2/repository/ch/qos/logback/logback-classic/1.1.7/logback-classic-1.1.7.jar:/home/pavlenko/.m2/repository/ch/qos/logback/logback-core/1.1.7/logback-core-1.1.7.jar:/home/pavlenko/.m2/repository/org/slf4j/jul-to-slf4j/1.7.21/jul-to-slf4j-1.7.21.jar:/home/pavlenko/.m2/repository/org/slf4j/log4j-over-slf4j/1.7.21/log4j-over-slf4j-1.7.21.jar:/home/pavlenko/.m2/repository/org/yaml/snakeyaml/1.17/snakeyaml-1.17.jar:/home/pavlenko/.m2/repository/org/springframework/boot/spring-boot-starter-tomcat/1.4.0.RELEASE/spring-boot-starter-tomcat-1.4.0.RELEASE.jar:/home/pavlenko/.m2/repository/org/apache/tomcat/embed/tomcat-embed-core/8.5.4/tomcat-embed-core-8.5.4.jar:/home/pavlenko/.m2/repository/org/apache/tomcat/embed/tomcat-embed-el/8.5.4/tomcat-embed-el-8.5.4.jar:/home/pavlenko/.m2/repository/org/apache/tomcat/embed/tomcat-embed-websocket/8.5.4/tomcat-embed-websocket-8.5.4.jar:/home/pavlenko/.m2/repository/org/hibernate/hibernate-validator/5.2.4.Final/hibernate-validator-5.2.4.Final.jar:/home/pavlenko/.m2/repository/org/jboss/logging/jboss-logging/3.3.0.Final/jboss-logging-3.3.0.Final.jar:/home/pavlenko/.m2/repository/com/fasterxml/classmate/1.3.1/classmate-1.3.1.jar:/home/pavlenko/.m2/repository/com/fasterxml/jackson/core/jackson-databind
Launcher Type: SUN_STANDARD

Environment Variables:
PATH=/usr/local/sbin:/usr/local/bin:/usr/sbin:/usr/bin:/sbin:/bin:/usr/games:/usr/local/games:/snap/bin
SHELL=/bin/bash
DISPLAY=:0

Signal Handlers:
SIGSEGV: [libjvm.so+0xac4790], sa_mask[0]=11111111011111111101111111111110, sa_flags=SA_RESTART|SA_SIGINFO
SIGBUS: [libjvm.so+0xac4790], sa_mask[0]=11111111011111111101111111111110, sa_flags=SA_RESTART|SA_SIGINFO
SIGFPE: [libjvm.so+0x91f140], sa_mask[0]=11111111011111111101111111111110, sa_flags=SA_RESTART|SA_SIGINFO
SIGPIPE: [libjvm.so+0x91f140], sa_mask[0]=11111111011111111101111111111110, sa_flags=SA_RESTART|SA_SIGINFO
SIGXFSZ: [libjvm.so+0x91f140], sa_mask[0]=11111111011111111101111111111110, sa_flags=SA_RESTART|SA_SIGINFO
SIGILL: [libjvm.so+0x91f140], sa_mask[0]=11111111011111111101111111111110, sa_flags=SA_RESTART|SA_SIGINFO
SIGUSR1: SIG_DFL, sa_mask[0]=00000000000000000000000000000000, sa_flags=none
SIGUSR2: [libjvm.so+0x920770], sa_mask[0]=00100000000000000000000000000000, sa_flags=SA_RESTART|SA_SIGINFO
SIGHUP: [libjvm.so+0x921b70], sa_mask[0]=11111111011111111101111111111110, sa_flags=SA_RESTART|SA_SIGINFO
SIGINT: [libjvm.so+0x921b70], sa_mask[0]=11111111011111111101111111111110, sa_flags=SA_RESTART|SA_SIGINFO
SIGTERM: [libjvm.so+0x921b70], sa_mask[0]=11111111011111111101111111111110, sa_flags=SA_RESTART|SA_SIGINFO
SIGQUIT: [libjvm.so+0x921b70], sa_mask[0]=11111111011111111101111111111110, sa_flags=SA_RESTART|SA_SIGINFO


---------------  S Y S T E M  ---------------

OS:DISTRIB_ID=Ubuntu
DISTRIB_RELEASE=16.04
DISTRIB_CODENAME=xenial
DISTRIB_DESCRIPTION="Ubuntu 16.04.1 LTS"

uname:Linux 4.4.0-34-generic #53-Ubuntu SMP Wed Jul 27 16:06:39 UTC 2016 x86_64
libc:glibc 2.23 NPTL 2.23 
rlimit: STACK 8192k, CORE 0k, NPROC 31458, NOFILE 65536, AS infinity
load average:8,83 2,43 1,20

/proc/meminfo:
MemTotal:        8093744 kB
MemFree:          117692 kB
MemAvailable:       7348 kB
Buffers:             524 kB
Cached:           771336 kB
SwapCached:            0 kB
Active:          7007836 kB
Inactive:         697680 kB
Active(anon):    7006336 kB
Inactive(anon):   693336 kB
Active(file):       1500 kB
Inactive(file):     4344 kB
Unevictable:         116 kB
Mlocked:             116 kB
SwapTotal:             0 kB
SwapFree:              0 kB
Dirty:                64 kB
Writeback:             0 kB
AnonPages:       6935964 kB
Mapped:           486296 kB
Shmem:            763824 kB
Slab:              97048 kB
SReclaimable:      45464 kB
SUnreclaim:        51584 kB
KernelStack:       17952 kB
PageTables:        72228 kB
NFS_Unstable:          0 kB
Bounce:                0 kB
WritebackTmp:          0 kB
CommitLimit:     4046872 kB
Committed_AS:   15525536 kB
VmallocTotal:   34359738367 kB
VmallocUsed:           0 kB
VmallocChunk:          0 kB
HardwareCorrupted:     0 kB
AnonHugePages:   3231744 kB
CmaTotal:              0 kB
CmaFree:               0 kB
HugePages_Total:       0
HugePages_Free:        0
HugePages_Rsvd:        0
HugePages_Surp:        0
Hugepagesize:       2048 kB
DirectMap4k:      193492 kB
DirectMap2M:     7065600 kB
DirectMap1G:     1048576 kB


CPU:total 8 (4 cores per cpu, 2 threads per core) family 6 model 60 stepping 3, cmov, cx8, fxsr, mmx, sse, sse2, sse3, ssse3, sse4.1, sse4.2, popcnt, avx, avx2, aes, clmul, erms, lzcnt, ht, tsc, tscinvbit, bmi1, bmi2

/proc/cpuinfo:
processor	: 0
vendor_id	: GenuineIntel
cpu family	: 6
model		: 60
model name	: Intel(R) Core(TM) i7-4700MQ CPU @ 2.40GHz
stepping	: 3
microcode	: 0x12
cpu MHz		: 2603.906
cache size	: 6144 KB
physical id	: 0
siblings	: 8
core id		: 0
cpu cores	: 4
apicid		: 0
initial apicid	: 0
fpu		: yes
fpu_exception	: yes
cpuid level	: 13
wp		: yes
flags		: fpu vme de pse tsc msr pae mce cx8 apic sep mtrr pge mca cmov pat pse36 clflush dts acpi mmx fxsr sse sse2 ss ht tm pbe syscall nx pdpe1gb rdtscp lm constant_tsc arch_perfmon pebs bts rep_good nopl xtopology nonstop_tsc aperfmperf eagerfpu pni pclmulqdq dtes64 monitor ds_cpl vmx est tm2 ssse3 sdbg fma cx16 xtpr pdcm pcid sse4_1 sse4_2 movbe popcnt tsc_deadline_timer aes xsave avx f16c rdrand lahf_lm abm epb tpr_shadow vnmi flexpriority ept vpid fsgsbase tsc_adjust bmi1 avx2 smep bmi2 erms invpcid xsaveopt dtherm ida arat pln pts
bugs		:
bogomips	: 4788.67
clflush size	: 64
cache_alignment	: 64
address sizes	: 39 bits physical, 48 bits virtual
power management:

processor	: 1
vendor_id	: GenuineIntel
cpu family	: 6
model		: 60
model name	: Intel(R) Core(TM) i7-4700MQ CPU @ 2.40GHz
stepping	: 3
microcode	: 0x12
cpu MHz		: 2748.375
cache size	: 6144 KB
physical id	: 0
siblings	: 8
core id		: 1
cpu cores	: 4
apicid		: 2
initial apicid	: 2
fpu		: yes
fpu_exception	: yes
cpuid level	: 13
wp		: yes
flags		: fpu vme de pse tsc msr pae mce cx8 apic sep mtrr pge mca cmov pat pse36 clflush dts acpi mmx fxsr sse sse2 ss ht tm pbe syscall nx pdpe1gb rdtscp lm constant_tsc arch_perfmon pebs bts rep_good nopl xtopology nonstop_tsc aperfmperf eagerfpu pni pclmulqdq dtes64 monitor ds_cpl vmx est tm2 ssse3 sdbg fma cx16 xtpr pdcm pcid sse4_1 sse4_2 movbe popcnt tsc_deadline_timer aes xsave avx f16c rdrand lahf_lm abm epb tpr_shadow vnmi flexpriority ept vpid fsgsbase tsc_adjust bmi1 avx2 smep bmi2 erms invpcid xsaveopt dtherm ida arat pln pts
bugs		:
bogomips	: 4788.67
clflush size	: 64
cache_alignment	: 64
address sizes	: 39 bits physical, 48 bits virtual
power management:

processor	: 2
vendor_id	: GenuineIntel
cpu family	: 6
model		: 60
model name	: Intel(R) Core(TM) i7-4700MQ CPU @ 2.40GHz
stepping	: 3
microcode	: 0x12
cpu MHz		: 2740.875
cache size	: 6144 KB
physical id	: 0
siblings	: 8
core id		: 2
cpu cores	: 4
apicid		: 4
initial apicid	: 4
fpu		: yes
fpu_exception	: yes
cpuid level	: 13
wp		: yes
flags		: fpu vme de pse tsc msr pae mce cx8 apic sep mtrr pge mca cmov pat pse36 clflush dts acpi mmx fxsr sse sse2 ss ht tm pbe syscall nx pdpe1gb rdtscp lm constant_tsc arch_perfmon pebs bts rep_good nopl xtopology nonstop_tsc aperfmperf eagerfpu pni pclmulqdq dtes64 monitor ds_cpl vmx est tm2 ssse3 sdbg fma cx16 xtpr pdcm pcid sse4_1 sse4_2 movbe popcnt tsc_deadline_timer aes xsave avx f16c rdrand lahf_lm abm epb tpr_shadow vnmi flexpriority ept vpid fsgsbase tsc_adjust bmi1 avx2 smep bmi2 erms invpcid xsaveopt dtherm ida arat pln pts
bugs		:
bogomips	: 4788.67
clflush size	: 64
cache_alignment	: 64
address sizes	: 39 bits physical, 48 bits virtual
power management:

processor	: 3
vendor_id	: GenuineIntel
cpu family	: 6
model		: 60
model name	: Intel(R) Core(TM) i7-4700MQ CPU @ 2.40GHz
stepping	: 3
microcode	: 0x12
cpu MHz		: 2562.375
cache size	: 6144 KB
physical id	: 0
siblings	: 8
core id		: 3
cpu cores	: 4
apicid		: 6
initial apicid	: 6
fpu		: yes
fpu_exception	: yes
cpuid level	: 13
wp		: yes
flags		: fpu vme de pse tsc msr pae mce cx8 apic sep mtrr pge mca cmov pat pse36 clflush dts acpi mmx fxsr sse sse2 ss ht tm pbe syscall nx pdpe1gb rdtscp lm constant_tsc arch_perfmon pebs bts rep_good nopl xtopology nonstop_tsc aperfmperf eagerfpu pni pclmulqdq dtes64 monitor ds_cpl vmx est tm2 ssse3 sdbg fma cx16 xtpr pdcm pcid sse4_1 sse4_2 movbe popcnt tsc_deadline_timer aes xsave avx f16c rdrand lahf_lm abm epb tpr_shadow vnmi flexpriority ept vpid fsgsbase tsc_adjust bmi1 avx2 smep bmi2 erms invpcid xsaveopt dtherm ida arat pln pts
bugs		:
bogomips	: 4788.67
clflush size	: 64
cache_alignment	: 64
address sizes	: 39 bits physical, 48 bits virtual
power management:

processor	: 4
vendor_id	: GenuineIntel
cpu family	: 6
model		: 60
model name	: Intel(R) Core(TM) i7-4700MQ CPU @ 2.40GHz
stepping	: 3
microcode	: 0x12
cpu MHz		: 2879.625
cache size	: 6144 KB
physical id	: 0
siblings	: 8
core id		: 0
cpu cores	: 4
apicid		: 1
initial apicid	: 1
fpu		: yes
fpu_exception	: yes
cpuid level	: 13
wp		: yes
flags		: fpu vme de pse tsc msr pae mce cx8 apic sep mtrr pge mca cmov pat pse36 clflush dts acpi mmx fxsr sse sse2 ss ht tm pbe syscall nx pdpe1gb rdtscp lm constant_tsc arch_perfmon pebs bts rep_good nopl xtopology nonstop_tsc aperfmperf eagerfpu pni pclmulqdq dtes64 monitor ds_cpl vmx est tm2 ssse3 sdbg fma cx16 xtpr pdcm pcid sse4_1 sse4_2 movbe popcnt tsc_deadline_timer aes xsave avx f16c rdrand lahf_lm abm epb tpr_shadow vnmi flexpriority ept vpid fsgsbase tsc_adjust bmi1 avx2 smep bmi2 erms invpcid xsaveopt dtherm ida arat pln pts
bugs		:
bogomips	: 4788.67
clflush size	: 64
cache_alignment	: 64
address sizes	: 39 bits physical, 48 bits virtual
power management:

processor	: 5
vendor_id	: GenuineIntel
cpu family	: 6
model		: 60
model name	: Intel(R) Core(TM) i7-4700MQ CPU @ 2.40GHz
stepping	: 3
microcode	: 0x12
cpu MHz		: 2477.718
cache size	: 6144 KB
physical id	: 0
siblings	: 8
core id		: 1
cpu cores	: 4
apicid		: 3
initial apicid	: 3
fpu		: yes
fpu_exception	: yes
cpuid level	: 13
wp		: yes
flags		: fpu vme de pse tsc msr pae mce cx8 apic sep mtrr pge mca cmov pat pse36 clflush dts acpi mmx fxsr sse sse2 ss ht tm pbe syscall nx pdpe1gb rdtscp lm constant_tsc arch_perfmon pebs bts rep_good nopl xtopology nonstop_tsc aperfmperf eagerfpu pni pclmulqdq dtes64 monitor ds_cpl vmx est tm2 ssse3 sdbg fma cx16 xtpr pdcm pcid sse4_1 sse4_2 movbe popcnt tsc_deadline_timer aes xsave avx f16c rdrand lahf_lm abm epb tpr_shadow vnmi flexpriority ept vpid fsgsbase tsc_adjust bmi1 avx2 smep bmi2 erms invpcid xsaveopt dtherm ida arat pln pts
bugs		:
bogomips	: 4788.67
clflush size	: 64
cache_alignment	: 64
address sizes	: 39 bits physical, 48 bits virtual
power management:

processor	: 6
vendor_id	: GenuineIntel
cpu family	: 6
model		: 60
model name	: Intel(R) Core(TM) i7-4700MQ CPU @ 2.40GHz
stepping	: 3
microcode	: 0x12
cpu MHz		: 2417.437
cache size	: 6144 KB
physical id	: 0
siblings	: 8
core id		: 2
cpu cores	: 4
apicid		: 5
initial apicid	: 5
fpu		: yes
fpu_exception	: yes
cpuid level	: 13
wp		: yes
flags		: fpu vme de pse tsc msr pae mce cx8 apic sep mtrr pge mca cmov pat pse36 clflush dts acpi mmx fxsr sse sse2 ss ht tm pbe syscall nx pdpe1gb rdtscp lm constant_tsc arch_perfmon pebs bts rep_good nopl xtopology nonstop_tsc aperfmperf eagerfpu pni pclmulqdq dtes64 monitor ds_cpl vmx est tm2 ssse3 sdbg fma cx16 xtpr pdcm pcid sse4_1 sse4_2 movbe popcnt tsc_deadline_timer aes xsave avx f16c rdrand lahf_lm abm epb tpr_shadow vnmi flexpriority ept vpid fsgsbase tsc_adjust bmi1 avx2 smep bmi2 erms invpcid xsaveopt dtherm ida arat pln pts
bugs		:
bogomips	: 4788.67
clflush size	: 64
cache_alignment	: 64
address sizes	: 39 bits physical, 48 bits virtual
power management:

processor	: 7
vendor_id	: GenuineIntel
cpu family	: 6
model		: 60
model name	: Intel(R) Core(TM) i7-4700MQ CPU @ 2.40GHz
stepping	: 3
microcode	: 0x12
cpu MHz		: 2592.937
cache size	: 6144 KB
physical id	: 0
siblings	: 8
core id		: 3
cpu cores	: 4
apicid		: 7
initial apicid	: 7
fpu		: yes
fpu_exception	: yes
cpuid level	: 13
wp		: yes
flags		: fpu vme de pse tsc msr pae mce cx8 apic sep mtrr pge mca cmov pat pse36 clflush dts acpi mmx fxsr sse sse2 ss ht tm pbe syscall nx pdpe1gb rdtscp lm constant_tsc arch_perfmon pebs bts rep_good nopl xtopology nonstop_tsc aperfmperf eagerfpu pni pclmulqdq dtes64 monitor ds_cpl vmx est tm2 ssse3 sdbg fma cx16 xtpr pdcm pcid sse4_1 sse4_2 movbe popcnt tsc_deadline_timer aes xsave avx f16c rdrand lahf_lm abm epb tpr_shadow vnmi flexpriority ept vpid fsgsbase tsc_adjust bmi1 avx2 smep bmi2 erms invpcid xsaveopt dtherm ida arat pln pts
bugs		:
bogomips	: 4788.67
clflush size	: 64
cache_alignment	: 64
address sizes	: 39 bits physical, 48 bits virtual
power management:



Memory: 4k page, physical 8093744k(120304k free), swap 0k(0k free)

vm_info: Java HotSpot(TM) 64-Bit Server VM (25.101-b13) for linux-amd64 JRE (1.8.0_101-b13), built on Jun 22 2016 02:59:44 by "java_re" with gcc 4.3.0 20080428 (Red Hat 4.3.0-8)

time: Sat Aug 27 19:16:29 2016
elapsed time: 637 seconds (0d 0h 10m 37s)

