#
# A fatal error has been detected by the Java Runtime Environment:
#
#  SIGSEGV (0xb) at pc=0x00007feb340000c8, pid=10266, tid=0x00007feb70388700
#
# JRE version: Java(TM) SE Runtime Environment (8.0_101-b13) (build 1.8.0_101-b13)
# Java VM: Java HotSpot(TM) 64-Bit Server VM (25.101-b13 mixed mode linux-amd64 compressed oops)
# Problematic frame:
# C  0x00007feb340000c8
#
# Failed to write core dump. Core dumps have been disabled. To enable core dumping, try "ulimit -c unlimited" before starting Java again
#
# If you would like to submit a bug report, please visit:
#   http://bugreport.java.com/bugreport/crash.jsp
#

---------------  T H R E A D  ---------------

Current thread (0x00007feb8421e800):  JavaThread "JDWP Transport Listener: dt_socket" daemon [_thread_in_vm, id=10288, stack(0x00007feb70288000,0x00007feb70389000)]

siginfo: si_signo: 11 (SIGSEGV), si_code: 2 (SEGV_ACCERR), si_addr: 0x00007feb340000c8

Registers:
RAX=0x00007feb340000c8, RBX=0x00007feb340000d8, RCX=0x00007feb8ad232c0, RDX=0x00007feb8a2fbe80
RSP=0x00007feb70387748, RBP=0x00007feb70387760, RSI=0x00007feb8421e800, RDI=0x00007feb340000d8
R8 =0x00007feb84217210, R9 =0x0000000000000000, R10=0x0000000000000001, R11=0x00007feb34033630
R12=0x0000000000000017, R13=0x00007feb340000e8, R14=0x00007feb8421e800, R15=0x00007feb70387867
RIP=0x00007feb340000c8, EFLAGS=0x0000000000010202, CSGSFS=0x0000000000000033, ERR=0x0000000000000015
  TRAPNO=0x000000000000000e

Top of Stack: (sp=0x00007feb70387748)
0x00007feb70387748:   00007feb89be6d97 0000000000000074
0x00007feb70387758:   00007feb84009f60 00007feb703877d0
0x00007feb70387768:   00007feb89a73efe 00007feb84009f60
0x00007feb70387778:   00007feb70387780 00007feb8421e800
0x00007feb70387788:   0000000000000000 00007feb00000000
0x00007feb70387798:   0000000000000000 00007feb703877b0
0x00007feb703877a8:   00007feb889ede40 00007feb340000e8
0x00007feb703877b8:   00007feb70387867 0000000000000000
0x00007feb703877c8:   00007feb70387867 00007feb70387800
0x00007feb703877d8:   00007feb887d98c2 00007feb70387800
0x00007feb703877e8:   00007feb340000e8 00007feb703878d0
0x00007feb703877f8:   0000000000000000 00007feb70387890
0x00007feb70387808:   00007feb887baaa0 00007feb70387848
0x00007feb70387818:   00007feb70387840 00007feb70387838
0x00007feb70387828:   00007feb7038785c 0000000134002e00
0x00007feb70387838:   0000000000000000 0000000000000000
0x00007feb70387848:   0000000000000000 00007feb34004530
0x00007feb70387858:   00007feb703878d0 000000000000000e
0x00007feb70387868:   0000000000000002 000000000000000f
0x00007feb70387878:   0000000000000002 00000000000f0200
0x00007feb70387888:   000000000000000f 00007feb70387ae0
0x00007feb70387898:   00007feb887c59c6 0000094700000013
0x00007feb703878a8:   00007feb890f0200 00007feb2c000ba0
0x00007feb703878b8:   0000000000000000 00007feb703878d0
0x00007feb703878c8:   00007feb70387a60 00007feb70387924
0x00007feb703878d8:   00007feb00000128 00007feb703878e8
0x00007feb703878e8:   0000000000000004 00007feb70387920
0x00007feb703878f8:   0000000000000000 00007f0000000000
0x00007feb70387908:   000009470000001c 00007feb00007a80
0x00007feb70387918:   00007feb70387920 000000010e000000
0x00007feb70387928:   0000003a00000000 2f65727573616507
0x00007feb70387938:   767265732f626577 646e492f73656369 

Instructions: (pc=0x00007feb340000c8)
0x00007feb340000a8:   98 00 00 34 eb 7f 00 00 98 00 00 34 eb 7f 00 00
0x00007feb340000b8:   50 41 00 34 eb 7f 00 00 60 42 00 34 eb 7f 00 00
0x00007feb340000c8:   c0 3f 00 34 eb 7f 00 00 c0 3f 00 34 eb 7f 00 00
0x00007feb340000d8:   c8 00 00 34 eb 7f 00 00 c8 00 00 34 eb 7f 00 00 

Register to memory mapping:

RAX=0x00007feb340000c8 is an unknown value
RBX=0x00007feb340000d8 is an unknown value
RCX=0x00007feb8ad232c0: <offset 0x2182c0> in /lib/x86_64-linux-gnu/libpthread.so.0 at 0x00007feb8ab0b000
RDX=0x00007feb8a2fbe80: <offset 0xfc1e80> in /usr/lib/jvm/java-8-oracle/jre/lib/amd64/server/libjvm.so at 0x00007feb8933a000
RSP=0x00007feb70387748 is pointing into the stack for thread: 0x00007feb8421e800
RBP=0x00007feb70387760 is pointing into the stack for thread: 0x00007feb8421e800
RSI=0x00007feb8421e800 is a thread
RDI=0x00007feb340000d8 is an unknown value
R8 =0x00007feb84217210 is an unknown value
R9 =0x0000000000000000 is an unknown value
R10=0x0000000000000001 is an unknown value
R11=0x00007feb34033630 is an unknown value
R12=0x0000000000000017 is an unknown value
R13=0x00007feb340000e8 is an unknown value
R14=0x00007feb8421e800 is a thread
R15=0x00007feb70387867 is pointing into the stack for thread: 0x00007feb8421e800


Stack: [0x00007feb70288000,0x00007feb70389000],  sp=0x00007feb70387748,  free space=1021k
Native frames: (J=compiled Java code, j=interpreted, Vv=VM code, C=native code)
C  0x00007feb340000c8
V  [libjvm.so+0x739efe]  jvmti_IsMethodSynthetic+0x2be
C  [libjdwp.so+0x258c2]  isMethodSynthetic+0x42
C  [libjdwp.so+0x6aa0]  methods1+0x1b0
C  [libjdwp.so+0x119c6]  debugLoop_run+0x2b6
C  [libjdwp.so+0x247ff]  attachThread+0x2f
V  [libjvm.so+0x7a63e2]  JvmtiAgentThread::call_start_function()+0xc2
V  [libjvm.so+0xa7343f]  JavaThread::thread_main_inner()+0xdf
V  [libjvm.so+0xa7356c]  JavaThread::run()+0x11c
V  [libjvm.so+0x924698]  java_start(Thread*)+0x108
C  [libpthread.so.0+0x76fa]  start_thread+0xca


---------------  P R O C E S S  ---------------

Java Threads: ( => current thread )
  0x00007fead806d000 JavaThread "pool-2-thread-1" [_thread_blocked, id=10333, stack(0x00007feafd8db000,0x00007feafd9dc000)]
  0x00007feb142f5000 JavaThread "http-nio-8080-exec-10" daemon [_thread_blocked, id=10331, stack(0x00007feafdddc000,0x00007feafdedd000)]
  0x00007feb14181800 JavaThread "http-nio-8080-exec-9" daemon [_thread_blocked, id=10330, stack(0x00007feafdedd000,0x00007feafdfde000)]
  0x00007feb14180000 JavaThread "http-nio-8080-exec-8" daemon [_thread_blocked, id=10329, stack(0x00007feafdfde000,0x00007feafe0df000)]
  0x00007feb1417e000 JavaThread "http-nio-8080-exec-7" daemon [_thread_blocked, id=10328, stack(0x00007feafe0df000,0x00007feafe1e0000)]
  0x00007feb1417c800 JavaThread "http-nio-8080-exec-6" daemon [_thread_blocked, id=10327, stack(0x00007feafe1e0000,0x00007feafe2e1000)]
  0x00007feb1417b000 JavaThread "http-nio-8080-exec-5" daemon [_thread_blocked, id=10326, stack(0x00007feafe2e1000,0x00007feafe3e2000)]
  0x00007feb14476000 JavaThread "http-nio-8080-exec-4" daemon [_thread_blocked, id=10325, stack(0x00007feafe5e2000,0x00007feafe6e3000)]
  0x00007feb14474800 JavaThread "http-nio-8080-exec-3" daemon [_thread_blocked, id=10323, stack(0x00007feafe7e4000,0x00007feafe8e5000)]
  0x00007feaf4005000 JavaThread "http-nio-8080-exec-2" daemon [_thread_blocked, id=10322, stack(0x00007feafece5000,0x00007feafede6000)]
  0x00007feaf4002000 JavaThread "http-nio-8080-exec-1" daemon [_thread_blocked, id=10321, stack(0x00007feaff1e6000,0x00007feaff2e7000)]
  0x00007feb84013800 JavaThread "DestroyJavaVM" [_thread_blocked, id=10268, stack(0x00007feb8ae22000,0x00007feb8af23000)]
  0x00007feb8784d800 JavaThread "http-nio-8080-AsyncTimeout" daemon [_thread_blocked, id=10316, stack(0x00007feaff2e7000,0x00007feaff3e8000)]
  0x00007feb8784d000 JavaThread "http-nio-8080-Acceptor-0" daemon [_thread_in_native, id=10315, stack(0x00007feaff3e8000,0x00007feaff4e9000)]
  0x00007feb8784a800 JavaThread "http-nio-8080-ClientPoller-1" daemon [_thread_in_native, id=10314, stack(0x00007feaff4e9000,0x00007feaff5ea000)]
  0x00007feb87816800 JavaThread "http-nio-8080-ClientPoller-0" daemon [_thread_in_native, id=10313, stack(0x00007feb32db2000,0x00007feb32eb3000)]
  0x00007feb87815000 JavaThread "NioBlockingSelector.BlockPoller-1" daemon [_thread_in_native, id=10312, stack(0x00007feb31dee000,0x00007feb31eef000)]
  0x00007feb86006000 JavaThread "Abandoned connection cleanup thread" daemon [_thread_blocked, id=10309, stack(0x00007feb30d16000,0x00007feb30e17000)]
  0x00007feb85fd7000 JavaThread "Tomcat JDBC Pool Cleaner[414493378:1474104822970]" daemon [_thread_blocked, id=10308, stack(0x00007feb31436000,0x00007feb31537000)]
  0x00007feb85fb2800 JavaThread "container-0" [_thread_blocked, id=10307, stack(0x00007feb31737000,0x00007feb31838000)]
  0x00007feb085c4800 JavaThread "ContainerBackgroundProcessor[StandardEngine[Tomcat].StandardHost[localhost].StandardContext[]]" daemon [_thread_blocked, id=10306, stack(0x00007feb31838000,0x00007feb31939000)]
  0x00007feb8483f800 JavaThread "Service Thread" daemon [_thread_blocked, id=10299, stack(0x00007feb33931000,0x00007feb33a32000)]
  0x00007feb84822000 JavaThread "C1 CompilerThread3" daemon [_thread_blocked, id=10298, stack(0x00007feb33a32000,0x00007feb33b33000)]
  0x00007feb84820000 JavaThread "C2 CompilerThread2" daemon [_thread_blocked, id=10297, stack(0x00007feb33b33000,0x00007feb33c34000)]
  0x00007feb8481e000 JavaThread "C2 CompilerThread1" daemon [_thread_blocked, id=10296, stack(0x00007feb33c34000,0x00007feb33d35000)]
  0x00007feb8481c000 JavaThread "C2 CompilerThread0" daemon [_thread_blocked, id=10295, stack(0x00007feb33d35000,0x00007feb33e36000)]
  0x00007feb34001000 JavaThread "JDWP Command Reader" daemon [_thread_in_native, id=10292, stack(0x00007feb70086000,0x00007feb70187000)]
  0x00007feb84222000 JavaThread "JDWP Event Helper Thread" daemon [_thread_blocked, id=10290, stack(0x00007feb70187000,0x00007feb70288000)]
=>0x00007feb8421e800 JavaThread "JDWP Transport Listener: dt_socket" daemon [_thread_in_vm, id=10288, stack(0x00007feb70288000,0x00007feb70389000)]
  0x00007feb8420f000 JavaThread "Signal Dispatcher" daemon [_thread_blocked, id=10286, stack(0x00007feb7058d000,0x00007feb7068e000)]
  0x00007feb841dc800 JavaThread "Finalizer" daemon [_thread_blocked, id=10284, stack(0x00007feb7068e000,0x00007feb7078f000)]
  0x00007feb841d8000 JavaThread "Reference Handler" daemon [_thread_blocked, id=10283, stack(0x00007feb7078f000,0x00007feb70890000)]

Other Threads:
  0x00007feb841d0800 VMThread [stack: 0x00007feb70890000,0x00007feb70991000] [id=10282]
  0x00007feb84845000 WatcherThread [stack: 0x00007feb33830000,0x00007feb33931000] [id=10300]

VM state:not at safepoint (normal execution)

VM Mutex/Monitor currently owned by a thread: None

Heap:
 PSYoungGen      total 495616K, used 188642K [0x00000000d6d00000, 0x00000000f8700000, 0x0000000100000000)
  eden space 475136K, 35% used [0x00000000d6d00000,0x00000000e113c018,0x00000000f3d00000)
  from space 20480K, 99% used [0x00000000f5980000,0x00000000f6d7c950,0x00000000f6d80000)
  to   space 29184K, 0% used [0x00000000f3d00000,0x00000000f3d00000,0x00000000f5980000)
 ParOldGen       total 124416K, used 48478K [0x0000000084600000, 0x000000008bf80000, 0x00000000d6d00000)
  object space 124416K, 38% used [0x0000000084600000,0x0000000087557ad0,0x000000008bf80000)
 Metaspace       used 74259K, capacity 75746K, committed 75864K, reserved 1116160K
  class space    used 9107K, capacity 9506K, committed 9600K, reserved 1048576K

Card table byte_map: [0x00007feb73bfd000,0x00007feb73fdb000] byte_map_base: 0x00007feb737da000

Marking Bits: (ParMarkBitMap*) 0x00007feb8a2fb120
 Begin Bits: [0x00007feb58230000, 0x00007feb5a118000)
 End Bits:   [0x00007feb5a118000, 0x00007feb5c000000)

Polling page: 0x00007feb8af4a000

CodeCache: size=245760Kb used=33233Kb max_used=33599Kb free=212526Kb
 bounds [0x00007feb7439b000, 0x00007feb764ab000, 0x00007feb8339b000]
 total_blobs=9780 nmethods=9221 adapters=476
 compilation: enabled

Compilation events (10 events):
Event: 66,482 Thread 0x00007feb8481c000 11261       4       java.util.TreeMap::put (247 bytes)
Event: 66,482 Thread 0x00007feb84822000 11260       3       org.apache.catalina.webresources.CachedResource::getNextCheck (5 bytes)
Event: 66,482 Thread 0x00007feb84822000 nmethod 11260 0x00007feb74f6eb10 code [0x00007feb74f6ec60, 0x00007feb74f6edb0]
Event: 66,498 Thread 0x00007feb8481c000 nmethod 11261 0x00007feb74c43610 code [0x00007feb74c437e0, 0x00007feb74c44958]
Event: 66,682 Thread 0x00007feb84822000 11263       3       sun.nio.ch.EPollSelectorImpl::updateSelectedKeys (150 bytes)
Event: 66,683 Thread 0x00007feb84822000 nmethod 11263 0x00007feb75b9dbd0 code [0x00007feb75b9de20, 0x00007feb75b9ec88]
Event: 66,684 Thread 0x00007feb84822000 11262       3       java.nio.channels.spi.AbstractSelector::end (5 bytes)
Event: 66,684 Thread 0x00007feb84822000 nmethod 11262 0x00007feb747b1d10 code [0x00007feb747b1ea0, 0x00007feb747b2430]
Event: 82,699 Thread 0x00007feb84822000 11264       3       java.util.concurrent.atomic.AtomicInteger::set (6 bytes)
Event: 82,699 Thread 0x00007feb84822000 nmethod 11264 0x00007feb75332090 code [0x00007feb753321e0, 0x00007feb75332330]

GC Heap History (10 events):
Event: 7,605 GC heap before
{Heap before GC invocations=11 (full 2):
 PSYoungGen      total 303616K, used 288768K [0x00000000d6d00000, 0x00000000eb980000, 0x0000000100000000)
  eden space 288768K, 100% used [0x00000000d6d00000,0x00000000e8700000,0x00000000e8700000)
  from space 14848K, 0% used [0x00000000e9580000,0x00000000e9580000,0x00000000ea400000)
  to   space 14848K, 0% used [0x00000000e8700000,0x00000000e8700000,0x00000000e9580000)
 ParOldGen       total 87040K, used 18984K [0x0000000084600000, 0x0000000089b00000, 0x00000000d6d00000)
  object space 87040K, 21% used [0x0000000084600000,0x000000008588a228,0x0000000089b00000)
 Metaspace       used 44159K, capacity 44650K, committed 44928K, reserved 1089536K
  class space    used 5306K, capacity 5432K, committed 5504K, reserved 1048576K
Event: 7,619 GC heap after
Heap after GC invocations=11 (full 2):
 PSYoungGen      total 303616K, used 11967K [0x00000000d6d00000, 0x00000000f0780000, 0x0000000100000000)
  eden space 288768K, 0% used [0x00000000d6d00000,0x00000000d6d00000,0x00000000e8700000)
  from space 14848K, 80% used [0x00000000e8700000,0x00000000e92afd08,0x00000000e9580000)
  to   space 15360K, 0% used [0x00000000ef880000,0x00000000ef880000,0x00000000f0780000)
 ParOldGen       total 87040K, used 18992K [0x0000000084600000, 0x0000000089b00000, 0x00000000d6d00000)
  object space 87040K, 21% used [0x0000000084600000,0x000000008588c228,0x0000000089b00000)
 Metaspace       used 44159K, capacity 44650K, committed 44928K, reserved 1089536K
  class space    used 5306K, capacity 5432K, committed 5504K, reserved 1048576K
}
Event: 17,192 GC heap before
{Heap before GC invocations=12 (full 2):
 PSYoungGen      total 303616K, used 300735K [0x00000000d6d00000, 0x00000000f0780000, 0x0000000100000000)
  eden space 288768K, 100% used [0x00000000d6d00000,0x00000000e8700000,0x00000000e8700000)
  from space 14848K, 80% used [0x00000000e8700000,0x00000000e92afd08,0x00000000e9580000)
  to   space 15360K, 0% used [0x00000000ef880000,0x00000000ef880000,0x00000000f0780000)
 ParOldGen       total 87040K, used 18992K [0x0000000084600000, 0x0000000089b00000, 0x00000000d6d00000)
  object space 87040K, 21% used [0x0000000084600000,0x000000008588c228,0x0000000089b00000)
 Metaspace       used 55897K, capacity 56642K, committed 56832K, reserved 1099776K
  class space    used 6859K, capacity 7049K, committed 7168K, reserved 1048576K
Event: 17,232 GC heap after
Heap after GC invocations=12 (full 2):
 PSYoungGen      total 394240K, used 15357K [0x00000000d6d00000, 0x00000000f0780000, 0x0000000100000000)
  eden space 378880K, 0% used [0x00000000d6d00000,0x00000000d6d00000,0x00000000edf00000)
  from space 15360K, 99% used [0x00000000ef880000,0x00000000f077f5c0,0x00000000f0780000)
  to   space 20480K, 0% used [0x00000000edf80000,0x00000000edf80000,0x00000000ef380000)
 ParOldGen       total 87040K, used 28784K [0x0000000084600000, 0x0000000089b00000, 0x00000000d6d00000)
  object space 87040K, 33% used [0x0000000084600000,0x000000008621c2e8,0x0000000089b00000)
 Metaspace       used 55897K, capacity 56642K, committed 56832K, reserved 1099776K
  class space    used 6859K, capacity 7049K, committed 7168K, reserved 1048576K
}
Event: 25,191 GC heap before
{Heap before GC invocations=13 (full 2):
 PSYoungGen      total 394240K, used 174406K [0x00000000d6d00000, 0x00000000f0780000, 0x0000000100000000)
  eden space 378880K, 41% used [0x00000000d6d00000,0x00000000e08524a0,0x00000000edf00000)
  from space 15360K, 99% used [0x00000000ef880000,0x00000000f077f5c0,0x00000000f0780000)
  to   space 20480K, 0% used [0x00000000edf80000,0x00000000edf80000,0x00000000ef380000)
 ParOldGen       total 87040K, used 28784K [0x0000000084600000, 0x0000000089b00000, 0x00000000d6d00000)
  object space 87040K, 33% used [0x0000000084600000,0x000000008621c2e8,0x0000000089b00000)
 Metaspace       used 58221K, capacity 58962K, committed 59096K, reserved 1101824K
  class space    used 7167K, capacity 7345K, committed 7424K, reserved 1048576K
Event: 25,227 GC heap after
Heap after GC invocations=13 (full 2):
 PSYoungGen      total 399872K, used 5482K [0x00000000d6d00000, 0x00000000f6d80000, 0x0000000100000000)
  eden space 379392K, 0% used [0x00000000d6d00000,0x00000000d6d00000,0x00000000edf80000)
  from space 20480K, 26% used [0x00000000edf80000,0x00000000ee4da9e8,0x00000000ef380000)
  to   space 20480K, 0% used [0x00000000f5980000,0x00000000f5980000,0x00000000f6d80000)
 ParOldGen       total 87040K, used 42202K [0x0000000084600000, 0x0000000089b00000, 0x00000000d6d00000)
  object space 87040K, 48% used [0x0000000084600000,0x0000000086f36828,0x0000000089b00000)
 Metaspace       used 58221K, capacity 58962K, committed 59096K, reserved 1101824K
  class space    used 7167K, capacity 7345K, committed 7424K, reserved 1048576K
}
Event: 25,227 GC heap before
{Heap before GC invocations=14 (full 3):
 PSYoungGen      total 399872K, used 5482K [0x00000000d6d00000, 0x00000000f6d80000, 0x0000000100000000)
  eden space 379392K, 0% used [0x00000000d6d00000,0x00000000d6d00000,0x00000000edf80000)
  from space 20480K, 26% used [0x00000000edf80000,0x00000000ee4da9e8,0x00000000ef380000)
  to   space 20480K, 0% used [0x00000000f5980000,0x00000000f5980000,0x00000000f6d80000)
 ParOldGen       total 87040K, used 42202K [0x0000000084600000, 0x0000000089b00000, 0x00000000d6d00000)
  object space 87040K, 48% used [0x0000000084600000,0x0000000086f36828,0x0000000089b00000)
 Metaspace       used 58221K, capacity 58962K, committed 59096K, reserved 1101824K
  class space    used 7167K, capacity 7345K, committed 7424K, reserved 1048576K
Event: 25,388 GC heap after
Heap after GC invocations=14 (full 3):
 PSYoungGen      total 399872K, used 0K [0x00000000d6d00000, 0x00000000f6d80000, 0x0000000100000000)
  eden space 379392K, 0% used [0x00000000d6d00000,0x00000000d6d00000,0x00000000edf80000)
  from space 20480K, 0% used [0x00000000edf80000,0x00000000edf80000,0x00000000ef380000)
  to   space 20480K, 0% used [0x00000000f5980000,0x00000000f5980000,0x00000000f6d80000)
 ParOldGen       total 124416K, used 32615K [0x0000000084600000, 0x000000008bf80000, 0x00000000d6d00000)
  object space 124416K, 26% used [0x0000000084600000,0x00000000865d9f58,0x000000008bf80000)
 Metaspace       used 58221K, capacity 58962K, committed 59096K, reserved 1101824K
  class space    used 7167K, capacity 7345K, committed 7424K, reserved 1048576K
}
Event: 30,342 GC heap before
{Heap before GC invocations=15 (full 3):
 PSYoungGen      total 399872K, used 379392K [0x00000000d6d00000, 0x00000000f6d80000, 0x0000000100000000)
  eden space 379392K, 100% used [0x00000000d6d00000,0x00000000edf80000,0x00000000edf80000)
  from space 20480K, 0% used [0x00000000edf80000,0x00000000edf80000,0x00000000ef380000)
  to   space 20480K, 0% used [0x00000000f5980000,0x00000000f5980000,0x00000000f6d80000)
 ParOldGen       total 124416K, used 32615K [0x0000000084600000, 0x000000008bf80000, 0x00000000d6d00000)
  object space 124416K, 26% used [0x0000000084600000,0x00000000865d9f58,0x000000008bf80000)
 Metaspace       used 71957K, capacity 73110K, committed 73432K, reserved 1114112K
  class space    used 8797K, capacity 9089K, committed 9216K, reserved 1048576K
Event: 30,405 GC heap after
Heap after GC invocations=15 (full 3):
 PSYoungGen      total 495616K, used 20466K [0x00000000d6d00000, 0x00000000f8700000, 0x0000000100000000)
  eden space 475136K, 0% used [0x00000000d6d00000,0x00000000d6d00000,0x00000000f3d00000)
  from space 20480K, 99% used [0x00000000f5980000,0x00000000f6d7c950,0x00000000f6d80000)
  to   space 29184K, 0% used [0x00000000f3d00000,0x00000000f3d00000,0x00000000f5980000)
 ParOldGen       total 124416K, used 48478K [0x0000000084600000, 0x000000008bf80000, 0x00000000d6d00000)
  object space 124416K, 38% used [0x0000000084600000,0x0000000087557ad0,0x000000008bf80000)
 Metaspace       used 71957K, capacity 73110K, committed 73432K, reserved 1114112K
  class space    used 8797K, capacity 9089K, committed 9216K, reserved 1048576K
}

Deoptimization events (10 events):
Event: 32,644 Thread 0x00007feaf4005000 Uncommon trap: reason=unhandled action=none pc=0x00007feb75971dc0 method=java.lang.Class.getDeclaredMethod(Ljava/lang/String;[Ljava/lang/Class;)Ljava/lang/reflect/Method; @ 64
Event: 32,644 Thread 0x00007feaf4005000 Uncommon trap: reason=unhandled action=none pc=0x00007feb75971dc0 method=java.lang.Class.getDeclaredMethod(Ljava/lang/String;[Ljava/lang/Class;)Ljava/lang/reflect/Method; @ 64
Event: 32,644 Thread 0x00007feaf4005000 Uncommon trap: reason=unhandled action=none pc=0x00007feb75971dc0 method=java.lang.Class.getDeclaredMethod(Ljava/lang/String;[Ljava/lang/Class;)Ljava/lang/reflect/Method; @ 64
Event: 32,644 Thread 0x00007feaf4005000 Uncommon trap: reason=unhandled action=none pc=0x00007feb75971dc0 method=java.lang.Class.getDeclaredMethod(Ljava/lang/String;[Ljava/lang/Class;)Ljava/lang/reflect/Method; @ 64
Event: 32,644 Thread 0x00007feaf4005000 Uncommon trap: reason=unhandled action=none pc=0x00007feb75971dc0 method=java.lang.Class.getDeclaredMethod(Ljava/lang/String;[Ljava/lang/Class;)Ljava/lang/reflect/Method; @ 64
Event: 32,644 Thread 0x00007feaf4005000 Uncommon trap: reason=unhandled action=none pc=0x00007feb75971dc0 method=java.lang.Class.getDeclaredMethod(Ljava/lang/String;[Ljava/lang/Class;)Ljava/lang/reflect/Method; @ 64
Event: 32,644 Thread 0x00007feaf4005000 Uncommon trap: reason=unhandled action=none pc=0x00007feb75971dc0 method=java.lang.Class.getDeclaredMethod(Ljava/lang/String;[Ljava/lang/Class;)Ljava/lang/reflect/Method; @ 64
Event: 36,477 Thread 0x00007feb085c4800 Uncommon trap: reason=unhandled action=none pc=0x00007feb74a70704 method=java.net.URLClassLoader.findClass(Ljava/lang/String;)Ljava/lang/Class; @ 44
Event: 36,481 Thread 0x00007feb085c4800 Uncommon trap: reason=unhandled action=none pc=0x00007feb74a70704 method=java.net.URLClassLoader.findClass(Ljava/lang/String;)Ljava/lang/Class; @ 44
Event: 38,642 Thread 0x00007feb87816800 Uncommon trap: reason=bimorphic action=maybe_recompile pc=0x00007feb759a79e8 method=java.util.HashMap.removeNode(ILjava/lang/Object;Ljava/lang/Object;ZZ)Ljava/util/HashMap$Node; @ 68

Internal exceptions (10 events):
Event: 32,617 Thread 0x00007feb1417b000 Exception <a 'java/lang/ArrayIndexOutOfBoundsException': 64> (0x00000000e04d6228) thrown at [/HUDSON3/workspace/8-2-build-linux-amd64/jdk8u101/7261/hotspot/src/share/vm/interpreter/interpreterRuntime.cpp, line 366]
Event: 32,617 Thread 0x00007feb1417b000 Exception <a 'java/lang/ArrayIndexOutOfBoundsException': 63> (0x00000000e04d7730) thrown at [/HUDSON3/workspace/8-2-build-linux-amd64/jdk8u101/7261/hotspot/src/share/vm/interpreter/interpreterRuntime.cpp, line 366]
Event: 32,618 Thread 0x00007feb1417b000 Exception <a 'java/lang/ArrayIndexOutOfBoundsException': 64> (0x00000000e04e6e70) thrown at [/HUDSON3/workspace/8-2-build-linux-amd64/jdk8u101/7261/hotspot/src/share/vm/interpreter/interpreterRuntime.cpp, line 366]
Event: 32,618 Thread 0x00007feb1417b000 Exception <a 'java/lang/ArrayIndexOutOfBoundsException': 59> (0x00000000e04f01e8) thrown at [/HUDSON3/workspace/8-2-build-linux-amd64/jdk8u101/7261/hotspot/src/share/vm/interpreter/interpreterRuntime.cpp, line 366]
Event: 32,618 Thread 0x00007feb1417b000 Exception <a 'java/lang/ArrayIndexOutOfBoundsException': 58> (0x00000000e04fa610) thrown at [/HUDSON3/workspace/8-2-build-linux-amd64/jdk8u101/7261/hotspot/src/share/vm/interpreter/interpreterRuntime.cpp, line 366]
Event: 32,618 Thread 0x00007feb1417b000 Exception <a 'java/lang/ArrayIndexOutOfBoundsException': 62> (0x00000000e05045f8) thrown at [/HUDSON3/workspace/8-2-build-linux-amd64/jdk8u101/7261/hotspot/src/share/vm/interpreter/interpreterRuntime.cpp, line 366]
Event: 32,619 Thread 0x00007feb1417b000 Exception <a 'java/lang/ArrayIndexOutOfBoundsException': 62> (0x00000000e0509df0) thrown at [/HUDSON3/workspace/8-2-build-linux-amd64/jdk8u101/7261/hotspot/src/share/vm/interpreter/interpreterRuntime.cpp, line 366]
Event: 32,619 Thread 0x00007feb1417b000 Exception <a 'java/lang/ArrayIndexOutOfBoundsException': 69> (0x00000000e0525b88) thrown at [/HUDSON3/workspace/8-2-build-linux-amd64/jdk8u101/7261/hotspot/src/share/vm/interpreter/interpreterRuntime.cpp, line 366]
Event: 32,619 Thread 0x00007feb1417b000 Exception <a 'java/lang/ArrayIndexOutOfBoundsException': 71> (0x00000000e0527128) thrown at [/HUDSON3/workspace/8-2-build-linux-amd64/jdk8u101/7261/hotspot/src/share/vm/interpreter/interpreterRuntime.cpp, line 366]
Event: 32,620 Thread 0x00007feb1417b000 Exception <a 'java/lang/ArrayIndexOutOfBoundsException': 66> (0x00000000e0538650) thrown at [/HUDSON3/workspace/8-2-build-linux-amd64/jdk8u101/7261/hotspot/src/share/vm/interpreter/interpreterRuntime.cpp, line 366]

Events (10 events):
Event: 64,143 Executing VM operation: ChangeBreakpoints
Event: 64,146 Executing VM operation: ChangeBreakpoints done
Event: 65,681 Thread 0x00007feb84822000 flushing nmethod 0x00007feb756f2b90
Event: 65,682 Thread 0x00007feb84822000 flushing nmethod 0x00007feb7592cc50
Event: 65,682 Thread 0x00007feb84822000 flushing nmethod 0x00007feb75976fd0
Event: 65,683 Thread 0x00007feb84822000 flushing nmethod 0x00007feb75a4e510
Event: 65,683 Thread 0x00007feb84822000 flushing nmethod 0x00007feb75a56890
Event: 66,482 Thread 0x00007feb84822000 flushing nmethod 0x00007feb75b9cbd0
Event: 84,388 Executing VM operation: RedefineClasses
Event: 84,448 Executing VM operation: RedefineClasses done


Dynamic libraries:
00400000-00401000 r-xp 00000000 08:01 1050115                            /usr/lib/jvm/java-8-oracle/bin/java
00600000-00601000 rw-p 00000000 08:01 1050115                            /usr/lib/jvm/java-8-oracle/bin/java
01fb4000-01fd5000 rw-p 00000000 00:00 0                                  [heap]
84600000-8bf80000 rw-p 00000000 00:00 0 
8bf80000-d6d00000 ---p 00000000 00:00 0 
d6d00000-f8700000 rw-p 00000000 00:00 0 
f8700000-100000000 ---p 00000000 00:00 0 
100000000-100960000 rw-p 00000000 00:00 0 
100960000-140000000 ---p 00000000 00:00 0 
7feab4000000-7feab4021000 rw-p 00000000 00:00 0 
7feab4021000-7feab8000000 ---p 00000000 00:00 0 
7feabc000000-7feabc357000 rw-p 00000000 00:00 0 
7feabc357000-7feac0000000 ---p 00000000 00:00 0 
7feac0000000-7feac0021000 rw-p 00000000 00:00 0 
7feac0021000-7feac4000000 ---p 00000000 00:00 0 
7feac4000000-7feac4021000 rw-p 00000000 00:00 0 
7feac4021000-7feac8000000 ---p 00000000 00:00 0 
7feac8000000-7feac8108000 rw-p 00000000 00:00 0 
7feac8108000-7feacc000000 ---p 00000000 00:00 0 
7feacc000000-7feacc03e000 rw-p 00000000 00:00 0 
7feacc03e000-7fead0000000 ---p 00000000 00:00 0 
7fead0000000-7fead0021000 rw-p 00000000 00:00 0 
7fead0021000-7fead4000000 ---p 00000000 00:00 0 
7fead4000000-7fead4021000 rw-p 00000000 00:00 0 
7fead4021000-7fead8000000 ---p 00000000 00:00 0 
7fead8000000-7fead807e000 rw-p 00000000 00:00 0 
7fead807e000-7feadc000000 ---p 00000000 00:00 0 
7feadc000000-7feadc22b000 rw-p 00000000 00:00 0 
7feadc22b000-7feae0000000 ---p 00000000 00:00 0 
7feae0000000-7feae007c000 rw-p 00000000 00:00 0 
7feae007c000-7feae4000000 ---p 00000000 00:00 0 
7feae4000000-7feae609a000 rw-p 00000000 00:00 0 
7feae609a000-7feae8000000 ---p 00000000 00:00 0 
7feae8000000-7feae8adb000 rw-p 00000000 00:00 0 
7feae8adb000-7feaec000000 ---p 00000000 00:00 0 
7feaec000000-7feaec02d000 rw-p 00000000 00:00 0 
7feaec02d000-7feaf0000000 ---p 00000000 00:00 0 
7feaf0000000-7feaf0021000 rw-p 00000000 00:00 0 
7feaf0021000-7feaf4000000 ---p 00000000 00:00 0 
7feaf4000000-7feaf4021000 rw-p 00000000 00:00 0 
7feaf4021000-7feaf8000000 ---p 00000000 00:00 0 
7feaf8000000-7feaf8021000 rw-p 00000000 00:00 0 
7feaf8021000-7feafc000000 ---p 00000000 00:00 0 
7feafd8db000-7feafd8de000 ---p 00000000 00:00 0 
7feafd8de000-7feafda9c000 rw-p 00000000 00:00 0 
7feafda9c000-7feafdbdc000 ---p 00000000 00:00 0 
7feafdbdc000-7feafdddc000 rw-p 00000000 00:00 0 
7feafdddc000-7feafdddf000 ---p 00000000 00:00 0 
7feafdddf000-7feafdedd000 rw-p 00000000 00:00 0 
7feafdedd000-7feafdee0000 ---p 00000000 00:00 0 
7feafdee0000-7feafdfde000 rw-p 00000000 00:00 0 
7feafdfde000-7feafdfe1000 ---p 00000000 00:00 0 
7feafdfe1000-7feafe0df000 rw-p 00000000 00:00 0 
7feafe0df000-7feafe0e2000 ---p 00000000 00:00 0 
7feafe0e2000-7feafe1e0000 rw-p 00000000 00:00 0 
7feafe1e0000-7feafe1e3000 ---p 00000000 00:00 0 
7feafe1e3000-7feafe2e1000 rw-p 00000000 00:00 0 
7feafe2e1000-7feafe2e4000 ---p 00000000 00:00 0 
7feafe2e4000-7feafe5e2000 rw-p 00000000 00:00 0 
7feafe5e2000-7feafe5e5000 ---p 00000000 00:00 0 
7feafe5e5000-7feafe6e3000 rw-p 00000000 00:00 0 
7feafe6e3000-7feafe6e6000 ---p 00000000 00:00 0 
7feafe6e6000-7feafe7e4000 rw-p 00000000 00:00 0 
7feafe7e4000-7feafe7e7000 ---p 00000000 00:00 0 
7feafe7e7000-7feafeae5000 rw-p 00000000 00:00 0 
7feafeae5000-7feafece5000 rw-p 00000000 00:00 0 
7feafece5000-7feafece8000 ---p 00000000 00:00 0 
7feafece8000-7feafefe6000 rw-p 00000000 00:00 0 
7feafefe6000-7feaff1e6000 rw-p 00000000 00:00 0 
7feaff1e6000-7feaff1e9000 ---p 00000000 00:00 0 
7feaff1e9000-7feaff2e7000 rw-p 00000000 00:00 0 
7feaff2e7000-7feaff2ea000 ---p 00000000 00:00 0 
7feaff2ea000-7feaff3e8000 rw-p 00000000 00:00 0 
7feaff3e8000-7feaff3eb000 ---p 00000000 00:00 0 
7feaff3eb000-7feaff4e9000 rw-p 00000000 00:00 0 
7feaff4e9000-7feaff4ec000 ---p 00000000 00:00 0 
7feaff4ec000-7feaff7e0000 rw-p 00000000 00:00 0 
7feaff7e0000-7feaff7ea000 ---p 00000000 00:00 0 
7feaff7ea000-7feaff9ea000 rw-p 00000000 00:00 0 
7feaff9ea000-7feaffbea000 rw-p 00000000 00:00 0 
7feaffbea000-7feaffdea000 rw-p 00000000 00:00 0 
7feaffdea000-7feaffe00000 r-xp 00000000 08:01 2098466                    /lib/x86_64-linux-gnu/libgcc_s.so.1
7feaffe00000-7feafffff000 ---p 00016000 08:01 2098466                    /lib/x86_64-linux-gnu/libgcc_s.so.1
7feafffff000-7feb00000000 rw-p 00015000 08:01 2098466                    /lib/x86_64-linux-gnu/libgcc_s.so.1
7feb00000000-7feb00021000 rw-p 00000000 00:00 0 
7feb00021000-7feb04000000 ---p 00000000 00:00 0 
7feb04000000-7feb04021000 rw-p 00000000 00:00 0 
7feb04021000-7feb08000000 ---p 00000000 00:00 0 
7feb08000000-7feb085cc000 rw-p 00000000 00:00 0 
7feb085cc000-7feb0c000000 ---p 00000000 00:00 0 
7feb0c000000-7feb0c021000 rw-p 00000000 00:00 0 
7feb0c021000-7feb10000000 ---p 00000000 00:00 0 
7feb10000000-7feb10021000 rw-p 00000000 00:00 0 
7feb10021000-7feb14000000 ---p 00000000 00:00 0 
7feb14000000-7feb14487000 rw-p 00000000 00:00 0 
7feb14487000-7feb18000000 ---p 00000000 00:00 0 
7feb18000000-7feb19fd4000 rw-p 00000000 00:00 0 
7feb19fd4000-7feb1c000000 ---p 00000000 00:00 0 
7feb1c000000-7feb1c021000 rw-p 00000000 00:00 0 
7feb1c021000-7feb20000000 ---p 00000000 00:00 0 
7feb20000000-7feb23cb1000 rw-p 00000000 00:00 0 
7feb23cb1000-7feb24000000 ---p 00000000 00:00 0 
7feb24000000-7feb27f75000 rw-p 00000000 00:00 0 
7feb27f75000-7feb28000000 ---p 00000000 00:00 0 
7feb28000000-7feb2be50000 rw-p 00000000 00:00 0 
7feb2be50000-7feb2c000000 ---p 00000000 00:00 0 
7feb2c000000-7feb2c021000 rw-p 00000000 00:00 0 
7feb2c021000-7feb30000000 ---p 00000000 00:00 0 
7feb300cf000-7feb30101000 r-xp 00000000 08:01 1326216                    /usr/lib/jvm/java-8-oracle/jre/lib/amd64/libsunec.so
7feb30101000-7feb30300000 ---p 00032000 08:01 1326216                    /usr/lib/jvm/java-8-oracle/jre/lib/amd64/libsunec.so
7feb30300000-7feb30306000 rw-p 00031000 08:01 1326216                    /usr/lib/jvm/java-8-oracle/jre/lib/amd64/libsunec.so
7feb30306000-7feb30516000 rw-p 00000000 00:00 0 
7feb30516000-7feb30716000 rw-p 00000000 00:00 0 
7feb30716000-7feb30916000 rw-p 00000000 00:00 0 
7feb30916000-7feb30b16000 rw-p 00000000 00:00 0 
7feb30b16000-7feb30d16000 rw-p 00000000 00:00 0 
7feb30d16000-7feb30d19000 ---p 00000000 00:00 0 
7feb30d19000-7feb31017000 rw-p 00000000 00:00 0 
7feb31017000-7feb31217000 rw-p 00000000 00:00 0 
7feb31217000-7feb31417000 rw-p 00000000 00:00 0 
7feb31436000-7feb31439000 ---p 00000000 00:00 0 
7feb31439000-7feb31737000 rw-p 00000000 00:00 0 
7feb31737000-7feb3173a000 ---p 00000000 00:00 0 
7feb3173a000-7feb31838000 rw-p 00000000 00:00 0 
7feb31838000-7feb3183b000 ---p 00000000 00:00 0 
7feb3183b000-7feb31b39000 rw-p 00000000 00:00 0 
7feb31b39000-7feb31d39000 rw-p 00000000 00:00 0 
7feb31de0000-7feb31de6000 r--s 0003f000 08:01 1192417                    /usr/lib/jvm/java-8-oracle/jre/lib/ext/sunjce_provider.jar
7feb31de6000-7feb31de7000 r--s 00009000 08:01 1192421                    /usr/lib/jvm/java-8-oracle/jre/lib/ext/sunec.jar
7feb31de7000-7feb31deb000 r--s 0003a000 08:01 1192419                    /usr/lib/jvm/java-8-oracle/jre/lib/ext/sunpkcs11.jar
7feb31deb000-7feb31dee000 r--s 0001a000 08:01 1192387                    /usr/lib/jvm/java-8-oracle/jre/lib/jce.jar
7feb31dee000-7feb31df1000 ---p 00000000 00:00 0 
7feb31df1000-7feb31eef000 rw-p 00000000 00:00 0 
7feb31eef000-7feb31ef3000 r--s 00097000 08:01 1192404                    /usr/lib/jvm/java-8-oracle/jre/lib/jsse.jar
7feb31ef3000-7feb31f06000 r--s 00345000 08:01 1192401                    /usr/lib/jvm/java-8-oracle/jre/lib/resources.jar
7feb31f06000-7feb32106000 rw-p 00000000 00:00 0 
7feb32106000-7feb32306000 rw-p 00000000 00:00 0 
7feb32306000-7feb3239c000 r--s 01102000 08:01 1192412                    /usr/lib/jvm/java-8-oracle/jre/lib/ext/jfxrt.jar
7feb3239c000-7feb3259c000 rw-p 00000000 00:00 0 
7feb3259c000-7feb325ad000 r-xp 00000000 08:01 1326245                    /usr/lib/jvm/java-8-oracle/jre/lib/amd64/libnio.so
7feb325ad000-7feb327ac000 ---p 00011000 08:01 1326245                    /usr/lib/jvm/java-8-oracle/jre/lib/amd64/libnio.so
7feb327ac000-7feb327ad000 rw-p 00010000 08:01 1326245                    /usr/lib/jvm/java-8-oracle/jre/lib/amd64/libnio.so
7feb327ad000-7feb329ad000 rw-p 00000000 00:00 0 
7feb329ad000-7feb32bad000 rw-p 00000000 00:00 0 
7feb32bad000-7feb32dad000 rw-p 00000000 00:00 0 
7feb32dad000-7feb32db2000 r--s 002f9000 08:01 1192400                    /usr/lib/jvm/java-8-oracle/jre/lib/charsets.jar
7feb32db2000-7feb32db5000 ---p 00000000 00:00 0 
7feb32db5000-7feb331b4000 rw-p 00000000 00:00 0 
7feb331b4000-7feb331ca000 r-xp 00000000 08:01 1326222                    /usr/lib/jvm/java-8-oracle/jre/lib/amd64/libnet.so
7feb331ca000-7feb333ca000 ---p 00016000 08:01 1326222                    /usr/lib/jvm/java-8-oracle/jre/lib/amd64/libnet.so
7feb333ca000-7feb333cb000 rw-p 00016000 08:01 1326222                    /usr/lib/jvm/java-8-oracle/jre/lib/amd64/libnet.so
7feb333cb000-7feb333d4000 r-xp 00000000 08:01 1326251                    /usr/lib/jvm/java-8-oracle/jre/lib/amd64/libmanagement.so
7feb333d4000-7feb335d3000 ---p 00009000 08:01 1326251                    /usr/lib/jvm/java-8-oracle/jre/lib/amd64/libmanagement.so
7feb335d3000-7feb335d4000 rw-p 00008000 08:01 1326251                    /usr/lib/jvm/java-8-oracle/jre/lib/amd64/libmanagement.so
7feb335d4000-7feb337d4000 rw-p 00000000 00:00 0 
7feb337d4000-7feb337de000 r--s 00116000 08:01 1192420                    /usr/lib/jvm/java-8-oracle/jre/lib/ext/localedata.jar
7feb337de000-7feb337fa000 r--s 00393000 08:01 1192413                    /usr/lib/jvm/java-8-oracle/jre/lib/ext/cldrdata.jar
7feb337fa000-7feb33801000 r--s 00000000 08:01 1577389                    /usr/lib/x86_64-linux-gnu/gconv/gconv-modules.cache
7feb33801000-7feb33830000 r--p 00000000 08:01 1710367                    /usr/share/locale-langpack/ru/LC_MESSAGES/libc.mo
7feb33830000-7feb33831000 ---p 00000000 00:00 0 
7feb33831000-7feb33931000 rw-p 00000000 00:00 0 
7feb33931000-7feb33934000 ---p 00000000 00:00 0 
7feb33934000-7feb33a32000 rw-p 00000000 00:00 0 
7feb33a32000-7feb33a35000 ---p 00000000 00:00 0 
7feb33a35000-7feb33b33000 rw-p 00000000 00:00 0 
7feb33b33000-7feb33b36000 ---p 00000000 00:00 0 
7feb33b36000-7feb33c34000 rw-p 00000000 00:00 0 
7feb33c34000-7feb33c37000 ---p 00000000 00:00 0 
7feb33c37000-7feb33d35000 rw-p 00000000 00:00 0 
7feb33d35000-7feb33d38000 ---p 00000000 00:00 0 
7feb33d38000-7feb33e36000 rw-p 00000000 00:00 0 
7feb33e36000-7feb33e37000 r--s 00001000 08:05 918370                     /home/pavlenko/.m2/repository/org/springframework/spring-instrument/4.3.2.RELEASE/spring-instrument-4.3.2.RELEASE.jar
7feb33e37000-7feb33e64000 r--s 001bb000 08:05 9572030                    /home/pavlenko/.m2/repository/org/bouncycastle/bcprov-jdk15on/1.47/bcprov-jdk15on-1.47.jar
7feb33e64000-7feb33e70000 r--s 00072000 08:05 9441438                    /home/pavlenko/.m2/repository/org/bouncycastle/bcpkix-jdk15on/1.47/bcpkix-jdk15on-1.47.jar
7feb33e70000-7feb33e72000 r--s 00007000 08:05 1052533                    /home/pavlenko/.m2/repository/org/springframework/security/spring-security-jwt/1.0.4.RELEASE/spring-security-jwt-1.0.4.RELEASE.jar
7feb33e72000-7feb33e75000 r--s 00029000 08:05 11144953                   /home/pavlenko/.m2/repository/commons-validator/commons-validator/1.5.1/commons-validator-1.5.1.jar
7feb33e75000-7feb33e77000 r--s 0000e000 08:05 1179812                    /home/pavlenko/.m2/repository/javax/activation/activation/1.1/activation-1.1.jar
7feb33e77000-7feb33e80000 r--s 0008b000 08:05 525162                     /home/pavlenko/.m2/repository/com/sun/mail/javax.mail/1.5.5/javax.mail-1.5.5.jar
7feb33e80000-7feb33e85000 r--s 00029000 08:05 1179810                    /home/pavlenko/.m2/repository/org/springframework/spring-context-support/4.3.2.RELEASE/spring-context-support-4.3.2.RELEASE.jar
7feb33e85000-7feb33e9e000 r--s 000fc000 08:05 786502                     /home/pavlenko/.m2/repository/org/springframework/spring-context/4.3.2.RELEASE/spring-context-4.3.2.RELEASE.jar
7feb33e9e000-7feb33e9f000 r--s 00000000 08:05 1052527                    /home/pavlenko/.m2/repository/org/springframework/boot/spring-boot-starter-mail/1.4.0.RELEASE/spring-boot-starter-mail-1.4.0.RELEASE.jar
7feb33e9f000-7feb33ea1000 r--s 00009000 08:05 11145185                   /home/pavlenko/.m2/repository/org/apache/httpcomponents/httpmime/4.5.2/httpmime-4.5.2.jar
7feb33ea1000-7feb33ea7000 r--s 00048000 08:05 10095073                   /home/pavlenko/.m2/repository/org/apache/commons/commons-lang3/3.1/commons-lang3-3.1.jar
7feb33ea7000-7feb33eb2000 r--s 0005a000 08:05 1179794                    /home/pavlenko/.m2/repository/org/springframework/data/spring-data-solr/2.0.2.RELEASE/spring-data-solr-2.0.2.RELEASE.jar
7feb33eb2000-7feb33eb3000 r--s 00006000 08:05 11145183                   /home/pavlenko/.m2/repository/org/noggit/noggit/0.6/noggit-0.6.jar
7feb33eb3000-7feb33eb9000 r--s 00071000 08:05 11145181                   /home/pavlenko/.m2/repository/org/codehaus/woodstox/woodstox-core-asl/4.4.1/woodstox-core-asl-4.4.1.jar
7feb33eb9000-7feb33ebd000 r--s 00024000 08:05 10489075                   /home/pavlenko/.m2/repository/org/codehaus/woodstox/stax2-api/3.1.4/stax2-api-3.1.4.jar
7feb33ebd000-7feb33ec9000 r--s 000b6000 08:05 11145179                   /home/pavlenko/.m2/repository/org/apache/zookeeper/zookeeper/3.4.6/zookeeper-3.4.6.jar
7feb33ec9000-7feb33ed0000 r--s 00049000 08:05 10882086                   /home/pavlenko/.m2/repository/org/apache/httpcomponents/httpcore/4.4.5/httpcore-4.4.5.jar
7feb33ed0000-7feb33edd000 r--s 000a7000 08:05 10882081                   /home/pavlenko/.m2/repository/org/apache/httpcomponents/httpclient/4.5.2/httpclient-4.5.2.jar
7feb33edd000-7feb33ee1000 r--s 0002a000 08:05 787036                     /home/pavlenko/.m2/repository/commons-io/commons-io/2.4/commons-io-2.4.jar
7feb33ee1000-7feb33eee000 r--s 0009c000 08:05 9441404                    /home/pavlenko/.m2/repository/org/apache/solr/solr-solrj/5.5.2/solr-solrj-5.5.2.jar
7feb33eee000-7feb33eef000 r--s 00000000 08:05 1179792                    /home/pavlenko/.m2/repository/org/springframework/boot/spring-boot-starter-data-solr/1.4.0.RELEASE/spring-boot-starter-data-solr-1.4.0.RELEASE.jar
7feb33eef000-7feb33ef8000 r--s 00065000 08:05 1179761                    /home/pavlenko/.m2/repository/org/springframework/spring-websocket/4.3.2.RELEASE/spring-websocket-4.3.2.RELEASE.jar
7feb33ef8000-7feb33f02000 r--s 00054000 08:05 1179778                    /home/pavlenko/.m2/repository/org/springframework/spring-messaging/4.3.2.RELEASE/spring-messaging-4.3.2.RELEASE.jar
7feb33f02000-7feb33f03000 r--s 00000000 08:05 1179776                    /home/pavlenko/.m2/repository/org/springframework/boot/spring-boot-starter-websocket/1.4.0.RELEASE/spring-boot-starter-websocket-1.4.0.RELEASE.jar
7feb33f03000-7feb33f25000 r--s 00120000 08:05 918508                     /home/pavlenko/.m2/repository/javax/javaee-web-api/7.0/javaee-web-api-7.0.jar
7feb33f25000-7feb33f27000 r--s 0000e000 08:05 918499                     /home/pavlenko/.m2/repository/org/jvnet/mimepull/mimepull/1.9.6/mimepull-1.9.6.jar
7feb33f27000-7feb33f2a000 r--s 0000e000 08:05 918497                     /home/pavlenko/.m2/repository/org/glassfish/jersey/media/jersey-media-multipart/2.23.1/jersey-media-multipart-2.23.1.jar
7feb33f2a000-7feb33f2e000 r--s 00029000 08:05 786693                     /home/pavlenko/.m2/repository/org/glassfish/hk2/hk2-locator/2.4.0-b34/hk2-locator-2.4.0-b34.jar
7feb33f2e000-7feb33f2f000 r--s 00001000 08:05 786679                     /home/pavlenko/.m2/repository/org/glassfish/hk2/external/javax.inject/2.4.0-b34/javax.inject-2.4.0-b34.jar
7feb33f2f000-7feb33f31000 r--s 00002000 08:05 786691                     /home/pavlenko/.m2/repository/org/glassfish/hk2/external/aopalliance-repackaged/2.4.0-b34/aopalliance-repackaged-2.4.0-b34.jar
7feb33f31000-7feb33f36000 r--s 00027000 08:05 786687                     /home/pavlenko/.m2/repository/org/glassfish/hk2/hk2-api/2.4.0-b34/hk2-api-2.4.0-b34.jar
7feb33f36000-7feb33f38000 r--s 00005000 08:05 786683                     /home/pavlenko/.m2/repository/javax/annotation/javax.annotation-api/1.2/javax.annotation-api-1.2.jar
7feb33f38000-7feb33f3a000 r--s 00010000 08:05 786703                     /home/pavlenko/.m2/repository/org/glassfish/jersey/media/jersey-media-jaxb/2.23.1/jersey-media-jaxb-2.23.1.jar
7feb33f3a000-7feb33f3f000 r--s 00025000 08:05 786701                     /home/pavlenko/.m2/repository/org/glassfish/jersey/core/jersey-client/2.23.1/jersey-client-2.23.1.jar
7feb33f3f000-7feb33f55000 r--s 000d3000 08:05 786699                     /home/pavlenko/.m2/repository/org/glassfish/jersey/core/jersey-server/2.23.1/jersey-server-2.23.1.jar
7feb33f55000-7feb33f5b000 r--s 00049000 08:05 918476                     /home/pavlenko/.m2/repository/org/eclipse/persistence/org.eclipse.persistence.asm/2.6.0/org.eclipse.persistence.asm-2.6.0.jar
7feb33f5b000-7feb33f9c000 r--s 004d2000 08:05 918474                     /home/pavlenko/.m2/repository/org/eclipse/persistence/org.eclipse.persistence.core/2.6.0/org.eclipse.persistence.core-2.6.0.jar
7feb33f9c000-7feb33fa5000 r--s 00093000 08:05 918472                     /home/pavlenko/.m2/repository/org/eclipse/persistence/org.eclipse.persistence.moxy/2.6.0/org.eclipse.persistence.moxy-2.6.0.jar
7feb33fa5000-7feb33fa8000 r--s 0000f000 08:05 918470                     /home/pavlenko/.m2/repository/org/glassfish/jersey/ext/jersey-entity-filtering/2.23.1/jersey-entity-filtering-2.23.1.jar
7feb33fa8000-7feb33fa9000 r--s 00004000 08:05 786697                     /home/pavlenko/.m2/repository/org/glassfish/hk2/osgi-resource-locator/1.0.1/osgi-resource-locator-1.0.1.jar
7feb33fa9000-7feb33fc1000 r--s 000d6000 08:05 786685                     /home/pavlenko/.m2/repository/org/glassfish/jersey/bundles/repackaged/jersey-guava/2.23.1/jersey-guava-2.23.1.jar
7feb33fc1000-7feb33fd0000 r--s 000a0000 08:05 786681                     /home/pavlenko/.m2/repository/org/glassfish/jersey/core/jersey-common/2.23.1/jersey-common-2.23.1.jar
7feb33fd0000-7feb33fd2000 r--s 00005000 08:05 918468                     /home/pavlenko/.m2/repository/org/glassfish/jersey/media/jersey-media-moxy/2.23.1/jersey-media-moxy-2.23.1.jar
7feb33fd2000-7feb33fda000 r--s 00040000 08:05 397149                     /home/pavlenko/.m2/repository/org/flywaydb/flyway-core/3.2.1/flyway-core-3.2.1.jar
7feb33fda000-7feb33fef000 r--s 00141000 08:05 10357698                   /home/pavlenko/.m2/repository/org/projectlombok/lombok/1.16.10/lombok-1.16.10.jar
7feb33fef000-7feb33ff9000 r--s 000e8000 08:05 11930472                   /home/pavlenko/.m2/repository/mysql/mysql-connector-java/5.1.39/mysql-connector-java-5.1.39.jar
7feb33ff9000-7feb33ffc000 r--s 00012000 08:05 918197                     /home/pavlenko/.m2/repository/org/glassfish/javax.json/1.0.4/javax.json-1.0.4.jar
7feb33ffc000-7feb34000000 r--s 0000c000 08:05 786705                     /home/pavlenko/.m2/repository/javax/validation/validation-api/1.1.0.Final/validation-api-1.1.0.Final.jar
7feb34000000-7feb342e2000 rw-p 00000000 00:00 0 
7feb342e2000-7feb38000000 ---p 00000000 00:00 0 
7feb38000000-7feb38021000 rw-p 00000000 00:00 0 
7feb38021000-7feb3c000000 ---p 00000000 00:00 0 
7feb3c000000-7feb3c021000 rw-p 00000000 00:00 0 
7feb3c021000-7feb40000000 ---p 00000000 00:00 0 
7feb40000000-7feb40021000 rw-p 00000000 00:00 0 
7feb40021000-7feb44000000 ---p 00000000 00:00 0 
7feb44000000-7feb440bb000 rw-p 00000000 00:00 0 
7feb440bb000-7feb48000000 ---p 00000000 00:00 0 
7feb48000000-7feb48021000 rw-p 00000000 00:00 0 
7feb48021000-7feb4c000000 ---p 00000000 00:00 0 
7feb4c000000-7feb4c0a2000 rw-p 00000000 00:00 0 
7feb4c0a2000-7feb50000000 ---p 00000000 00:00 0 
7feb50000000-7feb50021000 rw-p 00000000 00:00 0 
7feb50021000-7feb54000000 ---p 00000000 00:00 0 
7feb54000000-7feb54021000 rw-p 00000000 00:00 0 
7feb54021000-7feb58000000 ---p 00000000 00:00 0 
7feb58000000-7feb58002000 r--s 00004000 08:05 918195                     /home/pavlenko/.m2/repository/org/eclipse/persistence/commonj.sdo/2.1.1/commonj.sdo-2.1.1.jar
7feb58002000-7feb58008000 r--s 00022000 08:05 918193                     /home/pavlenko/.m2/repository/org/eclipse/persistence/javax.persistence/2.1.1/javax.persistence-2.1.1.jar
7feb58008000-7feb5808b000 r--s 00825000 08:05 918191                     /home/pavlenko/.m2/repository/org/eclipse/persistence/eclipselink/2.6.3/eclipselink-2.6.3.jar
7feb5808b000-7feb5808d000 r--s 00006000 08:05 917985                     /home/pavlenko/.m2/repository/com/fasterxml/jackson/jaxrs/jackson-jaxrs-base/2.8.1/jackson-jaxrs-base-2.8.1.jar
7feb5808d000-7feb5808e000 r--s 00003000 08:05 917983                     /home/pavlenko/.m2/repository/com/fasterxml/jackson/jaxrs/jackson-jaxrs-json-provider/2.8.1/jackson-jaxrs-json-provider-2.8.1.jar
7feb5808e000-7feb580b9000 r--s 001fc000 08:05 788309                     /home/pavlenko/.m2/repository/com/google/guava/guava/18.0/guava-18.0.jar
7feb580b9000-7feb580bd000 r--s 0000f000 08:05 659083                     /home/pavlenko/.m2/repository/com/google/code/findbugs/annotations/2.0.1/annotations-2.0.1.jar
7feb580bd000-7feb580c0000 r--s 0001d000 08:05 917981                     /home/pavlenko/.m2/repository/org/reflections/reflections/0.9.10/reflections-0.9.10.jar
7feb580c0000-7feb580c1000 r--s 00003000 08:05 788293                     /home/pavlenko/.m2/repository/io/swagger/swagger-annotations/1.5.9/swagger-annotations-1.5.9.jar
7feb580c1000-7feb580c4000 r--s 0001f000 08:05 788295                     /home/pavlenko/.m2/repository/io/swagger/swagger-models/1.5.9/swagger-models-1.5.9.jar
7feb580c4000-7feb580d5000 r--s 00089000 08:05 917979                     /home/pavlenko/.m2/repository/joda-time/joda-time/2.9.4/joda-time-2.9.4.jar
7feb580d5000-7feb580d8000 r--s 0000e000 08:05 917977                     /home/pavlenko/.m2/repository/com/fasterxml/jackson/datatype/jackson-datatype-joda/2.8.1/jackson-datatype-joda-2.8.1.jar
7feb580d8000-7feb580db000 r--s 00017000 08:05 917975                     /home/pavlenko/.m2/repository/io/swagger/swagger-core/1.5.9/swagger-core-1.5.9.jar
7feb580db000-7feb580e1000 r--s 00078000 08:05 917973                     /home/pavlenko/.m2/repository/com/fasterxml/woodstox/woodstox-core/5.0.2/woodstox-core-5.0.2.jar
7feb580e1000-7feb580e3000 r--s 00007000 08:05 917971                     /home/pavlenko/.m2/repository/com/fasterxml/jackson/module/jackson-module-jaxb-annotations/2.8.1/jackson-module-jaxb-annotations-2.8.1.jar
7feb580e3000-7feb580e6000 r--s 00015000 08:05 917969                     /home/pavlenko/.m2/repository/com/fasterxml/jackson/dataformat/jackson-dataformat-xml/2.8.1/jackson-dataformat-xml-2.8.1.jar
7feb580e6000-7feb580e7000 r--s 00009000 08:05 917967                     /home/pavlenko/.m2/repository/com/fasterxml/jackson/dataformat/jackson-dataformat-yaml/2.8.1/jackson-dataformat-yaml-2.8.1.jar
7feb580e7000-7feb580e9000 r--s 0000e000 08:05 917965                     /home/pavlenko/.m2/repository/io/swagger/swagger-jaxrs/1.5.9/swagger-jaxrs-1.5.9.jar
7feb580e9000-7feb580ea000 r--s 00001000 08:05 917963                     /home/pavlenko/.m2/repository/io/swagger/swagger-jersey2-jaxrs/1.5.9/swagger-jersey2-jaxrs-1.5.9.jar
7feb580ea000-7feb580ee000 r--s 00019000 08:05 786707                     /home/pavlenko/.m2/repository/javax/ws/rs/javax.ws.rs-api/2.0.1/javax.ws.rs-api-2.0.1.jar
7feb580ee000-7feb580fb000 r--s 000ac000 08:05 786500                     /home/pavlenko/.m2/repository/org/springframework/spring-beans/4.3.2.RELEASE/spring-beans-4.3.2.RELEASE.jar
7feb580fb000-7feb580fd000 r--s 00002000 08:05 786846                     /home/pavlenko/.m2/repository/org/glassfish/hk2/spring-bridge/2.4.0-b34/spring-bridge-2.4.0-b34.jar
7feb580fd000-7feb58104000 r--s 0005b000 08:05 786844                     /home/pavlenko/.m2/repository/org/glassfish/hk2/external/asm-all-repackaged/2.4.0-b34/asm-all-repackaged-2.4.0-b34.jar
7feb58104000-7feb58107000 r--s 00013000 08:05 786842                     /home/pavlenko/.m2/repository/org/glassfish/hk2/class-model/2.4.0-b34/class-model-2.4.0-b34.jar
7feb58107000-7feb58109000 r--s 0000c000 08:05 786840                     /home/pavlenko/.m2/repository/org/glassfish/hk2/hk2-runlevel/2.4.0-b34/hk2-runlevel-2.4.0-b34.jar
7feb58109000-7feb5810b000 r--s 00003000 08:05 786836                     /home/pavlenko/.m2/repository/org/jvnet/tiger-types/1.4/tiger-types-1.4.jar
7feb5810b000-7feb58110000 r--s 0002e000 08:05 786834                     /home/pavlenko/.m2/repository/org/glassfish/hk2/hk2-config/2.4.0-b34/hk2-config-2.4.0-b34.jar
7feb58110000-7feb58113000 r--s 0001a000 08:05 786832                     /home/pavlenko/.m2/repository/org/glassfish/hk2/hk2-core/2.4.0-b34/hk2-core-2.4.0-b34.jar
7feb58113000-7feb58115000 r--s 00001000 08:05 786830                     /home/pavlenko/.m2/repository/org/glassfish/hk2/config-types/2.4.0-b34/config-types-2.4.0-b34.jar
7feb58115000-7feb58116000 r--s 00000000 08:05 786828                     /home/pavlenko/.m2/repository/javax/inject/javax.inject/1/javax.inject-1.jar
7feb58116000-7feb5811a000 r--s 0001a000 08:05 786689                     /home/pavlenko/.m2/repository/org/glassfish/hk2/hk2-utils/2.4.0-b34/hk2-utils-2.4.0-b34.jar
7feb5811a000-7feb5811d000 r--s 0000e000 08:05 786677                     /home/pavlenko/.m2/repository/org/glassfish/jersey/containers/jersey-container-servlet-core/2.23.1/jersey-container-servlet-core-2.23.1.jar
7feb5811d000-7feb5811f000 r--s 00004000 08:05 786824                     /home/pavlenko/.m2/repository/org/glassfish/jersey/ext/jersey-spring3/2.23.1/jersey-spring3-2.23.1.jar
7feb5811f000-7feb58136000 r--s 000f9000 08:05 786506                     /home/pavlenko/.m2/repository/org/springframework/spring-core/4.3.2.RELEASE/spring-core-4.3.2.RELEASE.jar
7feb58136000-7feb58139000 r--s 0000c000 08:05 918161                     /home/pavlenko/.m2/repository/org/springframework/spring-aspects/4.3.2.RELEASE/spring-aspects-4.3.2.RELEASE.jar
7feb58139000-7feb5813b000 r--s 00003000 08:05 11669525                   /home/pavlenko/.m2/repository/org/slf4j/jcl-over-slf4j/1.7.21/jcl-over-slf4j-1.7.21.jar
7feb5813b000-7feb5813d000 r--s 00009000 08:05 11408371                   /home/pavlenko/.m2/repository/org/slf4j/slf4j-api/1.7.21/slf4j-api-1.7.21.jar
7feb5813d000-7feb58145000 r--s 0003a000 08:05 918159                     /home/pavlenko/.m2/repository/org/springframework/spring-tx/4.3.2.RELEASE/spring-tx-4.3.2.RELEASE.jar
7feb58145000-7feb5814f000 r--s 0006b000 08:05 918157                     /home/pavlenko/.m2/repository/org/springframework/spring-orm/4.3.2.RELEASE/spring-orm-4.3.2.RELEASE.jar
7feb5814f000-7feb58160000 r--s 00098000 08:05 918155                     /home/pavlenko/.m2/repository/org/springframework/data/spring-data-commons/1.12.2.RELEASE/spring-data-commons-1.12.2.RELEASE.jar
7feb58160000-7feb58167000 r--s 0003d000 08:05 918153                     /home/pavlenko/.m2/repository/org/springframework/data/spring-data-jpa/1.10.2.RELEASE/spring-data-jpa-1.10.2.RELEASE.jar
7feb58167000-7feb58169000 r--s 00006000 08:05 787853                     /home/pavlenko/.m2/repository/javax/transaction/javax.transaction-api/1.2/javax.transaction-api-1.2.jar
7feb58169000-7feb5816c000 r--s 00010000 08:05 918151                     /home/pavlenko/.m2/repository/org/hibernate/common/hibernate-commons-annotations/5.0.1.Final/hibernate-commons-annotations-5.0.1.Final.jar
7feb5816c000-7feb58175000 r--s 0002d000 08:05 918149                     /home/pavlenko/.m2/repository/xml-apis/xml-apis/1.4.01/xml-apis-1.4.01.jar
7feb58175000-7feb5817a000 r--s 00048000 08:05 918147                     /home/pavlenko/.m2/repository/dom4j/dom4j/1.6.1/dom4j-1.6.1.jar
7feb5817a000-7feb5817d000 r--s 0002b000 08:05 918145                     /home/pavlenko/.m2/repository/org/jboss/jandex/2.0.0.Final/jandex-2.0.0.Final.jar
7feb5817d000-7feb58182000 r--s 00068000 08:05 918143                     /home/pavlenko/.m2/repository/antlr/antlr/2.7.7/antlr-2.7.7.jar
7feb58182000-7feb5818c000 r--s 000ae000 08:05 788395                     /home/pavlenko/.m2/repository/org/javassist/javassist/3.20.0-GA/javassist-3.20.0-GA.jar
7feb5818c000-7feb58191000 r--s 00017000 08:05 918141                     /home/pavlenko/.m2/repository/org/hibernate/javax/persistence/hibernate-jpa-2.1-api/1.0.0.Final/hibernate-jpa-2.1-api-1.0.0.Final.jar
7feb58191000-7feb581fb000 r--s 004ed000 08:05 918139                     /home/pavlenko/.m2/repository/org/hibernate/hibernate-core/5.0.9.Final/hibernate-core-5.0.9.Final.jar
7feb581fb000-7feb58205000 r--s 0005f000 08:05 918137                     /home/pavlenko/.m2/repository/org/springframework/spring-jdbc/4.3.2.RELEASE/spring-jdbc-4.3.2.RELEASE.jar
7feb58205000-7feb5821e000 r--s 001af000 08:05 918133                     /home/pavlenko/.m2/repository/org/aspectj/aspectjweaver/1.8.9/aspectjweaver-1.8.9.jar
7feb5821e000-7feb58230000 r--s 000ce000 08:05 917759                     /home/pavlenko/.m2/repository/org/springframework/spring-webmvc/4.3.2.RELEASE/spring-webmvc-4.3.2.RELEASE.jar
7feb58230000-7feb5c000000 rw-p 00000000 00:00 0 
7feb5c000000-7feb5c021000 rw-p 00000000 00:00 0 
7feb5c021000-7feb60000000 ---p 00000000 00:00 0 
7feb60000000-7feb60021000 rw-p 00000000 00:00 0 
7feb60021000-7feb64000000 ---p 00000000 00:00 0 
7feb64000000-7feb64021000 rw-p 00000000 00:00 0 
7feb64021000-7feb68000000 ---p 00000000 00:00 0 
7feb68000000-7feb68021000 rw-p 00000000 00:00 0 
7feb68021000-7feb6c000000 ---p 00000000 00:00 0 
7feb6c000000-7feb6c021000 rw-p 00000000 00:00 0 
7feb6c021000-7feb70000000 ---p 00000000 00:00 0 
7feb70000000-7feb70001000 r--s 00000000 08:05 786826                     /home/pavlenko/.m2/repository/org/glassfish/hk2/hk2/2.4.0-b34/hk2-2.4.0-b34.jar
7feb70001000-7feb70002000 r--s 00009000 08:05 9965503                    /home/pavlenko/.m2/repository/org/apache/tomcat/tomcat-juli/8.5.4/tomcat-juli-8.5.4.jar
7feb70002000-7feb70005000 r--s 0001f000 08:05 9835133                    /home/pavlenko/.m2/repository/org/apache/tomcat/tomcat-jdbc/8.5.4/tomcat-jdbc-8.5.4.jar
7feb70005000-7feb70006000 r--s 00000000 08:05 918135                     /home/pavlenko/.m2/repository/org/springframework/boot/spring-boot-starter-jdbc/1.4.0.RELEASE/spring-boot-starter-jdbc-1.4.0.RELEASE.jar
7feb70006000-7feb7000b000 r--s 0003c000 08:05 786504                     /home/pavlenko/.m2/repository/org/springframework/spring-expression/4.3.2.RELEASE/spring-expression-4.3.2.RELEASE.jar
7feb7000b000-7feb70014000 r--s 00054000 08:05 786498                     /home/pavlenko/.m2/repository/org/springframework/spring-aop/4.3.2.RELEASE/spring-aop-4.3.2.RELEASE.jar
7feb70014000-7feb70026000 r--s 000b5000 08:05 786496                     /home/pavlenko/.m2/repository/org/springframework/spring-web/4.3.2.RELEASE/spring-web-4.3.2.RELEASE.jar
7feb70026000-7feb7002a000 r--s 00041000 08:05 917757                     /home/pavlenko/.m2/repository/com/fasterxml/jackson/core/jackson-core/2.8.1/jackson-core-2.8.1.jar
7feb7002a000-7feb7002d000 r--s 0000b000 08:05 788397                     /home/pavlenko/.m2/repository/com/fasterxml/jackson/core/jackson-annotations/2.8.1/jackson-annotations-2.8.1.jar
7feb7002d000-7feb7003f000 r--s 0011b000 08:05 917755                     /home/pavlenko/.m2/repository/com/fasterxml/jackson/core/jackson-databind/2.8.1/jackson-databind-2.8.1.jar
7feb7003f000-7feb70041000 r--s 0000e000 08:05 788311                     /home/pavlenko/.m2/repository/com/fasterxml/classmate/1.3.1/classmate-1.3.1.jar
7feb70041000-7feb70043000 r--s 0000f000 08:05 917753                     /home/pavlenko/.m2/repository/org/jboss/logging/jboss-logging/3.3.0.Final/jboss-logging-3.3.0.Final.jar
7feb70043000-7feb70053000 r--s 0009c000 08:05 917751                     /home/pavlenko/.m2/repository/org/hibernate/hibernate-validator/5.2.4.Final/hibernate-validator-5.2.4.Final.jar
7feb70053000-7feb70058000 r--s 00036000 08:05 10095096                   /home/pavlenko/.m2/repository/org/apache/tomcat/embed/tomcat-embed-websocket/8.5.4/tomcat-embed-websocket-8.5.4.jar
7feb70058000-7feb7005d000 r--s 00036000 08:05 9965496                    /home/pavlenko/.m2/repository/org/apache/tomcat/embed/tomcat-embed-el/8.5.4/tomcat-embed-el-8.5.4.jar
7feb7005d000-7feb70086000 r--s 002af000 08:05 9965494                    /home/pavlenko/.m2/repository/org/apache/tomcat/embed/tomcat-embed-core/8.5.4/tomcat-embed-core-8.5.4.jar
7feb70086000-7feb70089000 ---p 00000000 00:00 0 
7feb70089000-7feb70187000 rw-p 00000000 00:00 0 
7feb70187000-7feb7018a000 ---p 00000000 00:00 0 
7feb7018a000-7feb70288000 rw-p 00000000 00:00 0 
7feb70288000-7feb7028b000 ---p 00000000 00:00 0 
7feb7028b000-7feb70389000 rw-p 00000000 00:00 0 
7feb70389000-7feb7038d000 r-xp 00000000 08:01 1319431                    /usr/lib/jvm/java-8-oracle/jre/lib/amd64/libdt_socket.so
7feb7038d000-7feb7058c000 ---p 00004000 08:01 1319431                    /usr/lib/jvm/java-8-oracle/jre/lib/amd64/libdt_socket.so
7feb7058c000-7feb7058d000 rw-p 00003000 08:01 1319431                    /usr/lib/jvm/java-8-oracle/jre/lib/amd64/libdt_socket.so
7feb7058d000-7feb70590000 ---p 00000000 00:00 0 
7feb70590000-7feb7068e000 rw-p 00000000 00:00 0 
7feb7068e000-7feb70691000 ---p 00000000 00:00 0 
7feb70691000-7feb7078f000 rw-p 00000000 00:00 0 
7feb7078f000-7feb70792000 ---p 00000000 00:00 0 
7feb70792000-7feb70890000 rw-p 00000000 00:00 0 
7feb70890000-7feb70891000 ---p 00000000 00:00 0 
7feb70891000-7feb724ac000 rw-p 00000000 00:00 0 
7feb724ac000-7feb72685000 r--s 03d29000 08:01 1192422                    /usr/lib/jvm/java-8-oracle/jre/lib/rt.jar
7feb72685000-7feb73262000 rw-p 00000000 00:00 0 
7feb73262000-7feb73263000 ---p 00000000 00:00 0 
7feb73263000-7feb73363000 rw-p 00000000 00:00 0 
7feb73363000-7feb73364000 ---p 00000000 00:00 0 
7feb73364000-7feb73464000 rw-p 00000000 00:00 0 
7feb73464000-7feb73465000 ---p 00000000 00:00 0 
7feb73465000-7feb73565000 rw-p 00000000 00:00 0 
7feb73565000-7feb73566000 ---p 00000000 00:00 0 
7feb73566000-7feb73666000 rw-p 00000000 00:00 0 
7feb73666000-7feb73667000 ---p 00000000 00:00 0 
7feb73667000-7feb73767000 rw-p 00000000 00:00 0 
7feb73767000-7feb73768000 ---p 00000000 00:00 0 
7feb73768000-7feb73868000 rw-p 00000000 00:00 0 
7feb73868000-7feb73869000 ---p 00000000 00:00 0 
7feb73869000-7feb739a6000 rw-p 00000000 00:00 0 
7feb739a6000-7feb73bfd000 ---p 00000000 00:00 0 
7feb73bfd000-7feb73c3a000 rw-p 00000000 00:00 0 
7feb73c3a000-7feb73e90000 ---p 00000000 00:00 0 
7feb73e90000-7feb73f9e000 rw-p 00000000 00:00 0 
7feb73f9e000-7feb73fda000 ---p 00000000 00:00 0 
7feb73fda000-7feb74060000 rw-p 00000000 00:00 0 
7feb74060000-7feb7439b000 ---p 00000000 00:00 0 
7feb7439b000-7feb764ab000 rwxp 00000000 00:00 0 
7feb764ab000-7feb8339b000 ---p 00000000 00:00 0 
7feb8339b000-7feb833b5000 r-xp 00000000 08:01 1326255                    /usr/lib/jvm/java-8-oracle/jre/lib/amd64/libzip.so
7feb833b5000-7feb835b5000 ---p 0001a000 08:01 1326255                    /usr/lib/jvm/java-8-oracle/jre/lib/amd64/libzip.so
7feb835b5000-7feb835b6000 rw-p 0001a000 08:01 1326255                    /usr/lib/jvm/java-8-oracle/jre/lib/amd64/libzip.so
7feb835b6000-7feb835c1000 r-xp 00000000 08:01 2113275                    /lib/x86_64-linux-gnu/libnss_files-2.23.so
7feb835c1000-7feb837c0000 ---p 0000b000 08:01 2113275                    /lib/x86_64-linux-gnu/libnss_files-2.23.so
7feb837c0000-7feb837c1000 r--p 0000a000 08:01 2113275                    /lib/x86_64-linux-gnu/libnss_files-2.23.so
7feb837c1000-7feb837c2000 rw-p 0000b000 08:01 2113275                    /lib/x86_64-linux-gnu/libnss_files-2.23.so
7feb837c2000-7feb837c8000 rw-p 00000000 00:00 0 
7feb837c8000-7feb837d3000 r-xp 00000000 08:01 2113272                    /lib/x86_64-linux-gnu/libnss_nis-2.23.so
7feb837d3000-7feb839d2000 ---p 0000b000 08:01 2113272                    /lib/x86_64-linux-gnu/libnss_nis-2.23.so
7feb839d2000-7feb839d3000 r--p 0000a000 08:01 2113272                    /lib/x86_64-linux-gnu/libnss_nis-2.23.so
7feb839d3000-7feb839d4000 rw-p 0000b000 08:01 2113272                    /lib/x86_64-linux-gnu/libnss_nis-2.23.so
7feb839d4000-7feb839ea000 r-xp 00000000 08:01 2110815                    /lib/x86_64-linux-gnu/libnsl-2.23.so
7feb839ea000-7feb83be9000 ---p 00016000 08:01 2110815                    /lib/x86_64-linux-gnu/libnsl-2.23.so
7feb83be9000-7feb83bea000 r--p 00015000 08:01 2110815                    /lib/x86_64-linux-gnu/libnsl-2.23.so
7feb83bea000-7feb83beb000 rw-p 00016000 08:01 2110815                    /lib/x86_64-linux-gnu/libnsl-2.23.so
7feb83beb000-7feb83bed000 rw-p 00000000 00:00 0 
7feb83bed000-7feb83bf5000 r-xp 00000000 08:01 2110808                    /lib/x86_64-linux-gnu/libnss_compat-2.23.so
7feb83bf5000-7feb83df4000 ---p 00008000 08:01 2110808                    /lib/x86_64-linux-gnu/libnss_compat-2.23.so
7feb83df4000-7feb83df5000 r--p 00007000 08:01 2110808                    /lib/x86_64-linux-gnu/libnss_compat-2.23.so
7feb83df5000-7feb83df6000 rw-p 00008000 08:01 2110808                    /lib/x86_64-linux-gnu/libnss_compat-2.23.so
7feb83df6000-7feb83e00000 r-xp 00000000 08:01 1326231                    /usr/lib/jvm/java-8-oracle/jre/lib/amd64/libinstrument.so
7feb83e00000-7feb83fff000 ---p 0000a000 08:01 1326231                    /usr/lib/jvm/java-8-oracle/jre/lib/amd64/libinstrument.so
7feb83fff000-7feb84000000 rw-p 00009000 08:01 1326231                    /usr/lib/jvm/java-8-oracle/jre/lib/amd64/libinstrument.so
7feb84000000-7feb87860000 rw-p 00000000 00:00 0 
7feb87860000-7feb88000000 ---p 00000000 00:00 0 
7feb88000000-7feb88001000 r--s 00000000 08:05 918131                     /home/pavlenko/.m2/repository/org/springframework/boot/spring-boot-starter-aop/1.4.0.RELEASE/spring-boot-starter-aop-1.4.0.RELEASE.jar
7feb88001000-7feb88007000 r--s 0003d000 08:05 917747                     /home/pavlenko/.m2/repository/org/yaml/snakeyaml/1.17/snakeyaml-1.17.jar
7feb88007000-7feb88009000 r--s 00004000 08:05 11537205                   /home/pavlenko/.m2/repository/org/slf4j/log4j-over-slf4j/1.7.21/log4j-over-slf4j-1.7.21.jar
7feb88009000-7feb88013000 r--s 00069000 08:05 917745                     /home/pavlenko/.m2/repository/ch/qos/logback/logback-core/1.1.7/logback-core-1.1.7.jar
7feb88013000-7feb88030000 r--s 000c7000 08:05 917739                     /home/pavlenko/.m2/repository/org/springframework/boot/spring-boot-autoconfigure/1.4.0.RELEASE/spring-boot-autoconfigure-1.4.0.RELEASE.jar
7feb88030000-7feb880a6000 rw-p 00000000 00:00 0 
7feb880a6000-7feb880a7000 ---p 00000000 00:00 0 
7feb880a7000-7feb881a7000 rw-p 00000000 00:00 0 
7feb881a7000-7feb885b1000 r--p 00000000 08:01 1061404                    /usr/lib/locale/locale-archive
7feb885b1000-7feb885b3000 r-xp 00000000 08:01 1326242                    /usr/lib/jvm/java-8-oracle/jre/lib/amd64/libnpt.so
7feb885b3000-7feb887b3000 ---p 00002000 08:01 1326242                    /usr/lib/jvm/java-8-oracle/jre/lib/amd64/libnpt.so
7feb887b3000-7feb887b4000 rw-p 00002000 08:01 1326242                    /usr/lib/jvm/java-8-oracle/jre/lib/amd64/libnpt.so
7feb887b4000-7feb887ed000 r-xp 00000000 08:01 1319423                    /usr/lib/jvm/java-8-oracle/jre/lib/amd64/libjdwp.so
7feb887ed000-7feb889ec000 ---p 00039000 08:01 1319423                    /usr/lib/jvm/java-8-oracle/jre/lib/amd64/libjdwp.so
7feb889ec000-7feb889ee000 rw-p 00038000 08:01 1319423                    /usr/lib/jvm/java-8-oracle/jre/lib/amd64/libjdwp.so
7feb889ee000-7feb88a18000 r-xp 00000000 08:01 1319433                    /usr/lib/jvm/java-8-oracle/jre/lib/amd64/libjava.so
7feb88a18000-7feb88c18000 ---p 0002a000 08:01 1319433                    /usr/lib/jvm/java-8-oracle/jre/lib/amd64/libjava.so
7feb88c18000-7feb88c1a000 rw-p 0002a000 08:01 1319433                    /usr/lib/jvm/java-8-oracle/jre/lib/amd64/libjava.so
7feb88c1a000-7feb88c27000 r-xp 00000000 08:01 1326257                    /usr/lib/jvm/java-8-oracle/jre/lib/amd64/libverify.so
7feb88c27000-7feb88e27000 ---p 0000d000 08:01 1326257                    /usr/lib/jvm/java-8-oracle/jre/lib/amd64/libverify.so
7feb88e27000-7feb88e29000 rw-p 0000d000 08:01 1326257                    /usr/lib/jvm/java-8-oracle/jre/lib/amd64/libverify.so
7feb88e29000-7feb88e30000 r-xp 00000000 08:01 2113286                    /lib/x86_64-linux-gnu/librt-2.23.so
7feb88e30000-7feb8902f000 ---p 00007000 08:01 2113286                    /lib/x86_64-linux-gnu/librt-2.23.so
7feb8902f000-7feb89030000 r--p 00006000 08:01 2113286                    /lib/x86_64-linux-gnu/librt-2.23.so
7feb89030000-7feb89031000 rw-p 00007000 08:01 2113286                    /lib/x86_64-linux-gnu/librt-2.23.so
7feb89031000-7feb89139000 r-xp 00000000 08:01 2113281                    /lib/x86_64-linux-gnu/libm-2.23.so
7feb89139000-7feb89338000 ---p 00108000 08:01 2113281                    /lib/x86_64-linux-gnu/libm-2.23.so
7feb89338000-7feb89339000 r--p 00107000 08:01 2113281                    /lib/x86_64-linux-gnu/libm-2.23.so
7feb89339000-7feb8933a000 rw-p 00108000 08:01 2113281                    /lib/x86_64-linux-gnu/libm-2.23.so
7feb8933a000-7feb8a005000 r-xp 00000000 08:01 1326233                    /usr/lib/jvm/java-8-oracle/jre/lib/amd64/server/libjvm.so
7feb8a005000-7feb8a204000 ---p 00ccb000 08:01 1326233                    /usr/lib/jvm/java-8-oracle/jre/lib/amd64/server/libjvm.so
7feb8a204000-7feb8a2dd000 rw-p 00cca000 08:01 1326233                    /usr/lib/jvm/java-8-oracle/jre/lib/amd64/server/libjvm.so
7feb8a2dd000-7feb8a328000 rw-p 00000000 00:00 0 
7feb8a328000-7feb8a4e8000 r-xp 00000000 08:01 2113291                    /lib/x86_64-linux-gnu/libc-2.23.so
7feb8a4e8000-7feb8a6e7000 ---p 001c0000 08:01 2113291                    /lib/x86_64-linux-gnu/libc-2.23.so
7feb8a6e7000-7feb8a6eb000 r--p 001bf000 08:01 2113291                    /lib/x86_64-linux-gnu/libc-2.23.so
7feb8a6eb000-7feb8a6ed000 rw-p 001c3000 08:01 2113291                    /lib/x86_64-linux-gnu/libc-2.23.so
7feb8a6ed000-7feb8a6f1000 rw-p 00000000 00:00 0 
7feb8a6f1000-7feb8a6f4000 r-xp 00000000 08:01 2113292                    /lib/x86_64-linux-gnu/libdl-2.23.so
7feb8a6f4000-7feb8a8f3000 ---p 00003000 08:01 2113292                    /lib/x86_64-linux-gnu/libdl-2.23.so
7feb8a8f3000-7feb8a8f4000 r--p 00002000 08:01 2113292                    /lib/x86_64-linux-gnu/libdl-2.23.so
7feb8a8f4000-7feb8a8f5000 rw-p 00003000 08:01 2113292                    /lib/x86_64-linux-gnu/libdl-2.23.so
7feb8a8f5000-7feb8a90a000 r-xp 00000000 08:01 1722442                    /usr/lib/jvm/java-8-oracle/lib/amd64/jli/libjli.so
7feb8a90a000-7feb8ab0a000 ---p 00015000 08:01 1722442                    /usr/lib/jvm/java-8-oracle/lib/amd64/jli/libjli.so
7feb8ab0a000-7feb8ab0b000 rw-p 00015000 08:01 1722442                    /usr/lib/jvm/java-8-oracle/lib/amd64/jli/libjli.so
7feb8ab0b000-7feb8ab23000 r-xp 00000000 08:01 2113290                    /lib/x86_64-linux-gnu/libpthread-2.23.so
7feb8ab23000-7feb8ad22000 ---p 00018000 08:01 2113290                    /lib/x86_64-linux-gnu/libpthread-2.23.so
7feb8ad22000-7feb8ad23000 r--p 00017000 08:01 2113290                    /lib/x86_64-linux-gnu/libpthread-2.23.so
7feb8ad23000-7feb8ad24000 rw-p 00018000 08:01 2113290                    /lib/x86_64-linux-gnu/libpthread-2.23.so
7feb8ad24000-7feb8ad28000 rw-p 00000000 00:00 0 
7feb8ad28000-7feb8ad4e000 r-xp 00000000 08:01 2113287                    /lib/x86_64-linux-gnu/ld-2.23.so
7feb8ad4e000-7feb8ad4f000 r--s 00000000 08:05 918129                     /home/pavlenko/.m2/repository/org/springframework/boot/spring-boot-starter-data-jpa/1.4.0.RELEASE/spring-boot-starter-data-jpa-1.4.0.RELEASE.jar
7feb8ad4f000-7feb8ad51000 r--s 00000000 08:05 11537203                   /home/pavlenko/.m2/repository/org/slf4j/jul-to-slf4j/1.7.21/jul-to-slf4j-1.7.21.jar
7feb8ad51000-7feb8ae22000 rw-p 00000000 00:00 0 
7feb8ae22000-7feb8ae25000 ---p 00000000 00:00 0 
7feb8ae25000-7feb8af27000 rw-p 00000000 00:00 0 
7feb8af27000-7feb8af28000 r--s 00000000 08:05 917749                     /home/pavlenko/.m2/repository/org/springframework/boot/spring-boot-starter-tomcat/1.4.0.RELEASE/spring-boot-starter-tomcat-1.4.0.RELEASE.jar
7feb8af28000-7feb8af2f000 r--s 00044000 08:05 917743                     /home/pavlenko/.m2/repository/ch/qos/logback/logback-classic/1.1.7/logback-classic-1.1.7.jar
7feb8af2f000-7feb8af30000 r--s 00000000 08:05 917741                     /home/pavlenko/.m2/repository/org/springframework/boot/spring-boot-starter-logging/1.4.0.RELEASE/spring-boot-starter-logging-1.4.0.RELEASE.jar
7feb8af30000-7feb8af3f000 r--s 0008f000 08:05 917737                     /home/pavlenko/.m2/repository/org/springframework/boot/spring-boot/1.4.0.RELEASE/spring-boot-1.4.0.RELEASE.jar
7feb8af3f000-7feb8af40000 r--s 00000000 08:05 917735                     /home/pavlenko/.m2/repository/org/springframework/boot/spring-boot-starter/1.4.0.RELEASE/spring-boot-starter-1.4.0.RELEASE.jar
7feb8af40000-7feb8af41000 r--s 00000000 08:05 917731                     /home/pavlenko/.m2/repository/org/springframework/boot/spring-boot-starter-web/1.4.0.RELEASE/spring-boot-starter-web-1.4.0.RELEASE.jar
7feb8af41000-7feb8af49000 rw-s 00000000 08:01 264529                     /tmp/hsperfdata_pavlenko/10266
7feb8af49000-7feb8af4a000 rw-p 00000000 00:00 0 
7feb8af4a000-7feb8af4b000 r--p 00000000 00:00 0 
7feb8af4b000-7feb8af4d000 rw-p 00000000 00:00 0 
7feb8af4d000-7feb8af4e000 r--p 00025000 08:01 2113287                    /lib/x86_64-linux-gnu/ld-2.23.so
7feb8af4e000-7feb8af4f000 rw-p 00026000 08:01 2113287                    /lib/x86_64-linux-gnu/ld-2.23.so
7feb8af4f000-7feb8af50000 rw-p 00000000 00:00 0 
7ffc182b4000-7ffc182d8000 rw-p 00000000 00:00 0                          [stack]
7ffc183db000-7ffc183dd000 r--p 00000000 00:00 0                          [vvar]
7ffc183dd000-7ffc183df000 r-xp 00000000 00:00 0                          [vdso]
ffffffffff600000-ffffffffff601000 r-xp 00000000 00:00 0                  [vsyscall]

VM Arguments:
jvm_args: -agentlib:jdwp=transport=dt_socket,suspend=y,address=localhost:45896 -javaagent:/home/pavlenko/.m2/repository/org/springframework/spring-instrument/4.3.2.RELEASE/spring-instrument-4.3.2.RELEASE.jar -Dfile.encoding=UTF-8 
java_command: com.ntr1x.treasure.web.App
java_class_path (initial): /home/pavlenko/workspace-vstore/treasure.web/target/classes:/home/pavlenko/.m2/repository/org/springframework/boot/spring-boot-starter-web/1.4.0.RELEASE/spring-boot-starter-web-1.4.0.RELEASE.jar:/home/pavlenko/.m2/repository/org/springframework/boot/spring-boot-starter/1.4.0.RELEASE/spring-boot-starter-1.4.0.RELEASE.jar:/home/pavlenko/.m2/repository/org/springframework/boot/spring-boot/1.4.0.RELEASE/spring-boot-1.4.0.RELEASE.jar:/home/pavlenko/.m2/repository/org/springframework/boot/spring-boot-autoconfigure/1.4.0.RELEASE/spring-boot-autoconfigure-1.4.0.RELEASE.jar:/home/pavlenko/.m2/repository/org/springframework/boot/spring-boot-starter-logging/1.4.0.RELEASE/spring-boot-starter-logging-1.4.0.RELEASE.jar:/home/pavlenko/.m2/repository/ch/qos/logback/logback-classic/1.1.7/logback-classic-1.1.7.jar:/home/pavlenko/.m2/repository/ch/qos/logback/logback-core/1.1.7/logback-core-1.1.7.jar:/home/pavlenko/.m2/repository/org/slf4j/jul-to-slf4j/1.7.21/jul-to-slf4j-1.7.21.jar:/home/pavlenko/.m2/repository/org/slf4j/log4j-over-slf4j/1.7.21/log4j-over-slf4j-1.7.21.jar:/home/pavlenko/.m2/repository/org/yaml/snakeyaml/1.17/snakeyaml-1.17.jar:/home/pavlenko/.m2/repository/org/springframework/boot/spring-boot-starter-tomcat/1.4.0.RELEASE/spring-boot-starter-tomcat-1.4.0.RELEASE.jar:/home/pavlenko/.m2/repository/org/apache/tomcat/embed/tomcat-embed-core/8.5.4/tomcat-embed-core-8.5.4.jar:/home/pavlenko/.m2/repository/org/apache/tomcat/embed/tomcat-embed-el/8.5.4/tomcat-embed-el-8.5.4.jar:/home/pavlenko/.m2/repository/org/apache/tomcat/embed/tomcat-embed-websocket/8.5.4/tomcat-embed-websocket-8.5.4.jar:/home/pavlenko/.m2/repository/org/hibernate/hibernate-validator/5.2.4.Final/hibernate-validator-5.2.4.Final.jar:/home/pavlenko/.m2/repository/org/jboss/logging/jboss-logging/3.3.0.Final/jboss-logging-3.3.0.Final.jar:/home/pavlenko/.m2/repository/com/fasterxml/classmate/1.3.1/classmate-1.3.1.jar:/home/pavlenko/.m2/repository/com/fasterxml/jackson/core/jackson-d
Launcher Type: SUN_STANDARD

Environment Variables:
PATH=/usr/local/sbin:/usr/local/bin:/usr/sbin:/usr/bin:/sbin:/bin:/usr/games:/usr/local/games:/snap/bin
SHELL=/bin/bash
DISPLAY=:0

Signal Handlers:
SIGSEGV: [libjvm.so+0xac4790], sa_mask[0]=11111111011111111101111111111110, sa_flags=SA_RESTART|SA_SIGINFO
SIGBUS: [libjvm.so+0xac4790], sa_mask[0]=11111111011111111101111111111110, sa_flags=SA_RESTART|SA_SIGINFO
SIGFPE: [libjvm.so+0x91f140], sa_mask[0]=11111111011111111101111111111110, sa_flags=SA_RESTART|SA_SIGINFO
SIGPIPE: [libjvm.so+0x91f140], sa_mask[0]=11111111011111111101111111111110, sa_flags=SA_RESTART|SA_SIGINFO
SIGXFSZ: [libjvm.so+0x91f140], sa_mask[0]=11111111011111111101111111111110, sa_flags=SA_RESTART|SA_SIGINFO
SIGILL: [libjvm.so+0x91f140], sa_mask[0]=11111111011111111101111111111110, sa_flags=SA_RESTART|SA_SIGINFO
SIGUSR1: SIG_DFL, sa_mask[0]=00000000000000000000000000000000, sa_flags=none
SIGUSR2: [libjvm.so+0x920770], sa_mask[0]=00100000000000000000000000000000, sa_flags=SA_RESTART|SA_SIGINFO
SIGHUP: [libjvm.so+0x921b70], sa_mask[0]=11111111011111111101111111111110, sa_flags=SA_RESTART|SA_SIGINFO
SIGINT: [libjvm.so+0x921b70], sa_mask[0]=11111111011111111101111111111110, sa_flags=SA_RESTART|SA_SIGINFO
SIGTERM: [libjvm.so+0x921b70], sa_mask[0]=11111111011111111101111111111110, sa_flags=SA_RESTART|SA_SIGINFO
SIGQUIT: [libjvm.so+0x921b70], sa_mask[0]=11111111011111111101111111111110, sa_flags=SA_RESTART|SA_SIGINFO


---------------  S Y S T E M  ---------------

OS:DISTRIB_ID=Ubuntu
DISTRIB_RELEASE=16.04
DISTRIB_CODENAME=xenial
DISTRIB_DESCRIPTION="Ubuntu 16.04.1 LTS"

uname:Linux 4.4.0-36-generic #55-Ubuntu SMP Thu Aug 11 18:01:55 UTC 2016 x86_64
libc:glibc 2.23 NPTL 2.23 
rlimit: STACK 8192k, CORE 0k, NPROC 31458, NOFILE 65536, AS infinity
load average:0,77 0,49 0,43

/proc/meminfo:
MemTotal:        8093744 kB
MemFree:         1459160 kB
MemAvailable:    3284596 kB
Buffers:          306036 kB
Cached:          2037232 kB
SwapCached:            0 kB
Active:          5006924 kB
Inactive:        1249004 kB
Active(anon):    3915540 kB
Inactive(anon):   390648 kB
Active(file):    1091384 kB
Inactive(file):   858356 kB
Unevictable:         144 kB
Mlocked:             144 kB
SwapTotal:             0 kB
SwapFree:              0 kB
Dirty:               144 kB
Writeback:             0 kB
AnonPages:       3912848 kB
Mapped:           658476 kB
Shmem:            393624 kB
Slab:             227968 kB
SReclaimable:     180640 kB
SUnreclaim:        47328 kB
KernelStack:       15136 kB
PageTables:        52040 kB
NFS_Unstable:          0 kB
Bounce:                0 kB
WritebackTmp:          0 kB
CommitLimit:     4046872 kB
Committed_AS:   10290556 kB
VmallocTotal:   34359738367 kB
VmallocUsed:           0 kB
VmallocChunk:          0 kB
HardwareCorrupted:     0 kB
AnonHugePages:   2170880 kB
CmaTotal:              0 kB
CmaFree:               0 kB
HugePages_Total:       0
HugePages_Free:        0
HugePages_Rsvd:        0
HugePages_Surp:        0
Hugepagesize:       2048 kB
DirectMap4k:      187348 kB
DirectMap2M:     2877440 kB
DirectMap1G:     5242880 kB


CPU:total 8 (4 cores per cpu, 2 threads per core) family 6 model 60 stepping 3, cmov, cx8, fxsr, mmx, sse, sse2, sse3, ssse3, sse4.1, sse4.2, popcnt, avx, avx2, aes, clmul, erms, lzcnt, ht, tsc, tscinvbit, bmi1, bmi2

/proc/cpuinfo:
processor	: 0
vendor_id	: GenuineIntel
cpu family	: 6
model		: 60
model name	: Intel(R) Core(TM) i7-4700MQ CPU @ 2.40GHz
stepping	: 3
microcode	: 0x12
cpu MHz		: 2920.031
cache size	: 6144 KB
physical id	: 0
siblings	: 8
core id		: 0
cpu cores	: 4
apicid		: 0
initial apicid	: 0
fpu		: yes
fpu_exception	: yes
cpuid level	: 13
wp		: yes
flags		: fpu vme de pse tsc msr pae mce cx8 apic sep mtrr pge mca cmov pat pse36 clflush dts acpi mmx fxsr sse sse2 ss ht tm pbe syscall nx pdpe1gb rdtscp lm constant_tsc arch_perfmon pebs bts rep_good nopl xtopology nonstop_tsc aperfmperf eagerfpu pni pclmulqdq dtes64 monitor ds_cpl vmx est tm2 ssse3 sdbg fma cx16 xtpr pdcm pcid sse4_1 sse4_2 movbe popcnt tsc_deadline_timer aes xsave avx f16c rdrand lahf_lm abm epb tpr_shadow vnmi flexpriority ept vpid fsgsbase tsc_adjust bmi1 avx2 smep bmi2 erms invpcid xsaveopt dtherm ida arat pln pts
bugs		:
bogomips	: 4788.92
clflush size	: 64
cache_alignment	: 64
address sizes	: 39 bits physical, 48 bits virtual
power management:

processor	: 1
vendor_id	: GenuineIntel
cpu family	: 6
model		: 60
model name	: Intel(R) Core(TM) i7-4700MQ CPU @ 2.40GHz
stepping	: 3
microcode	: 0x12
cpu MHz		: 3164.343
cache size	: 6144 KB
physical id	: 0
siblings	: 8
core id		: 1
cpu cores	: 4
apicid		: 2
initial apicid	: 2
fpu		: yes
fpu_exception	: yes
cpuid level	: 13
wp		: yes
flags		: fpu vme de pse tsc msr pae mce cx8 apic sep mtrr pge mca cmov pat pse36 clflush dts acpi mmx fxsr sse sse2 ss ht tm pbe syscall nx pdpe1gb rdtscp lm constant_tsc arch_perfmon pebs bts rep_good nopl xtopology nonstop_tsc aperfmperf eagerfpu pni pclmulqdq dtes64 monitor ds_cpl vmx est tm2 ssse3 sdbg fma cx16 xtpr pdcm pcid sse4_1 sse4_2 movbe popcnt tsc_deadline_timer aes xsave avx f16c rdrand lahf_lm abm epb tpr_shadow vnmi flexpriority ept vpid fsgsbase tsc_adjust bmi1 avx2 smep bmi2 erms invpcid xsaveopt dtherm ida arat pln pts
bugs		:
bogomips	: 4788.92
clflush size	: 64
cache_alignment	: 64
address sizes	: 39 bits physical, 48 bits virtual
power management:

processor	: 2
vendor_id	: GenuineIntel
cpu family	: 6
model		: 60
model name	: Intel(R) Core(TM) i7-4700MQ CPU @ 2.40GHz
stepping	: 3
microcode	: 0x12
cpu MHz		: 2792.156
cache size	: 6144 KB
physical id	: 0
siblings	: 8
core id		: 2
cpu cores	: 4
apicid		: 4
initial apicid	: 4
fpu		: yes
fpu_exception	: yes
cpuid level	: 13
wp		: yes
flags		: fpu vme de pse tsc msr pae mce cx8 apic sep mtrr pge mca cmov pat pse36 clflush dts acpi mmx fxsr sse sse2 ss ht tm pbe syscall nx pdpe1gb rdtscp lm constant_tsc arch_perfmon pebs bts rep_good nopl xtopology nonstop_tsc aperfmperf eagerfpu pni pclmulqdq dtes64 monitor ds_cpl vmx est tm2 ssse3 sdbg fma cx16 xtpr pdcm pcid sse4_1 sse4_2 movbe popcnt tsc_deadline_timer aes xsave avx f16c rdrand lahf_lm abm epb tpr_shadow vnmi flexpriority ept vpid fsgsbase tsc_adjust bmi1 avx2 smep bmi2 erms invpcid xsaveopt dtherm ida arat pln pts
bugs		:
bogomips	: 4788.92
clflush size	: 64
cache_alignment	: 64
address sizes	: 39 bits physical, 48 bits virtual
power management:

processor	: 3
vendor_id	: GenuineIntel
cpu family	: 6
model		: 60
model name	: Intel(R) Core(TM) i7-4700MQ CPU @ 2.40GHz
stepping	: 3
microcode	: 0x12
cpu MHz		: 3331.687
cache size	: 6144 KB
physical id	: 0
siblings	: 8
core id		: 3
cpu cores	: 4
apicid		: 6
initial apicid	: 6
fpu		: yes
fpu_exception	: yes
cpuid level	: 13
wp		: yes
flags		: fpu vme de pse tsc msr pae mce cx8 apic sep mtrr pge mca cmov pat pse36 clflush dts acpi mmx fxsr sse sse2 ss ht tm pbe syscall nx pdpe1gb rdtscp lm constant_tsc arch_perfmon pebs bts rep_good nopl xtopology nonstop_tsc aperfmperf eagerfpu pni pclmulqdq dtes64 monitor ds_cpl vmx est tm2 ssse3 sdbg fma cx16 xtpr pdcm pcid sse4_1 sse4_2 movbe popcnt tsc_deadline_timer aes xsave avx f16c rdrand lahf_lm abm epb tpr_shadow vnmi flexpriority ept vpid fsgsbase tsc_adjust bmi1 avx2 smep bmi2 erms invpcid xsaveopt dtherm ida arat pln pts
bugs		:
bogomips	: 4788.92
clflush size	: 64
cache_alignment	: 64
address sizes	: 39 bits physical, 48 bits virtual
power management:

processor	: 4
vendor_id	: GenuineIntel
cpu family	: 6
model		: 60
model name	: Intel(R) Core(TM) i7-4700MQ CPU @ 2.40GHz
stepping	: 3
microcode	: 0x12
cpu MHz		: 2977.968
cache size	: 6144 KB
physical id	: 0
siblings	: 8
core id		: 0
cpu cores	: 4
apicid		: 1
initial apicid	: 1
fpu		: yes
fpu_exception	: yes
cpuid level	: 13
wp		: yes
flags		: fpu vme de pse tsc msr pae mce cx8 apic sep mtrr pge mca cmov pat pse36 clflush dts acpi mmx fxsr sse sse2 ss ht tm pbe syscall nx pdpe1gb rdtscp lm constant_tsc arch_perfmon pebs bts rep_good nopl xtopology nonstop_tsc aperfmperf eagerfpu pni pclmulqdq dtes64 monitor ds_cpl vmx est tm2 ssse3 sdbg fma cx16 xtpr pdcm pcid sse4_1 sse4_2 movbe popcnt tsc_deadline_timer aes xsave avx f16c rdrand lahf_lm abm epb tpr_shadow vnmi flexpriority ept vpid fsgsbase tsc_adjust bmi1 avx2 smep bmi2 erms invpcid xsaveopt dtherm ida arat pln pts
bugs		:
bogomips	: 4788.92
clflush size	: 64
cache_alignment	: 64
address sizes	: 39 bits physical, 48 bits virtual
power management:

processor	: 5
vendor_id	: GenuineIntel
cpu family	: 6
model		: 60
model name	: Intel(R) Core(TM) i7-4700MQ CPU @ 2.40GHz
stepping	: 3
microcode	: 0x12
cpu MHz		: 3035.718
cache size	: 6144 KB
physical id	: 0
siblings	: 8
core id		: 1
cpu cores	: 4
apicid		: 3
initial apicid	: 3
fpu		: yes
fpu_exception	: yes
cpuid level	: 13
wp		: yes
flags		: fpu vme de pse tsc msr pae mce cx8 apic sep mtrr pge mca cmov pat pse36 clflush dts acpi mmx fxsr sse sse2 ss ht tm pbe syscall nx pdpe1gb rdtscp lm constant_tsc arch_perfmon pebs bts rep_good nopl xtopology nonstop_tsc aperfmperf eagerfpu pni pclmulqdq dtes64 monitor ds_cpl vmx est tm2 ssse3 sdbg fma cx16 xtpr pdcm pcid sse4_1 sse4_2 movbe popcnt tsc_deadline_timer aes xsave avx f16c rdrand lahf_lm abm epb tpr_shadow vnmi flexpriority ept vpid fsgsbase tsc_adjust bmi1 avx2 smep bmi2 erms invpcid xsaveopt dtherm ida arat pln pts
bugs		:
bogomips	: 4788.92
clflush size	: 64
cache_alignment	: 64
address sizes	: 39 bits physical, 48 bits virtual
power management:

processor	: 6
vendor_id	: GenuineIntel
cpu family	: 6
model		: 60
model name	: Intel(R) Core(TM) i7-4700MQ CPU @ 2.40GHz
stepping	: 3
microcode	: 0x12
cpu MHz		: 3207.000
cache size	: 6144 KB
physical id	: 0
siblings	: 8
core id		: 2
cpu cores	: 4
apicid		: 5
initial apicid	: 5
fpu		: yes
fpu_exception	: yes
cpuid level	: 13
wp		: yes
flags		: fpu vme de pse tsc msr pae mce cx8 apic sep mtrr pge mca cmov pat pse36 clflush dts acpi mmx fxsr sse sse2 ss ht tm pbe syscall nx pdpe1gb rdtscp lm constant_tsc arch_perfmon pebs bts rep_good nopl xtopology nonstop_tsc aperfmperf eagerfpu pni pclmulqdq dtes64 monitor ds_cpl vmx est tm2 ssse3 sdbg fma cx16 xtpr pdcm pcid sse4_1 sse4_2 movbe popcnt tsc_deadline_timer aes xsave avx f16c rdrand lahf_lm abm epb tpr_shadow vnmi flexpriority ept vpid fsgsbase tsc_adjust bmi1 avx2 smep bmi2 erms invpcid xsaveopt dtherm ida arat pln pts
bugs		:
bogomips	: 4788.92
clflush size	: 64
cache_alignment	: 64
address sizes	: 39 bits physical, 48 bits virtual
power management:

processor	: 7
vendor_id	: GenuineIntel
cpu family	: 6
model		: 60
model name	: Intel(R) Core(TM) i7-4700MQ CPU @ 2.40GHz
stepping	: 3
microcode	: 0x12
cpu MHz		: 3230.437
cache size	: 6144 KB
physical id	: 0
siblings	: 8
core id		: 3
cpu cores	: 4
apicid		: 7
initial apicid	: 7
fpu		: yes
fpu_exception	: yes
cpuid level	: 13
wp		: yes
flags		: fpu vme de pse tsc msr pae mce cx8 apic sep mtrr pge mca cmov pat pse36 clflush dts acpi mmx fxsr sse sse2 ss ht tm pbe syscall nx pdpe1gb rdtscp lm constant_tsc arch_perfmon pebs bts rep_good nopl xtopology nonstop_tsc aperfmperf eagerfpu pni pclmulqdq dtes64 monitor ds_cpl vmx est tm2 ssse3 sdbg fma cx16 xtpr pdcm pcid sse4_1 sse4_2 movbe popcnt tsc_deadline_timer aes xsave avx f16c rdrand lahf_lm abm epb tpr_shadow vnmi flexpriority ept vpid fsgsbase tsc_adjust bmi1 avx2 smep bmi2 erms invpcid xsaveopt dtherm ida arat pln pts
bugs		:
bogomips	: 4788.92
clflush size	: 64
cache_alignment	: 64
address sizes	: 39 bits physical, 48 bits virtual
power management:



Memory: 4k page, physical 8093744k(1459160k free), swap 0k(0k free)

vm_info: Java HotSpot(TM) 64-Bit Server VM (25.101-b13) for linux-amd64 JRE (1.8.0_101-b13), built on Jun 22 2016 02:59:44 by "java_re" with gcc 4.3.0 20080428 (Red Hat 4.3.0-8)

time: Sat Sep 17 14:35:00 2016
elapsed time: 84 seconds (0d 0h 1m 24s)

